[0.024s] Invoking command in '/home/robomango/workspace/microros_ws/build/drive_base_msgs': CMAKE_PREFIX_PATH=${CMAKE_PREFIX_PATH}:/opt/ros/jazzy DEBUGINFOD_URLS=https://debuginfod.ubuntu.com /usr/bin/cmake /home/robomango/workspace/microros_ws/src/uros/drive_base/drive_base_msgs -DCMAKE_INSTALL_PREFIX=/home/robomango/workspace/microros_ws/install/drive_base_msgs
[0.158s] -- The C compiler identification is GNU 13.3.0
[0.300s] -- The CXX compiler identification is GNU 13.3.0
[0.346s] -- Detecting C compiler ABI info
[0.528s] -- Detecting C compiler ABI info - done
[0.559s] -- Check for working C compiler: /usr/bin/cc - skipped
[0.561s] -- Detecting C compile features
[0.561s] -- Detecting C compile features - done
[0.574s] -- Detecting CXX compiler ABI info
[0.737s] -- Detecting CXX compiler ABI info - done
[0.750s] -- Check for working CXX compiler: /usr/bin/c++ - skipped
[0.751s] -- Detecting CXX compile features
[0.753s] -- Detecting CXX compile features - done
[0.757s] -- Found ament_cmake: 2.5.3 (/opt/ros/jazzy/share/ament_cmake/cmake)
[1.057s] -- Found Python3: /usr/bin/python3 (found version "3.12.3") found components: Interpreter 
[1.301s] -- Found std_msgs: 5.3.6 (/opt/ros/jazzy/share/std_msgs/cmake)
[1.412s] -- Found rosidl_generator_c: 4.6.5 (/opt/ros/jazzy/share/rosidl_generator_c/cmake)
[1.443s] -- Found rosidl_generator_cpp: 4.6.5 (/opt/ros/jazzy/share/rosidl_generator_cpp/cmake)
[1.486s] -- Using all available rosidl_typesupport_c: rosidl_typesupport_fastrtps_c;rosidl_typesupport_introspection_c
[1.532s] -- Using all available rosidl_typesupport_cpp: rosidl_typesupport_fastrtps_cpp;rosidl_typesupport_introspection_cpp
[1.674s] -- Found rosidl_default_generators: 1.6.0 (/opt/ros/jazzy/share/rosidl_default_generators/cmake)
[1.716s] -- Found rosidl_adapter: 4.6.5 (/opt/ros/jazzy/share/rosidl_adapter/cmake)
[3.118s] -- Found ament_cmake_cppcheck: 0.17.2 (/opt/ros/jazzy/share/ament_cmake_cppcheck/cmake)
[3.129s] -- Found ament_cmake_cpplint: 0.17.2 (/opt/ros/jazzy/share/ament_cmake_cpplint/cmake)
[3.135s] -- Found ament_cmake_uncrustify: 0.17.2 (/opt/ros/jazzy/share/ament_cmake_uncrustify/cmake)
[3.141s] -- Found ament_cmake_ros: 0.12.0 (/opt/ros/jazzy/share/ament_cmake_ros/cmake)
[4.759s] -- Using all available rosidl_typesupport_c: rosidl_typesupport_fastrtps_c;rosidl_typesupport_introspection_c
[5.396s] -- Using all available rosidl_typesupport_cpp: rosidl_typesupport_fastrtps_cpp;rosidl_typesupport_introspection_cpp
[5.406s] -- Found python_cmake_module: 0.11.1 (/opt/ros/jazzy/share/python_cmake_module/cmake)
[5.662s] -- Found PythonExtra: /usr/bin/python3  
[6.367s] -- Found Python3: /usr/bin/python3 (found version "3.12.3") found components: Interpreter Development NumPy Development.Module Development.Embed 
[6.446s] -- Found ament_cmake_flake8: 0.17.2 (/opt/ros/jazzy/share/ament_cmake_flake8/cmake)
[6.452s] -- Found ament_cmake_pep257: 0.17.2 (/opt/ros/jazzy/share/ament_cmake_pep257/cmake)
[6.462s] -- Configuring done (6.4s)
[6.527s] -- Generating done (0.1s)
[6.546s] -- Build files have been written to: /home/robomango/workspace/microros_ws/build/drive_base_msgs
[6.564s] Invoked command in '/home/robomango/workspace/microros_ws/build/drive_base_msgs' returned '0': CMAKE_PREFIX_PATH=${CMAKE_PREFIX_PATH}:/opt/ros/jazzy DEBUGINFOD_URLS=https://debuginfod.ubuntu.com /usr/bin/cmake /home/robomango/workspace/microros_ws/src/uros/drive_base/drive_base_msgs -DCMAKE_INSTALL_PREFIX=/home/robomango/workspace/microros_ws/install/drive_base_msgs
[6.565s] Invoking command in '/home/robomango/workspace/microros_ws/build/drive_base_msgs': CMAKE_PREFIX_PATH=${CMAKE_PREFIX_PATH}:/opt/ros/jazzy DEBUGINFOD_URLS=https://debuginfod.ubuntu.com /usr/bin/cmake --build /home/robomango/workspace/microros_ws/build/drive_base_msgs -- -j2 -l2
[6.646s] [  1%] [34m[1mGenerating type hashes for ROS interfaces[0m
[7.363s] [  1%] Built target drive_base_msgs__rosidl_generator_type_description
[7.406s] [  1%] Built target ament_cmake_python_copy_drive_base_msgs
[7.446s] [  3%] [34m[1mGenerating C++ code for ROS interfaces[0m
[8.532s] [  3%] Built target drive_base_msgs__cpp
[8.552s] [  4%] [34m[1mGenerating C code for ROS interfaces[0m
[9.835s] [  6%] [32mBuilding C object CMakeFiles/drive_base_msgs__rosidl_generator_c.dir/rosidl_generator_c/drive_base_msgs/msg/detail/command_header__description.c.o[0m
[9.905s] [  7%] [32mBuilding C object CMakeFiles/drive_base_msgs__rosidl_generator_c.dir/rosidl_generator_c/drive_base_msgs/msg/detail/command_header__functions.c.o[0m
[9.986s] [  9%] [32mBuilding C object CMakeFiles/drive_base_msgs__rosidl_generator_c.dir/rosidl_generator_c/drive_base_msgs/msg/detail/command_header__type_support.c.o[0m
[10.034s] [ 10%] [32mBuilding C object CMakeFiles/drive_base_msgs__rosidl_generator_c.dir/rosidl_generator_c/drive_base_msgs/msg/detail/base_info__description.c.o[0m
[10.095s] [ 12%] [32mBuilding C object CMakeFiles/drive_base_msgs__rosidl_generator_c.dir/rosidl_generator_c/drive_base_msgs/msg/detail/base_info__functions.c.o[0m
[10.172s] [ 14%] [32mBuilding C object CMakeFiles/drive_base_msgs__rosidl_generator_c.dir/rosidl_generator_c/drive_base_msgs/msg/detail/base_info__type_support.c.o[0m
[10.218s] [ 15%] [32mBuilding C object CMakeFiles/drive_base_msgs__rosidl_generator_c.dir/rosidl_generator_c/drive_base_msgs/msg/detail/command_status__description.c.o[0m
[10.284s] [ 17%] [32mBuilding C object CMakeFiles/drive_base_msgs__rosidl_generator_c.dir/rosidl_generator_c/drive_base_msgs/msg/detail/command_status__functions.c.o[0m
[10.365s] [ 18%] [32mBuilding C object CMakeFiles/drive_base_msgs__rosidl_generator_c.dir/rosidl_generator_c/drive_base_msgs/msg/detail/command_status__type_support.c.o[0m
[10.415s] [ 20%] [32mBuilding C object CMakeFiles/drive_base_msgs__rosidl_generator_c.dir/rosidl_generator_c/drive_base_msgs/msg/detail/trv_command__description.c.o[0m
[10.482s] [ 21%] [32mBuilding C object CMakeFiles/drive_base_msgs__rosidl_generator_c.dir/rosidl_generator_c/drive_base_msgs/msg/detail/trv_command__functions.c.o[0m
[10.562s] [ 23%] [32mBuilding C object CMakeFiles/drive_base_msgs__rosidl_generator_c.dir/rosidl_generator_c/drive_base_msgs/msg/detail/trv_command__type_support.c.o[0m
[10.611s] [ 25%] [32m[1mLinking C shared library libdrive_base_msgs__rosidl_generator_c.so[0m
[10.673s] [ 25%] Built target drive_base_msgs__rosidl_generator_c
[11.024s] running egg_info
[11.026s] creating drive_base_msgs.egg-info
[11.056s] writing drive_base_msgs.egg-info/PKG-INFO
[11.057s] writing dependency_links to drive_base_msgs.egg-info/dependency_links.txt
[11.057s] writing top-level names to drive_base_msgs.egg-info/top_level.txt
[11.058s] writing manifest file 'drive_base_msgs.egg-info/SOURCES.txt'
[11.148s] reading manifest file 'drive_base_msgs.egg-info/SOURCES.txt'
[11.151s] writing manifest file 'drive_base_msgs.egg-info/SOURCES.txt'
[11.201s] [ 25%] Built target ament_cmake_python_build_drive_base_msgs_egg
[11.217s] [ 26%] [34m[1mGenerating C++ type support for eProsima Fast-RTPS[0m
[12.206s] [ 28%] [32mBuilding CXX object CMakeFiles/drive_base_msgs__rosidl_typesupport_fastrtps_cpp.dir/rosidl_typesupport_fastrtps_cpp/drive_base_msgs/msg/detail/dds_fastrtps/command_header__type_support.cpp.o[0m
[12.925s] [ 29%] [32mBuilding CXX object CMakeFiles/drive_base_msgs__rosidl_typesupport_fastrtps_cpp.dir/rosidl_typesupport_fastrtps_cpp/drive_base_msgs/msg/detail/dds_fastrtps/base_info__type_support.cpp.o[0m
[13.662s] [ 31%] [32mBuilding CXX object CMakeFiles/drive_base_msgs__rosidl_typesupport_fastrtps_cpp.dir/rosidl_typesupport_fastrtps_cpp/drive_base_msgs/msg/detail/dds_fastrtps/command_status__type_support.cpp.o[0m
[14.359s] [ 32%] [32mBuilding CXX object CMakeFiles/drive_base_msgs__rosidl_typesupport_fastrtps_cpp.dir/rosidl_typesupport_fastrtps_cpp/drive_base_msgs/msg/detail/dds_fastrtps/trv_command__type_support.cpp.o[0m
[15.038s] [ 34%] [32m[1mLinking CXX shared library libdrive_base_msgs__rosidl_typesupport_fastrtps_cpp.so[0m
[15.125s] [ 34%] Built target drive_base_msgs__rosidl_typesupport_fastrtps_cpp
[15.139s] [ 35%] [34m[1mGenerating C introspection for ROS interfaces[0m
[15.986s] [ 37%] [32mBuilding C object CMakeFiles/drive_base_msgs__rosidl_typesupport_introspection_c.dir/rosidl_typesupport_introspection_c/drive_base_msgs/msg/detail/command_header__type_support.c.o[0m
[16.056s] [ 39%] [32mBuilding C object CMakeFiles/drive_base_msgs__rosidl_typesupport_introspection_c.dir/rosidl_typesupport_introspection_c/drive_base_msgs/msg/detail/base_info__type_support.c.o[0m
[16.124s] [ 40%] [32mBuilding C object CMakeFiles/drive_base_msgs__rosidl_typesupport_introspection_c.dir/rosidl_typesupport_introspection_c/drive_base_msgs/msg/detail/command_status__type_support.c.o[0m
[16.181s] [ 42%] [32mBuilding C object CMakeFiles/drive_base_msgs__rosidl_typesupport_introspection_c.dir/rosidl_typesupport_introspection_c/drive_base_msgs/msg/detail/trv_command__type_support.c.o[0m
[16.256s] [ 43%] [32m[1mLinking C shared library libdrive_base_msgs__rosidl_typesupport_introspection_c.so[0m
[16.323s] [ 43%] Built target drive_base_msgs__rosidl_typesupport_introspection_c
[16.338s] [ 45%] [34m[1mGenerating C type support dispatch for ROS interfaces[0m
[17.150s] [ 46%] [32mBuilding CXX object CMakeFiles/drive_base_msgs__rosidl_typesupport_c.dir/rosidl_typesupport_c/drive_base_msgs/msg/command_header__type_support.cpp.o[0m
[17.229s] [ 48%] [32mBuilding CXX object CMakeFiles/drive_base_msgs__rosidl_typesupport_c.dir/rosidl_typesupport_c/drive_base_msgs/msg/base_info__type_support.cpp.o[0m
[17.296s] [ 50%] [32mBuilding CXX object CMakeFiles/drive_base_msgs__rosidl_typesupport_c.dir/rosidl_typesupport_c/drive_base_msgs/msg/command_status__type_support.cpp.o[0m
[17.363s] [ 51%] [32mBuilding CXX object CMakeFiles/drive_base_msgs__rosidl_typesupport_c.dir/rosidl_typesupport_c/drive_base_msgs/msg/trv_command__type_support.cpp.o[0m
[17.433s] [ 53%] [32m[1mLinking CXX shared library libdrive_base_msgs__rosidl_typesupport_c.so[0m
[17.504s] [ 53%] Built target drive_base_msgs__rosidl_typesupport_c
[17.522s] [ 54%] [34m[1mGenerating C++ introspection for ROS interfaces[0m
[18.384s] [ 56%] [32mBuilding CXX object CMakeFiles/drive_base_msgs__rosidl_typesupport_introspection_cpp.dir/rosidl_typesupport_introspection_cpp/drive_base_msgs/msg/detail/command_header__type_support.cpp.o[0m
[18.855s] [ 57%] [32mBuilding CXX object CMakeFiles/drive_base_msgs__rosidl_typesupport_introspection_cpp.dir/rosidl_typesupport_introspection_cpp/drive_base_msgs/msg/detail/base_info__type_support.cpp.o[0m
[19.309s] [ 59%] [32mBuilding CXX object CMakeFiles/drive_base_msgs__rosidl_typesupport_introspection_cpp.dir/rosidl_typesupport_introspection_cpp/drive_base_msgs/msg/detail/command_status__type_support.cpp.o[0m
[19.765s] [ 60%] [32mBuilding CXX object CMakeFiles/drive_base_msgs__rosidl_typesupport_introspection_cpp.dir/rosidl_typesupport_introspection_cpp/drive_base_msgs/msg/detail/trv_command__type_support.cpp.o[0m
[20.215s] [ 62%] [32m[1mLinking CXX shared library libdrive_base_msgs__rosidl_typesupport_introspection_cpp.so[0m
[20.343s] [ 62%] Built target drive_base_msgs__rosidl_typesupport_introspection_cpp
[20.359s] [ 64%] [34m[1mGenerating C++ type support dispatch for ROS interfaces[0m
[21.142s] [ 65%] [32mBuilding CXX object CMakeFiles/drive_base_msgs__rosidl_typesupport_cpp.dir/rosidl_typesupport_cpp/drive_base_msgs/msg/command_header__type_support.cpp.o[0m
[21.590s] [ 67%] [32mBuilding CXX object CMakeFiles/drive_base_msgs__rosidl_typesupport_cpp.dir/rosidl_typesupport_cpp/drive_base_msgs/msg/base_info__type_support.cpp.o[0m
[22.044s] [ 68%] [32mBuilding CXX object CMakeFiles/drive_base_msgs__rosidl_typesupport_cpp.dir/rosidl_typesupport_cpp/drive_base_msgs/msg/command_status__type_support.cpp.o[0m
[22.518s] [ 70%] [32mBuilding CXX object CMakeFiles/drive_base_msgs__rosidl_typesupport_cpp.dir/rosidl_typesupport_cpp/drive_base_msgs/msg/trv_command__type_support.cpp.o[0m
[22.962s] [ 71%] [32m[1mLinking CXX shared library libdrive_base_msgs__rosidl_typesupport_cpp.so[0m
[23.026s] [ 71%] Built target drive_base_msgs__rosidl_typesupport_cpp
[23.041s] [ 73%] [34m[1mGenerating C type support for eProsima Fast-RTPS[0m
[23.993s] [ 75%] [32mBuilding CXX object CMakeFiles/drive_base_msgs__rosidl_typesupport_fastrtps_c.dir/rosidl_typesupport_fastrtps_c/drive_base_msgs/msg/detail/command_header__type_support_c.cpp.o[0m
[24.640s] [ 76%] [32mBuilding CXX object CMakeFiles/drive_base_msgs__rosidl_typesupport_fastrtps_c.dir/rosidl_typesupport_fastrtps_c/drive_base_msgs/msg/detail/base_info__type_support_c.cpp.o[0m
[25.339s] [ 78%] [32mBuilding CXX object CMakeFiles/drive_base_msgs__rosidl_typesupport_fastrtps_c.dir/rosidl_typesupport_fastrtps_c/drive_base_msgs/msg/detail/command_status__type_support_c.cpp.o[0m
[26.050s] [ 79%] [32mBuilding CXX object CMakeFiles/drive_base_msgs__rosidl_typesupport_fastrtps_c.dir/rosidl_typesupport_fastrtps_c/drive_base_msgs/msg/detail/trv_command__type_support_c.cpp.o[0m
[26.727s] [ 81%] [32m[1mLinking CXX shared library libdrive_base_msgs__rosidl_typesupport_fastrtps_c.so[0m
[26.814s] [ 81%] Built target drive_base_msgs__rosidl_typesupport_fastrtps_c
[26.841s] [ 81%] Built target drive_base_msgs
[26.871s] [ 82%] [34m[1mGenerating Python code for ROS interfaces[0m
[28.411s] [ 82%] Built target drive_base_msgs__py
[28.442s] [ 84%] [32mBuilding C object CMakeFiles/drive_base_msgs__rosidl_generator_py.dir/rosidl_generator_py/drive_base_msgs/msg/_command_header_s.c.o[0m
[28.655s] [ 85%] [32mBuilding C object CMakeFiles/drive_base_msgs__rosidl_generator_py.dir/rosidl_generator_py/drive_base_msgs/msg/_base_info_s.c.o[0m
[28.865s] [ 87%] [32mBuilding C object CMakeFiles/drive_base_msgs__rosidl_generator_py.dir/rosidl_generator_py/drive_base_msgs/msg/_command_status_s.c.o[0m
[29.063s] [ 89%] [32mBuilding C object CMakeFiles/drive_base_msgs__rosidl_generator_py.dir/rosidl_generator_py/drive_base_msgs/msg/_trv_command_s.c.o[0m
[29.258s] [ 90%] [32m[1mLinking C shared library libdrive_base_msgs__rosidl_generator_py.so[0m
[29.335s] [ 90%] Built target drive_base_msgs__rosidl_generator_py
[29.370s] [ 92%] [32mBuilding C object CMakeFiles/drive_base_msgs_s__rosidl_typesupport_introspection_c.dir/rosidl_generator_py/drive_base_msgs/_drive_base_msgs_s.ep.rosidl_typesupport_introspection_c.c.o[0m
[29.374s] [ 93%] [32mBuilding C object CMakeFiles/drive_base_msgs_s__rosidl_typesupport_fastrtps_c.dir/rosidl_generator_py/drive_base_msgs/_drive_base_msgs_s.ep.rosidl_typesupport_fastrtps_c.c.o[0m
[29.585s] [ 95%] [32m[1mLinking C shared module rosidl_generator_py/drive_base_msgs/drive_base_msgs_s__rosidl_typesupport_introspection_c.so[0m
[29.640s] [ 96%] [32m[1mLinking C shared module rosidl_generator_py/drive_base_msgs/drive_base_msgs_s__rosidl_typesupport_fastrtps_c.so[0m
[29.665s] [ 96%] Built target drive_base_msgs_s__rosidl_typesupport_introspection_c
[29.702s] [ 98%] [32mBuilding C object CMakeFiles/drive_base_msgs_s__rosidl_typesupport_c.dir/rosidl_generator_py/drive_base_msgs/_drive_base_msgs_s.ep.rosidl_typesupport_c.c.o[0m
[29.712s] [ 98%] Built target drive_base_msgs_s__rosidl_typesupport_fastrtps_c
[29.873s] [100%] [32m[1mLinking C shared module rosidl_generator_py/drive_base_msgs/drive_base_msgs_s__rosidl_typesupport_c.so[0m
[29.930s] [100%] Built target drive_base_msgs_s__rosidl_typesupport_c
[29.948s] Invoked command in '/home/robomango/workspace/microros_ws/build/drive_base_msgs' returned '0': CMAKE_PREFIX_PATH=${CMAKE_PREFIX_PATH}:/opt/ros/jazzy DEBUGINFOD_URLS=https://debuginfod.ubuntu.com /usr/bin/cmake --build /home/robomango/workspace/microros_ws/build/drive_base_msgs -- -j2 -l2
[29.949s] Invoking command in '/home/robomango/workspace/microros_ws/build/drive_base_msgs': CMAKE_PREFIX_PATH=${CMAKE_PREFIX_PATH}:/opt/ros/jazzy DEBUGINFOD_URLS=https://debuginfod.ubuntu.com /usr/bin/cmake --install /home/robomango/workspace/microros_ws/build/drive_base_msgs
[29.961s] -- Install configuration: ""
[29.963s] -- Installing: /home/robomango/workspace/microros_ws/install/drive_base_msgs/share/ament_index/resource_index/rosidl_interfaces/drive_base_msgs
[29.963s] -- Installing: /home/robomango/workspace/microros_ws/install/drive_base_msgs/share/drive_base_msgs/msg/CommandHeader.json
[29.963s] -- Installing: /home/robomango/workspace/microros_ws/install/drive_base_msgs/share/drive_base_msgs/msg/BaseInfo.json
[29.963s] -- Installing: /home/robomango/workspace/microros_ws/install/drive_base_msgs/share/drive_base_msgs/msg/CommandStatus.json
[29.963s] -- Installing: /home/robomango/workspace/microros_ws/install/drive_base_msgs/share/drive_base_msgs/msg/TRVCommand.json
[29.963s] -- Installing: /home/robomango/workspace/microros_ws/install/drive_base_msgs/include/drive_base_msgs/drive_base_msgs
[29.964s] -- Installing: /home/robomango/workspace/microros_ws/install/drive_base_msgs/include/drive_base_msgs/drive_base_msgs/msg
[29.964s] -- Installing: /home/robomango/workspace/microros_ws/install/drive_base_msgs/include/drive_base_msgs/drive_base_msgs/msg/command_status.h
[29.964s] -- Installing: /home/robomango/workspace/microros_ws/install/drive_base_msgs/include/drive_base_msgs/drive_base_msgs/msg/detail
[29.964s] -- Installing: /home/robomango/workspace/microros_ws/install/drive_base_msgs/include/drive_base_msgs/drive_base_msgs/msg/detail/command_status__functions.c
[29.964s] -- Installing: /home/robomango/workspace/microros_ws/install/drive_base_msgs/include/drive_base_msgs/drive_base_msgs/msg/detail/base_info__struct.h
[29.964s] -- Installing: /home/robomango/workspace/microros_ws/install/drive_base_msgs/include/drive_base_msgs/drive_base_msgs/msg/detail/trv_command__functions.c
[29.964s] -- Installing: /home/robomango/workspace/microros_ws/install/drive_base_msgs/include/drive_base_msgs/drive_base_msgs/msg/detail/trv_command__type_support.h
[29.964s] -- Installing: /home/robomango/workspace/microros_ws/install/drive_base_msgs/include/drive_base_msgs/drive_base_msgs/msg/detail/base_info__description.c
[29.965s] -- Installing: /home/robomango/workspace/microros_ws/install/drive_base_msgs/include/drive_base_msgs/drive_base_msgs/msg/detail/trv_command__type_support.c
[29.965s] -- Installing: /home/robomango/workspace/microros_ws/install/drive_base_msgs/include/drive_base_msgs/drive_base_msgs/msg/detail/command_status__type_support.c
[29.965s] -- Installing: /home/robomango/workspace/microros_ws/install/drive_base_msgs/include/drive_base_msgs/drive_base_msgs/msg/detail/base_info__functions.c
[29.965s] -- Installing: /home/robomango/workspace/microros_ws/install/drive_base_msgs/include/drive_base_msgs/drive_base_msgs/msg/detail/trv_command__description.c
[29.965s] -- Installing: /home/robomango/workspace/microros_ws/install/drive_base_msgs/include/drive_base_msgs/drive_base_msgs/msg/detail/command_status__type_support.h
[29.965s] -- Installing: /home/robomango/workspace/microros_ws/install/drive_base_msgs/include/drive_base_msgs/drive_base_msgs/msg/detail/command_header__functions.h
[29.965s] -- Installing: /home/robomango/workspace/microros_ws/install/drive_base_msgs/include/drive_base_msgs/drive_base_msgs/msg/detail/command_status__functions.h
[29.965s] -- Installing: /home/robomango/workspace/microros_ws/install/drive_base_msgs/include/drive_base_msgs/drive_base_msgs/msg/detail/command_status__description.c
[29.966s] -- Installing: /home/robomango/workspace/microros_ws/install/drive_base_msgs/include/drive_base_msgs/drive_base_msgs/msg/detail/base_info__type_support.c
[29.966s] -- Installing: /home/robomango/workspace/microros_ws/install/drive_base_msgs/include/drive_base_msgs/drive_base_msgs/msg/detail/base_info__type_support.h
[29.966s] -- Installing: /home/robomango/workspace/microros_ws/install/drive_base_msgs/include/drive_base_msgs/drive_base_msgs/msg/detail/command_header__functions.c
[29.966s] -- Installing: /home/robomango/workspace/microros_ws/install/drive_base_msgs/include/drive_base_msgs/drive_base_msgs/msg/detail/trv_command__functions.h
[29.966s] -- Installing: /home/robomango/workspace/microros_ws/install/drive_base_msgs/include/drive_base_msgs/drive_base_msgs/msg/detail/base_info__functions.h
[29.966s] -- Installing: /home/robomango/workspace/microros_ws/install/drive_base_msgs/include/drive_base_msgs/drive_base_msgs/msg/detail/command_header__type_support.c
[29.966s] -- Installing: /home/robomango/workspace/microros_ws/install/drive_base_msgs/include/drive_base_msgs/drive_base_msgs/msg/detail/command_status__struct.h
[29.966s] -- Installing: /home/robomango/workspace/microros_ws/install/drive_base_msgs/include/drive_base_msgs/drive_base_msgs/msg/detail/command_header__description.c
[29.967s] -- Installing: /home/robomango/workspace/microros_ws/install/drive_base_msgs/include/drive_base_msgs/drive_base_msgs/msg/detail/command_header__type_support.h
[29.967s] -- Installing: /home/robomango/workspace/microros_ws/install/drive_base_msgs/include/drive_base_msgs/drive_base_msgs/msg/detail/trv_command__struct.h
[29.967s] -- Installing: /home/robomango/workspace/microros_ws/install/drive_base_msgs/include/drive_base_msgs/drive_base_msgs/msg/detail/command_header__struct.h
[29.967s] -- Installing: /home/robomango/workspace/microros_ws/install/drive_base_msgs/include/drive_base_msgs/drive_base_msgs/msg/command_header.h
[29.967s] -- Installing: /home/robomango/workspace/microros_ws/install/drive_base_msgs/include/drive_base_msgs/drive_base_msgs/msg/base_info.h
[29.967s] -- Installing: /home/robomango/workspace/microros_ws/install/drive_base_msgs/include/drive_base_msgs/drive_base_msgs/msg/trv_command.h
[29.967s] -- Installing: /home/robomango/workspace/microros_ws/install/drive_base_msgs/include/drive_base_msgs/drive_base_msgs/msg/rosidl_generator_c__visibility_control.h
[29.968s] -- Installing: /home/robomango/workspace/microros_ws/install/drive_base_msgs/share/drive_base_msgs/environment/library_path.sh
[29.970s] -- Installing: /home/robomango/workspace/microros_ws/install/drive_base_msgs/share/drive_base_msgs/environment/library_path.dsv
[29.970s] -- Installing: /home/robomango/workspace/microros_ws/install/drive_base_msgs/lib/libdrive_base_msgs__rosidl_generator_c.so
[29.970s] -- Set non-toolchain portion of runtime path of "/home/robomango/workspace/microros_ws/install/drive_base_msgs/lib/libdrive_base_msgs__rosidl_generator_c.so" to ""
[29.970s] -- Up-to-date: /home/robomango/workspace/microros_ws/install/drive_base_msgs/include/drive_base_msgs/drive_base_msgs
[29.970s] -- Up-to-date: /home/robomango/workspace/microros_ws/install/drive_base_msgs/include/drive_base_msgs/drive_base_msgs/msg
[29.971s] -- Installing: /home/robomango/workspace/microros_ws/install/drive_base_msgs/include/drive_base_msgs/drive_base_msgs/msg/rosidl_typesupport_fastrtps_c__visibility_control.h
[29.972s] -- Up-to-date: /home/robomango/workspace/microros_ws/install/drive_base_msgs/include/drive_base_msgs/drive_base_msgs/msg/detail
[29.972s] -- Installing: /home/robomango/workspace/microros_ws/install/drive_base_msgs/include/drive_base_msgs/drive_base_msgs/msg/detail/command_header__rosidl_typesupport_fastrtps_c.h
[29.972s] -- Installing: /home/robomango/workspace/microros_ws/install/drive_base_msgs/include/drive_base_msgs/drive_base_msgs/msg/detail/command_status__rosidl_typesupport_fastrtps_c.h
[29.972s] -- Installing: /home/robomango/workspace/microros_ws/install/drive_base_msgs/include/drive_base_msgs/drive_base_msgs/msg/detail/base_info__rosidl_typesupport_fastrtps_c.h
[29.972s] -- Installing: /home/robomango/workspace/microros_ws/install/drive_base_msgs/include/drive_base_msgs/drive_base_msgs/msg/detail/trv_command__rosidl_typesupport_fastrtps_c.h
[29.972s] -- Installing: /home/robomango/workspace/microros_ws/install/drive_base_msgs/lib/libdrive_base_msgs__rosidl_typesupport_fastrtps_c.so
[29.972s] -- Set non-toolchain portion of runtime path of "/home/robomango/workspace/microros_ws/install/drive_base_msgs/lib/libdrive_base_msgs__rosidl_typesupport_fastrtps_c.so" to ""
[29.973s] -- Up-to-date: /home/robomango/workspace/microros_ws/install/drive_base_msgs/include/drive_base_msgs/drive_base_msgs
[29.973s] -- Up-to-date: /home/robomango/workspace/microros_ws/install/drive_base_msgs/include/drive_base_msgs/drive_base_msgs/msg
[29.973s] -- Installing: /home/robomango/workspace/microros_ws/install/drive_base_msgs/include/drive_base_msgs/drive_base_msgs/msg/trv_command.hpp
[29.973s] -- Up-to-date: /home/robomango/workspace/microros_ws/install/drive_base_msgs/include/drive_base_msgs/drive_base_msgs/msg/detail
[29.973s] -- Installing: /home/robomango/workspace/microros_ws/install/drive_base_msgs/include/drive_base_msgs/drive_base_msgs/msg/detail/command_header__builder.hpp
[29.973s] -- Installing: /home/robomango/workspace/microros_ws/install/drive_base_msgs/include/drive_base_msgs/drive_base_msgs/msg/detail/trv_command__builder.hpp
[29.973s] -- Installing: /home/robomango/workspace/microros_ws/install/drive_base_msgs/include/drive_base_msgs/drive_base_msgs/msg/detail/base_info__traits.hpp
[29.974s] -- Installing: /home/robomango/workspace/microros_ws/install/drive_base_msgs/include/drive_base_msgs/drive_base_msgs/msg/detail/trv_command__traits.hpp
[29.974s] -- Installing: /home/robomango/workspace/microros_ws/install/drive_base_msgs/include/drive_base_msgs/drive_base_msgs/msg/detail/base_info__struct.hpp
[29.974s] -- Installing: /home/robomango/workspace/microros_ws/install/drive_base_msgs/include/drive_base_msgs/drive_base_msgs/msg/detail/trv_command__type_support.hpp
[29.976s] -- Installing: /home/robomango/workspace/microros_ws/install/drive_base_msgs/include/drive_base_msgs/drive_base_msgs/msg/detail/command_status__builder.hpp
[29.976s] -- Installing: /home/robomango/workspace/microros_ws/install/drive_base_msgs/include/drive_base_msgs/drive_base_msgs/msg/detail/command_status__type_support.hpp
[29.976s] -- Installing: /home/robomango/workspace/microros_ws/install/drive_base_msgs/include/drive_base_msgs/drive_base_msgs/msg/detail/command_status__traits.hpp
[29.976s] -- Installing: /home/robomango/workspace/microros_ws/install/drive_base_msgs/include/drive_base_msgs/drive_base_msgs/msg/detail/base_info__type_support.hpp
[29.976s] -- Installing: /home/robomango/workspace/microros_ws/install/drive_base_msgs/include/drive_base_msgs/drive_base_msgs/msg/detail/trv_command__struct.hpp
[29.976s] -- Installing: /home/robomango/workspace/microros_ws/install/drive_base_msgs/include/drive_base_msgs/drive_base_msgs/msg/detail/command_header__type_support.hpp
[29.976s] -- Installing: /home/robomango/workspace/microros_ws/install/drive_base_msgs/include/drive_base_msgs/drive_base_msgs/msg/detail/command_header__traits.hpp
[29.977s] -- Installing: /home/robomango/workspace/microros_ws/install/drive_base_msgs/include/drive_base_msgs/drive_base_msgs/msg/detail/command_status__struct.hpp
[29.977s] -- Installing: /home/robomango/workspace/microros_ws/install/drive_base_msgs/include/drive_base_msgs/drive_base_msgs/msg/detail/command_header__struct.hpp
[29.977s] -- Installing: /home/robomango/workspace/microros_ws/install/drive_base_msgs/include/drive_base_msgs/drive_base_msgs/msg/detail/base_info__builder.hpp
[29.977s] -- Installing: /home/robomango/workspace/microros_ws/install/drive_base_msgs/include/drive_base_msgs/drive_base_msgs/msg/base_info.hpp
[29.977s] -- Installing: /home/robomango/workspace/microros_ws/install/drive_base_msgs/include/drive_base_msgs/drive_base_msgs/msg/command_header.hpp
[29.977s] -- Installing: /home/robomango/workspace/microros_ws/install/drive_base_msgs/include/drive_base_msgs/drive_base_msgs/msg/rosidl_generator_cpp__visibility_control.hpp
[29.977s] -- Installing: /home/robomango/workspace/microros_ws/install/drive_base_msgs/include/drive_base_msgs/drive_base_msgs/msg/command_status.hpp
[29.977s] -- Up-to-date: /home/robomango/workspace/microros_ws/install/drive_base_msgs/include/drive_base_msgs/drive_base_msgs
[29.977s] -- Up-to-date: /home/robomango/workspace/microros_ws/install/drive_base_msgs/include/drive_base_msgs/drive_base_msgs/msg
[29.978s] -- Up-to-date: /home/robomango/workspace/microros_ws/install/drive_base_msgs/include/drive_base_msgs/drive_base_msgs/msg/detail
[29.980s] -- Installing: /home/robomango/workspace/microros_ws/install/drive_base_msgs/include/drive_base_msgs/drive_base_msgs/msg/detail/dds_fastrtps
[29.980s] -- Installing: /home/robomango/workspace/microros_ws/install/drive_base_msgs/include/drive_base_msgs/drive_base_msgs/msg/detail/command_status__rosidl_typesupport_fastrtps_cpp.hpp
[29.980s] -- Installing: /home/robomango/workspace/microros_ws/install/drive_base_msgs/include/drive_base_msgs/drive_base_msgs/msg/detail/base_info__rosidl_typesupport_fastrtps_cpp.hpp
[29.980s] -- Installing: /home/robomango/workspace/microros_ws/install/drive_base_msgs/include/drive_base_msgs/drive_base_msgs/msg/detail/command_header__rosidl_typesupport_fastrtps_cpp.hpp
[29.980s] -- Installing: /home/robomango/workspace/microros_ws/install/drive_base_msgs/include/drive_base_msgs/drive_base_msgs/msg/detail/trv_command__rosidl_typesupport_fastrtps_cpp.hpp
[29.980s] -- Installing: /home/robomango/workspace/microros_ws/install/drive_base_msgs/include/drive_base_msgs/drive_base_msgs/msg/rosidl_typesupport_fastrtps_cpp__visibility_control.h
[29.980s] -- Installing: /home/robomango/workspace/microros_ws/install/drive_base_msgs/lib/libdrive_base_msgs__rosidl_typesupport_fastrtps_cpp.so
[29.980s] -- Set non-toolchain portion of runtime path of "/home/robomango/workspace/microros_ws/install/drive_base_msgs/lib/libdrive_base_msgs__rosidl_typesupport_fastrtps_cpp.so" to ""
[29.981s] -- Up-to-date: /home/robomango/workspace/microros_ws/install/drive_base_msgs/include/drive_base_msgs/drive_base_msgs
[29.981s] -- Up-to-date: /home/robomango/workspace/microros_ws/install/drive_base_msgs/include/drive_base_msgs/drive_base_msgs/msg
[29.981s] -- Up-to-date: /home/robomango/workspace/microros_ws/install/drive_base_msgs/include/drive_base_msgs/drive_base_msgs/msg/detail
[29.981s] -- Installing: /home/robomango/workspace/microros_ws/install/drive_base_msgs/include/drive_base_msgs/drive_base_msgs/msg/detail/command_header__rosidl_typesupport_introspection_c.h
[29.981s] -- Installing: /home/robomango/workspace/microros_ws/install/drive_base_msgs/include/drive_base_msgs/drive_base_msgs/msg/detail/trv_command__type_support.c
[29.981s] -- Installing: /home/robomango/workspace/microros_ws/install/drive_base_msgs/include/drive_base_msgs/drive_base_msgs/msg/detail/command_status__type_support.c
[29.981s] -- Installing: /home/robomango/workspace/microros_ws/install/drive_base_msgs/include/drive_base_msgs/drive_base_msgs/msg/detail/command_status__rosidl_typesupport_introspection_c.h
[29.982s] -- Installing: /home/robomango/workspace/microros_ws/install/drive_base_msgs/include/drive_base_msgs/drive_base_msgs/msg/detail/base_info__type_support.c
[29.982s] -- Installing: /home/robomango/workspace/microros_ws/install/drive_base_msgs/include/drive_base_msgs/drive_base_msgs/msg/detail/base_info__rosidl_typesupport_introspection_c.h
[29.982s] -- Installing: /home/robomango/workspace/microros_ws/install/drive_base_msgs/include/drive_base_msgs/drive_base_msgs/msg/detail/trv_command__rosidl_typesupport_introspection_c.h
[29.982s] -- Installing: /home/robomango/workspace/microros_ws/install/drive_base_msgs/include/drive_base_msgs/drive_base_msgs/msg/detail/command_header__type_support.c
[29.982s] -- Installing: /home/robomango/workspace/microros_ws/install/drive_base_msgs/include/drive_base_msgs/drive_base_msgs/msg/rosidl_typesupport_introspection_c__visibility_control.h
[29.983s] -- Installing: /home/robomango/workspace/microros_ws/install/drive_base_msgs/lib/libdrive_base_msgs__rosidl_typesupport_introspection_c.so
[29.983s] -- Set non-toolchain portion of runtime path of "/home/robomango/workspace/microros_ws/install/drive_base_msgs/lib/libdrive_base_msgs__rosidl_typesupport_introspection_c.so" to ""
[29.983s] -- Installing: /home/robomango/workspace/microros_ws/install/drive_base_msgs/lib/libdrive_base_msgs__rosidl_typesupport_c.so
[29.984s] -- Set non-toolchain portion of runtime path of "/home/robomango/workspace/microros_ws/install/drive_base_msgs/lib/libdrive_base_msgs__rosidl_typesupport_c.so" to ""
[29.985s] -- Up-to-date: /home/robomango/workspace/microros_ws/install/drive_base_msgs/include/drive_base_msgs/drive_base_msgs
[29.985s] -- Up-to-date: /home/robomango/workspace/microros_ws/install/drive_base_msgs/include/drive_base_msgs/drive_base_msgs/msg
[29.985s] -- Up-to-date: /home/robomango/workspace/microros_ws/install/drive_base_msgs/include/drive_base_msgs/drive_base_msgs/msg/detail
[29.985s] -- Installing: /home/robomango/workspace/microros_ws/install/drive_base_msgs/include/drive_base_msgs/drive_base_msgs/msg/detail/command_header__type_support.cpp
[29.985s] -- Installing: /home/robomango/workspace/microros_ws/install/drive_base_msgs/include/drive_base_msgs/drive_base_msgs/msg/detail/trv_command__type_support.cpp
[29.985s] -- Installing: /home/robomango/workspace/microros_ws/install/drive_base_msgs/include/drive_base_msgs/drive_base_msgs/msg/detail/base_info__rosidl_typesupport_introspection_cpp.hpp
[29.986s] -- Installing: /home/robomango/workspace/microros_ws/install/drive_base_msgs/include/drive_base_msgs/drive_base_msgs/msg/detail/command_header__rosidl_typesupport_introspection_cpp.hpp
[29.986s] -- Installing: /home/robomango/workspace/microros_ws/install/drive_base_msgs/include/drive_base_msgs/drive_base_msgs/msg/detail/trv_command__rosidl_typesupport_introspection_cpp.hpp
[29.987s] -- Installing: /home/robomango/workspace/microros_ws/install/drive_base_msgs/include/drive_base_msgs/drive_base_msgs/msg/detail/base_info__type_support.cpp
[29.987s] -- Installing: /home/robomango/workspace/microros_ws/install/drive_base_msgs/include/drive_base_msgs/drive_base_msgs/msg/detail/command_status__type_support.cpp
[29.988s] -- Installing: /home/robomango/workspace/microros_ws/install/drive_base_msgs/include/drive_base_msgs/drive_base_msgs/msg/detail/command_status__rosidl_typesupport_introspection_cpp.hpp
[29.988s] -- Installing: /home/robomango/workspace/microros_ws/install/drive_base_msgs/lib/libdrive_base_msgs__rosidl_typesupport_introspection_cpp.so
[29.990s] -- Set non-toolchain portion of runtime path of "/home/robomango/workspace/microros_ws/install/drive_base_msgs/lib/libdrive_base_msgs__rosidl_typesupport_introspection_cpp.so" to ""
[29.990s] -- Installing: /home/robomango/workspace/microros_ws/install/drive_base_msgs/lib/libdrive_base_msgs__rosidl_typesupport_cpp.so
[29.990s] -- Set non-toolchain portion of runtime path of "/home/robomango/workspace/microros_ws/install/drive_base_msgs/lib/libdrive_base_msgs__rosidl_typesupport_cpp.so" to ""
[29.990s] -- Installing: /home/robomango/workspace/microros_ws/install/drive_base_msgs/share/drive_base_msgs/environment/pythonpath.sh
[29.990s] -- Installing: /home/robomango/workspace/microros_ws/install/drive_base_msgs/share/drive_base_msgs/environment/pythonpath.dsv
[29.990s] -- Installing: /home/robomango/workspace/microros_ws/install/drive_base_msgs/lib/python3.12/site-packages/drive_base_msgs-0.0.0-py3.12.egg-info
[29.990s] -- Installing: /home/robomango/workspace/microros_ws/install/drive_base_msgs/lib/python3.12/site-packages/drive_base_msgs-0.0.0-py3.12.egg-info/PKG-INFO
[29.991s] -- Installing: /home/robomango/workspace/microros_ws/install/drive_base_msgs/lib/python3.12/site-packages/drive_base_msgs-0.0.0-py3.12.egg-info/SOURCES.txt
[29.991s] -- Installing: /home/robomango/workspace/microros_ws/install/drive_base_msgs/lib/python3.12/site-packages/drive_base_msgs-0.0.0-py3.12.egg-info/top_level.txt
[29.991s] -- Installing: /home/robomango/workspace/microros_ws/install/drive_base_msgs/lib/python3.12/site-packages/drive_base_msgs-0.0.0-py3.12.egg-info/dependency_links.txt
[29.991s] -- Installing: /home/robomango/workspace/microros_ws/install/drive_base_msgs/lib/python3.12/site-packages/drive_base_msgs
[29.991s] -- Installing: /home/robomango/workspace/microros_ws/install/drive_base_msgs/lib/python3.12/site-packages/drive_base_msgs/_drive_base_msgs_s.ep.rosidl_typesupport_c.c
[29.992s] -- Installing: /home/robomango/workspace/microros_ws/install/drive_base_msgs/lib/python3.12/site-packages/drive_base_msgs/drive_base_msgs_s__rosidl_typesupport_introspection_c.so
[29.992s] -- Installing: /home/robomango/workspace/microros_ws/install/drive_base_msgs/lib/python3.12/site-packages/drive_base_msgs/msg
[29.992s] -- Installing: /home/robomango/workspace/microros_ws/install/drive_base_msgs/lib/python3.12/site-packages/drive_base_msgs/msg/_base_info_s.c
[29.992s] -- Installing: /home/robomango/workspace/microros_ws/install/drive_base_msgs/lib/python3.12/site-packages/drive_base_msgs/msg/_command_status.py
[29.992s] -- Installing: /home/robomango/workspace/microros_ws/install/drive_base_msgs/lib/python3.12/site-packages/drive_base_msgs/msg/_command_status_s.c
[29.992s] -- Installing: /home/robomango/workspace/microros_ws/install/drive_base_msgs/lib/python3.12/site-packages/drive_base_msgs/msg/_trv_command.py
[29.992s] -- Installing: /home/robomango/workspace/microros_ws/install/drive_base_msgs/lib/python3.12/site-packages/drive_base_msgs/msg/_base_info.py
[29.992s] -- Installing: /home/robomango/workspace/microros_ws/install/drive_base_msgs/lib/python3.12/site-packages/drive_base_msgs/msg/_command_header.py
[29.993s] -- Installing: /home/robomango/workspace/microros_ws/install/drive_base_msgs/lib/python3.12/site-packages/drive_base_msgs/msg/__init__.py
[29.993s] -- Installing: /home/robomango/workspace/microros_ws/install/drive_base_msgs/lib/python3.12/site-packages/drive_base_msgs/msg/_trv_command_s.c
[29.993s] -- Installing: /home/robomango/workspace/microros_ws/install/drive_base_msgs/lib/python3.12/site-packages/drive_base_msgs/msg/_command_header_s.c
[29.993s] -- Installing: /home/robomango/workspace/microros_ws/install/drive_base_msgs/lib/python3.12/site-packages/drive_base_msgs/drive_base_msgs_s__rosidl_typesupport_c.so
[29.993s] -- Installing: /home/robomango/workspace/microros_ws/install/drive_base_msgs/lib/python3.12/site-packages/drive_base_msgs/_drive_base_msgs_s.ep.rosidl_typesupport_fastrtps_c.c
[29.993s] -- Installing: /home/robomango/workspace/microros_ws/install/drive_base_msgs/lib/python3.12/site-packages/drive_base_msgs/drive_base_msgs_s__rosidl_typesupport_fastrtps_c.so
[29.993s] -- Installing: /home/robomango/workspace/microros_ws/install/drive_base_msgs/lib/python3.12/site-packages/drive_base_msgs/__init__.py
[29.993s] -- Installing: /home/robomango/workspace/microros_ws/install/drive_base_msgs/lib/python3.12/site-packages/drive_base_msgs/_drive_base_msgs_s.ep.rosidl_typesupport_introspection_c.c
[30.070s] Listing '/home/robomango/workspace/microros_ws/install/drive_base_msgs/lib/python3.12/site-packages/drive_base_msgs'...
[30.070s] Compiling '/home/robomango/workspace/microros_ws/install/drive_base_msgs/lib/python3.12/site-packages/drive_base_msgs/__init__.py'...
[30.071s] Listing '/home/robomango/workspace/microros_ws/install/drive_base_msgs/lib/python3.12/site-packages/drive_base_msgs/msg'...
[30.071s] Compiling '/home/robomango/workspace/microros_ws/install/drive_base_msgs/lib/python3.12/site-packages/drive_base_msgs/msg/__init__.py'...
[30.071s] Compiling '/home/robomango/workspace/microros_ws/install/drive_base_msgs/lib/python3.12/site-packages/drive_base_msgs/msg/_base_info.py'...
[30.071s] Compiling '/home/robomango/workspace/microros_ws/install/drive_base_msgs/lib/python3.12/site-packages/drive_base_msgs/msg/_command_header.py'...
[30.071s] Compiling '/home/robomango/workspace/microros_ws/install/drive_base_msgs/lib/python3.12/site-packages/drive_base_msgs/msg/_command_status.py'...
[30.071s] Compiling '/home/robomango/workspace/microros_ws/install/drive_base_msgs/lib/python3.12/site-packages/drive_base_msgs/msg/_trv_command.py'...
[30.080s] -- Installing: /home/robomango/workspace/microros_ws/install/drive_base_msgs/lib/python3.12/site-packages/drive_base_msgs/drive_base_msgs_s__rosidl_typesupport_fastrtps_c.so
[30.081s] -- Set non-toolchain portion of runtime path of "/home/robomango/workspace/microros_ws/install/drive_base_msgs/lib/python3.12/site-packages/drive_base_msgs/drive_base_msgs_s__rosidl_typesupport_fastrtps_c.so" to ""
[30.081s] -- Installing: /home/robomango/workspace/microros_ws/install/drive_base_msgs/lib/python3.12/site-packages/drive_base_msgs/drive_base_msgs_s__rosidl_typesupport_introspection_c.so
[30.081s] -- Set non-toolchain portion of runtime path of "/home/robomango/workspace/microros_ws/install/drive_base_msgs/lib/python3.12/site-packages/drive_base_msgs/drive_base_msgs_s__rosidl_typesupport_introspection_c.so" to ""
[30.082s] -- Installing: /home/robomango/workspace/microros_ws/install/drive_base_msgs/lib/python3.12/site-packages/drive_base_msgs/drive_base_msgs_s__rosidl_typesupport_c.so
[30.082s] -- Set non-toolchain portion of runtime path of "/home/robomango/workspace/microros_ws/install/drive_base_msgs/lib/python3.12/site-packages/drive_base_msgs/drive_base_msgs_s__rosidl_typesupport_c.so" to ""
[30.083s] -- Installing: /home/robomango/workspace/microros_ws/install/drive_base_msgs/lib/libdrive_base_msgs__rosidl_generator_py.so
[30.083s] -- Set non-toolchain portion of runtime path of "/home/robomango/workspace/microros_ws/install/drive_base_msgs/lib/libdrive_base_msgs__rosidl_generator_py.so" to ""
[30.083s] -- Installing: /home/robomango/workspace/microros_ws/install/drive_base_msgs/share/drive_base_msgs/msg/CommandHeader.idl
[30.084s] -- Installing: /home/robomango/workspace/microros_ws/install/drive_base_msgs/share/drive_base_msgs/msg/BaseInfo.idl
[30.084s] -- Installing: /home/robomango/workspace/microros_ws/install/drive_base_msgs/share/drive_base_msgs/msg/CommandStatus.idl
[30.084s] -- Installing: /home/robomango/workspace/microros_ws/install/drive_base_msgs/share/drive_base_msgs/msg/TRVCommand.idl
[30.084s] -- Installing: /home/robomango/workspace/microros_ws/install/drive_base_msgs/share/drive_base_msgs/msg/CommandHeader.msg
[30.084s] -- Installing: /home/robomango/workspace/microros_ws/install/drive_base_msgs/share/drive_base_msgs/msg/BaseInfo.msg
[30.084s] -- Installing: /home/robomango/workspace/microros_ws/install/drive_base_msgs/share/drive_base_msgs/msg/CommandStatus.msg
[30.085s] -- Installing: /home/robomango/workspace/microros_ws/install/drive_base_msgs/share/drive_base_msgs/msg/TRVCommand.msg
[30.085s] -- Installing: /home/robomango/workspace/microros_ws/install/drive_base_msgs/share/ament_index/resource_index/package_run_dependencies/drive_base_msgs
[30.085s] -- Installing: /home/robomango/workspace/microros_ws/install/drive_base_msgs/share/ament_index/resource_index/parent_prefix_path/drive_base_msgs
[30.085s] -- Installing: /home/robomango/workspace/microros_ws/install/drive_base_msgs/share/drive_base_msgs/environment/ament_prefix_path.sh
[30.085s] -- Installing: /home/robomango/workspace/microros_ws/install/drive_base_msgs/share/drive_base_msgs/environment/ament_prefix_path.dsv
[30.086s] -- Installing: /home/robomango/workspace/microros_ws/install/drive_base_msgs/share/drive_base_msgs/environment/path.sh
[30.086s] -- Installing: /home/robomango/workspace/microros_ws/install/drive_base_msgs/share/drive_base_msgs/environment/path.dsv
[30.086s] -- Installing: /home/robomango/workspace/microros_ws/install/drive_base_msgs/share/drive_base_msgs/local_setup.bash
[30.086s] -- Installing: /home/robomango/workspace/microros_ws/install/drive_base_msgs/share/drive_base_msgs/local_setup.sh
[30.086s] -- Installing: /home/robomango/workspace/microros_ws/install/drive_base_msgs/share/drive_base_msgs/local_setup.zsh
[30.086s] -- Installing: /home/robomango/workspace/microros_ws/install/drive_base_msgs/share/drive_base_msgs/local_setup.dsv
[30.087s] -- Installing: /home/robomango/workspace/microros_ws/install/drive_base_msgs/share/drive_base_msgs/package.dsv
[30.087s] -- Installing: /home/robomango/workspace/microros_ws/install/drive_base_msgs/share/ament_index/resource_index/packages/drive_base_msgs
[30.087s] -- Installing: /home/robomango/workspace/microros_ws/install/drive_base_msgs/share/drive_base_msgs/cmake/export_drive_base_msgs__rosidl_generator_cExport.cmake
[30.087s] -- Installing: /home/robomango/workspace/microros_ws/install/drive_base_msgs/share/drive_base_msgs/cmake/export_drive_base_msgs__rosidl_generator_cExport-noconfig.cmake
[30.088s] -- Installing: /home/robomango/workspace/microros_ws/install/drive_base_msgs/share/drive_base_msgs/cmake/export_drive_base_msgs__rosidl_typesupport_fastrtps_cExport.cmake
[30.088s] -- Installing: /home/robomango/workspace/microros_ws/install/drive_base_msgs/share/drive_base_msgs/cmake/export_drive_base_msgs__rosidl_typesupport_fastrtps_cExport-noconfig.cmake
[30.088s] -- Installing: /home/robomango/workspace/microros_ws/install/drive_base_msgs/share/drive_base_msgs/cmake/export_drive_base_msgs__rosidl_generator_cppExport.cmake
[30.088s] -- Installing: /home/robomango/workspace/microros_ws/install/drive_base_msgs/share/drive_base_msgs/cmake/export_drive_base_msgs__rosidl_typesupport_fastrtps_cppExport.cmake
[30.088s] -- Installing: /home/robomango/workspace/microros_ws/install/drive_base_msgs/share/drive_base_msgs/cmake/export_drive_base_msgs__rosidl_typesupport_fastrtps_cppExport-noconfig.cmake
[30.088s] -- Installing: /home/robomango/workspace/microros_ws/install/drive_base_msgs/share/drive_base_msgs/cmake/drive_base_msgs__rosidl_typesupport_introspection_cExport.cmake
[30.089s] -- Installing: /home/robomango/workspace/microros_ws/install/drive_base_msgs/share/drive_base_msgs/cmake/drive_base_msgs__rosidl_typesupport_introspection_cExport-noconfig.cmake
[30.089s] -- Installing: /home/robomango/workspace/microros_ws/install/drive_base_msgs/share/drive_base_msgs/cmake/drive_base_msgs__rosidl_typesupport_cExport.cmake
[30.089s] -- Installing: /home/robomango/workspace/microros_ws/install/drive_base_msgs/share/drive_base_msgs/cmake/drive_base_msgs__rosidl_typesupport_cExport-noconfig.cmake
[30.089s] -- Installing: /home/robomango/workspace/microros_ws/install/drive_base_msgs/share/drive_base_msgs/cmake/drive_base_msgs__rosidl_typesupport_introspection_cppExport.cmake
[30.090s] -- Installing: /home/robomango/workspace/microros_ws/install/drive_base_msgs/share/drive_base_msgs/cmake/drive_base_msgs__rosidl_typesupport_introspection_cppExport-noconfig.cmake
[30.090s] -- Installing: /home/robomango/workspace/microros_ws/install/drive_base_msgs/share/drive_base_msgs/cmake/drive_base_msgs__rosidl_typesupport_cppExport.cmake
[30.090s] -- Installing: /home/robomango/workspace/microros_ws/install/drive_base_msgs/share/drive_base_msgs/cmake/drive_base_msgs__rosidl_typesupport_cppExport-noconfig.cmake
[30.090s] -- Installing: /home/robomango/workspace/microros_ws/install/drive_base_msgs/share/drive_base_msgs/cmake/export_drive_base_msgs__rosidl_generator_pyExport.cmake
[30.093s] -- Installing: /home/robomango/workspace/microros_ws/install/drive_base_msgs/share/drive_base_msgs/cmake/export_drive_base_msgs__rosidl_generator_pyExport-noconfig.cmake
[30.095s] -- Installing: /home/robomango/workspace/microros_ws/install/drive_base_msgs/share/drive_base_msgs/cmake/rosidl_cmake-extras.cmake
[30.095s] -- Installing: /home/robomango/workspace/microros_ws/install/drive_base_msgs/share/drive_base_msgs/cmake/ament_cmake_export_dependencies-extras.cmake
[30.095s] -- Installing: /home/robomango/workspace/microros_ws/install/drive_base_msgs/share/drive_base_msgs/cmake/ament_cmake_export_include_directories-extras.cmake
[30.095s] -- Installing: /home/robomango/workspace/microros_ws/install/drive_base_msgs/share/drive_base_msgs/cmake/ament_cmake_export_libraries-extras.cmake
[30.098s] -- Installing: /home/robomango/workspace/microros_ws/install/drive_base_msgs/share/drive_base_msgs/cmake/ament_cmake_export_targets-extras.cmake
[30.098s] -- Installing: /home/robomango/workspace/microros_ws/install/drive_base_msgs/share/drive_base_msgs/cmake/rosidl_cmake_export_typesupport_targets-extras.cmake
[30.098s] -- Installing: /home/robomango/workspace/microros_ws/install/drive_base_msgs/share/drive_base_msgs/cmake/rosidl_cmake_export_typesupport_libraries-extras.cmake
[30.099s] -- Installing: /home/robomango/workspace/microros_ws/install/drive_base_msgs/share/drive_base_msgs/cmake/drive_base_msgsConfig.cmake
[30.100s] -- Installing: /home/robomango/workspace/microros_ws/install/drive_base_msgs/share/drive_base_msgs/cmake/drive_base_msgsConfig-version.cmake
[30.100s] -- Installing: /home/robomango/workspace/microros_ws/install/drive_base_msgs/share/drive_base_msgs/package.xml
[30.104s] Invoked command in '/home/robomango/workspace/microros_ws/build/drive_base_msgs' returned '0': CMAKE_PREFIX_PATH=${CMAKE_PREFIX_PATH}:/opt/ros/jazzy DEBUGINFOD_URLS=https://debuginfod.ubuntu.com /usr/bin/cmake --install /home/robomango/workspace/microros_ws/build/drive_base_msgs
