[31mCMake Error at CMakeLists.txt:102 (target_link_libraries):
  The plain signature for target_link_libraries has already been used with
  the target "rl_lib".  All uses of target_link_libraries with a target must
  be either all-keyword or all-plain.

  The uses of the plain signature are here:

   * CMakeLists.txt:80 (target_link_libraries)


[0m
[31mCMake Error at /opt/ros/jazzy/share/ament_cmake_target_dependencies/cmake/ament_target_dependencies.cmake:146 (target_link_libraries):
  The keyword signature for target_link_libraries has already been used with
  the target "rl_lib".  All uses of target_link_libraries with a target must
  be either all-keyword or all-plain.

  The uses of the keyword signature are here:

   * CMakeLists.txt:102 (target_link_libraries)

Call Stack (most recent call first):
  CMakeLists.txt:110 (ament_target_dependencies)

[0m
[31mCMake Error at CMakeLists.txt:251 (target_link_libraries):
  The plain signature for target_link_libraries has already been used with
  the target "ekf_node".  All uses of target_link_libraries with a target
  must be either all-keyword or all-plain.

  The uses of the plain signature are here:

   * CMakeLists.txt:130 (target_link_libraries)
   * /opt/ros/jazzy/share/ament_cmake_target_dependencies/cmake/ament_target_dependencies.cmake:146 (target_link_libraries)


[0m
[31mCMake Error at CMakeLists.txt:252 (target_link_libraries):
  The plain signature for target_link_libraries has already been used with
  the target "ukf_node".  All uses of target_link_libraries with a target
  must be either all-keyword or all-plain.

  The uses of the plain signature are here:

   * CMakeLists.txt:140 (target_link_libraries)
   * /opt/ros/jazzy/share/ament_cmake_target_dependencies/cmake/ament_target_dependencies.cmake:146 (target_link_libraries)


[0m
[31mCMake Error at CMakeLists.txt:253 (target_link_libraries):
  The plain signature for target_link_libraries has already been used with
  the target "navsat_transform_node".  All uses of target_link_libraries with
  a target must be either all-keyword or all-plain.

  The uses of the plain signature are here:

   * CMakeLists.txt:150 (target_link_libraries)
   * /opt/ros/jazzy/share/ament_cmake_target_dependencies/cmake/ament_target_dependencies.cmake:146 (target_link_libraries)


[0m
[31mCMake Error at CMakeLists.txt:254 (target_link_libraries):
  The plain signature for target_link_libraries has already been used with
  the target "robot_localization_listener_node".  All uses of
  target_link_libraries with a target must be either all-keyword or
  all-plain.

  The uses of the plain signature are here:

   * CMakeLists.txt:160 (target_link_libraries)
   * /opt/ros/jazzy/share/ament_cmake_target_dependencies/cmake/ament_target_dependencies.cmake:146 (target_link_libraries)


[0m
