[0.020s] Invoking command in '/home/robomango/workspace/diffdrive_ws/build/robot_localization': CMAKE_PREFIX_PATH=${CMAKE_PREFIX_PATH}:/opt/ros/jazzy DEBUGINFOD_URLS=https://debuginfod.ubuntu.com /usr/bin/cmake /home/robomango/workspace/diffdrive_ws/src/robot_localization -DCMAKE_BUILD_TYPE=RelWithDebInfo -DCMAKE_VERBOSE_MAKEFILE=ON -DCMAKE_INSTALL_PREFIX=/home/robomango/workspace/diffdrive_ws/install/robot_localization
[0.102s] -- The C compiler identification is GNU 13.3.0
[0.190s] -- The CXX compiler identification is GNU 13.3.0
[0.223s] -- Detecting C compiler ABI info
[0.359s] -- Detecting C compiler ABI info - done
[0.372s] -- Check for working C compiler: /usr/bin/cc - skipped
[0.373s] -- Detecting C compile features
[0.373s] -- Detecting C compile features - done
[0.387s] -- Detecting CXX compiler ABI info
[0.547s] -- Detecting CXX compiler ABI info - done
[0.560s] -- Check for working CXX compiler: /usr/bin/c++ - skipped
[0.560s] -- Detecting CXX compile features
[0.561s] -- Detecting CXX compile features - done
[0.565s] -- Found ament_cmake: 2.5.3 (/opt/ros/jazzy/share/ament_cmake/cmake)
[0.787s] -- Found Python3: /usr/bin/python3 (found version "3.12.3") found components: Interpreter 
[0.946s] -- Found angles: 1.16.0 (/opt/ros/jazzy/share/angles/cmake)
[0.951s] -- Found rclcpp: 28.1.8 (/opt/ros/jazzy/share/rclcpp/cmake)
[1.013s] -- Found rosidl_generator_c: 4.6.5 (/opt/ros/jazzy/share/rosidl_generator_c/cmake)
[1.036s] -- Found rosidl_generator_cpp: 4.6.5 (/opt/ros/jazzy/share/rosidl_generator_cpp/cmake)
[1.060s] -- Using all available rosidl_typesupport_c: rosidl_typesupport_fastrtps_c;rosidl_typesupport_introspection_c
[1.088s] -- Using all available rosidl_typesupport_cpp: rosidl_typesupport_fastrtps_cpp;rosidl_typesupport_introspection_cpp
[1.214s] -- Found rmw_implementation_cmake: 7.3.2 (/opt/ros/jazzy/share/rmw_implementation_cmake/cmake)
[1.222s] -- Found rmw_fastrtps_cpp: 8.4.2 (/opt/ros/jazzy/share/rmw_fastrtps_cpp/cmake)
[1.346s] -- Found OpenSSL: /usr/lib/x86_64-linux-gnu/libcrypto.so (found version "3.0.13")  
[1.381s] -- Found FastRTPS: /opt/ros/jazzy/include (Required is at least version "2.13") 
[1.419s] -- Using RMW implementation 'rmw_fastrtps_cpp' as default
[1.532s] -- Found diagnostic_msgs: 5.3.6 (/opt/ros/jazzy/share/diagnostic_msgs/cmake)
[1.589s] -- Found diagnostic_updater: 4.2.6 (/opt/ros/jazzy/share/diagnostic_updater/cmake)
[1.601s] -- Found geographic_msgs: 1.0.6 (/opt/ros/jazzy/share/geographic_msgs/cmake)
[1.691s] -- Found message_filters: 4.11.5 (/opt/ros/jazzy/share/message_filters/cmake)
[1.699s] -- Found nav_msgs: 5.3.6 (/opt/ros/jazzy/share/nav_msgs/cmake)
[1.744s] -- Found rosidl_default_generators: 1.6.0 (/opt/ros/jazzy/share/rosidl_default_generators/cmake)
[1.765s] -- Found rosidl_adapter: 4.6.5 (/opt/ros/jazzy/share/rosidl_adapter/cmake)
[1.769s] -- Found sensor_msgs: 5.3.6 (/opt/ros/jazzy/share/sensor_msgs/cmake)
[1.806s] -- Found std_srvs: 5.3.6 (/opt/ros/jazzy/share/std_srvs/cmake)
[1.840s] -- Found tf2: 0.36.9 (/opt/ros/jazzy/share/tf2/cmake)
[1.847s] -- Found tf2_eigen: 0.36.9 (/opt/ros/jazzy/share/tf2_eigen/cmake)
[2.042s] -- Found tf2_geometry_msgs: 0.36.9 (/opt/ros/jazzy/share/tf2_geometry_msgs/cmake)
[2.056s] -- Found eigen3_cmake_module: 0.3.0 (/opt/ros/jazzy/share/eigen3_cmake_module/cmake)
[2.058s] -- Found Eigen3: TRUE (found version "3.4.0") 
[2.058s] -- Ensuring Eigen3 include directory is part of orocos-kdl CMake target
[2.073s] -- Found Boost: /usr/lib/x86_64-linux-gnu/cmake/Boost-1.83.0/BoostConfig.cmake (found version "1.83.0")  
[2.076s] -- Found yaml_cpp_vendor: 9.0.1 (/opt/ros/jazzy/share/yaml_cpp_vendor/cmake)
[2.076s] -- Setting yaml-cpp_DIR to: '/opt/ros/jazzy/share/yaml_cpp_vendor/cmake/../../../opt/yaml_cpp_vendor/share/cmake/yaml-cpp'
[2.083s] -- Found GeographicLib: /usr/lib/x86_64-linux-gnu  
[3.107s] -- Found ament_cmake_cppcheck: 0.17.2 (/opt/ros/jazzy/share/ament_cmake_cppcheck/cmake)
[3.111s] -- Found ament_cmake_cpplint: 0.17.2 (/opt/ros/jazzy/share/ament_cmake_cpplint/cmake)
[3.115s] -- Found ament_cmake_uncrustify: 0.17.2 (/opt/ros/jazzy/share/ament_cmake_uncrustify/cmake)
[3.119s] -- Found ament_cmake_ros: 0.12.0 (/opt/ros/jazzy/share/ament_cmake_ros/cmake)
[4.508s] -- Using all available rosidl_typesupport_c: rosidl_typesupport_fastrtps_c;rosidl_typesupport_introspection_c
[5.057s] -- Using all available rosidl_typesupport_cpp: rosidl_typesupport_fastrtps_cpp;rosidl_typesupport_introspection_cpp
[5.064s] -- Found python_cmake_module: 0.11.1 (/opt/ros/jazzy/share/python_cmake_module/cmake)
[5.270s] -- Found PythonExtra: /usr/bin/python3  
[5.920s] -- Found Python3: /usr/bin/python3 (found version "3.12.3") found components: Interpreter Development NumPy Development.Module Development.Embed 
[6.035s] -- Found ament_cmake_flake8: 0.17.2 (/opt/ros/jazzy/share/ament_cmake_flake8/cmake)
[6.040s] -- Found ament_cmake_pep257: 0.17.2 (/opt/ros/jazzy/share/ament_cmake_pep257/cmake)
[6.048s] [31mCMake Error at CMakeLists.txt:102 (target_link_libraries):
[6.048s]   The plain signature for target_link_libraries has already been used with
[6.048s]   the target "rl_lib".  All uses of target_link_libraries with a target must
[6.049s]   be either all-keyword or all-plain.
[6.049s] 
[6.049s]   The uses of the plain signature are here:
[6.049s] 
[6.049s]    * CMakeLists.txt:80 (target_link_libraries)
[6.049s] 
[6.049s] 
[6.049s] [0m
[6.058s] [31mCMake Error at /opt/ros/jazzy/share/ament_cmake_target_dependencies/cmake/ament_target_dependencies.cmake:146 (target_link_libraries):
[6.058s]   The keyword signature for target_link_libraries has already been used with
[6.058s]   the target "rl_lib".  All uses of target_link_libraries with a target must
[6.058s]   be either all-keyword or all-plain.
[6.058s] 
[6.058s]   The uses of the keyword signature are here:
[6.058s] 
[6.059s]    * CMakeLists.txt:102 (target_link_libraries)
[6.059s] 
[6.059s] Call Stack (most recent call first):
[6.059s]   CMakeLists.txt:110 (ament_target_dependencies)
[6.059s] 
[6.059s] [0m
[6.064s] -- Found ament_cmake_lint_cmake: 0.17.2 (/opt/ros/jazzy/share/ament_cmake_lint_cmake/cmake)
[6.068s] -- Found launch_testing_ament_cmake: 3.4.4 (/opt/ros/jazzy/share/launch_testing_ament_cmake/cmake)
[6.072s] -- Found gtest sources under '/opt/ros/jazzy/src/gtest_vendor': C++ tests using 'Google Test' will be built
[6.076s] -- Performing Test CMAKE_HAVE_LIBC_PTHREAD
[6.206s] -- Performing Test CMAKE_HAVE_LIBC_PTHREAD - Success
[6.208s] -- Found Threads: TRUE  
[6.225s] [31mCMake Error at CMakeLists.txt:251 (target_link_libraries):
[6.225s]   The plain signature for target_link_libraries has already been used with
[6.226s]   the target "ekf_node".  All uses of target_link_libraries with a target
[6.226s]   must be either all-keyword or all-plain.
[6.227s] 
[6.227s]   The uses of the plain signature are here:
[6.227s] 
[6.228s]    * CMakeLists.txt:130 (target_link_libraries)
[6.228s]    * /opt/ros/jazzy/share/ament_cmake_target_dependencies/cmake/ament_target_dependencies.cmake:146 (target_link_libraries)
[6.228s] 
[6.228s] 
[6.228s] [0m
[6.228s] [31mCMake Error at CMakeLists.txt:252 (target_link_libraries):
[6.228s]   The plain signature for target_link_libraries has already been used with
[6.228s]   the target "ukf_node".  All uses of target_link_libraries with a target
[6.228s]   must be either all-keyword or all-plain.
[6.228s] 
[6.229s]   The uses of the plain signature are here:
[6.229s] 
[6.229s]    * CMakeLists.txt:140 (target_link_libraries)
[6.229s]    * /opt/ros/jazzy/share/ament_cmake_target_dependencies/cmake/ament_target_dependencies.cmake:146 (target_link_libraries)
[6.229s] 
[6.229s] 
[6.229s] [0m
[6.229s] [31mCMake Error at CMakeLists.txt:253 (target_link_libraries):
[6.229s]   The plain signature for target_link_libraries has already been used with
[6.229s]   the target "navsat_transform_node".  All uses of target_link_libraries with
[6.229s]   a target must be either all-keyword or all-plain.
[6.229s] 
[6.229s]   The uses of the plain signature are here:
[6.230s] 
[6.230s]    * CMakeLists.txt:150 (target_link_libraries)
[6.230s]    * /opt/ros/jazzy/share/ament_cmake_target_dependencies/cmake/ament_target_dependencies.cmake:146 (target_link_libraries)
[6.230s] 
[6.230s] 
[6.230s] [0m
[6.230s] [31mCMake Error at CMakeLists.txt:254 (target_link_libraries):
[6.230s]   The plain signature for target_link_libraries has already been used with
[6.230s]   the target "robot_localization_listener_node".  All uses of
[6.230s]   target_link_libraries with a target must be either all-keyword or
[6.230s]   all-plain.
[6.230s] 
[6.231s]   The uses of the plain signature are here:
[6.231s] 
[6.231s]    * CMakeLists.txt:160 (target_link_libraries)
[6.231s]    * /opt/ros/jazzy/share/ament_cmake_target_dependencies/cmake/ament_target_dependencies.cmake:146 (target_link_libraries)
[6.231s] 
[6.231s] 
[6.232s] [0m
[6.252s] -- Configuring incomplete, errors occurred!
[6.274s] Invoked command in '/home/robomango/workspace/diffdrive_ws/build/robot_localization' returned '1': CMAKE_PREFIX_PATH=${CMAKE_PREFIX_PATH}:/opt/ros/jazzy DEBUGINFOD_URLS=https://debuginfod.ubuntu.com /usr/bin/cmake /home/robomango/workspace/diffdrive_ws/src/robot_localization -DCMAKE_BUILD_TYPE=RelWithDebInfo -DCMAKE_VERBOSE_MAKEFILE=ON -DCMAKE_INSTALL_PREFIX=/home/robomango/workspace/diffdrive_ws/install/robot_localization
