[0.023s] Invoking command in '/home/robomango/workspace/microros_ws/build/micro_ros_msgs': CMAKE_PREFIX_PATH=${CMAKE_PREFIX_PATH}:/opt/ros/jazzy DEBUGINFOD_URLS=https://debuginfod.ubuntu.com /usr/bin/cmake /home/robomango/workspace/microros_ws/src/uros/micro_ros_msgs -DCMAKE_INSTALL_PREFIX=/home/robomango/workspace/microros_ws/install/micro_ros_msgs
[0.054s] -- Found ament_cmake: 2.5.3 (/opt/ros/jazzy/share/ament_cmake/cmake)
[0.113s] -- Found Python3: /usr/bin/python3 (found version "3.12.3") found components: Interpreter 
[0.294s] -- Found rosidl_default_generators: 1.6.0 (/opt/ros/jazzy/share/rosidl_default_generators/cmake)
[0.299s] -- Using all available rosidl_typesupport_c: rosidl_typesupport_fastrtps_c;rosidl_typesupport_introspection_c
[0.366s] -- Using all available rosidl_typesupport_cpp: rosidl_typesupport_fastrtps_cpp;rosidl_typesupport_introspection_cpp
[0.431s] -- Found rosidl_adapter: 4.6.5 (/opt/ros/jazzy/share/rosidl_adapter/cmake)
[0.437s] -- Found ament_lint_auto: 0.17.2 (/opt/ros/jazzy/share/ament_lint_auto/cmake)
[1.055s] -- Found ament_cmake_ros: 0.12.0 (/opt/ros/jazzy/share/ament_cmake_ros/cmake)
[1.204s] -- Using all available rosidl_typesupport_c: rosidl_typesupport_fastrtps_c;rosidl_typesupport_introspection_c
[1.404s] -- Using all available rosidl_typesupport_cpp: rosidl_typesupport_fastrtps_cpp;rosidl_typesupport_introspection_cpp
[1.406s] -- Found python_cmake_module: 0.11.1 (/opt/ros/jazzy/share/python_cmake_module/cmake)
[1.936s] -- Found Python3: /usr/bin/python3 (found version "3.12.3") found components: Interpreter Development NumPy Development.Module Development.Embed 
[1.969s] -- Added test 'copyright' to check source files copyright and LICENSE
[1.989s] -- Added test 'lint_cmake' to check CMake code style
[2.003s] -- Added test 'xmllint' to check XML markup files
[2.009s] -- Configuring done (2.0s)
[2.099s] -- Generating done (0.1s)
[2.138s] -- Build files have been written to: /home/robomango/workspace/microros_ws/build/micro_ros_msgs
[2.150s] Invoked command in '/home/robomango/workspace/microros_ws/build/micro_ros_msgs' returned '0': CMAKE_PREFIX_PATH=${CMAKE_PREFIX_PATH}:/opt/ros/jazzy DEBUGINFOD_URLS=https://debuginfod.ubuntu.com /usr/bin/cmake /home/robomango/workspace/microros_ws/src/uros/micro_ros_msgs -DCMAKE_INSTALL_PREFIX=/home/robomango/workspace/microros_ws/install/micro_ros_msgs
[2.151s] Invoking command in '/home/robomango/workspace/microros_ws/build/micro_ros_msgs': CMAKE_PREFIX_PATH=${CMAKE_PREFIX_PATH}:/opt/ros/jazzy DEBUGINFOD_URLS=https://debuginfod.ubuntu.com /usr/bin/cmake --build /home/robomango/workspace/microros_ws/build/micro_ros_msgs -- -j2 -l2
[2.287s] [  1%] Built target micro_ros_msgs__rosidl_generator_type_description
[2.341s] [  1%] Built target ament_cmake_python_copy_micro_ros_msgs
[2.384s] [ 22%] Built target micro_ros_msgs__rosidl_generator_c
[2.398s] [ 24%] Built target micro_ros_msgs__cpp
[2.492s] [ 33%] Built target micro_ros_msgs__rosidl_typesupport_introspection_c
[2.558s] [ 42%] Built target micro_ros_msgs__rosidl_typesupport_c
[2.678s] [ 51%] Built target micro_ros_msgs__rosidl_typesupport_fastrtps_cpp
[2.774s] [ 61%] Built target micro_ros_msgs__rosidl_typesupport_introspection_cpp
[2.881s] [ 70%] Built target micro_ros_msgs__rosidl_typesupport_cpp
[2.964s] [ 79%] Built target micro_ros_msgs__rosidl_typesupport_fastrtps_c
[3.031s] [ 79%] Built target micro_ros_msgs
[3.109s] [ 81%] Built target micro_ros_msgs__py
[3.202s] [ 88%] Built target micro_ros_msgs__rosidl_generator_py
[3.272s] [ 92%] Built target micro_ros_msgs_s__rosidl_typesupport_fastrtps_c
[3.302s] running egg_info
[3.355s] [ 96%] Built target micro_ros_msgs_s__rosidl_typesupport_introspection_c
[3.393s] writing micro_ros_msgs.egg-info/PKG-INFO
[3.393s] writing dependency_links to micro_ros_msgs.egg-info/dependency_links.txt
[3.395s] writing top-level names to micro_ros_msgs.egg-info/top_level.txt
[3.427s] [100%] Built target micro_ros_msgs_s__rosidl_typesupport_c
[3.546s] reading manifest file 'micro_ros_msgs.egg-info/SOURCES.txt'
[3.549s] writing manifest file 'micro_ros_msgs.egg-info/SOURCES.txt'
[3.609s] [100%] Built target ament_cmake_python_build_micro_ros_msgs_egg
[3.634s] Invoked command in '/home/robomango/workspace/microros_ws/build/micro_ros_msgs' returned '0': CMAKE_PREFIX_PATH=${CMAKE_PREFIX_PATH}:/opt/ros/jazzy DEBUGINFOD_URLS=https://debuginfod.ubuntu.com /usr/bin/cmake --build /home/robomango/workspace/microros_ws/build/micro_ros_msgs -- -j2 -l2
[3.652s] Invoking command in '/home/robomango/workspace/microros_ws/build/micro_ros_msgs': CMAKE_PREFIX_PATH=${CMAKE_PREFIX_PATH}:/opt/ros/jazzy DEBUGINFOD_URLS=https://debuginfod.ubuntu.com /usr/bin/cmake --install /home/robomango/workspace/microros_ws/build/micro_ros_msgs
[3.676s] -- Install configuration: ""
[3.677s] -- Up-to-date: /home/robomango/workspace/microros_ws/install/micro_ros_msgs/share/ament_index/resource_index/rosidl_interfaces/micro_ros_msgs
[3.677s] -- Up-to-date: /home/robomango/workspace/microros_ws/install/micro_ros_msgs/share/micro_ros_msgs/msg/Graph.json
[3.677s] -- Up-to-date: /home/robomango/workspace/microros_ws/install/micro_ros_msgs/share/micro_ros_msgs/msg/Node.json
[3.677s] -- Up-to-date: /home/robomango/workspace/microros_ws/install/micro_ros_msgs/share/micro_ros_msgs/msg/Entity.json
[3.677s] -- Up-to-date: /home/robomango/workspace/microros_ws/install/micro_ros_msgs/include/micro_ros_msgs/micro_ros_msgs
[3.677s] -- Up-to-date: /home/robomango/workspace/microros_ws/install/micro_ros_msgs/include/micro_ros_msgs/micro_ros_msgs/msg
[3.677s] -- Up-to-date: /home/robomango/workspace/microros_ws/install/micro_ros_msgs/include/micro_ros_msgs/micro_ros_msgs/msg/graph.h
[3.677s] -- Up-to-date: /home/robomango/workspace/microros_ws/install/micro_ros_msgs/include/micro_ros_msgs/micro_ros_msgs/msg/entity.h
[3.677s] -- Up-to-date: /home/robomango/workspace/microros_ws/install/micro_ros_msgs/include/micro_ros_msgs/micro_ros_msgs/msg/detail
[3.678s] -- Up-to-date: /home/robomango/workspace/microros_ws/install/micro_ros_msgs/include/micro_ros_msgs/micro_ros_msgs/msg/detail/node__struct.h
[3.680s] -- Up-to-date: /home/robomango/workspace/microros_ws/install/micro_ros_msgs/include/micro_ros_msgs/micro_ros_msgs/msg/detail/node__description.c
[3.680s] -- Installing: /home/robomango/workspace/microros_ws/install/micro_ros_msgs/include/micro_ros_msgs/micro_ros_msgs/msg/detail/graph__type_support.c
[3.680s] -- Up-to-date: /home/robomango/workspace/microros_ws/install/micro_ros_msgs/include/micro_ros_msgs/micro_ros_msgs/msg/detail/graph__functions.c
[3.680s] -- Up-to-date: /home/robomango/workspace/microros_ws/install/micro_ros_msgs/include/micro_ros_msgs/micro_ros_msgs/msg/detail/graph__description.c
[3.680s] -- Up-to-date: /home/robomango/workspace/microros_ws/install/micro_ros_msgs/include/micro_ros_msgs/micro_ros_msgs/msg/detail/entity__functions.c
[3.680s] -- Up-to-date: /home/robomango/workspace/microros_ws/install/micro_ros_msgs/include/micro_ros_msgs/micro_ros_msgs/msg/detail/entity__description.c
[3.680s] -- Up-to-date: /home/robomango/workspace/microros_ws/install/micro_ros_msgs/include/micro_ros_msgs/micro_ros_msgs/msg/detail/entity__struct.h
[3.680s] -- Up-to-date: /home/robomango/workspace/microros_ws/install/micro_ros_msgs/include/micro_ros_msgs/micro_ros_msgs/msg/detail/node__type_support.h
[3.680s] -- Up-to-date: /home/robomango/workspace/microros_ws/install/micro_ros_msgs/include/micro_ros_msgs/micro_ros_msgs/msg/detail/entity__type_support.h
[3.681s] -- Up-to-date: /home/robomango/workspace/microros_ws/install/micro_ros_msgs/include/micro_ros_msgs/micro_ros_msgs/msg/detail/graph__struct.h
[3.684s] -- Up-to-date: /home/robomango/workspace/microros_ws/install/micro_ros_msgs/include/micro_ros_msgs/micro_ros_msgs/msg/detail/entity__functions.h
[3.684s] -- Installing: /home/robomango/workspace/microros_ws/install/micro_ros_msgs/include/micro_ros_msgs/micro_ros_msgs/msg/detail/entity__type_support.c
[3.684s] -- Up-to-date: /home/robomango/workspace/microros_ws/install/micro_ros_msgs/include/micro_ros_msgs/micro_ros_msgs/msg/detail/node__functions.h
[3.684s] -- Up-to-date: /home/robomango/workspace/microros_ws/install/micro_ros_msgs/include/micro_ros_msgs/micro_ros_msgs/msg/detail/graph__type_support.h
[3.684s] -- Up-to-date: /home/robomango/workspace/microros_ws/install/micro_ros_msgs/include/micro_ros_msgs/micro_ros_msgs/msg/detail/graph__functions.h
[3.684s] -- Up-to-date: /home/robomango/workspace/microros_ws/install/micro_ros_msgs/include/micro_ros_msgs/micro_ros_msgs/msg/detail/node__functions.c
[3.684s] -- Installing: /home/robomango/workspace/microros_ws/install/micro_ros_msgs/include/micro_ros_msgs/micro_ros_msgs/msg/detail/node__type_support.c
[3.684s] -- Up-to-date: /home/robomango/workspace/microros_ws/install/micro_ros_msgs/include/micro_ros_msgs/micro_ros_msgs/msg/rosidl_generator_c__visibility_control.h
[3.684s] -- Up-to-date: /home/robomango/workspace/microros_ws/install/micro_ros_msgs/include/micro_ros_msgs/micro_ros_msgs/msg/node.h
[3.685s] -- Up-to-date: /home/robomango/workspace/microros_ws/install/micro_ros_msgs/share/micro_ros_msgs/environment/library_path.sh
[3.685s] -- Up-to-date: /home/robomango/workspace/microros_ws/install/micro_ros_msgs/share/micro_ros_msgs/environment/library_path.dsv
[3.686s] -- Up-to-date: /home/robomango/workspace/microros_ws/install/micro_ros_msgs/lib/libmicro_ros_msgs__rosidl_generator_c.so
[3.686s] -- Up-to-date: /home/robomango/workspace/microros_ws/install/micro_ros_msgs/include/micro_ros_msgs/micro_ros_msgs
[3.686s] -- Up-to-date: /home/robomango/workspace/microros_ws/install/micro_ros_msgs/include/micro_ros_msgs/micro_ros_msgs/msg
[3.687s] -- Up-to-date: /home/robomango/workspace/microros_ws/install/micro_ros_msgs/include/micro_ros_msgs/micro_ros_msgs/msg/rosidl_typesupport_fastrtps_c__visibility_control.h
[3.687s] -- Up-to-date: /home/robomango/workspace/microros_ws/install/micro_ros_msgs/include/micro_ros_msgs/micro_ros_msgs/msg/detail
[3.687s] -- Up-to-date: /home/robomango/workspace/microros_ws/install/micro_ros_msgs/include/micro_ros_msgs/micro_ros_msgs/msg/detail/entity__rosidl_typesupport_fastrtps_c.h
[3.687s] -- Up-to-date: /home/robomango/workspace/microros_ws/install/micro_ros_msgs/include/micro_ros_msgs/micro_ros_msgs/msg/detail/node__rosidl_typesupport_fastrtps_c.h
[3.687s] -- Up-to-date: /home/robomango/workspace/microros_ws/install/micro_ros_msgs/include/micro_ros_msgs/micro_ros_msgs/msg/detail/graph__rosidl_typesupport_fastrtps_c.h
[3.688s] -- Up-to-date: /home/robomango/workspace/microros_ws/install/micro_ros_msgs/lib/libmicro_ros_msgs__rosidl_typesupport_fastrtps_c.so
[3.688s] -- Up-to-date: /home/robomango/workspace/microros_ws/install/micro_ros_msgs/include/micro_ros_msgs/micro_ros_msgs
[3.689s] -- Up-to-date: /home/robomango/workspace/microros_ws/install/micro_ros_msgs/include/micro_ros_msgs/micro_ros_msgs/msg
[3.689s] -- Up-to-date: /home/robomango/workspace/microros_ws/install/micro_ros_msgs/include/micro_ros_msgs/micro_ros_msgs/msg/detail
[3.689s] -- Up-to-date: /home/robomango/workspace/microros_ws/install/micro_ros_msgs/include/micro_ros_msgs/micro_ros_msgs/msg/detail/node__rosidl_typesupport_introspection_c.h
[3.689s] -- Installing: /home/robomango/workspace/microros_ws/install/micro_ros_msgs/include/micro_ros_msgs/micro_ros_msgs/msg/detail/graph__type_support.c
[3.690s] -- Up-to-date: /home/robomango/workspace/microros_ws/install/micro_ros_msgs/include/micro_ros_msgs/micro_ros_msgs/msg/detail/graph__rosidl_typesupport_introspection_c.h
[3.690s] -- Up-to-date: /home/robomango/workspace/microros_ws/install/micro_ros_msgs/include/micro_ros_msgs/micro_ros_msgs/msg/detail/entity__rosidl_typesupport_introspection_c.h
[3.690s] -- Installing: /home/robomango/workspace/microros_ws/install/micro_ros_msgs/include/micro_ros_msgs/micro_ros_msgs/msg/detail/entity__type_support.c
[3.690s] -- Installing: /home/robomango/workspace/microros_ws/install/micro_ros_msgs/include/micro_ros_msgs/micro_ros_msgs/msg/detail/node__type_support.c
[3.691s] -- Up-to-date: /home/robomango/workspace/microros_ws/install/micro_ros_msgs/include/micro_ros_msgs/micro_ros_msgs/msg/rosidl_typesupport_introspection_c__visibility_control.h
[3.691s] -- Up-to-date: /home/robomango/workspace/microros_ws/install/micro_ros_msgs/lib/libmicro_ros_msgs__rosidl_typesupport_introspection_c.so
[3.691s] -- Up-to-date: /home/robomango/workspace/microros_ws/install/micro_ros_msgs/lib/libmicro_ros_msgs__rosidl_typesupport_c.so
[3.692s] -- Up-to-date: /home/robomango/workspace/microros_ws/install/micro_ros_msgs/include/micro_ros_msgs/micro_ros_msgs
[3.692s] -- Up-to-date: /home/robomango/workspace/microros_ws/install/micro_ros_msgs/include/micro_ros_msgs/micro_ros_msgs/msg
[3.692s] -- Up-to-date: /home/robomango/workspace/microros_ws/install/micro_ros_msgs/include/micro_ros_msgs/micro_ros_msgs/msg/graph.hpp
[3.693s] -- Up-to-date: /home/robomango/workspace/microros_ws/install/micro_ros_msgs/include/micro_ros_msgs/micro_ros_msgs/msg/detail
[3.693s] -- Up-to-date: /home/robomango/workspace/microros_ws/install/micro_ros_msgs/include/micro_ros_msgs/micro_ros_msgs/msg/detail/node__traits.hpp
[3.693s] -- Up-to-date: /home/robomango/workspace/microros_ws/install/micro_ros_msgs/include/micro_ros_msgs/micro_ros_msgs/msg/detail/entity__traits.hpp
[3.694s] -- Up-to-date: /home/robomango/workspace/microros_ws/install/micro_ros_msgs/include/micro_ros_msgs/micro_ros_msgs/msg/detail/graph__type_support.hpp
[3.694s] -- Up-to-date: /home/robomango/workspace/microros_ws/install/micro_ros_msgs/include/micro_ros_msgs/micro_ros_msgs/msg/detail/entity__type_support.hpp
[3.694s] -- Up-to-date: /home/robomango/workspace/microros_ws/install/micro_ros_msgs/include/micro_ros_msgs/micro_ros_msgs/msg/detail/graph__traits.hpp
[3.694s] -- Up-to-date: /home/robomango/workspace/microros_ws/install/micro_ros_msgs/include/micro_ros_msgs/micro_ros_msgs/msg/detail/node__builder.hpp
[3.694s] -- Up-to-date: /home/robomango/workspace/microros_ws/install/micro_ros_msgs/include/micro_ros_msgs/micro_ros_msgs/msg/detail/entity__builder.hpp
[3.695s] -- Up-to-date: /home/robomango/workspace/microros_ws/install/micro_ros_msgs/include/micro_ros_msgs/micro_ros_msgs/msg/detail/node__struct.hpp
[3.695s] -- Up-to-date: /home/robomango/workspace/microros_ws/install/micro_ros_msgs/include/micro_ros_msgs/micro_ros_msgs/msg/detail/node__type_support.hpp
[3.695s] -- Up-to-date: /home/robomango/workspace/microros_ws/install/micro_ros_msgs/include/micro_ros_msgs/micro_ros_msgs/msg/detail/graph__struct.hpp
[3.695s] -- Up-to-date: /home/robomango/workspace/microros_ws/install/micro_ros_msgs/include/micro_ros_msgs/micro_ros_msgs/msg/detail/entity__struct.hpp
[3.695s] -- Up-to-date: /home/robomango/workspace/microros_ws/install/micro_ros_msgs/include/micro_ros_msgs/micro_ros_msgs/msg/detail/graph__builder.hpp
[3.695s] -- Up-to-date: /home/robomango/workspace/microros_ws/install/micro_ros_msgs/include/micro_ros_msgs/micro_ros_msgs/msg/node.hpp
[3.695s] -- Up-to-date: /home/robomango/workspace/microros_ws/install/micro_ros_msgs/include/micro_ros_msgs/micro_ros_msgs/msg/entity.hpp
[3.695s] -- Up-to-date: /home/robomango/workspace/microros_ws/install/micro_ros_msgs/include/micro_ros_msgs/micro_ros_msgs/msg/rosidl_generator_cpp__visibility_control.hpp
[3.695s] -- Up-to-date: /home/robomango/workspace/microros_ws/install/micro_ros_msgs/include/micro_ros_msgs/micro_ros_msgs
[3.696s] -- Up-to-date: /home/robomango/workspace/microros_ws/install/micro_ros_msgs/include/micro_ros_msgs/micro_ros_msgs/msg
[3.697s] -- Up-to-date: /home/robomango/workspace/microros_ws/install/micro_ros_msgs/include/micro_ros_msgs/micro_ros_msgs/msg/detail
[3.697s] -- Up-to-date: /home/robomango/workspace/microros_ws/install/micro_ros_msgs/include/micro_ros_msgs/micro_ros_msgs/msg/detail/node__rosidl_typesupport_fastrtps_cpp.hpp
[3.697s] -- Up-to-date: /home/robomango/workspace/microros_ws/install/micro_ros_msgs/include/micro_ros_msgs/micro_ros_msgs/msg/detail/dds_fastrtps
[3.697s] -- Up-to-date: /home/robomango/workspace/microros_ws/install/micro_ros_msgs/include/micro_ros_msgs/micro_ros_msgs/msg/detail/entity__rosidl_typesupport_fastrtps_cpp.hpp
[3.697s] -- Up-to-date: /home/robomango/workspace/microros_ws/install/micro_ros_msgs/include/micro_ros_msgs/micro_ros_msgs/msg/detail/graph__rosidl_typesupport_fastrtps_cpp.hpp
[3.697s] -- Up-to-date: /home/robomango/workspace/microros_ws/install/micro_ros_msgs/include/micro_ros_msgs/micro_ros_msgs/msg/rosidl_typesupport_fastrtps_cpp__visibility_control.h
[3.697s] -- Up-to-date: /home/robomango/workspace/microros_ws/install/micro_ros_msgs/lib/libmicro_ros_msgs__rosidl_typesupport_fastrtps_cpp.so
[3.698s] -- Up-to-date: /home/robomango/workspace/microros_ws/install/micro_ros_msgs/include/micro_ros_msgs/micro_ros_msgs
[3.699s] -- Up-to-date: /home/robomango/workspace/microros_ws/install/micro_ros_msgs/include/micro_ros_msgs/micro_ros_msgs/msg
[3.699s] -- Up-to-date: /home/robomango/workspace/microros_ws/install/micro_ros_msgs/include/micro_ros_msgs/micro_ros_msgs/msg/detail
[3.699s] -- Up-to-date: /home/robomango/workspace/microros_ws/install/micro_ros_msgs/include/micro_ros_msgs/micro_ros_msgs/msg/detail/graph__type_support.cpp
[3.699s] -- Up-to-date: /home/robomango/workspace/microros_ws/install/micro_ros_msgs/include/micro_ros_msgs/micro_ros_msgs/msg/detail/entity__rosidl_typesupport_introspection_cpp.hpp
[3.699s] -- Up-to-date: /home/robomango/workspace/microros_ws/install/micro_ros_msgs/include/micro_ros_msgs/micro_ros_msgs/msg/detail/node__type_support.cpp
[3.699s] -- Up-to-date: /home/robomango/workspace/microros_ws/install/micro_ros_msgs/include/micro_ros_msgs/micro_ros_msgs/msg/detail/entity__type_support.cpp
[3.699s] -- Up-to-date: /home/robomango/workspace/microros_ws/install/micro_ros_msgs/include/micro_ros_msgs/micro_ros_msgs/msg/detail/graph__rosidl_typesupport_introspection_cpp.hpp
[3.699s] -- Up-to-date: /home/robomango/workspace/microros_ws/install/micro_ros_msgs/include/micro_ros_msgs/micro_ros_msgs/msg/detail/node__rosidl_typesupport_introspection_cpp.hpp
[3.706s] -- Up-to-date: /home/robomango/workspace/microros_ws/install/micro_ros_msgs/lib/libmicro_ros_msgs__rosidl_typesupport_introspection_cpp.so
[3.706s] -- Up-to-date: /home/robomango/workspace/microros_ws/install/micro_ros_msgs/lib/libmicro_ros_msgs__rosidl_typesupport_cpp.so
[3.706s] -- Up-to-date: /home/robomango/workspace/microros_ws/install/micro_ros_msgs/share/micro_ros_msgs/environment/pythonpath.sh
[3.706s] -- Up-to-date: /home/robomango/workspace/microros_ws/install/micro_ros_msgs/share/micro_ros_msgs/environment/pythonpath.dsv
[3.706s] -- Up-to-date: /home/robomango/workspace/microros_ws/install/micro_ros_msgs/lib/python3.12/site-packages/micro_ros_msgs-5.0.2-py3.12.egg-info
[3.706s] -- Installing: /home/robomango/workspace/microros_ws/install/micro_ros_msgs/lib/python3.12/site-packages/micro_ros_msgs-5.0.2-py3.12.egg-info/PKG-INFO
[3.707s] -- Installing: /home/robomango/workspace/microros_ws/install/micro_ros_msgs/lib/python3.12/site-packages/micro_ros_msgs-5.0.2-py3.12.egg-info/SOURCES.txt
[3.710s] -- Installing: /home/robomango/workspace/microros_ws/install/micro_ros_msgs/lib/python3.12/site-packages/micro_ros_msgs-5.0.2-py3.12.egg-info/top_level.txt
[3.710s] -- Installing: /home/robomango/workspace/microros_ws/install/micro_ros_msgs/lib/python3.12/site-packages/micro_ros_msgs-5.0.2-py3.12.egg-info/dependency_links.txt
[3.710s] -- Up-to-date: /home/robomango/workspace/microros_ws/install/micro_ros_msgs/lib/python3.12/site-packages/micro_ros_msgs
[3.710s] -- Up-to-date: /home/robomango/workspace/microros_ws/install/micro_ros_msgs/lib/python3.12/site-packages/micro_ros_msgs/_micro_ros_msgs_s.ep.rosidl_typesupport_introspection_c.c
[3.710s] -- Up-to-date: /home/robomango/workspace/microros_ws/install/micro_ros_msgs/lib/python3.12/site-packages/micro_ros_msgs/_micro_ros_msgs_s.ep.rosidl_typesupport_c.c
[3.710s] -- Up-to-date: /home/robomango/workspace/microros_ws/install/micro_ros_msgs/lib/python3.12/site-packages/micro_ros_msgs/micro_ros_msgs_s__rosidl_typesupport_introspection_c.so
[3.710s] -- Up-to-date: /home/robomango/workspace/microros_ws/install/micro_ros_msgs/lib/python3.12/site-packages/micro_ros_msgs/msg
[3.711s] -- Up-to-date: /home/robomango/workspace/microros_ws/install/micro_ros_msgs/lib/python3.12/site-packages/micro_ros_msgs/msg/_graph_s.c
[3.711s] -- Up-to-date: /home/robomango/workspace/microros_ws/install/micro_ros_msgs/lib/python3.12/site-packages/micro_ros_msgs/msg/_entity.py
[3.712s] -- Up-to-date: /home/robomango/workspace/microros_ws/install/micro_ros_msgs/lib/python3.12/site-packages/micro_ros_msgs/msg/_node_s.c
[3.713s] -- Up-to-date: /home/robomango/workspace/microros_ws/install/micro_ros_msgs/lib/python3.12/site-packages/micro_ros_msgs/msg/_entity_s.c
[3.713s] -- Up-to-date: /home/robomango/workspace/microros_ws/install/micro_ros_msgs/lib/python3.12/site-packages/micro_ros_msgs/msg/__init__.py
[3.713s] -- Up-to-date: /home/robomango/workspace/microros_ws/install/micro_ros_msgs/lib/python3.12/site-packages/micro_ros_msgs/msg/_node.py
[3.713s] -- Up-to-date: /home/robomango/workspace/microros_ws/install/micro_ros_msgs/lib/python3.12/site-packages/micro_ros_msgs/msg/_graph.py
[3.713s] -- Installing: /home/robomango/workspace/microros_ws/install/micro_ros_msgs/lib/python3.12/site-packages/micro_ros_msgs/__init__.py
[3.713s] -- Up-to-date: /home/robomango/workspace/microros_ws/install/micro_ros_msgs/lib/python3.12/site-packages/micro_ros_msgs/micro_ros_msgs_s__rosidl_typesupport_fastrtps_c.so
[3.713s] -- Up-to-date: /home/robomango/workspace/microros_ws/install/micro_ros_msgs/lib/python3.12/site-packages/micro_ros_msgs/micro_ros_msgs_s__rosidl_typesupport_c.so
[3.713s] -- Up-to-date: /home/robomango/workspace/microros_ws/install/micro_ros_msgs/lib/python3.12/site-packages/micro_ros_msgs/_micro_ros_msgs_s.ep.rosidl_typesupport_fastrtps_c.c
[3.820s] Listing '/home/robomango/workspace/microros_ws/install/micro_ros_msgs/lib/python3.12/site-packages/micro_ros_msgs'...
[3.820s] Compiling '/home/robomango/workspace/microros_ws/install/micro_ros_msgs/lib/python3.12/site-packages/micro_ros_msgs/__init__.py'...
[3.820s] Listing '/home/robomango/workspace/microros_ws/install/micro_ros_msgs/lib/python3.12/site-packages/micro_ros_msgs/msg'...
[3.853s] -- Up-to-date: /home/robomango/workspace/microros_ws/install/micro_ros_msgs/lib/python3.12/site-packages/micro_ros_msgs/micro_ros_msgs_s__rosidl_typesupport_fastrtps_c.so
[3.854s] -- Up-to-date: /home/robomango/workspace/microros_ws/install/micro_ros_msgs/lib/python3.12/site-packages/micro_ros_msgs/micro_ros_msgs_s__rosidl_typesupport_introspection_c.so
[3.855s] -- Up-to-date: /home/robomango/workspace/microros_ws/install/micro_ros_msgs/lib/python3.12/site-packages/micro_ros_msgs/micro_ros_msgs_s__rosidl_typesupport_c.so
[3.856s] -- Up-to-date: /home/robomango/workspace/microros_ws/install/micro_ros_msgs/lib/libmicro_ros_msgs__rosidl_generator_py.so
[3.856s] -- Up-to-date: /home/robomango/workspace/microros_ws/install/micro_ros_msgs/share/micro_ros_msgs/msg/Graph.idl
[3.857s] -- Up-to-date: /home/robomango/workspace/microros_ws/install/micro_ros_msgs/share/micro_ros_msgs/msg/Node.idl
[3.857s] -- Up-to-date: /home/robomango/workspace/microros_ws/install/micro_ros_msgs/share/micro_ros_msgs/msg/Entity.idl
[3.857s] -- Up-to-date: /home/robomango/workspace/microros_ws/install/micro_ros_msgs/share/micro_ros_msgs/msg/Graph.msg
[3.857s] -- Up-to-date: /home/robomango/workspace/microros_ws/install/micro_ros_msgs/share/micro_ros_msgs/msg/Node.msg
[3.863s] -- Up-to-date: /home/robomango/workspace/microros_ws/install/micro_ros_msgs/share/micro_ros_msgs/msg/Entity.msg
[3.864s] -- Up-to-date: /home/robomango/workspace/microros_ws/install/micro_ros_msgs/share/ament_index/resource_index/package_run_dependencies/micro_ros_msgs
[3.865s] -- Up-to-date: /home/robomango/workspace/microros_ws/install/micro_ros_msgs/share/ament_index/resource_index/parent_prefix_path/micro_ros_msgs
[3.867s] -- Up-to-date: /home/robomango/workspace/microros_ws/install/micro_ros_msgs/share/micro_ros_msgs/environment/ament_prefix_path.sh
[3.867s] -- Up-to-date: /home/robomango/workspace/microros_ws/install/micro_ros_msgs/share/micro_ros_msgs/environment/ament_prefix_path.dsv
[3.867s] -- Up-to-date: /home/robomango/workspace/microros_ws/install/micro_ros_msgs/share/micro_ros_msgs/environment/path.sh
[3.868s] -- Up-to-date: /home/robomango/workspace/microros_ws/install/micro_ros_msgs/share/micro_ros_msgs/environment/path.dsv
[3.870s] -- Up-to-date: /home/robomango/workspace/microros_ws/install/micro_ros_msgs/share/micro_ros_msgs/local_setup.bash
[3.870s] -- Up-to-date: /home/robomango/workspace/microros_ws/install/micro_ros_msgs/share/micro_ros_msgs/local_setup.sh
[3.870s] -- Up-to-date: /home/robomango/workspace/microros_ws/install/micro_ros_msgs/share/micro_ros_msgs/local_setup.zsh
[3.871s] -- Up-to-date: /home/robomango/workspace/microros_ws/install/micro_ros_msgs/share/micro_ros_msgs/local_setup.dsv
[3.871s] -- Installing: /home/robomango/workspace/microros_ws/install/micro_ros_msgs/share/micro_ros_msgs/package.dsv
[3.871s] -- Up-to-date: /home/robomango/workspace/microros_ws/install/micro_ros_msgs/share/ament_index/resource_index/packages/micro_ros_msgs
[3.872s] -- Up-to-date: /home/robomango/workspace/microros_ws/install/micro_ros_msgs/share/micro_ros_msgs/cmake/export_micro_ros_msgs__rosidl_generator_cExport.cmake
[3.872s] -- Up-to-date: /home/robomango/workspace/microros_ws/install/micro_ros_msgs/share/micro_ros_msgs/cmake/export_micro_ros_msgs__rosidl_generator_cExport-noconfig.cmake
[3.872s] -- Up-to-date: /home/robomango/workspace/microros_ws/install/micro_ros_msgs/share/micro_ros_msgs/cmake/export_micro_ros_msgs__rosidl_typesupport_fastrtps_cExport.cmake
[3.872s] -- Up-to-date: /home/robomango/workspace/microros_ws/install/micro_ros_msgs/share/micro_ros_msgs/cmake/export_micro_ros_msgs__rosidl_typesupport_fastrtps_cExport-noconfig.cmake
[3.873s] -- Up-to-date: /home/robomango/workspace/microros_ws/install/micro_ros_msgs/share/micro_ros_msgs/cmake/micro_ros_msgs__rosidl_typesupport_introspection_cExport.cmake
[3.873s] -- Up-to-date: /home/robomango/workspace/microros_ws/install/micro_ros_msgs/share/micro_ros_msgs/cmake/micro_ros_msgs__rosidl_typesupport_introspection_cExport-noconfig.cmake
[3.873s] -- Up-to-date: /home/robomango/workspace/microros_ws/install/micro_ros_msgs/share/micro_ros_msgs/cmake/micro_ros_msgs__rosidl_typesupport_cExport.cmake
[3.873s] -- Up-to-date: /home/robomango/workspace/microros_ws/install/micro_ros_msgs/share/micro_ros_msgs/cmake/micro_ros_msgs__rosidl_typesupport_cExport-noconfig.cmake
[3.873s] -- Up-to-date: /home/robomango/workspace/microros_ws/install/micro_ros_msgs/share/micro_ros_msgs/cmake/export_micro_ros_msgs__rosidl_generator_cppExport.cmake
[3.875s] -- Up-to-date: /home/robomango/workspace/microros_ws/install/micro_ros_msgs/share/micro_ros_msgs/cmake/export_micro_ros_msgs__rosidl_typesupport_fastrtps_cppExport.cmake
[3.876s] -- Up-to-date: /home/robomango/workspace/microros_ws/install/micro_ros_msgs/share/micro_ros_msgs/cmake/export_micro_ros_msgs__rosidl_typesupport_fastrtps_cppExport-noconfig.cmake
[3.876s] -- Up-to-date: /home/robomango/workspace/microros_ws/install/micro_ros_msgs/share/micro_ros_msgs/cmake/micro_ros_msgs__rosidl_typesupport_introspection_cppExport.cmake
[3.876s] -- Up-to-date: /home/robomango/workspace/microros_ws/install/micro_ros_msgs/share/micro_ros_msgs/cmake/micro_ros_msgs__rosidl_typesupport_introspection_cppExport-noconfig.cmake
[3.876s] -- Up-to-date: /home/robomango/workspace/microros_ws/install/micro_ros_msgs/share/micro_ros_msgs/cmake/micro_ros_msgs__rosidl_typesupport_cppExport.cmake
[3.877s] -- Up-to-date: /home/robomango/workspace/microros_ws/install/micro_ros_msgs/share/micro_ros_msgs/cmake/micro_ros_msgs__rosidl_typesupport_cppExport-noconfig.cmake
[3.877s] -- Up-to-date: /home/robomango/workspace/microros_ws/install/micro_ros_msgs/share/micro_ros_msgs/cmake/export_micro_ros_msgs__rosidl_generator_pyExport.cmake
[3.877s] -- Up-to-date: /home/robomango/workspace/microros_ws/install/micro_ros_msgs/share/micro_ros_msgs/cmake/export_micro_ros_msgs__rosidl_generator_pyExport-noconfig.cmake
[3.877s] -- Up-to-date: /home/robomango/workspace/microros_ws/install/micro_ros_msgs/share/micro_ros_msgs/cmake/rosidl_cmake-extras.cmake
[3.878s] -- Up-to-date: /home/robomango/workspace/microros_ws/install/micro_ros_msgs/share/micro_ros_msgs/cmake/ament_cmake_export_include_directories-extras.cmake
[3.880s] -- Up-to-date: /home/robomango/workspace/microros_ws/install/micro_ros_msgs/share/micro_ros_msgs/cmake/ament_cmake_export_libraries-extras.cmake
[3.880s] -- Up-to-date: /home/robomango/workspace/microros_ws/install/micro_ros_msgs/share/micro_ros_msgs/cmake/ament_cmake_export_targets-extras.cmake
[3.880s] -- Up-to-date: /home/robomango/workspace/microros_ws/install/micro_ros_msgs/share/micro_ros_msgs/cmake/rosidl_cmake_export_typesupport_targets-extras.cmake
[3.880s] -- Up-to-date: /home/robomango/workspace/microros_ws/install/micro_ros_msgs/share/micro_ros_msgs/cmake/ament_cmake_export_dependencies-extras.cmake
[3.881s] -- Up-to-date: /home/robomango/workspace/microros_ws/install/micro_ros_msgs/share/micro_ros_msgs/cmake/rosidl_cmake_export_typesupport_libraries-extras.cmake
[3.881s] -- Up-to-date: /home/robomango/workspace/microros_ws/install/micro_ros_msgs/share/micro_ros_msgs/cmake/micro_ros_msgsConfig.cmake
[3.881s] -- Up-to-date: /home/robomango/workspace/microros_ws/install/micro_ros_msgs/share/micro_ros_msgs/cmake/micro_ros_msgsConfig-version.cmake
[3.881s] -- Up-to-date: /home/robomango/workspace/microros_ws/install/micro_ros_msgs/share/micro_ros_msgs/package.xml
[3.888s] Invoked command in '/home/robomango/workspace/microros_ws/build/micro_ros_msgs' returned '0': CMAKE_PREFIX_PATH=${CMAKE_PREFIX_PATH}:/opt/ros/jazzy DEBUGINFOD_URLS=https://debuginfod.ubuntu.com /usr/bin/cmake --install /home/robomango/workspace/microros_ws/build/micro_ros_msgs
