[0.020s] Invoking command in '/home/robomango/workspace/microros_ws/build/micro_ros_msgs': CMAKE_PREFIX_PATH=${CMAKE_PREFIX_PATH}:/opt/ros/jazzy DEBUGINFOD_URLS=https://debuginfod.ubuntu.com /usr/bin/cmake /home/robomango/workspace/microros_ws/src/uros/micro_ros_msgs -DUAGENT_BUILD_EXECUTABLE=OFF -DUAGENT_P2P_PROFILE=OFF --no-warn-unused-cli -DCMAKE_INSTALL_PREFIX=/home/robomango/workspace/microros_ws/install/micro_ros_msgs
[0.035s] Not searching for unused variables given on the command line.
[0.118s] -- The C compiler identification is GNU 13.3.0
[0.213s] -- The CXX compiler identification is GNU 13.3.0
[0.238s] -- Detecting C compiler ABI info
[0.375s] -- Detecting C compiler ABI info - done
[0.388s] -- Check for working C compiler: /usr/bin/cc - skipped
[0.388s] -- Detecting C compile features
[0.389s] -- Detecting C compile features - done
[0.402s] -- Detecting CXX compiler ABI info
[0.556s] -- Detecting CXX compiler ABI info - done
[0.569s] -- Check for working CXX compiler: /usr/bin/c++ - skipped
[0.569s] -- Detecting CXX compile features
[0.570s] -- Detecting CXX compile features - done
[0.574s] -- Found ament_cmake: 2.5.3 (/opt/ros/jazzy/share/ament_cmake/cmake)
[0.809s] -- Found Python3: /usr/bin/python3 (found version "3.12.3") found components: Interpreter 
[0.982s] -- Found rosidl_default_generators: 1.6.0 (/opt/ros/jazzy/share/rosidl_default_generators/cmake)
[0.995s] -- Using all available rosidl_typesupport_c: rosidl_typesupport_fastrtps_c;rosidl_typesupport_introspection_c
[1.105s] -- Using all available rosidl_typesupport_cpp: rosidl_typesupport_fastrtps_cpp;rosidl_typesupport_introspection_cpp
[1.195s] -- Found rosidl_adapter: 4.6.5 (/opt/ros/jazzy/share/rosidl_adapter/cmake)
[1.206s] -- Found ament_lint_auto: 0.17.2 (/opt/ros/jazzy/share/ament_lint_auto/cmake)
[2.144s] -- Found ament_cmake_ros: 0.12.0 (/opt/ros/jazzy/share/ament_cmake_ros/cmake)
[2.837s] -- Using all available rosidl_typesupport_c: rosidl_typesupport_fastrtps_c;rosidl_typesupport_introspection_c
[3.677s] -- Using all available rosidl_typesupport_cpp: rosidl_typesupport_fastrtps_cpp;rosidl_typesupport_introspection_cpp
[3.686s] -- Found python_cmake_module: 0.11.1 (/opt/ros/jazzy/share/python_cmake_module/cmake)
[3.885s] -- Found PythonExtra: /usr/bin/python3  
[4.607s] -- Found Python3: /usr/bin/python3 (found version "3.12.3") found components: Interpreter Development NumPy Development.Module Development.Embed 
[4.657s] -- Added test 'copyright' to check source files copyright and LICENSE
[4.672s] -- Added test 'lint_cmake' to check CMake code style
[4.680s] -- Added test 'xmllint' to check XML markup files
[4.691s] -- Configuring done (4.7s)
[4.745s] -- Generating done (0.0s)
[4.761s] -- Build files have been written to: /home/robomango/workspace/microros_ws/build/micro_ros_msgs
[4.772s] Invoked command in '/home/robomango/workspace/microros_ws/build/micro_ros_msgs' returned '0': CMAKE_PREFIX_PATH=${CMAKE_PREFIX_PATH}:/opt/ros/jazzy DEBUGINFOD_URLS=https://debuginfod.ubuntu.com /usr/bin/cmake /home/robomango/workspace/microros_ws/src/uros/micro_ros_msgs -DUAGENT_BUILD_EXECUTABLE=OFF -DUAGENT_P2P_PROFILE=OFF --no-warn-unused-cli -DCMAKE_INSTALL_PREFIX=/home/robomango/workspace/microros_ws/install/micro_ros_msgs
[4.774s] Invoking command in '/home/robomango/workspace/microros_ws/build/micro_ros_msgs': CMAKE_PREFIX_PATH=${CMAKE_PREFIX_PATH}:/opt/ros/jazzy DEBUGINFOD_URLS=https://debuginfod.ubuntu.com /usr/bin/cmake --build /home/robomango/workspace/microros_ws/build/micro_ros_msgs -- -j2 -l2
[4.852s] [  1%] [34m[1mGenerating type hashes for ROS interfaces[0m
[4.865s] [  1%] Built target ament_cmake_python_copy_micro_ros_msgs
[5.365s] [  1%] Built target micro_ros_msgs__rosidl_generator_type_description
[5.396s] running egg_info
[5.408s] creating micro_ros_msgs.egg-info
[5.410s] [  3%] [34m[1mGenerating C++ code for ROS interfaces[0m
[5.496s] writing micro_ros_msgs.egg-info/PKG-INFO
[5.497s] writing dependency_links to micro_ros_msgs.egg-info/dependency_links.txt
[5.497s] writing top-level names to micro_ros_msgs.egg-info/top_level.txt
[5.497s] writing manifest file 'micro_ros_msgs.egg-info/SOURCES.txt'
[5.662s] reading manifest file 'micro_ros_msgs.egg-info/SOURCES.txt'
[5.664s] writing manifest file 'micro_ros_msgs.egg-info/SOURCES.txt'
[5.728s] [  3%] Built target ament_cmake_python_build_micro_ros_msgs_egg
[5.767s] [  5%] [34m[1mGenerating C code for ROS interfaces[0m
[6.174s] [  5%] Built target micro_ros_msgs__cpp
[6.501s] [  7%] [32mBuilding C object CMakeFiles/micro_ros_msgs__rosidl_generator_c.dir/rosidl_generator_c/micro_ros_msgs/msg/detail/graph__functions.c.o[0m
[6.513s] [  9%] [32mBuilding C object CMakeFiles/micro_ros_msgs__rosidl_generator_c.dir/rosidl_generator_c/micro_ros_msgs/msg/detail/graph__description.c.o[0m
[6.597s] [ 11%] [32mBuilding C object CMakeFiles/micro_ros_msgs__rosidl_generator_c.dir/rosidl_generator_c/micro_ros_msgs/msg/detail/graph__type_support.c.o[0m
[6.647s] [ 12%] [32mBuilding C object CMakeFiles/micro_ros_msgs__rosidl_generator_c.dir/rosidl_generator_c/micro_ros_msgs/msg/detail/node__functions.c.o[0m
[6.653s] [ 14%] [32mBuilding C object CMakeFiles/micro_ros_msgs__rosidl_generator_c.dir/rosidl_generator_c/micro_ros_msgs/msg/detail/node__description.c.o[0m
[6.720s] [ 16%] [32mBuilding C object CMakeFiles/micro_ros_msgs__rosidl_generator_c.dir/rosidl_generator_c/micro_ros_msgs/msg/detail/node__type_support.c.o[0m
[6.741s] [ 18%] [32mBuilding C object CMakeFiles/micro_ros_msgs__rosidl_generator_c.dir/rosidl_generator_c/micro_ros_msgs/msg/detail/entity__description.c.o[0m
[6.770s] [ 20%] [32mBuilding C object CMakeFiles/micro_ros_msgs__rosidl_generator_c.dir/rosidl_generator_c/micro_ros_msgs/msg/detail/entity__functions.c.o[0m
[6.819s] [ 22%] [32mBuilding C object CMakeFiles/micro_ros_msgs__rosidl_generator_c.dir/rosidl_generator_c/micro_ros_msgs/msg/detail/entity__type_support.c.o[0m
[6.862s] [ 24%] [32m[1mLinking C shared library libmicro_ros_msgs__rosidl_generator_c.so[0m
[6.924s] [ 24%] Built target micro_ros_msgs__rosidl_generator_c
[6.941s] [ 25%] [34m[1mGenerating C++ type support dispatch for ROS interfaces[0m
[6.946s] [ 27%] [34m[1mGenerating C type support for eProsima Fast-RTPS[0m
[7.411s] [ 29%] [32mBuilding CXX object CMakeFiles/micro_ros_msgs__rosidl_typesupport_cpp.dir/rosidl_typesupport_cpp/micro_ros_msgs/msg/graph__type_support.cpp.o[0m
[7.536s] [ 31%] [32mBuilding CXX object CMakeFiles/micro_ros_msgs__rosidl_typesupport_fastrtps_c.dir/rosidl_typesupport_fastrtps_c/micro_ros_msgs/msg/detail/graph__type_support_c.cpp.o[0m
[8.001s] [ 33%] [32mBuilding CXX object CMakeFiles/micro_ros_msgs__rosidl_typesupport_cpp.dir/rosidl_typesupport_cpp/micro_ros_msgs/msg/node__type_support.cpp.o[0m
[8.321s] [ 35%] [32mBuilding CXX object CMakeFiles/micro_ros_msgs__rosidl_typesupport_fastrtps_c.dir/rosidl_typesupport_fastrtps_c/micro_ros_msgs/msg/detail/node__type_support_c.cpp.o[0m
[8.491s] [ 37%] [32mBuilding CXX object CMakeFiles/micro_ros_msgs__rosidl_typesupport_cpp.dir/rosidl_typesupport_cpp/micro_ros_msgs/msg/entity__type_support.cpp.o[0m
[9.056s] [ 38%] [32m[1mLinking CXX shared library libmicro_ros_msgs__rosidl_typesupport_cpp.so[0m
[9.072s] [ 40%] [32mBuilding CXX object CMakeFiles/micro_ros_msgs__rosidl_typesupport_fastrtps_c.dir/rosidl_typesupport_fastrtps_c/micro_ros_msgs/msg/detail/entity__type_support_c.cpp.o[0m
[9.147s] [ 40%] Built target micro_ros_msgs__rosidl_typesupport_cpp
[9.167s] [ 42%] [34m[1mGenerating C introspection for ROS interfaces[0m
[9.678s] [ 44%] [32mBuilding C object CMakeFiles/micro_ros_msgs__rosidl_typesupport_introspection_c.dir/rosidl_typesupport_introspection_c/micro_ros_msgs/msg/detail/graph__type_support.c.o[0m
[9.755s] [ 46%] [32mBuilding C object CMakeFiles/micro_ros_msgs__rosidl_typesupport_introspection_c.dir/rosidl_typesupport_introspection_c/micro_ros_msgs/msg/detail/node__type_support.c.o[0m
[9.810s] [ 48%] [32mBuilding C object CMakeFiles/micro_ros_msgs__rosidl_typesupport_introspection_c.dir/rosidl_typesupport_introspection_c/micro_ros_msgs/msg/detail/entity__type_support.c.o[0m
[9.891s] [ 50%] [32m[1mLinking C shared library libmicro_ros_msgs__rosidl_typesupport_introspection_c.so[0m
[9.966s] [ 50%] Built target micro_ros_msgs__rosidl_typesupport_introspection_c
[9.987s] [ 51%] [34m[1mGenerating C type support dispatch for ROS interfaces[0m
[10.035s] [ 53%] [32m[1mLinking CXX shared library libmicro_ros_msgs__rosidl_typesupport_fastrtps_c.so[0m
[10.209s] [ 53%] Built target micro_ros_msgs__rosidl_typesupport_fastrtps_c
[10.225s] [ 55%] [34m[1mGenerating C++ type support for eProsima Fast-RTPS[0m
[10.544s] [ 57%] [32mBuilding CXX object CMakeFiles/micro_ros_msgs__rosidl_typesupport_c.dir/rosidl_typesupport_c/micro_ros_msgs/msg/graph__type_support.cpp.o[0m
[10.625s] [ 59%] [32mBuilding CXX object CMakeFiles/micro_ros_msgs__rosidl_typesupport_c.dir/rosidl_typesupport_c/micro_ros_msgs/msg/node__type_support.cpp.o[0m
[10.711s] [ 61%] [32mBuilding CXX object CMakeFiles/micro_ros_msgs__rosidl_typesupport_c.dir/rosidl_typesupport_c/micro_ros_msgs/msg/entity__type_support.cpp.o[0m
[10.775s] [ 62%] [32m[1mLinking CXX shared library libmicro_ros_msgs__rosidl_typesupport_c.so[0m
[10.843s] [ 62%] Built target micro_ros_msgs__rosidl_typesupport_c
[10.879s] [ 64%] [34m[1mGenerating C++ introspection for ROS interfaces[0m
[10.922s] [ 66%] [32mBuilding CXX object CMakeFiles/micro_ros_msgs__rosidl_typesupport_fastrtps_cpp.dir/rosidl_typesupport_fastrtps_cpp/micro_ros_msgs/msg/detail/dds_fastrtps/graph__type_support.cpp.o[0m
[11.445s] [ 68%] [32mBuilding CXX object CMakeFiles/micro_ros_msgs__rosidl_typesupport_introspection_cpp.dir/rosidl_typesupport_introspection_cpp/micro_ros_msgs/msg/detail/graph__type_support.cpp.o[0m
[11.845s] [ 70%] [32mBuilding CXX object CMakeFiles/micro_ros_msgs__rosidl_typesupport_fastrtps_cpp.dir/rosidl_typesupport_fastrtps_cpp/micro_ros_msgs/msg/detail/dds_fastrtps/node__type_support.cpp.o[0m
[12.214s] [ 72%] [32mBuilding CXX object CMakeFiles/micro_ros_msgs__rosidl_typesupport_introspection_cpp.dir/rosidl_typesupport_introspection_cpp/micro_ros_msgs/msg/detail/node__type_support.cpp.o[0m
[12.647s] [ 74%] [32mBuilding CXX object CMakeFiles/micro_ros_msgs__rosidl_typesupport_fastrtps_cpp.dir/rosidl_typesupport_fastrtps_cpp/micro_ros_msgs/msg/detail/dds_fastrtps/entity__type_support.cpp.o[0m
[12.966s] [ 75%] [32mBuilding CXX object CMakeFiles/micro_ros_msgs__rosidl_typesupport_introspection_cpp.dir/rosidl_typesupport_introspection_cpp/micro_ros_msgs/msg/detail/entity__type_support.cpp.o[0m
[13.538s] [ 77%] [32m[1mLinking CXX shared library libmicro_ros_msgs__rosidl_typesupport_introspection_cpp.so[0m
[13.553s] [ 79%] [32m[1mLinking CXX shared library libmicro_ros_msgs__rosidl_typesupport_fastrtps_cpp.so[0m
[13.718s] [ 79%] Built target micro_ros_msgs__rosidl_typesupport_introspection_cpp
[13.718s] [ 79%] Built target micro_ros_msgs__rosidl_typesupport_fastrtps_cpp
[13.747s] [ 79%] Built target micro_ros_msgs
[13.779s] [ 81%] [34m[1mGenerating Python code for ROS interfaces[0m
[14.461s] [ 81%] Built target micro_ros_msgs__py
[14.498s] [ 83%] [32mBuilding C object CMakeFiles/micro_ros_msgs__rosidl_generator_py.dir/rosidl_generator_py/micro_ros_msgs/msg/_graph_s.c.o[0m
[14.502s] [ 85%] [32mBuilding C object CMakeFiles/micro_ros_msgs__rosidl_generator_py.dir/rosidl_generator_py/micro_ros_msgs/msg/_node_s.c.o[0m
[14.752s] [ 87%] [32mBuilding C object CMakeFiles/micro_ros_msgs__rosidl_generator_py.dir/rosidl_generator_py/micro_ros_msgs/msg/_entity_s.c.o[0m
[14.934s] [ 88%] [32m[1mLinking C shared library libmicro_ros_msgs__rosidl_generator_py.so[0m
[15.002s] [ 88%] Built target micro_ros_msgs__rosidl_generator_py
[15.035s] [ 90%] [32mBuilding C object CMakeFiles/micro_ros_msgs_s__rosidl_typesupport_fastrtps_c.dir/rosidl_generator_py/micro_ros_msgs/_micro_ros_msgs_s.ep.rosidl_typesupport_fastrtps_c.c.o[0m
[15.035s] [ 92%] [32mBuilding C object CMakeFiles/micro_ros_msgs_s__rosidl_typesupport_introspection_c.dir/rosidl_generator_py/micro_ros_msgs/_micro_ros_msgs_s.ep.rosidl_typesupport_introspection_c.c.o[0m
[15.215s] [ 94%] [32m[1mLinking C shared module rosidl_generator_py/micro_ros_msgs/micro_ros_msgs_s__rosidl_typesupport_introspection_c.so[0m
[15.270s] [ 94%] Built target micro_ros_msgs_s__rosidl_typesupport_introspection_c
[15.291s] [ 96%] [32m[1mLinking C shared module rosidl_generator_py/micro_ros_msgs/micro_ros_msgs_s__rosidl_typesupport_fastrtps_c.so[0m
[15.305s] [ 98%] [32mBuilding C object CMakeFiles/micro_ros_msgs_s__rosidl_typesupport_c.dir/rosidl_generator_py/micro_ros_msgs/_micro_ros_msgs_s.ep.rosidl_typesupport_c.c.o[0m
[15.360s] [ 98%] Built target micro_ros_msgs_s__rosidl_typesupport_fastrtps_c
[15.474s] [100%] [32m[1mLinking C shared module rosidl_generator_py/micro_ros_msgs/micro_ros_msgs_s__rosidl_typesupport_c.so[0m
[15.524s] [100%] Built target micro_ros_msgs_s__rosidl_typesupport_c
[15.541s] Invoked command in '/home/robomango/workspace/microros_ws/build/micro_ros_msgs' returned '0': CMAKE_PREFIX_PATH=${CMAKE_PREFIX_PATH}:/opt/ros/jazzy DEBUGINFOD_URLS=https://debuginfod.ubuntu.com /usr/bin/cmake --build /home/robomango/workspace/microros_ws/build/micro_ros_msgs -- -j2 -l2
[15.555s] Invoking command in '/home/robomango/workspace/microros_ws/build/micro_ros_msgs': CMAKE_PREFIX_PATH=${CMAKE_PREFIX_PATH}:/opt/ros/jazzy DEBUGINFOD_URLS=https://debuginfod.ubuntu.com /usr/bin/cmake --install /home/robomango/workspace/microros_ws/build/micro_ros_msgs
[15.569s] -- Install configuration: ""
[15.569s] -- Installing: /home/robomango/workspace/microros_ws/install/micro_ros_msgs/share/ament_index/resource_index/rosidl_interfaces/micro_ros_msgs
[15.570s] -- Installing: /home/robomango/workspace/microros_ws/install/micro_ros_msgs/share/micro_ros_msgs/msg/Graph.json
[15.570s] -- Installing: /home/robomango/workspace/microros_ws/install/micro_ros_msgs/share/micro_ros_msgs/msg/Node.json
[15.570s] -- Installing: /home/robomango/workspace/microros_ws/install/micro_ros_msgs/share/micro_ros_msgs/msg/Entity.json
[15.571s] -- Installing: /home/robomango/workspace/microros_ws/install/micro_ros_msgs/include/micro_ros_msgs/micro_ros_msgs
[15.572s] -- Installing: /home/robomango/workspace/microros_ws/install/micro_ros_msgs/include/micro_ros_msgs/micro_ros_msgs/msg
[15.572s] -- Installing: /home/robomango/workspace/microros_ws/install/micro_ros_msgs/include/micro_ros_msgs/micro_ros_msgs/msg/graph.h
[15.573s] -- Installing: /home/robomango/workspace/microros_ws/install/micro_ros_msgs/include/micro_ros_msgs/micro_ros_msgs/msg/entity.h
[15.573s] -- Installing: /home/robomango/workspace/microros_ws/install/micro_ros_msgs/include/micro_ros_msgs/micro_ros_msgs/msg/detail
[15.574s] -- Installing: /home/robomango/workspace/microros_ws/install/micro_ros_msgs/include/micro_ros_msgs/micro_ros_msgs/msg/detail/node__struct.h
[15.575s] -- Installing: /home/robomango/workspace/microros_ws/install/micro_ros_msgs/include/micro_ros_msgs/micro_ros_msgs/msg/detail/node__description.c
[15.575s] -- Installing: /home/robomango/workspace/microros_ws/install/micro_ros_msgs/include/micro_ros_msgs/micro_ros_msgs/msg/detail/graph__type_support.c
[15.576s] -- Installing: /home/robomango/workspace/microros_ws/install/micro_ros_msgs/include/micro_ros_msgs/micro_ros_msgs/msg/detail/graph__functions.c
[15.576s] -- Installing: /home/robomango/workspace/microros_ws/install/micro_ros_msgs/include/micro_ros_msgs/micro_ros_msgs/msg/detail/graph__description.c
[15.577s] -- Installing: /home/robomango/workspace/microros_ws/install/micro_ros_msgs/include/micro_ros_msgs/micro_ros_msgs/msg/detail/entity__functions.c
[15.577s] -- Installing: /home/robomango/workspace/microros_ws/install/micro_ros_msgs/include/micro_ros_msgs/micro_ros_msgs/msg/detail/entity__description.c
[15.577s] -- Installing: /home/robomango/workspace/microros_ws/install/micro_ros_msgs/include/micro_ros_msgs/micro_ros_msgs/msg/detail/entity__struct.h
[15.578s] -- Installing: /home/robomango/workspace/microros_ws/install/micro_ros_msgs/include/micro_ros_msgs/micro_ros_msgs/msg/detail/node__type_support.h
[15.578s] -- Installing: /home/robomango/workspace/microros_ws/install/micro_ros_msgs/include/micro_ros_msgs/micro_ros_msgs/msg/detail/entity__type_support.h
[15.578s] -- Installing: /home/robomango/workspace/microros_ws/install/micro_ros_msgs/include/micro_ros_msgs/micro_ros_msgs/msg/detail/graph__struct.h
[15.578s] -- Installing: /home/robomango/workspace/microros_ws/install/micro_ros_msgs/include/micro_ros_msgs/micro_ros_msgs/msg/detail/entity__functions.h
[15.579s] -- Installing: /home/robomango/workspace/microros_ws/install/micro_ros_msgs/include/micro_ros_msgs/micro_ros_msgs/msg/detail/entity__type_support.c
[15.579s] -- Installing: /home/robomango/workspace/microros_ws/install/micro_ros_msgs/include/micro_ros_msgs/micro_ros_msgs/msg/detail/node__functions.h
[15.579s] -- Installing: /home/robomango/workspace/microros_ws/install/micro_ros_msgs/include/micro_ros_msgs/micro_ros_msgs/msg/detail/graph__type_support.h
[15.579s] -- Installing: /home/robomango/workspace/microros_ws/install/micro_ros_msgs/include/micro_ros_msgs/micro_ros_msgs/msg/detail/graph__functions.h
[15.579s] -- Installing: /home/robomango/workspace/microros_ws/install/micro_ros_msgs/include/micro_ros_msgs/micro_ros_msgs/msg/detail/node__functions.c
[15.579s] -- Installing: /home/robomango/workspace/microros_ws/install/micro_ros_msgs/include/micro_ros_msgs/micro_ros_msgs/msg/detail/node__type_support.c
[15.579s] -- Installing: /home/robomango/workspace/microros_ws/install/micro_ros_msgs/include/micro_ros_msgs/micro_ros_msgs/msg/rosidl_generator_c__visibility_control.h
[15.580s] -- Installing: /home/robomango/workspace/microros_ws/install/micro_ros_msgs/include/micro_ros_msgs/micro_ros_msgs/msg/node.h
[15.580s] -- Installing: /home/robomango/workspace/microros_ws/install/micro_ros_msgs/share/micro_ros_msgs/environment/library_path.sh
[15.580s] -- Installing: /home/robomango/workspace/microros_ws/install/micro_ros_msgs/share/micro_ros_msgs/environment/library_path.dsv
[15.580s] -- Installing: /home/robomango/workspace/microros_ws/install/micro_ros_msgs/lib/libmicro_ros_msgs__rosidl_generator_c.so
[15.580s] -- Set non-toolchain portion of runtime path of "/home/robomango/workspace/microros_ws/install/micro_ros_msgs/lib/libmicro_ros_msgs__rosidl_generator_c.so" to ""
[15.580s] -- Up-to-date: /home/robomango/workspace/microros_ws/install/micro_ros_msgs/include/micro_ros_msgs/micro_ros_msgs
[15.580s] -- Up-to-date: /home/robomango/workspace/microros_ws/install/micro_ros_msgs/include/micro_ros_msgs/micro_ros_msgs/msg
[15.580s] -- Installing: /home/robomango/workspace/microros_ws/install/micro_ros_msgs/include/micro_ros_msgs/micro_ros_msgs/msg/rosidl_typesupport_fastrtps_c__visibility_control.h
[15.581s] -- Up-to-date: /home/robomango/workspace/microros_ws/install/micro_ros_msgs/include/micro_ros_msgs/micro_ros_msgs/msg/detail
[15.581s] -- Installing: /home/robomango/workspace/microros_ws/install/micro_ros_msgs/include/micro_ros_msgs/micro_ros_msgs/msg/detail/entity__rosidl_typesupport_fastrtps_c.h
[15.581s] -- Installing: /home/robomango/workspace/microros_ws/install/micro_ros_msgs/include/micro_ros_msgs/micro_ros_msgs/msg/detail/node__rosidl_typesupport_fastrtps_c.h
[15.581s] -- Installing: /home/robomango/workspace/microros_ws/install/micro_ros_msgs/include/micro_ros_msgs/micro_ros_msgs/msg/detail/graph__rosidl_typesupport_fastrtps_c.h
[15.581s] -- Installing: /home/robomango/workspace/microros_ws/install/micro_ros_msgs/lib/libmicro_ros_msgs__rosidl_typesupport_fastrtps_c.so
[15.581s] -- Set non-toolchain portion of runtime path of "/home/robomango/workspace/microros_ws/install/micro_ros_msgs/lib/libmicro_ros_msgs__rosidl_typesupport_fastrtps_c.so" to ""
[15.581s] -- Up-to-date: /home/robomango/workspace/microros_ws/install/micro_ros_msgs/include/micro_ros_msgs/micro_ros_msgs
[15.581s] -- Up-to-date: /home/robomango/workspace/microros_ws/install/micro_ros_msgs/include/micro_ros_msgs/micro_ros_msgs/msg
[15.582s] -- Up-to-date: /home/robomango/workspace/microros_ws/install/micro_ros_msgs/include/micro_ros_msgs/micro_ros_msgs/msg/detail
[15.582s] -- Installing: /home/robomango/workspace/microros_ws/install/micro_ros_msgs/include/micro_ros_msgs/micro_ros_msgs/msg/detail/node__rosidl_typesupport_introspection_c.h
[15.582s] -- Installing: /home/robomango/workspace/microros_ws/install/micro_ros_msgs/include/micro_ros_msgs/micro_ros_msgs/msg/detail/graph__type_support.c
[15.582s] -- Installing: /home/robomango/workspace/microros_ws/install/micro_ros_msgs/include/micro_ros_msgs/micro_ros_msgs/msg/detail/graph__rosidl_typesupport_introspection_c.h
[15.582s] -- Installing: /home/robomango/workspace/microros_ws/install/micro_ros_msgs/include/micro_ros_msgs/micro_ros_msgs/msg/detail/entity__rosidl_typesupport_introspection_c.h
[15.582s] -- Installing: /home/robomango/workspace/microros_ws/install/micro_ros_msgs/include/micro_ros_msgs/micro_ros_msgs/msg/detail/entity__type_support.c
[15.583s] -- Installing: /home/robomango/workspace/microros_ws/install/micro_ros_msgs/include/micro_ros_msgs/micro_ros_msgs/msg/detail/node__type_support.c
[15.583s] -- Installing: /home/robomango/workspace/microros_ws/install/micro_ros_msgs/include/micro_ros_msgs/micro_ros_msgs/msg/rosidl_typesupport_introspection_c__visibility_control.h
[15.583s] -- Installing: /home/robomango/workspace/microros_ws/install/micro_ros_msgs/lib/libmicro_ros_msgs__rosidl_typesupport_introspection_c.so
[15.583s] -- Set non-toolchain portion of runtime path of "/home/robomango/workspace/microros_ws/install/micro_ros_msgs/lib/libmicro_ros_msgs__rosidl_typesupport_introspection_c.so" to ""
[15.583s] -- Installing: /home/robomango/workspace/microros_ws/install/micro_ros_msgs/lib/libmicro_ros_msgs__rosidl_typesupport_c.so
[15.583s] -- Set non-toolchain portion of runtime path of "/home/robomango/workspace/microros_ws/install/micro_ros_msgs/lib/libmicro_ros_msgs__rosidl_typesupport_c.so" to ""
[15.583s] -- Up-to-date: /home/robomango/workspace/microros_ws/install/micro_ros_msgs/include/micro_ros_msgs/micro_ros_msgs
[15.583s] -- Up-to-date: /home/robomango/workspace/microros_ws/install/micro_ros_msgs/include/micro_ros_msgs/micro_ros_msgs/msg
[15.584s] -- Installing: /home/robomango/workspace/microros_ws/install/micro_ros_msgs/include/micro_ros_msgs/micro_ros_msgs/msg/graph.hpp
[15.584s] -- Up-to-date: /home/robomango/workspace/microros_ws/install/micro_ros_msgs/include/micro_ros_msgs/micro_ros_msgs/msg/detail
[15.584s] -- Installing: /home/robomango/workspace/microros_ws/install/micro_ros_msgs/include/micro_ros_msgs/micro_ros_msgs/msg/detail/node__traits.hpp
[15.584s] -- Installing: /home/robomango/workspace/microros_ws/install/micro_ros_msgs/include/micro_ros_msgs/micro_ros_msgs/msg/detail/entity__traits.hpp
[15.584s] -- Installing: /home/robomango/workspace/microros_ws/install/micro_ros_msgs/include/micro_ros_msgs/micro_ros_msgs/msg/detail/graph__type_support.hpp
[15.584s] -- Installing: /home/robomango/workspace/microros_ws/install/micro_ros_msgs/include/micro_ros_msgs/micro_ros_msgs/msg/detail/entity__type_support.hpp
[15.584s] -- Installing: /home/robomango/workspace/microros_ws/install/micro_ros_msgs/include/micro_ros_msgs/micro_ros_msgs/msg/detail/graph__traits.hpp
[15.584s] -- Installing: /home/robomango/workspace/microros_ws/install/micro_ros_msgs/include/micro_ros_msgs/micro_ros_msgs/msg/detail/node__builder.hpp
[15.585s] -- Installing: /home/robomango/workspace/microros_ws/install/micro_ros_msgs/include/micro_ros_msgs/micro_ros_msgs/msg/detail/entity__builder.hpp
[15.585s] -- Installing: /home/robomango/workspace/microros_ws/install/micro_ros_msgs/include/micro_ros_msgs/micro_ros_msgs/msg/detail/node__struct.hpp
[15.585s] -- Installing: /home/robomango/workspace/microros_ws/install/micro_ros_msgs/include/micro_ros_msgs/micro_ros_msgs/msg/detail/node__type_support.hpp
[15.585s] -- Installing: /home/robomango/workspace/microros_ws/install/micro_ros_msgs/include/micro_ros_msgs/micro_ros_msgs/msg/detail/graph__struct.hpp
[15.585s] -- Installing: /home/robomango/workspace/microros_ws/install/micro_ros_msgs/include/micro_ros_msgs/micro_ros_msgs/msg/detail/entity__struct.hpp
[15.585s] -- Installing: /home/robomango/workspace/microros_ws/install/micro_ros_msgs/include/micro_ros_msgs/micro_ros_msgs/msg/detail/graph__builder.hpp
[15.585s] -- Installing: /home/robomango/workspace/microros_ws/install/micro_ros_msgs/include/micro_ros_msgs/micro_ros_msgs/msg/node.hpp
[15.585s] -- Installing: /home/robomango/workspace/microros_ws/install/micro_ros_msgs/include/micro_ros_msgs/micro_ros_msgs/msg/entity.hpp
[15.585s] -- Installing: /home/robomango/workspace/microros_ws/install/micro_ros_msgs/include/micro_ros_msgs/micro_ros_msgs/msg/rosidl_generator_cpp__visibility_control.hpp
[15.586s] -- Up-to-date: /home/robomango/workspace/microros_ws/install/micro_ros_msgs/include/micro_ros_msgs/micro_ros_msgs
[15.586s] -- Up-to-date: /home/robomango/workspace/microros_ws/install/micro_ros_msgs/include/micro_ros_msgs/micro_ros_msgs/msg
[15.586s] -- Up-to-date: /home/robomango/workspace/microros_ws/install/micro_ros_msgs/include/micro_ros_msgs/micro_ros_msgs/msg/detail
[15.586s] -- Installing: /home/robomango/workspace/microros_ws/install/micro_ros_msgs/include/micro_ros_msgs/micro_ros_msgs/msg/detail/node__rosidl_typesupport_fastrtps_cpp.hpp
[15.586s] -- Installing: /home/robomango/workspace/microros_ws/install/micro_ros_msgs/include/micro_ros_msgs/micro_ros_msgs/msg/detail/dds_fastrtps
[15.586s] -- Installing: /home/robomango/workspace/microros_ws/install/micro_ros_msgs/include/micro_ros_msgs/micro_ros_msgs/msg/detail/entity__rosidl_typesupport_fastrtps_cpp.hpp
[15.586s] -- Installing: /home/robomango/workspace/microros_ws/install/micro_ros_msgs/include/micro_ros_msgs/micro_ros_msgs/msg/detail/graph__rosidl_typesupport_fastrtps_cpp.hpp
[15.587s] -- Installing: /home/robomango/workspace/microros_ws/install/micro_ros_msgs/include/micro_ros_msgs/micro_ros_msgs/msg/rosidl_typesupport_fastrtps_cpp__visibility_control.h
[15.587s] -- Installing: /home/robomango/workspace/microros_ws/install/micro_ros_msgs/lib/libmicro_ros_msgs__rosidl_typesupport_fastrtps_cpp.so
[15.587s] -- Set non-toolchain portion of runtime path of "/home/robomango/workspace/microros_ws/install/micro_ros_msgs/lib/libmicro_ros_msgs__rosidl_typesupport_fastrtps_cpp.so" to ""
[15.587s] -- Up-to-date: /home/robomango/workspace/microros_ws/install/micro_ros_msgs/include/micro_ros_msgs/micro_ros_msgs
[15.588s] -- Up-to-date: /home/robomango/workspace/microros_ws/install/micro_ros_msgs/include/micro_ros_msgs/micro_ros_msgs/msg
[15.588s] -- Up-to-date: /home/robomango/workspace/microros_ws/install/micro_ros_msgs/include/micro_ros_msgs/micro_ros_msgs/msg/detail
[15.588s] -- Installing: /home/robomango/workspace/microros_ws/install/micro_ros_msgs/include/micro_ros_msgs/micro_ros_msgs/msg/detail/graph__type_support.cpp
[15.588s] -- Installing: /home/robomango/workspace/microros_ws/install/micro_ros_msgs/include/micro_ros_msgs/micro_ros_msgs/msg/detail/entity__rosidl_typesupport_introspection_cpp.hpp
[15.588s] -- Installing: /home/robomango/workspace/microros_ws/install/micro_ros_msgs/include/micro_ros_msgs/micro_ros_msgs/msg/detail/node__type_support.cpp
[15.588s] -- Installing: /home/robomango/workspace/microros_ws/install/micro_ros_msgs/include/micro_ros_msgs/micro_ros_msgs/msg/detail/entity__type_support.cpp
[15.588s] -- Installing: /home/robomango/workspace/microros_ws/install/micro_ros_msgs/include/micro_ros_msgs/micro_ros_msgs/msg/detail/graph__rosidl_typesupport_introspection_cpp.hpp
[15.588s] -- Installing: /home/robomango/workspace/microros_ws/install/micro_ros_msgs/include/micro_ros_msgs/micro_ros_msgs/msg/detail/node__rosidl_typesupport_introspection_cpp.hpp
[15.589s] -- Installing: /home/robomango/workspace/microros_ws/install/micro_ros_msgs/lib/libmicro_ros_msgs__rosidl_typesupport_introspection_cpp.so
[15.589s] -- Set non-toolchain portion of runtime path of "/home/robomango/workspace/microros_ws/install/micro_ros_msgs/lib/libmicro_ros_msgs__rosidl_typesupport_introspection_cpp.so" to ""
[15.589s] -- Installing: /home/robomango/workspace/microros_ws/install/micro_ros_msgs/lib/libmicro_ros_msgs__rosidl_typesupport_cpp.so
[15.589s] -- Set non-toolchain portion of runtime path of "/home/robomango/workspace/microros_ws/install/micro_ros_msgs/lib/libmicro_ros_msgs__rosidl_typesupport_cpp.so" to ""
[15.589s] -- Installing: /home/robomango/workspace/microros_ws/install/micro_ros_msgs/share/micro_ros_msgs/environment/pythonpath.sh
[15.589s] -- Installing: /home/robomango/workspace/microros_ws/install/micro_ros_msgs/share/micro_ros_msgs/environment/pythonpath.dsv
[15.589s] -- Installing: /home/robomango/workspace/microros_ws/install/micro_ros_msgs/lib/python3.12/site-packages/micro_ros_msgs-5.0.2-py3.12.egg-info
[15.589s] -- Installing: /home/robomango/workspace/microros_ws/install/micro_ros_msgs/lib/python3.12/site-packages/micro_ros_msgs-5.0.2-py3.12.egg-info/PKG-INFO
[15.590s] -- Installing: /home/robomango/workspace/microros_ws/install/micro_ros_msgs/lib/python3.12/site-packages/micro_ros_msgs-5.0.2-py3.12.egg-info/SOURCES.txt
[15.590s] -- Installing: /home/robomango/workspace/microros_ws/install/micro_ros_msgs/lib/python3.12/site-packages/micro_ros_msgs-5.0.2-py3.12.egg-info/top_level.txt
[15.590s] -- Installing: /home/robomango/workspace/microros_ws/install/micro_ros_msgs/lib/python3.12/site-packages/micro_ros_msgs-5.0.2-py3.12.egg-info/dependency_links.txt
[15.590s] -- Installing: /home/robomango/workspace/microros_ws/install/micro_ros_msgs/lib/python3.12/site-packages/micro_ros_msgs
[15.590s] -- Installing: /home/robomango/workspace/microros_ws/install/micro_ros_msgs/lib/python3.12/site-packages/micro_ros_msgs/_micro_ros_msgs_s.ep.rosidl_typesupport_introspection_c.c
[15.590s] -- Installing: /home/robomango/workspace/microros_ws/install/micro_ros_msgs/lib/python3.12/site-packages/micro_ros_msgs/_micro_ros_msgs_s.ep.rosidl_typesupport_c.c
[15.590s] -- Installing: /home/robomango/workspace/microros_ws/install/micro_ros_msgs/lib/python3.12/site-packages/micro_ros_msgs/micro_ros_msgs_s__rosidl_typesupport_introspection_c.so
[15.591s] -- Installing: /home/robomango/workspace/microros_ws/install/micro_ros_msgs/lib/python3.12/site-packages/micro_ros_msgs/msg
[15.591s] -- Installing: /home/robomango/workspace/microros_ws/install/micro_ros_msgs/lib/python3.12/site-packages/micro_ros_msgs/msg/_graph_s.c
[15.591s] -- Installing: /home/robomango/workspace/microros_ws/install/micro_ros_msgs/lib/python3.12/site-packages/micro_ros_msgs/msg/_entity.py
[15.591s] -- Installing: /home/robomango/workspace/microros_ws/install/micro_ros_msgs/lib/python3.12/site-packages/micro_ros_msgs/msg/_node_s.c
[15.591s] -- Installing: /home/robomango/workspace/microros_ws/install/micro_ros_msgs/lib/python3.12/site-packages/micro_ros_msgs/msg/_entity_s.c
[15.591s] -- Installing: /home/robomango/workspace/microros_ws/install/micro_ros_msgs/lib/python3.12/site-packages/micro_ros_msgs/msg/__init__.py
[15.592s] -- Installing: /home/robomango/workspace/microros_ws/install/micro_ros_msgs/lib/python3.12/site-packages/micro_ros_msgs/msg/_node.py
[15.592s] -- Installing: /home/robomango/workspace/microros_ws/install/micro_ros_msgs/lib/python3.12/site-packages/micro_ros_msgs/msg/_graph.py
[15.592s] -- Installing: /home/robomango/workspace/microros_ws/install/micro_ros_msgs/lib/python3.12/site-packages/micro_ros_msgs/__init__.py
[15.592s] -- Installing: /home/robomango/workspace/microros_ws/install/micro_ros_msgs/lib/python3.12/site-packages/micro_ros_msgs/micro_ros_msgs_s__rosidl_typesupport_fastrtps_c.so
[15.592s] -- Installing: /home/robomango/workspace/microros_ws/install/micro_ros_msgs/lib/python3.12/site-packages/micro_ros_msgs/micro_ros_msgs_s__rosidl_typesupport_c.so
[15.592s] -- Installing: /home/robomango/workspace/microros_ws/install/micro_ros_msgs/lib/python3.12/site-packages/micro_ros_msgs/_micro_ros_msgs_s.ep.rosidl_typesupport_fastrtps_c.c
[15.659s] Listing '/home/robomango/workspace/microros_ws/install/micro_ros_msgs/lib/python3.12/site-packages/micro_ros_msgs'...
[15.659s] Compiling '/home/robomango/workspace/microros_ws/install/micro_ros_msgs/lib/python3.12/site-packages/micro_ros_msgs/__init__.py'...
[15.659s] Listing '/home/robomango/workspace/microros_ws/install/micro_ros_msgs/lib/python3.12/site-packages/micro_ros_msgs/msg'...
[15.659s] Compiling '/home/robomango/workspace/microros_ws/install/micro_ros_msgs/lib/python3.12/site-packages/micro_ros_msgs/msg/__init__.py'...
[15.659s] Compiling '/home/robomango/workspace/microros_ws/install/micro_ros_msgs/lib/python3.12/site-packages/micro_ros_msgs/msg/_entity.py'...
[15.659s] Compiling '/home/robomango/workspace/microros_ws/install/micro_ros_msgs/lib/python3.12/site-packages/micro_ros_msgs/msg/_graph.py'...
[15.659s] Compiling '/home/robomango/workspace/microros_ws/install/micro_ros_msgs/lib/python3.12/site-packages/micro_ros_msgs/msg/_node.py'...
[15.672s] -- Installing: /home/robomango/workspace/microros_ws/install/micro_ros_msgs/lib/python3.12/site-packages/micro_ros_msgs/micro_ros_msgs_s__rosidl_typesupport_fastrtps_c.so
[15.673s] -- Set non-toolchain portion of runtime path of "/home/robomango/workspace/microros_ws/install/micro_ros_msgs/lib/python3.12/site-packages/micro_ros_msgs/micro_ros_msgs_s__rosidl_typesupport_fastrtps_c.so" to ""
[15.674s] -- Installing: /home/robomango/workspace/microros_ws/install/micro_ros_msgs/lib/python3.12/site-packages/micro_ros_msgs/micro_ros_msgs_s__rosidl_typesupport_introspection_c.so
[15.674s] -- Set non-toolchain portion of runtime path of "/home/robomango/workspace/microros_ws/install/micro_ros_msgs/lib/python3.12/site-packages/micro_ros_msgs/micro_ros_msgs_s__rosidl_typesupport_introspection_c.so" to ""
[15.675s] -- Installing: /home/robomango/workspace/microros_ws/install/micro_ros_msgs/lib/python3.12/site-packages/micro_ros_msgs/micro_ros_msgs_s__rosidl_typesupport_c.so
[15.676s] -- Set non-toolchain portion of runtime path of "/home/robomango/workspace/microros_ws/install/micro_ros_msgs/lib/python3.12/site-packages/micro_ros_msgs/micro_ros_msgs_s__rosidl_typesupport_c.so" to ""
[15.676s] -- Installing: /home/robomango/workspace/microros_ws/install/micro_ros_msgs/lib/libmicro_ros_msgs__rosidl_generator_py.so
[15.677s] -- Set non-toolchain portion of runtime path of "/home/robomango/workspace/microros_ws/install/micro_ros_msgs/lib/libmicro_ros_msgs__rosidl_generator_py.so" to ""
[15.677s] -- Installing: /home/robomango/workspace/microros_ws/install/micro_ros_msgs/share/micro_ros_msgs/msg/Graph.idl
[15.677s] -- Installing: /home/robomango/workspace/microros_ws/install/micro_ros_msgs/share/micro_ros_msgs/msg/Node.idl
[15.678s] -- Installing: /home/robomango/workspace/microros_ws/install/micro_ros_msgs/share/micro_ros_msgs/msg/Entity.idl
[15.678s] -- Installing: /home/robomango/workspace/microros_ws/install/micro_ros_msgs/share/micro_ros_msgs/msg/Graph.msg
[15.679s] -- Installing: /home/robomango/workspace/microros_ws/install/micro_ros_msgs/share/micro_ros_msgs/msg/Node.msg
[15.679s] -- Installing: /home/robomango/workspace/microros_ws/install/micro_ros_msgs/share/micro_ros_msgs/msg/Entity.msg
[15.679s] -- Installing: /home/robomango/workspace/microros_ws/install/micro_ros_msgs/share/ament_index/resource_index/package_run_dependencies/micro_ros_msgs
[15.679s] -- Installing: /home/robomango/workspace/microros_ws/install/micro_ros_msgs/share/ament_index/resource_index/parent_prefix_path/micro_ros_msgs
[15.680s] -- Installing: /home/robomango/workspace/microros_ws/install/micro_ros_msgs/share/micro_ros_msgs/environment/ament_prefix_path.sh
[15.680s] -- Installing: /home/robomango/workspace/microros_ws/install/micro_ros_msgs/share/micro_ros_msgs/environment/ament_prefix_path.dsv
[15.680s] -- Installing: /home/robomango/workspace/microros_ws/install/micro_ros_msgs/share/micro_ros_msgs/environment/path.sh
[15.681s] -- Installing: /home/robomango/workspace/microros_ws/install/micro_ros_msgs/share/micro_ros_msgs/environment/path.dsv
[15.681s] -- Installing: /home/robomango/workspace/microros_ws/install/micro_ros_msgs/share/micro_ros_msgs/local_setup.bash
[15.681s] -- Installing: /home/robomango/workspace/microros_ws/install/micro_ros_msgs/share/micro_ros_msgs/local_setup.sh
[15.682s] -- Installing: /home/robomango/workspace/microros_ws/install/micro_ros_msgs/share/micro_ros_msgs/local_setup.zsh
[15.683s] -- Installing: /home/robomango/workspace/microros_ws/install/micro_ros_msgs/share/micro_ros_msgs/local_setup.dsv
[15.683s] -- Installing: /home/robomango/workspace/microros_ws/install/micro_ros_msgs/share/micro_ros_msgs/package.dsv
[15.683s] -- Installing: /home/robomango/workspace/microros_ws/install/micro_ros_msgs/share/ament_index/resource_index/packages/micro_ros_msgs
[15.684s] -- Installing: /home/robomango/workspace/microros_ws/install/micro_ros_msgs/share/micro_ros_msgs/cmake/export_micro_ros_msgs__rosidl_generator_cExport.cmake
[15.684s] -- Installing: /home/robomango/workspace/microros_ws/install/micro_ros_msgs/share/micro_ros_msgs/cmake/export_micro_ros_msgs__rosidl_generator_cExport-noconfig.cmake
[15.685s] -- Installing: /home/robomango/workspace/microros_ws/install/micro_ros_msgs/share/micro_ros_msgs/cmake/export_micro_ros_msgs__rosidl_typesupport_fastrtps_cExport.cmake
[15.685s] -- Installing: /home/robomango/workspace/microros_ws/install/micro_ros_msgs/share/micro_ros_msgs/cmake/export_micro_ros_msgs__rosidl_typesupport_fastrtps_cExport-noconfig.cmake
[15.685s] -- Installing: /home/robomango/workspace/microros_ws/install/micro_ros_msgs/share/micro_ros_msgs/cmake/micro_ros_msgs__rosidl_typesupport_introspection_cExport.cmake
[15.685s] -- Installing: /home/robomango/workspace/microros_ws/install/micro_ros_msgs/share/micro_ros_msgs/cmake/micro_ros_msgs__rosidl_typesupport_introspection_cExport-noconfig.cmake
[15.685s] -- Installing: /home/robomango/workspace/microros_ws/install/micro_ros_msgs/share/micro_ros_msgs/cmake/micro_ros_msgs__rosidl_typesupport_cExport.cmake
[15.686s] -- Installing: /home/robomango/workspace/microros_ws/install/micro_ros_msgs/share/micro_ros_msgs/cmake/micro_ros_msgs__rosidl_typesupport_cExport-noconfig.cmake
[15.686s] -- Installing: /home/robomango/workspace/microros_ws/install/micro_ros_msgs/share/micro_ros_msgs/cmake/export_micro_ros_msgs__rosidl_generator_cppExport.cmake
[15.686s] -- Installing: /home/robomango/workspace/microros_ws/install/micro_ros_msgs/share/micro_ros_msgs/cmake/export_micro_ros_msgs__rosidl_typesupport_fastrtps_cppExport.cmake
[15.687s] -- Installing: /home/robomango/workspace/microros_ws/install/micro_ros_msgs/share/micro_ros_msgs/cmake/export_micro_ros_msgs__rosidl_typesupport_fastrtps_cppExport-noconfig.cmake
[15.687s] -- Installing: /home/robomango/workspace/microros_ws/install/micro_ros_msgs/share/micro_ros_msgs/cmake/micro_ros_msgs__rosidl_typesupport_introspection_cppExport.cmake
[15.687s] -- Installing: /home/robomango/workspace/microros_ws/install/micro_ros_msgs/share/micro_ros_msgs/cmake/micro_ros_msgs__rosidl_typesupport_introspection_cppExport-noconfig.cmake
[15.687s] -- Installing: /home/robomango/workspace/microros_ws/install/micro_ros_msgs/share/micro_ros_msgs/cmake/micro_ros_msgs__rosidl_typesupport_cppExport.cmake
[15.688s] -- Installing: /home/robomango/workspace/microros_ws/install/micro_ros_msgs/share/micro_ros_msgs/cmake/micro_ros_msgs__rosidl_typesupport_cppExport-noconfig.cmake
[15.688s] -- Installing: /home/robomango/workspace/microros_ws/install/micro_ros_msgs/share/micro_ros_msgs/cmake/export_micro_ros_msgs__rosidl_generator_pyExport.cmake
[15.688s] -- Installing: /home/robomango/workspace/microros_ws/install/micro_ros_msgs/share/micro_ros_msgs/cmake/export_micro_ros_msgs__rosidl_generator_pyExport-noconfig.cmake
[15.688s] -- Installing: /home/robomango/workspace/microros_ws/install/micro_ros_msgs/share/micro_ros_msgs/cmake/rosidl_cmake-extras.cmake
[15.688s] -- Installing: /home/robomango/workspace/microros_ws/install/micro_ros_msgs/share/micro_ros_msgs/cmake/ament_cmake_export_include_directories-extras.cmake
[15.688s] -- Installing: /home/robomango/workspace/microros_ws/install/micro_ros_msgs/share/micro_ros_msgs/cmake/ament_cmake_export_libraries-extras.cmake
[15.689s] -- Installing: /home/robomango/workspace/microros_ws/install/micro_ros_msgs/share/micro_ros_msgs/cmake/ament_cmake_export_targets-extras.cmake
[15.689s] -- Installing: /home/robomango/workspace/microros_ws/install/micro_ros_msgs/share/micro_ros_msgs/cmake/rosidl_cmake_export_typesupport_targets-extras.cmake
[15.689s] -- Installing: /home/robomango/workspace/microros_ws/install/micro_ros_msgs/share/micro_ros_msgs/cmake/ament_cmake_export_dependencies-extras.cmake
[15.689s] -- Installing: /home/robomango/workspace/microros_ws/install/micro_ros_msgs/share/micro_ros_msgs/cmake/rosidl_cmake_export_typesupport_libraries-extras.cmake
[15.690s] -- Installing: /home/robomango/workspace/microros_ws/install/micro_ros_msgs/share/micro_ros_msgs/cmake/micro_ros_msgsConfig.cmake
[15.690s] -- Installing: /home/robomango/workspace/microros_ws/install/micro_ros_msgs/share/micro_ros_msgs/cmake/micro_ros_msgsConfig-version.cmake
[15.691s] -- Installing: /home/robomango/workspace/microros_ws/install/micro_ros_msgs/share/micro_ros_msgs/package.xml
[15.692s] Invoked command in '/home/robomango/workspace/microros_ws/build/micro_ros_msgs' returned '0': CMAKE_PREFIX_PATH=${CMAKE_PREFIX_PATH}:/opt/ros/jazzy DEBUGINFOD_URLS=https://debuginfod.ubuntu.com /usr/bin/cmake --install /home/robomango/workspace/microros_ws/build/micro_ros_msgs
