[0.024s] Invoking command in '/home/robomango/workspace/MangoMobileRobot/diffdrive_ws/build/robot_localization': CMAKE_PREFIX_PATH=${CMAKE_PREFIX_PATH}:/opt/ros/jazzy DEBUGINFOD_URLS=https://debuginfod.ubuntu.com /usr/bin/cmake /home/robomango/workspace/MangoMobileRobot/diffdrive_ws/src/robot_localization -DAMENT_CMAKE_SYMLINK_INSTALL=1 -DCMAKE_INSTALL_PREFIX=/home/robomango/workspace/MangoMobileRobot/diffdrive_ws/install/robot_localization
[0.111s] -- The C compiler identification is GNU 13.3.0
[0.194s] -- The CXX compiler identification is GNU 13.3.0
[0.221s] -- Detecting C compiler ABI info
[0.353s] -- Detecting C compiler ABI info - done
[0.365s] -- Check for working C compiler: /usr/bin/cc - skipped
[0.366s] -- Detecting C compile features
[0.366s] -- Detecting C compile features - done
[0.379s] -- Detecting CXX compiler ABI info
[0.529s] -- Detecting CXX compiler ABI info - done
[0.542s] -- Check for working CXX compiler: /usr/bin/c++ - skipped
[0.542s] -- Detecting CXX compile features
[0.543s] -- Detecting CXX compile features - done
[0.543s] -- robot_localization: You did not request a specific build type: selecting 'RelWithDebInfo'.
[0.546s] -- Found ament_cmake: 2.5.3 (/opt/ros/jazzy/share/ament_cmake/cmake)
[0.759s] -- Found Python3: /usr/bin/python3 (found version "3.12.3") found components: Interpreter 
[0.870s] -- Override CMake install command with custom implementation using symlinks instead of copying resources
[0.918s] -- Found angles: 1.16.0 (/opt/ros/jazzy/share/angles/cmake)
[0.925s] -- Found rclcpp: 28.1.8 (/opt/ros/jazzy/share/rclcpp/cmake)
[0.981s] -- Found rosidl_generator_c: 4.6.5 (/opt/ros/jazzy/share/rosidl_generator_c/cmake)
[0.999s] -- Found rosidl_generator_cpp: 4.6.5 (/opt/ros/jazzy/share/rosidl_generator_cpp/cmake)
[1.030s] -- Using all available rosidl_typesupport_c: rosidl_typesupport_fastrtps_c;rosidl_typesupport_introspection_c
[1.056s] -- Using all available rosidl_typesupport_cpp: rosidl_typesupport_fastrtps_cpp;rosidl_typesupport_introspection_cpp
[1.181s] -- Found rmw_implementation_cmake: 7.3.2 (/opt/ros/jazzy/share/rmw_implementation_cmake/cmake)
[1.185s] -- Found rmw_fastrtps_cpp: 8.4.2 (/opt/ros/jazzy/share/rmw_fastrtps_cpp/cmake)
[1.308s] -- Found OpenSSL: /usr/lib/x86_64-linux-gnu/libcrypto.so (found version "3.0.13")  
[1.340s] -- Found FastRTPS: /opt/ros/jazzy/include (Required is at least version "2.13") 
[1.378s] -- Using RMW implementation 'rmw_fastrtps_cpp' as default
[1.513s] -- Found diagnostic_msgs: 5.3.6 (/opt/ros/jazzy/share/diagnostic_msgs/cmake)
[1.579s] -- Found diagnostic_updater: 4.2.6 (/opt/ros/jazzy/share/diagnostic_updater/cmake)
[1.592s] -- Found geographic_msgs: 1.0.6 (/opt/ros/jazzy/share/geographic_msgs/cmake)
[1.696s] -- Found message_filters: 4.11.5 (/opt/ros/jazzy/share/message_filters/cmake)
[1.706s] -- Found nav_msgs: 5.3.6 (/opt/ros/jazzy/share/nav_msgs/cmake)
[1.754s] -- Found rosidl_default_generators: 1.6.0 (/opt/ros/jazzy/share/rosidl_default_generators/cmake)
[1.775s] -- Found rosidl_adapter: 4.6.5 (/opt/ros/jazzy/share/rosidl_adapter/cmake)
[1.780s] -- Found sensor_msgs: 5.3.6 (/opt/ros/jazzy/share/sensor_msgs/cmake)
[1.825s] -- Found std_srvs: 5.3.6 (/opt/ros/jazzy/share/std_srvs/cmake)
[1.855s] -- Found tf2: 0.36.9 (/opt/ros/jazzy/share/tf2/cmake)
[1.864s] -- Found tf2_eigen: 0.36.9 (/opt/ros/jazzy/share/tf2_eigen/cmake)
[2.075s] -- Found tf2_geometry_msgs: 0.36.9 (/opt/ros/jazzy/share/tf2_geometry_msgs/cmake)
[2.090s] -- Found eigen3_cmake_module: 0.3.0 (/opt/ros/jazzy/share/eigen3_cmake_module/cmake)
[2.093s] -- Found Eigen3: TRUE (found version "3.4.0") 
[2.093s] -- Ensuring Eigen3 include directory is part of orocos-kdl CMake target
[2.113s] -- Found Boost: /usr/lib/x86_64-linux-gnu/cmake/Boost-1.83.0/BoostConfig.cmake (found version "1.83.0")  
[2.117s] -- Found yaml_cpp_vendor: 9.0.1 (/opt/ros/jazzy/share/yaml_cpp_vendor/cmake)
[2.117s] -- Setting yaml-cpp_DIR to: '/opt/ros/jazzy/share/yaml_cpp_vendor/cmake/../../../opt/yaml_cpp_vendor/share/cmake/yaml-cpp'
[2.126s] -- Found GeographicLib: /usr/lib/x86_64-linux-gnu  
[3.169s] -- Found ament_cmake_cppcheck: 0.17.2 (/opt/ros/jazzy/share/ament_cmake_cppcheck/cmake)
[3.173s] -- Found ament_cmake_cpplint: 0.17.2 (/opt/ros/jazzy/share/ament_cmake_cpplint/cmake)
[3.177s] -- Found ament_cmake_uncrustify: 0.17.2 (/opt/ros/jazzy/share/ament_cmake_uncrustify/cmake)
[3.181s] -- Found ament_cmake_ros: 0.12.0 (/opt/ros/jazzy/share/ament_cmake_ros/cmake)
[4.589s] -- Using all available rosidl_typesupport_c: rosidl_typesupport_fastrtps_c;rosidl_typesupport_introspection_c
[5.151s] -- Using all available rosidl_typesupport_cpp: rosidl_typesupport_fastrtps_cpp;rosidl_typesupport_introspection_cpp
[5.160s] -- Found python_cmake_module: 0.11.1 (/opt/ros/jazzy/share/python_cmake_module/cmake)
[5.368s] -- Found PythonExtra: /usr/bin/python3  
[6.051s] -- Found Python3: /usr/bin/python3 (found version "3.12.3") found components: Interpreter Development NumPy Development.Module Development.Embed 
[6.177s] -- Found ament_cmake_flake8: 0.17.2 (/opt/ros/jazzy/share/ament_cmake_flake8/cmake)
[6.181s] -- Found ament_cmake_pep257: 0.17.2 (/opt/ros/jazzy/share/ament_cmake_pep257/cmake)
[6.197s] -- Found ament_cmake_lint_cmake: 0.17.2 (/opt/ros/jazzy/share/ament_cmake_lint_cmake/cmake)
[6.202s] -- Found launch_testing_ament_cmake: 3.4.4 (/opt/ros/jazzy/share/launch_testing_ament_cmake/cmake)
[6.208s] -- Found gtest sources under '/opt/ros/jazzy/src/gtest_vendor': C++ tests using 'Google Test' will be built
[6.214s] -- Performing Test CMAKE_HAVE_LIBC_PTHREAD
[6.352s] -- Performing Test CMAKE_HAVE_LIBC_PTHREAD - Success
[6.354s] -- Found Threads: TRUE  
[6.397s] -- Configuring done (6.4s)
[6.677s] -- Generating done (0.2s)
[6.747s] -- Build files have been written to: /home/robomango/workspace/MangoMobileRobot/diffdrive_ws/build/robot_localization
[6.777s] Invoked command in '/home/robomango/workspace/MangoMobileRobot/diffdrive_ws/build/robot_localization' returned '0': CMAKE_PREFIX_PATH=${CMAKE_PREFIX_PATH}:/opt/ros/jazzy DEBUGINFOD_URLS=https://debuginfod.ubuntu.com /usr/bin/cmake /home/robomango/workspace/MangoMobileRobot/diffdrive_ws/src/robot_localization -DAMENT_CMAKE_SYMLINK_INSTALL=1 -DCMAKE_INSTALL_PREFIX=/home/robomango/workspace/MangoMobileRobot/diffdrive_ws/install/robot_localization
[6.779s] Invoking command in '/home/robomango/workspace/MangoMobileRobot/diffdrive_ws/build/robot_localization': CMAKE_PREFIX_PATH=${CMAKE_PREFIX_PATH}:/opt/ros/jazzy DEBUGINFOD_URLS=https://debuginfod.ubuntu.com /usr/bin/cmake --build /home/robomango/workspace/MangoMobileRobot/diffdrive_ws/build/robot_localization -- -j2 -l2
[6.872s] [  1%] [34m[1mGenerating type hashes for ROS interfaces[0m
[6.884s] [  1%] Built target ament_cmake_python_symlink_robot_localization
[6.913s] [  2%] [32mBuilding CXX object gtest/CMakeFiles/gtest_main.dir/src/gtest_main.cc.o[0m
[7.423s] [  2%] Built target robot_localization__rosidl_generator_type_description
[7.459s] [  3%] [32mBuilding CXX object gtest/CMakeFiles/gtest.dir/src/gtest-all.cc.o[0m
[8.916s] [  3%] [32m[1mLinking CXX static library libgtest_main.a[0m
[9.359s] [  3%] Built target gtest_main
[9.414s] [  4%] [34m[1mGenerating C++ code for ROS interfaces[0m
[11.250s] [  4%] Built target robot_localization__cpp
[11.269s] [  4%] [34m[1mGenerating C code for ROS interfaces[0m
[13.411s] [  5%] [32mBuilding C object CMakeFiles/robot_localization__rosidl_generator_c.dir/rosidl_generator_c/robot_localization/srv/detail/from_ll__description.c.o[0m
[13.561s] [  6%] [32mBuilding C object CMakeFiles/robot_localization__rosidl_generator_c.dir/rosidl_generator_c/robot_localization/srv/detail/from_ll__functions.c.o[0m
[13.933s] [  7%] [32mBuilding C object CMakeFiles/robot_localization__rosidl_generator_c.dir/rosidl_generator_c/robot_localization/srv/detail/from_ll__type_support.c.o[0m
[14.027s] [  7%] [32mBuilding C object CMakeFiles/robot_localization__rosidl_generator_c.dir/rosidl_generator_c/robot_localization/srv/detail/get_state__description.c.o[0m
[14.148s] [  8%] [32mBuilding C object CMakeFiles/robot_localization__rosidl_generator_c.dir/rosidl_generator_c/robot_localization/srv/detail/get_state__functions.c.o[0m
[14.488s] [  9%] [32mBuilding C object CMakeFiles/robot_localization__rosidl_generator_c.dir/rosidl_generator_c/robot_localization/srv/detail/get_state__type_support.c.o[0m
[14.577s] [ 10%] [32mBuilding C object CMakeFiles/robot_localization__rosidl_generator_c.dir/rosidl_generator_c/robot_localization/srv/detail/set_datum__description.c.o[0m
[14.736s] [ 10%] [32mBuilding C object CMakeFiles/robot_localization__rosidl_generator_c.dir/rosidl_generator_c/robot_localization/srv/detail/set_datum__functions.c.o[0m
[15.054s] [ 11%] [32mBuilding C object CMakeFiles/robot_localization__rosidl_generator_c.dir/rosidl_generator_c/robot_localization/srv/detail/set_datum__type_support.c.o[0m
[15.157s] [ 12%] [32mBuilding C object CMakeFiles/robot_localization__rosidl_generator_c.dir/rosidl_generator_c/robot_localization/srv/detail/set_pose__description.c.o[0m
[15.349s] [ 13%] [32mBuilding C object CMakeFiles/robot_localization__rosidl_generator_c.dir/rosidl_generator_c/robot_localization/srv/detail/set_pose__functions.c.o[0m
[15.804s] [ 13%] [32mBuilding C object CMakeFiles/robot_localization__rosidl_generator_c.dir/rosidl_generator_c/robot_localization/srv/detail/set_pose__type_support.c.o[0m
[15.960s] [ 14%] [32mBuilding C object CMakeFiles/robot_localization__rosidl_generator_c.dir/rosidl_generator_c/robot_localization/srv/detail/set_utm_zone__description.c.o[0m
[16.111s] [ 15%] [32mBuilding C object CMakeFiles/robot_localization__rosidl_generator_c.dir/rosidl_generator_c/robot_localization/srv/detail/set_utm_zone__functions.c.o[0m
[16.442s] [ 15%] [32mBuilding C object CMakeFiles/robot_localization__rosidl_generator_c.dir/rosidl_generator_c/robot_localization/srv/detail/set_utm_zone__type_support.c.o[0m
[16.529s] [ 16%] [32mBuilding C object CMakeFiles/robot_localization__rosidl_generator_c.dir/rosidl_generator_c/robot_localization/srv/detail/toggle_filter_processing__description.c.o[0m
[16.648s] [ 17%] [32mBuilding C object CMakeFiles/robot_localization__rosidl_generator_c.dir/rosidl_generator_c/robot_localization/srv/detail/toggle_filter_processing__functions.c.o[0m
[16.979s] [ 18%] [32mBuilding C object CMakeFiles/robot_localization__rosidl_generator_c.dir/rosidl_generator_c/robot_localization/srv/detail/toggle_filter_processing__type_support.c.o[0m
[17.059s] [ 18%] [32mBuilding C object CMakeFiles/robot_localization__rosidl_generator_c.dir/rosidl_generator_c/robot_localization/srv/detail/to_ll__description.c.o[0m
[17.195s] [ 19%] [32mBuilding C object CMakeFiles/robot_localization__rosidl_generator_c.dir/rosidl_generator_c/robot_localization/srv/detail/to_ll__functions.c.o[0m
[17.524s] [ 20%] [32mBuilding C object CMakeFiles/robot_localization__rosidl_generator_c.dir/rosidl_generator_c/robot_localization/srv/detail/to_ll__type_support.c.o[0m
[17.612s] [ 21%] [32m[1mLinking C shared library librobot_localization__rosidl_generator_c.so[0m
[17.698s] [ 21%] Built target robot_localization__rosidl_generator_c
[18.059s] running egg_info
[18.060s] creating robot_localization.egg-info
[18.090s] writing robot_localization.egg-info/PKG-INFO
[18.091s] writing dependency_links to robot_localization.egg-info/dependency_links.txt
[18.091s] writing top-level names to robot_localization.egg-info/top_level.txt
[18.092s] writing manifest file 'robot_localization.egg-info/SOURCES.txt'
[18.214s] reading manifest file 'robot_localization.egg-info/SOURCES.txt'
[18.215s] writing manifest file 'robot_localization.egg-info/SOURCES.txt'
[18.271s] [ 21%] Built target ament_cmake_python_build_robot_localization_egg
[18.290s] [ 22%] [34m[1mGenerating C++ type support dispatch for ROS interfaces[0m
[19.261s] [ 22%] [32mBuilding CXX object CMakeFiles/robot_localization__rosidl_typesupport_cpp.dir/rosidl_typesupport_cpp/robot_localization/srv/from_ll__type_support.cpp.o[0m
[20.240s] [ 23%] [32mBuilding CXX object CMakeFiles/robot_localization__rosidl_typesupport_cpp.dir/rosidl_typesupport_cpp/robot_localization/srv/get_state__type_support.cpp.o[0m
[21.231s] [ 24%] [32mBuilding CXX object CMakeFiles/robot_localization__rosidl_typesupport_cpp.dir/rosidl_typesupport_cpp/robot_localization/srv/set_datum__type_support.cpp.o[0m
[22.140s] [ 25%] [32mBuilding CXX object CMakeFiles/robot_localization__rosidl_typesupport_cpp.dir/rosidl_typesupport_cpp/robot_localization/srv/set_pose__type_support.cpp.o[0m
[23.160s] [ 25%] [32mBuilding CXX object CMakeFiles/robot_localization__rosidl_typesupport_cpp.dir/rosidl_typesupport_cpp/robot_localization/srv/set_utm_zone__type_support.cpp.o[0m
[24.079s] [ 26%] [32mBuilding CXX object CMakeFiles/robot_localization__rosidl_typesupport_cpp.dir/rosidl_typesupport_cpp/robot_localization/srv/toggle_filter_processing__type_support.cpp.o[0m
[25.100s] [ 27%] [32mBuilding CXX object CMakeFiles/robot_localization__rosidl_typesupport_cpp.dir/rosidl_typesupport_cpp/robot_localization/srv/to_ll__type_support.cpp.o[0m
[25.976s] [ 27%] [32m[1mLinking CXX shared library librobot_localization__rosidl_typesupport_cpp.so[0m
[26.154s] [ 27%] Built target robot_localization__rosidl_typesupport_cpp
[27.440s] [ 28%] [32m[1mLinking CXX static library libgtest.a[0m
[27.624s] [ 28%] Built target gtest
[27.649s] [ 29%] [34m[1mGenerating C type support for eProsima Fast-RTPS[0m
[29.003s] [ 30%] [32mBuilding CXX object CMakeFiles/robot_localization__rosidl_typesupport_fastrtps_c.dir/rosidl_typesupport_fastrtps_c/robot_localization/srv/detail/from_ll__type_support_c.cpp.o[0m
[29.951s] [ 31%] [32mBuilding CXX object CMakeFiles/robot_localization__rosidl_typesupport_fastrtps_c.dir/rosidl_typesupport_fastrtps_c/robot_localization/srv/detail/get_state__type_support_c.cpp.o[0m
[30.977s] [ 31%] [32mBuilding CXX object CMakeFiles/robot_localization__rosidl_typesupport_fastrtps_c.dir/rosidl_typesupport_fastrtps_c/robot_localization/srv/detail/set_datum__type_support_c.cpp.o[0m
[31.007s] [ 32%] [34m[1mGenerating C++ type support for eProsima Fast-RTPS[0m
[32.046s] [ 33%] [32mBuilding CXX object CMakeFiles/robot_localization__rosidl_typesupport_fastrtps_c.dir/rosidl_typesupport_fastrtps_c/robot_localization/srv/detail/set_pose__type_support_c.cpp.o[0m
[32.615s] [ 34%] [32mBuilding CXX object CMakeFiles/robot_localization__rosidl_typesupport_fastrtps_cpp.dir/rosidl_typesupport_fastrtps_cpp/robot_localization/srv/detail/dds_fastrtps/from_ll__type_support.cpp.o[0m
[33.241s] [ 35%] [32mBuilding CXX object CMakeFiles/robot_localization__rosidl_typesupport_fastrtps_c.dir/rosidl_typesupport_fastrtps_c/robot_localization/srv/detail/set_utm_zone__type_support_c.cpp.o[0m
[34.061s] [ 35%] [32mBuilding CXX object CMakeFiles/robot_localization__rosidl_typesupport_fastrtps_cpp.dir/rosidl_typesupport_fastrtps_cpp/robot_localization/srv/detail/dds_fastrtps/get_state__type_support.cpp.o[0m
[34.656s] [ 36%] [32mBuilding CXX object CMakeFiles/robot_localization__rosidl_typesupport_fastrtps_c.dir/rosidl_typesupport_fastrtps_c/robot_localization/srv/detail/toggle_filter_processing__type_support_c.cpp.o[0m
[35.777s] [ 37%] [32mBuilding CXX object CMakeFiles/robot_localization__rosidl_typesupport_fastrtps_cpp.dir/rosidl_typesupport_fastrtps_cpp/robot_localization/srv/detail/dds_fastrtps/set_datum__type_support.cpp.o[0m
[35.883s] [ 37%] [32mBuilding CXX object CMakeFiles/robot_localization__rosidl_typesupport_fastrtps_c.dir/rosidl_typesupport_fastrtps_c/robot_localization/srv/detail/to_ll__type_support_c.cpp.o[0m
[36.992s] [ 38%] [32m[1mLinking CXX shared library librobot_localization__rosidl_typesupport_fastrtps_c.so[0m
[37.158s] [ 38%] Built target robot_localization__rosidl_typesupport_fastrtps_c
[37.352s] [ 39%] [32mBuilding CXX object CMakeFiles/robot_localization__rosidl_typesupport_fastrtps_cpp.dir/rosidl_typesupport_fastrtps_cpp/robot_localization/srv/detail/dds_fastrtps/set_pose__type_support.cpp.o[0m
[38.702s] [ 39%] [32mBuilding CXX object CMakeFiles/robot_localization__rosidl_typesupport_fastrtps_cpp.dir/rosidl_typesupport_fastrtps_cpp/robot_localization/srv/detail/dds_fastrtps/set_utm_zone__type_support.cpp.o[0m
[40.052s] [ 40%] [32mBuilding CXX object CMakeFiles/robot_localization__rosidl_typesupport_fastrtps_cpp.dir/rosidl_typesupport_fastrtps_cpp/robot_localization/srv/detail/dds_fastrtps/toggle_filter_processing__type_support.cpp.o[0m
[41.205s] [ 41%] [32mBuilding CXX object CMakeFiles/robot_localization__rosidl_typesupport_fastrtps_cpp.dir/rosidl_typesupport_fastrtps_cpp/robot_localization/srv/detail/dds_fastrtps/to_ll__type_support.cpp.o[0m
[42.437s] [ 42%] [32m[1mLinking CXX shared library librobot_localization__rosidl_typesupport_fastrtps_cpp.so[0m
[42.599s] [ 42%] Built target robot_localization__rosidl_typesupport_fastrtps_cpp
[42.614s] [ 42%] [34m[1mGenerating C introspection for ROS interfaces[0m
[43.600s] [ 43%] [32mBuilding C object CMakeFiles/robot_localization__rosidl_typesupport_introspection_c.dir/rosidl_typesupport_introspection_c/robot_localization/srv/detail/from_ll__type_support.c.o[0m
[43.726s] [ 44%] [32mBuilding C object CMakeFiles/robot_localization__rosidl_typesupport_introspection_c.dir/rosidl_typesupport_introspection_c/robot_localization/srv/detail/get_state__type_support.c.o[0m
[43.859s] [ 45%] [32mBuilding C object CMakeFiles/robot_localization__rosidl_typesupport_introspection_c.dir/rosidl_typesupport_introspection_c/robot_localization/srv/detail/set_datum__type_support.c.o[0m
[43.976s] [ 45%] [32mBuilding C object CMakeFiles/robot_localization__rosidl_typesupport_introspection_c.dir/rosidl_typesupport_introspection_c/robot_localization/srv/detail/set_pose__type_support.c.o[0m
[44.099s] [ 46%] [32mBuilding C object CMakeFiles/robot_localization__rosidl_typesupport_introspection_c.dir/rosidl_typesupport_introspection_c/robot_localization/srv/detail/set_utm_zone__type_support.c.o[0m
[44.219s] [ 47%] [32mBuilding C object CMakeFiles/robot_localization__rosidl_typesupport_introspection_c.dir/rosidl_typesupport_introspection_c/robot_localization/srv/detail/toggle_filter_processing__type_support.c.o[0m
[44.334s] [ 48%] [32mBuilding C object CMakeFiles/robot_localization__rosidl_typesupport_introspection_c.dir/rosidl_typesupport_introspection_c/robot_localization/srv/detail/to_ll__type_support.c.o[0m
[44.449s] [ 48%] [32m[1mLinking C shared library librobot_localization__rosidl_typesupport_introspection_c.so[0m
[44.511s] [ 48%] Built target robot_localization__rosidl_typesupport_introspection_c
[44.526s] [ 49%] [34m[1mGenerating C type support dispatch for ROS interfaces[0m
[45.200s] [ 50%] [32mBuilding CXX object CMakeFiles/robot_localization__rosidl_typesupport_c.dir/rosidl_typesupport_c/robot_localization/srv/from_ll__type_support.cpp.o[0m
[45.293s] [ 50%] [32mBuilding CXX object CMakeFiles/robot_localization__rosidl_typesupport_c.dir/rosidl_typesupport_c/robot_localization/srv/get_state__type_support.cpp.o[0m
[45.381s] [ 51%] [32mBuilding CXX object CMakeFiles/robot_localization__rosidl_typesupport_c.dir/rosidl_typesupport_c/robot_localization/srv/set_datum__type_support.cpp.o[0m
[45.476s] [ 52%] [32mBuilding CXX object CMakeFiles/robot_localization__rosidl_typesupport_c.dir/rosidl_typesupport_c/robot_localization/srv/set_pose__type_support.cpp.o[0m
[45.564s] [ 53%] [32mBuilding CXX object CMakeFiles/robot_localization__rosidl_typesupport_c.dir/rosidl_typesupport_c/robot_localization/srv/set_utm_zone__type_support.cpp.o[0m
[45.655s] [ 53%] [32mBuilding CXX object CMakeFiles/robot_localization__rosidl_typesupport_c.dir/rosidl_typesupport_c/robot_localization/srv/toggle_filter_processing__type_support.cpp.o[0m
[45.745s] [ 54%] [32mBuilding CXX object CMakeFiles/robot_localization__rosidl_typesupport_c.dir/rosidl_typesupport_c/robot_localization/srv/to_ll__type_support.cpp.o[0m
[45.833s] [ 55%] [32m[1mLinking CXX shared library librobot_localization__rosidl_typesupport_c.so[0m
[45.909s] [ 55%] Built target robot_localization__rosidl_typesupport_c
[45.926s] [ 56%] [34m[1mGenerating C++ introspection for ROS interfaces[0m
[46.828s] [ 57%] [32mBuilding CXX object CMakeFiles/robot_localization__rosidl_typesupport_introspection_cpp.dir/rosidl_typesupport_introspection_cpp/robot_localization/srv/detail/from_ll__type_support.cpp.o[0m
[47.642s] [ 58%] [32mBuilding CXX object CMakeFiles/robot_localization__rosidl_typesupport_introspection_cpp.dir/rosidl_typesupport_introspection_cpp/robot_localization/srv/detail/get_state__type_support.cpp.o[0m
[48.620s] [ 58%] [32mBuilding CXX object CMakeFiles/robot_localization__rosidl_typesupport_introspection_cpp.dir/rosidl_typesupport_introspection_cpp/robot_localization/srv/detail/set_datum__type_support.cpp.o[0m
[49.420s] [ 59%] [32mBuilding CXX object CMakeFiles/robot_localization__rosidl_typesupport_introspection_cpp.dir/rosidl_typesupport_introspection_cpp/robot_localization/srv/detail/set_pose__type_support.cpp.o[0m
[50.380s] [ 60%] [32mBuilding CXX object CMakeFiles/robot_localization__rosidl_typesupport_introspection_cpp.dir/rosidl_typesupport_introspection_cpp/robot_localization/srv/detail/set_utm_zone__type_support.cpp.o[0m
[51.270s] [ 60%] [32mBuilding CXX object CMakeFiles/robot_localization__rosidl_typesupport_introspection_cpp.dir/rosidl_typesupport_introspection_cpp/robot_localization/srv/detail/toggle_filter_processing__type_support.cpp.o[0m
[52.010s] [ 61%] [32mBuilding CXX object CMakeFiles/robot_localization__rosidl_typesupport_introspection_cpp.dir/rosidl_typesupport_introspection_cpp/robot_localization/srv/detail/to_ll__type_support.cpp.o[0m
[52.822s] [ 62%] [32m[1mLinking CXX shared library librobot_localization__rosidl_typesupport_introspection_cpp.so[0m
[52.977s] [ 62%] Built target robot_localization__rosidl_typesupport_introspection_cpp
[53.007s] [ 63%] [32mBuilding CXX object CMakeFiles/rl_lib.dir/src/ekf.cpp.o[0m
[64.398s] [ 63%] [32mBuilding CXX object CMakeFiles/rl_lib.dir/src/ukf.cpp.o[0m
[77.810s] [ 64%] [32mBuilding CXX object CMakeFiles/rl_lib.dir/src/filter_base.cpp.o[0m
[84.425s] [ 65%] [32mBuilding CXX object CMakeFiles/rl_lib.dir/src/filter_utilities.cpp.o[0m
[86.499s] [ 66%] [32mBuilding CXX object CMakeFiles/rl_lib.dir/src/navsat_transform.cpp.o[0m
[137.683s] [ 66%] [32mBuilding CXX object CMakeFiles/rl_lib.dir/src/robot_localization_estimator.cpp.o[0m
[140.988s] [ 67%] [32mBuilding CXX object CMakeFiles/rl_lib.dir/src/ros_filter.cpp.o[0m
[237.158s] [ 68%] [32mBuilding CXX object CMakeFiles/rl_lib.dir/src/ros_filter_utilities.cpp.o[0m
[243.766s] [ 68%] [32mBuilding CXX object CMakeFiles/rl_lib.dir/src/ros_robot_localization_listener.cpp.o[0m
[288.878s] [ 69%] [32m[1mLinking CXX shared library librl_lib.so[0m
[291.603s] [ 69%] Built target rl_lib
[291.647s] [ 69%] Built target robot_localization
[291.658s] [ 69%] [32mBuilding CXX object CMakeFiles/ekf_node.dir/src/ekf_node.cpp.o[0m
[291.686s] [ 70%] [32mBuilding CXX object CMakeFiles/ukf_node.dir/src/ukf_node.cpp.o[0m
[300.591s] [ 71%] [32m[1mLinking CXX executable ekf_node[0m
[301.182s] [ 71%] Built target ekf_node
[301.357s] [ 72%] [32m[1mLinking CXX executable ukf_node[0m
[301.822s] [ 72%] Built target ukf_node
[301.858s] [ 73%] [32mBuilding CXX object CMakeFiles/navsat_transform_node.dir/src/navsat_transform_node.cpp.o[0m
[309.098s] [ 74%] [32m[1mLinking CXX executable navsat_transform_node[0m
[309.535s] [ 74%] Built target navsat_transform_node
[309.574s] [ 75%] [32mBuilding CXX object CMakeFiles/robot_localization_listener_node.dir/src/robot_localization_listener_node.cpp.o[0m
[319.537s] [ 75%] [32m[1mLinking CXX executable robot_localization_listener_node[0m
[320.033s] [ 75%] Built target robot_localization_listener_node
[320.075s] [ 76%] [32mBuilding CXX object CMakeFiles/filter_base-test.dir/test/test_filter_base.cpp.o[0m
[325.039s] [ 76%] [32m[1mLinking CXX executable filter_base-test[0m
[325.594s] [ 76%] Built target filter_base-test
[325.634s] [ 76%] [32mBuilding CXX object CMakeFiles/test_filter_base_diagnostics_timestamps.dir/test/test_filter_base_diagnostics_timestamps.cpp.o[0m
[358.450s] [ 77%] [32m[1mLinking CXX executable test_filter_base_diagnostics_timestamps[0m
[359.170s] [ 77%] Built target test_filter_base_diagnostics_timestamps
[359.203s] [ 78%] [32mBuilding CXX object CMakeFiles/test_ekf.dir/test/test_ekf.cpp.o[0m
[368.569s] [ 78%] [32m[1mLinking CXX executable test_ekf[0m
[369.160s] [ 78%] Built target test_ekf
[369.199s] [ 79%] [32mBuilding CXX object CMakeFiles/test_ekf_node_interfaces.dir/test/test_se_node_interfaces.cpp.o[0m
[401.979s] [ 80%] [32m[1mLinking CXX executable test_ekf_node_interfaces[0m
[402.675s] [ 80%] Built target test_ekf_node_interfaces
[402.726s] [ 81%] [32mBuilding CXX object CMakeFiles/test_ukf.dir/test/test_ukf.cpp.o[0m
[412.475s] [ 82%] [32m[1mLinking CXX executable test_ukf[0m
[413.040s] [ 82%] Built target test_ukf
[413.069s] [ 82%] [32mBuilding CXX object CMakeFiles/test_ukf_node_interfaces.dir/test/test_se_node_interfaces.cpp.o[0m
[426.110s] [ 82%] [32mBuilding CXX object CMakeFiles/test_robot_localization_estimator.dir/test/test_robot_localization_estimator.cpp.o[0m
[437.005s] [ 83%] [32m[1mLinking CXX executable test_robot_localization_estimator[0m
[437.667s] [ 83%] Built target test_robot_localization_estimator
[441.715s] [ 84%] [32mBuilding CXX object CMakeFiles/test_navsat_conversions.dir/test/test_navsat_conversions.cpp.o[0m
[444.430s] [ 85%] [32m[1mLinking CXX executable test_navsat_conversions[0m
[445.364s] [ 85%] Built target test_navsat_conversions
[445.401s] [ 86%] [32mBuilding CXX object CMakeFiles/test_ros_robot_localization_listener.dir/test/test_ros_robot_localization_listener.cpp.o[0m
[449.179s] [ 87%] [32m[1mLinking CXX executable test_ukf_node_interfaces[0m
[449.995s] [ 87%] Built target test_ukf_node_interfaces
[450.037s] [ 87%] [32mBuilding CXX object CMakeFiles/test_ros_robot_localization_listener_publisher.dir/test/test_ros_robot_localization_listener_publisher.cpp.o[0m
[456.930s] [ 88%] [32m[1mLinking CXX executable test_ros_robot_localization_listener[0m
[457.739s] [ 88%] Built target test_ros_robot_localization_listener
[466.108s] [ 89%] [32m[1mLinking CXX executable test_ros_robot_localization_listener_publisher[0m
[466.477s] [ 89%] Built target test_ros_robot_localization_listener_publisher
[466.516s] [ 90%] [34m[1mGenerating Python code for ROS interfaces[0m
[468.442s] [ 90%] Built target robot_localization__py
[468.488s] [ 90%] [32mBuilding C object CMakeFiles/robot_localization__rosidl_generator_py.dir/rosidl_generator_py/robot_localization/srv/_from_ll_s.c.o[0m
[468.862s] [ 91%] [32mBuilding C object CMakeFiles/robot_localization__rosidl_generator_py.dir/rosidl_generator_py/robot_localization/srv/_get_state_s.c.o[0m
[469.265s] [ 92%] [32mBuilding C object CMakeFiles/robot_localization__rosidl_generator_py.dir/rosidl_generator_py/robot_localization/srv/_set_datum_s.c.o[0m
[469.628s] [ 93%] [32mBuilding C object CMakeFiles/robot_localization__rosidl_generator_py.dir/rosidl_generator_py/robot_localization/srv/_set_pose_s.c.o[0m
[469.994s] [ 93%] [32mBuilding C object CMakeFiles/robot_localization__rosidl_generator_py.dir/rosidl_generator_py/robot_localization/srv/_set_utm_zone_s.c.o[0m
[470.362s] [ 94%] [32mBuilding C object CMakeFiles/robot_localization__rosidl_generator_py.dir/rosidl_generator_py/robot_localization/srv/_toggle_filter_processing_s.c.o[0m
[470.725s] [ 95%] [32mBuilding C object CMakeFiles/robot_localization__rosidl_generator_py.dir/rosidl_generator_py/robot_localization/srv/_to_ll_s.c.o[0m
[471.104s] [ 95%] [32m[1mLinking C shared library librobot_localization__rosidl_generator_py.so[0m
[471.205s] [ 95%] Built target robot_localization__rosidl_generator_py
[471.240s] [ 96%] [32mBuilding C object CMakeFiles/robot_localization_s__rosidl_typesupport_fastrtps_c.dir/rosidl_generator_py/robot_localization/_robot_localization_s.ep.rosidl_typesupport_fastrtps_c.c.o[0m
[471.867s] [ 96%] [32m[1mLinking C shared module rosidl_generator_py/robot_localization/robot_localization_s__rosidl_typesupport_fastrtps_c.so[0m
[471.931s] [ 96%] Built target robot_localization_s__rosidl_typesupport_fastrtps_c
[471.967s] [ 97%] [32mBuilding C object CMakeFiles/robot_localization_s__rosidl_typesupport_introspection_c.dir/rosidl_generator_py/robot_localization/_robot_localization_s.ep.rosidl_typesupport_introspection_c.c.o[0m
[472.576s] [ 98%] [32m[1mLinking C shared module rosidl_generator_py/robot_localization/robot_localization_s__rosidl_typesupport_introspection_c.so[0m
[472.638s] [ 98%] Built target robot_localization_s__rosidl_typesupport_introspection_c
[472.673s] [ 99%] [32mBuilding C object CMakeFiles/robot_localization_s__rosidl_typesupport_c.dir/rosidl_generator_py/robot_localization/_robot_localization_s.ep.rosidl_typesupport_c.c.o[0m
[473.291s] [100%] [32m[1mLinking C shared module rosidl_generator_py/robot_localization/robot_localization_s__rosidl_typesupport_c.so[0m
[473.350s] [100%] Built target robot_localization_s__rosidl_typesupport_c
[473.368s] Invoked command in '/home/robomango/workspace/MangoMobileRobot/diffdrive_ws/build/robot_localization' returned '0': CMAKE_PREFIX_PATH=${CMAKE_PREFIX_PATH}:/opt/ros/jazzy DEBUGINFOD_URLS=https://debuginfod.ubuntu.com /usr/bin/cmake --build /home/robomango/workspace/MangoMobileRobot/diffdrive_ws/build/robot_localization -- -j2 -l2
[473.382s] Invoking command in '/home/robomango/workspace/MangoMobileRobot/diffdrive_ws/build/robot_localization': CMAKE_PREFIX_PATH=${CMAKE_PREFIX_PATH}:/opt/ros/jazzy DEBUGINFOD_URLS=https://debuginfod.ubuntu.com /usr/bin/cmake --install /home/robomango/workspace/MangoMobileRobot/diffdrive_ws/build/robot_localization
[473.405s] -- Install configuration: "RelWithDebInfo"
[473.406s] -- Execute custom install script
[473.407s] -- Symlinking: /home/robomango/workspace/MangoMobileRobot/diffdrive_ws/install/robot_localization/share/ament_index/resource_index/rosidl_interfaces/robot_localization
[473.420s] -- Symlinking: /home/robomango/workspace/MangoMobileRobot/diffdrive_ws/install/robot_localization/share/robot_localization/srv/FromLL.json
[473.432s] -- Symlinking: /home/robomango/workspace/MangoMobileRobot/diffdrive_ws/install/robot_localization/share/robot_localization/srv/GetState.json
[473.445s] -- Symlinking: /home/robomango/workspace/MangoMobileRobot/diffdrive_ws/install/robot_localization/share/robot_localization/srv/SetDatum.json
[473.458s] -- Symlinking: /home/robomango/workspace/MangoMobileRobot/diffdrive_ws/install/robot_localization/share/robot_localization/srv/SetPose.json
[473.470s] -- Symlinking: /home/robomango/workspace/MangoMobileRobot/diffdrive_ws/install/robot_localization/share/robot_localization/srv/SetUTMZone.json
[473.483s] -- Symlinking: /home/robomango/workspace/MangoMobileRobot/diffdrive_ws/install/robot_localization/share/robot_localization/srv/ToggleFilterProcessing.json
[473.503s] -- Symlinking: /home/robomango/workspace/MangoMobileRobot/diffdrive_ws/install/robot_localization/share/robot_localization/srv/ToLL.json
[473.517s] -- Symlinking: /home/robomango/workspace/MangoMobileRobot/diffdrive_ws/install/robot_localization/include/robot_localization/robot_localization/msg/rosidl_generator_c__visibility_control.h
[473.530s] -- Symlinking: /home/robomango/workspace/MangoMobileRobot/diffdrive_ws/install/robot_localization/include/robot_localization/robot_localization/srv/detail/from_ll__functions.h
[473.542s] -- Symlinking: /home/robomango/workspace/MangoMobileRobot/diffdrive_ws/install/robot_localization/include/robot_localization/robot_localization/srv/detail/from_ll__struct.h
[473.555s] -- Symlinking: /home/robomango/workspace/MangoMobileRobot/diffdrive_ws/install/robot_localization/include/robot_localization/robot_localization/srv/detail/from_ll__type_support.h
[473.567s] -- Symlinking: /home/robomango/workspace/MangoMobileRobot/diffdrive_ws/install/robot_localization/include/robot_localization/robot_localization/srv/detail/get_state__functions.h
[473.581s] -- Symlinking: /home/robomango/workspace/MangoMobileRobot/diffdrive_ws/install/robot_localization/include/robot_localization/robot_localization/srv/detail/get_state__struct.h
[473.598s] -- Symlinking: /home/robomango/workspace/MangoMobileRobot/diffdrive_ws/install/robot_localization/include/robot_localization/robot_localization/srv/detail/get_state__type_support.h
[473.614s] -- Symlinking: /home/robomango/workspace/MangoMobileRobot/diffdrive_ws/install/robot_localization/include/robot_localization/robot_localization/srv/detail/set_datum__functions.h
[473.627s] -- Symlinking: /home/robomango/workspace/MangoMobileRobot/diffdrive_ws/install/robot_localization/include/robot_localization/robot_localization/srv/detail/set_datum__struct.h
[473.640s] -- Symlinking: /home/robomango/workspace/MangoMobileRobot/diffdrive_ws/install/robot_localization/include/robot_localization/robot_localization/srv/detail/set_datum__type_support.h
[473.653s] -- Symlinking: /home/robomango/workspace/MangoMobileRobot/diffdrive_ws/install/robot_localization/include/robot_localization/robot_localization/srv/detail/set_pose__functions.h
[473.666s] -- Symlinking: /home/robomango/workspace/MangoMobileRobot/diffdrive_ws/install/robot_localization/include/robot_localization/robot_localization/srv/detail/set_pose__struct.h
[473.679s] -- Symlinking: /home/robomango/workspace/MangoMobileRobot/diffdrive_ws/install/robot_localization/include/robot_localization/robot_localization/srv/detail/set_pose__type_support.h
[473.697s] -- Symlinking: /home/robomango/workspace/MangoMobileRobot/diffdrive_ws/install/robot_localization/include/robot_localization/robot_localization/srv/detail/set_utm_zone__functions.h
[473.716s] -- Symlinking: /home/robomango/workspace/MangoMobileRobot/diffdrive_ws/install/robot_localization/include/robot_localization/robot_localization/srv/detail/set_utm_zone__struct.h
[473.731s] -- Symlinking: /home/robomango/workspace/MangoMobileRobot/diffdrive_ws/install/robot_localization/include/robot_localization/robot_localization/srv/detail/set_utm_zone__type_support.h
[473.743s] -- Symlinking: /home/robomango/workspace/MangoMobileRobot/diffdrive_ws/install/robot_localization/include/robot_localization/robot_localization/srv/detail/to_ll__functions.h
[473.757s] -- Symlinking: /home/robomango/workspace/MangoMobileRobot/diffdrive_ws/install/robot_localization/include/robot_localization/robot_localization/srv/detail/to_ll__struct.h
[473.772s] -- Symlinking: /home/robomango/workspace/MangoMobileRobot/diffdrive_ws/install/robot_localization/include/robot_localization/robot_localization/srv/detail/to_ll__type_support.h
[473.784s] -- Symlinking: /home/robomango/workspace/MangoMobileRobot/diffdrive_ws/install/robot_localization/include/robot_localization/robot_localization/srv/detail/toggle_filter_processing__functions.h
[473.800s] -- Symlinking: /home/robomango/workspace/MangoMobileRobot/diffdrive_ws/install/robot_localization/include/robot_localization/robot_localization/srv/detail/toggle_filter_processing__struct.h
[473.814s] -- Symlinking: /home/robomango/workspace/MangoMobileRobot/diffdrive_ws/install/robot_localization/include/robot_localization/robot_localization/srv/detail/toggle_filter_processing__type_support.h
[473.827s] -- Symlinking: /home/robomango/workspace/MangoMobileRobot/diffdrive_ws/install/robot_localization/include/robot_localization/robot_localization/srv/from_ll.h
[473.840s] -- Symlinking: /home/robomango/workspace/MangoMobileRobot/diffdrive_ws/install/robot_localization/include/robot_localization/robot_localization/srv/get_state.h
[473.853s] -- Symlinking: /home/robomango/workspace/MangoMobileRobot/diffdrive_ws/install/robot_localization/include/robot_localization/robot_localization/srv/set_datum.h
[473.867s] -- Symlinking: /home/robomango/workspace/MangoMobileRobot/diffdrive_ws/install/robot_localization/include/robot_localization/robot_localization/srv/set_pose.h
[473.881s] -- Symlinking: /home/robomango/workspace/MangoMobileRobot/diffdrive_ws/install/robot_localization/include/robot_localization/robot_localization/srv/set_utm_zone.h
[473.897s] -- Symlinking: /home/robomango/workspace/MangoMobileRobot/diffdrive_ws/install/robot_localization/include/robot_localization/robot_localization/srv/to_ll.h
[473.912s] -- Symlinking: /home/robomango/workspace/MangoMobileRobot/diffdrive_ws/install/robot_localization/include/robot_localization/robot_localization/srv/toggle_filter_processing.h
[473.924s] -- Symlinking: /home/robomango/workspace/MangoMobileRobot/diffdrive_ws/install/robot_localization/share/robot_localization/environment/library_path.sh
[473.937s] -- Symlinking: /home/robomango/workspace/MangoMobileRobot/diffdrive_ws/install/robot_localization/share/robot_localization/environment/library_path.dsv
[473.950s] -- Symlinking: /home/robomango/workspace/MangoMobileRobot/diffdrive_ws/install/robot_localization/include/robot_localization/robot_localization/msg/rosidl_typesupport_fastrtps_c__visibility_control.h
[473.964s] -- Symlinking: /home/robomango/workspace/MangoMobileRobot/diffdrive_ws/install/robot_localization/include/robot_localization/robot_localization/srv/detail/from_ll__rosidl_typesupport_fastrtps_c.h
[473.978s] -- Symlinking: /home/robomango/workspace/MangoMobileRobot/diffdrive_ws/install/robot_localization/include/robot_localization/robot_localization/srv/detail/get_state__rosidl_typesupport_fastrtps_c.h
[473.995s] -- Symlinking: /home/robomango/workspace/MangoMobileRobot/diffdrive_ws/install/robot_localization/include/robot_localization/robot_localization/srv/detail/set_datum__rosidl_typesupport_fastrtps_c.h
[474.010s] -- Symlinking: /home/robomango/workspace/MangoMobileRobot/diffdrive_ws/install/robot_localization/include/robot_localization/robot_localization/srv/detail/set_pose__rosidl_typesupport_fastrtps_c.h
[474.023s] -- Symlinking: /home/robomango/workspace/MangoMobileRobot/diffdrive_ws/install/robot_localization/include/robot_localization/robot_localization/srv/detail/set_utm_zone__rosidl_typesupport_fastrtps_c.h
[474.036s] -- Symlinking: /home/robomango/workspace/MangoMobileRobot/diffdrive_ws/install/robot_localization/include/robot_localization/robot_localization/srv/detail/to_ll__rosidl_typesupport_fastrtps_c.h
[474.052s] -- Symlinking: /home/robomango/workspace/MangoMobileRobot/diffdrive_ws/install/robot_localization/include/robot_localization/robot_localization/srv/detail/toggle_filter_processing__rosidl_typesupport_fastrtps_c.h
[474.065s] -- Symlinking: /home/robomango/workspace/MangoMobileRobot/diffdrive_ws/install/robot_localization/include/robot_localization/robot_localization/msg/rosidl_generator_cpp__visibility_control.hpp
[474.078s] -- Symlinking: /home/robomango/workspace/MangoMobileRobot/diffdrive_ws/install/robot_localization/include/robot_localization/robot_localization/srv/detail/from_ll__builder.hpp
[474.093s] -- Symlinking: /home/robomango/workspace/MangoMobileRobot/diffdrive_ws/install/robot_localization/include/robot_localization/robot_localization/srv/detail/from_ll__struct.hpp
[474.109s] -- Symlinking: /home/robomango/workspace/MangoMobileRobot/diffdrive_ws/install/robot_localization/include/robot_localization/robot_localization/srv/detail/from_ll__traits.hpp
[474.124s] -- Symlinking: /home/robomango/workspace/MangoMobileRobot/diffdrive_ws/install/robot_localization/include/robot_localization/robot_localization/srv/detail/from_ll__type_support.hpp
[474.137s] -- Symlinking: /home/robomango/workspace/MangoMobileRobot/diffdrive_ws/install/robot_localization/include/robot_localization/robot_localization/srv/detail/get_state__builder.hpp
[474.150s] -- Symlinking: /home/robomango/workspace/MangoMobileRobot/diffdrive_ws/install/robot_localization/include/robot_localization/robot_localization/srv/detail/get_state__struct.hpp
[474.163s] -- Symlinking: /home/robomango/workspace/MangoMobileRobot/diffdrive_ws/install/robot_localization/include/robot_localization/robot_localization/srv/detail/get_state__traits.hpp
[474.175s] -- Symlinking: /home/robomango/workspace/MangoMobileRobot/diffdrive_ws/install/robot_localization/include/robot_localization/robot_localization/srv/detail/get_state__type_support.hpp
[474.193s] -- Symlinking: /home/robomango/workspace/MangoMobileRobot/diffdrive_ws/install/robot_localization/include/robot_localization/robot_localization/srv/detail/set_datum__builder.hpp
[474.206s] -- Symlinking: /home/robomango/workspace/MangoMobileRobot/diffdrive_ws/install/robot_localization/include/robot_localization/robot_localization/srv/detail/set_datum__struct.hpp
[474.219s] -- Symlinking: /home/robomango/workspace/MangoMobileRobot/diffdrive_ws/install/robot_localization/include/robot_localization/robot_localization/srv/detail/set_datum__traits.hpp
[474.232s] -- Symlinking: /home/robomango/workspace/MangoMobileRobot/diffdrive_ws/install/robot_localization/include/robot_localization/robot_localization/srv/detail/set_datum__type_support.hpp
[474.246s] -- Symlinking: /home/robomango/workspace/MangoMobileRobot/diffdrive_ws/install/robot_localization/include/robot_localization/robot_localization/srv/detail/set_pose__builder.hpp
[474.258s] -- Symlinking: /home/robomango/workspace/MangoMobileRobot/diffdrive_ws/install/robot_localization/include/robot_localization/robot_localization/srv/detail/set_pose__struct.hpp
[474.271s] -- Symlinking: /home/robomango/workspace/MangoMobileRobot/diffdrive_ws/install/robot_localization/include/robot_localization/robot_localization/srv/detail/set_pose__traits.hpp
[474.283s] -- Symlinking: /home/robomango/workspace/MangoMobileRobot/diffdrive_ws/install/robot_localization/include/robot_localization/robot_localization/srv/detail/set_pose__type_support.hpp
[474.301s] -- Symlinking: /home/robomango/workspace/MangoMobileRobot/diffdrive_ws/install/robot_localization/include/robot_localization/robot_localization/srv/detail/set_utm_zone__builder.hpp
[474.315s] -- Symlinking: /home/robomango/workspace/MangoMobileRobot/diffdrive_ws/install/robot_localization/include/robot_localization/robot_localization/srv/detail/set_utm_zone__struct.hpp
[474.328s] -- Symlinking: /home/robomango/workspace/MangoMobileRobot/diffdrive_ws/install/robot_localization/include/robot_localization/robot_localization/srv/detail/set_utm_zone__traits.hpp
[474.340s] -- Symlinking: /home/robomango/workspace/MangoMobileRobot/diffdrive_ws/install/robot_localization/include/robot_localization/robot_localization/srv/detail/set_utm_zone__type_support.hpp
[474.353s] -- Symlinking: /home/robomango/workspace/MangoMobileRobot/diffdrive_ws/install/robot_localization/include/robot_localization/robot_localization/srv/detail/to_ll__builder.hpp
[474.366s] -- Symlinking: /home/robomango/workspace/MangoMobileRobot/diffdrive_ws/install/robot_localization/include/robot_localization/robot_localization/srv/detail/to_ll__struct.hpp
[474.378s] -- Symlinking: /home/robomango/workspace/MangoMobileRobot/diffdrive_ws/install/robot_localization/include/robot_localization/robot_localization/srv/detail/to_ll__traits.hpp
[474.395s] -- Symlinking: /home/robomango/workspace/MangoMobileRobot/diffdrive_ws/install/robot_localization/include/robot_localization/robot_localization/srv/detail/to_ll__type_support.hpp
[474.411s] -- Symlinking: /home/robomango/workspace/MangoMobileRobot/diffdrive_ws/install/robot_localization/include/robot_localization/robot_localization/srv/detail/toggle_filter_processing__builder.hpp
[474.424s] -- Symlinking: /home/robomango/workspace/MangoMobileRobot/diffdrive_ws/install/robot_localization/include/robot_localization/robot_localization/srv/detail/toggle_filter_processing__struct.hpp
[474.436s] -- Symlinking: /home/robomango/workspace/MangoMobileRobot/diffdrive_ws/install/robot_localization/include/robot_localization/robot_localization/srv/detail/toggle_filter_processing__traits.hpp
[474.448s] -- Symlinking: /home/robomango/workspace/MangoMobileRobot/diffdrive_ws/install/robot_localization/include/robot_localization/robot_localization/srv/detail/toggle_filter_processing__type_support.hpp
[474.461s] -- Symlinking: /home/robomango/workspace/MangoMobileRobot/diffdrive_ws/install/robot_localization/include/robot_localization/robot_localization/srv/from_ll.hpp
[474.473s] -- Symlinking: /home/robomango/workspace/MangoMobileRobot/diffdrive_ws/install/robot_localization/include/robot_localization/robot_localization/srv/get_state.hpp
[474.492s] -- Symlinking: /home/robomango/workspace/MangoMobileRobot/diffdrive_ws/install/robot_localization/include/robot_localization/robot_localization/srv/set_datum.hpp
[474.507s] -- Symlinking: /home/robomango/workspace/MangoMobileRobot/diffdrive_ws/install/robot_localization/include/robot_localization/robot_localization/srv/set_pose.hpp
[474.520s] -- Symlinking: /home/robomango/workspace/MangoMobileRobot/diffdrive_ws/install/robot_localization/include/robot_localization/robot_localization/srv/set_utm_zone.hpp
[474.533s] -- Symlinking: /home/robomango/workspace/MangoMobileRobot/diffdrive_ws/install/robot_localization/include/robot_localization/robot_localization/srv/to_ll.hpp
[474.545s] -- Symlinking: /home/robomango/workspace/MangoMobileRobot/diffdrive_ws/install/robot_localization/include/robot_localization/robot_localization/srv/toggle_filter_processing.hpp
[474.559s] -- Symlinking: /home/robomango/workspace/MangoMobileRobot/diffdrive_ws/install/robot_localization/include/robot_localization/robot_localization/msg/rosidl_typesupport_fastrtps_cpp__visibility_control.h
[474.571s] -- Symlinking: /home/robomango/workspace/MangoMobileRobot/diffdrive_ws/install/robot_localization/include/robot_localization/robot_localization/srv/detail/from_ll__rosidl_typesupport_fastrtps_cpp.hpp
[474.584s] -- Symlinking: /home/robomango/workspace/MangoMobileRobot/diffdrive_ws/install/robot_localization/include/robot_localization/robot_localization/srv/detail/get_state__rosidl_typesupport_fastrtps_cpp.hpp
[474.602s] -- Symlinking: /home/robomango/workspace/MangoMobileRobot/diffdrive_ws/install/robot_localization/include/robot_localization/robot_localization/srv/detail/set_datum__rosidl_typesupport_fastrtps_cpp.hpp
[474.616s] -- Symlinking: /home/robomango/workspace/MangoMobileRobot/diffdrive_ws/install/robot_localization/include/robot_localization/robot_localization/srv/detail/set_pose__rosidl_typesupport_fastrtps_cpp.hpp
[474.629s] -- Symlinking: /home/robomango/workspace/MangoMobileRobot/diffdrive_ws/install/robot_localization/include/robot_localization/robot_localization/srv/detail/set_utm_zone__rosidl_typesupport_fastrtps_cpp.hpp
[474.641s] -- Symlinking: /home/robomango/workspace/MangoMobileRobot/diffdrive_ws/install/robot_localization/include/robot_localization/robot_localization/srv/detail/to_ll__rosidl_typesupport_fastrtps_cpp.hpp
[474.654s] -- Symlinking: /home/robomango/workspace/MangoMobileRobot/diffdrive_ws/install/robot_localization/include/robot_localization/robot_localization/srv/detail/toggle_filter_processing__rosidl_typesupport_fastrtps_cpp.hpp
[474.667s] -- Symlinking: /home/robomango/workspace/MangoMobileRobot/diffdrive_ws/install/robot_localization/include/robot_localization/robot_localization/msg/rosidl_typesupport_introspection_c__visibility_control.h
[474.680s] -- Symlinking: /home/robomango/workspace/MangoMobileRobot/diffdrive_ws/install/robot_localization/include/robot_localization/robot_localization/srv/detail/from_ll__rosidl_typesupport_introspection_c.h
[474.697s] -- Symlinking: /home/robomango/workspace/MangoMobileRobot/diffdrive_ws/install/robot_localization/include/robot_localization/robot_localization/srv/detail/get_state__rosidl_typesupport_introspection_c.h
[474.711s] -- Symlinking: /home/robomango/workspace/MangoMobileRobot/diffdrive_ws/install/robot_localization/include/robot_localization/robot_localization/srv/detail/set_datum__rosidl_typesupport_introspection_c.h
[474.723s] -- Symlinking: /home/robomango/workspace/MangoMobileRobot/diffdrive_ws/install/robot_localization/include/robot_localization/robot_localization/srv/detail/set_pose__rosidl_typesupport_introspection_c.h
[474.736s] -- Symlinking: /home/robomango/workspace/MangoMobileRobot/diffdrive_ws/install/robot_localization/include/robot_localization/robot_localization/srv/detail/set_utm_zone__rosidl_typesupport_introspection_c.h
[474.749s] -- Symlinking: /home/robomango/workspace/MangoMobileRobot/diffdrive_ws/install/robot_localization/include/robot_localization/robot_localization/srv/detail/to_ll__rosidl_typesupport_introspection_c.h
[474.762s] -- Symlinking: /home/robomango/workspace/MangoMobileRobot/diffdrive_ws/install/robot_localization/include/robot_localization/robot_localization/srv/detail/toggle_filter_processing__rosidl_typesupport_introspection_c.h
[474.777s] -- Symlinking: /home/robomango/workspace/MangoMobileRobot/diffdrive_ws/install/robot_localization/include/robot_localization/robot_localization/srv/detail/from_ll__rosidl_typesupport_introspection_cpp.hpp
[474.795s] -- Symlinking: /home/robomango/workspace/MangoMobileRobot/diffdrive_ws/install/robot_localization/include/robot_localization/robot_localization/srv/detail/get_state__rosidl_typesupport_introspection_cpp.hpp
[474.809s] -- Symlinking: /home/robomango/workspace/MangoMobileRobot/diffdrive_ws/install/robot_localization/include/robot_localization/robot_localization/srv/detail/set_datum__rosidl_typesupport_introspection_cpp.hpp
[474.821s] -- Symlinking: /home/robomango/workspace/MangoMobileRobot/diffdrive_ws/install/robot_localization/include/robot_localization/robot_localization/srv/detail/set_pose__rosidl_typesupport_introspection_cpp.hpp
[474.834s] -- Symlinking: /home/robomango/workspace/MangoMobileRobot/diffdrive_ws/install/robot_localization/include/robot_localization/robot_localization/srv/detail/set_utm_zone__rosidl_typesupport_introspection_cpp.hpp
[474.849s] -- Symlinking: /home/robomango/workspace/MangoMobileRobot/diffdrive_ws/install/robot_localization/include/robot_localization/robot_localization/srv/detail/to_ll__rosidl_typesupport_introspection_cpp.hpp
[474.864s] -- Symlinking: /home/robomango/workspace/MangoMobileRobot/diffdrive_ws/install/robot_localization/include/robot_localization/robot_localization/srv/detail/toggle_filter_processing__rosidl_typesupport_introspection_cpp.hpp
[474.876s] -- Symlinking: /home/robomango/workspace/MangoMobileRobot/diffdrive_ws/install/robot_localization/share/robot_localization/environment/pythonpath.sh
[474.891s] -- Symlinking: /home/robomango/workspace/MangoMobileRobot/diffdrive_ws/install/robot_localization/share/robot_localization/environment/pythonpath.dsv
[474.907s] -- Symlinking: /home/robomango/workspace/MangoMobileRobot/diffdrive_ws/install/robot_localization/lib/python3.12/site-packages/robot_localization-3.6.0-py3.12.egg-info/PKG-INFO
[474.920s] -- Symlinking: /home/robomango/workspace/MangoMobileRobot/diffdrive_ws/install/robot_localization/lib/python3.12/site-packages/robot_localization-3.6.0-py3.12.egg-info/SOURCES.txt
[474.933s] -- Symlinking: /home/robomango/workspace/MangoMobileRobot/diffdrive_ws/install/robot_localization/lib/python3.12/site-packages/robot_localization-3.6.0-py3.12.egg-info/dependency_links.txt
[474.948s] -- Symlinking: /home/robomango/workspace/MangoMobileRobot/diffdrive_ws/install/robot_localization/lib/python3.12/site-packages/robot_localization-3.6.0-py3.12.egg-info/top_level.txt
[474.961s] -- Symlinking: /home/robomango/workspace/MangoMobileRobot/diffdrive_ws/install/robot_localization/lib/python3.12/site-packages/robot_localization/__init__.py
[474.974s] -- Symlinking: /home/robomango/workspace/MangoMobileRobot/diffdrive_ws/install/robot_localization/lib/python3.12/site-packages/robot_localization/_robot_localization_s.ep.rosidl_typesupport_c.c
[474.989s] -- Symlinking: /home/robomango/workspace/MangoMobileRobot/diffdrive_ws/install/robot_localization/lib/python3.12/site-packages/robot_localization/_robot_localization_s.ep.rosidl_typesupport_fastrtps_c.c
[475.004s] -- Symlinking: /home/robomango/workspace/MangoMobileRobot/diffdrive_ws/install/robot_localization/lib/python3.12/site-packages/robot_localization/_robot_localization_s.ep.rosidl_typesupport_introspection_c.c
[475.017s] -- Symlinking: /home/robomango/workspace/MangoMobileRobot/diffdrive_ws/install/robot_localization/lib/python3.12/site-packages/robot_localization/robot_localization_s__rosidl_typesupport_c.so
[475.031s] -- Symlinking: /home/robomango/workspace/MangoMobileRobot/diffdrive_ws/install/robot_localization/lib/python3.12/site-packages/robot_localization/robot_localization_s__rosidl_typesupport_fastrtps_c.so
[475.045s] -- Symlinking: /home/robomango/workspace/MangoMobileRobot/diffdrive_ws/install/robot_localization/lib/python3.12/site-packages/robot_localization/robot_localization_s__rosidl_typesupport_introspection_c.so
[475.058s] -- Symlinking: /home/robomango/workspace/MangoMobileRobot/diffdrive_ws/install/robot_localization/lib/python3.12/site-packages/robot_localization/srv/__init__.py
[475.070s] -- Symlinking: /home/robomango/workspace/MangoMobileRobot/diffdrive_ws/install/robot_localization/lib/python3.12/site-packages/robot_localization/srv/_from_ll.py
[475.083s] -- Symlinking: /home/robomango/workspace/MangoMobileRobot/diffdrive_ws/install/robot_localization/lib/python3.12/site-packages/robot_localization/srv/_from_ll_s.c
[475.098s] -- Symlinking: /home/robomango/workspace/MangoMobileRobot/diffdrive_ws/install/robot_localization/lib/python3.12/site-packages/robot_localization/srv/_get_state.py
[475.113s] -- Symlinking: /home/robomango/workspace/MangoMobileRobot/diffdrive_ws/install/robot_localization/lib/python3.12/site-packages/robot_localization/srv/_get_state_s.c
[475.126s] -- Symlinking: /home/robomango/workspace/MangoMobileRobot/diffdrive_ws/install/robot_localization/lib/python3.12/site-packages/robot_localization/srv/_set_datum.py
[475.141s] -- Symlinking: /home/robomango/workspace/MangoMobileRobot/diffdrive_ws/install/robot_localization/lib/python3.12/site-packages/robot_localization/srv/_set_datum_s.c
[475.153s] -- Symlinking: /home/robomango/workspace/MangoMobileRobot/diffdrive_ws/install/robot_localization/lib/python3.12/site-packages/robot_localization/srv/_set_pose.py
[475.166s] -- Symlinking: /home/robomango/workspace/MangoMobileRobot/diffdrive_ws/install/robot_localization/lib/python3.12/site-packages/robot_localization/srv/_set_pose_s.c
[475.178s] -- Symlinking: /home/robomango/workspace/MangoMobileRobot/diffdrive_ws/install/robot_localization/lib/python3.12/site-packages/robot_localization/srv/_set_utm_zone.py
[475.195s] -- Symlinking: /home/robomango/workspace/MangoMobileRobot/diffdrive_ws/install/robot_localization/lib/python3.12/site-packages/robot_localization/srv/_set_utm_zone_s.c
[475.209s] -- Symlinking: /home/robomango/workspace/MangoMobileRobot/diffdrive_ws/install/robot_localization/lib/python3.12/site-packages/robot_localization/srv/_to_ll.py
[475.224s] -- Symlinking: /home/robomango/workspace/MangoMobileRobot/diffdrive_ws/install/robot_localization/lib/python3.12/site-packages/robot_localization/srv/_to_ll_s.c
[475.236s] -- Symlinking: /home/robomango/workspace/MangoMobileRobot/diffdrive_ws/install/robot_localization/lib/python3.12/site-packages/robot_localization/srv/_toggle_filter_processing.py
[475.249s] -- Symlinking: /home/robomango/workspace/MangoMobileRobot/diffdrive_ws/install/robot_localization/lib/python3.12/site-packages/robot_localization/srv/_toggle_filter_processing_s.c
[475.264s] -- Up-to-date symlink: /home/robomango/workspace/MangoMobileRobot/diffdrive_ws/install/robot_localization/lib/python3.12/site-packages/robot_localization/robot_localization_s__rosidl_typesupport_fastrtps_c.so
[475.264s] -- Up-to-date symlink: /home/robomango/workspace/MangoMobileRobot/diffdrive_ws/install/robot_localization/lib/python3.12/site-packages/robot_localization/robot_localization_s__rosidl_typesupport_introspection_c.so
[475.265s] -- Up-to-date symlink: /home/robomango/workspace/MangoMobileRobot/diffdrive_ws/install/robot_localization/lib/python3.12/site-packages/robot_localization/robot_localization_s__rosidl_typesupport_c.so
[475.265s] -- Symlinking: /home/robomango/workspace/MangoMobileRobot/diffdrive_ws/install/robot_localization/share/robot_localization/srv/FromLL.idl
[475.277s] -- Symlinking: /home/robomango/workspace/MangoMobileRobot/diffdrive_ws/install/robot_localization/share/robot_localization/srv/GetState.idl
[475.295s] -- Symlinking: /home/robomango/workspace/MangoMobileRobot/diffdrive_ws/install/robot_localization/share/robot_localization/srv/SetDatum.idl
[475.312s] -- Symlinking: /home/robomango/workspace/MangoMobileRobot/diffdrive_ws/install/robot_localization/share/robot_localization/srv/SetPose.idl
[475.324s] -- Symlinking: /home/robomango/workspace/MangoMobileRobot/diffdrive_ws/install/robot_localization/share/robot_localization/srv/SetUTMZone.idl
[475.337s] -- Symlinking: /home/robomango/workspace/MangoMobileRobot/diffdrive_ws/install/robot_localization/share/robot_localization/srv/ToggleFilterProcessing.idl
[475.349s] -- Symlinking: /home/robomango/workspace/MangoMobileRobot/diffdrive_ws/install/robot_localization/share/robot_localization/srv/ToLL.idl
[475.362s] -- Symlinking: /home/robomango/workspace/MangoMobileRobot/diffdrive_ws/install/robot_localization/share/robot_localization/srv/FromLL.srv
[475.375s] -- Symlinking: /home/robomango/workspace/MangoMobileRobot/diffdrive_ws/install/robot_localization/share/robot_localization/srv/GetState.srv
[475.390s] -- Symlinking: /home/robomango/workspace/MangoMobileRobot/diffdrive_ws/install/robot_localization/share/robot_localization/srv/SetDatum.srv
[475.408s] -- Symlinking: /home/robomango/workspace/MangoMobileRobot/diffdrive_ws/install/robot_localization/share/robot_localization/srv/SetPose.srv
[475.422s] -- Symlinking: /home/robomango/workspace/MangoMobileRobot/diffdrive_ws/install/robot_localization/share/robot_localization/srv/SetUTMZone.srv
[475.435s] -- Symlinking: /home/robomango/workspace/MangoMobileRobot/diffdrive_ws/install/robot_localization/share/robot_localization/srv/ToggleFilterProcessing.srv
[475.448s] -- Symlinking: /home/robomango/workspace/MangoMobileRobot/diffdrive_ws/install/robot_localization/share/robot_localization/srv/ToLL.srv
[475.463s] -- Symlinking: /home/robomango/workspace/MangoMobileRobot/diffdrive_ws/install/robot_localization/lib/robot_localization/filter_base-test
[475.476s] -- Symlinking: /home/robomango/workspace/MangoMobileRobot/diffdrive_ws/install/robot_localization/lib/robot_localization/test_filter_base_diagnostics_timestamps
[475.494s] -- Symlinking: /home/robomango/workspace/MangoMobileRobot/diffdrive_ws/install/robot_localization/lib/robot_localization/test_ekf
[475.508s] -- Symlinking: /home/robomango/workspace/MangoMobileRobot/diffdrive_ws/install/robot_localization/lib/robot_localization/test_ekf_node_interfaces
[475.520s] -- Symlinking: /home/robomango/workspace/MangoMobileRobot/diffdrive_ws/install/robot_localization/lib/robot_localization/test_ukf
[475.533s] -- Symlinking: /home/robomango/workspace/MangoMobileRobot/diffdrive_ws/install/robot_localization/lib/robot_localization/test_ukf_node_interfaces
[475.545s] -- Symlinking: /home/robomango/workspace/MangoMobileRobot/diffdrive_ws/install/robot_localization/lib/robot_localization/test_robot_localization_estimator
[475.558s] -- Symlinking: /home/robomango/workspace/MangoMobileRobot/diffdrive_ws/install/robot_localization/lib/robot_localization/test_navsat_conversions
[475.571s] -- Symlinking: /home/robomango/workspace/MangoMobileRobot/diffdrive_ws/install/robot_localization/lib/robot_localization/test_ros_robot_localization_listener
[475.585s] -- Symlinking: /home/robomango/workspace/MangoMobileRobot/diffdrive_ws/install/robot_localization/lib/robot_localization/test_ros_robot_localization_listener_publisher
[475.604s] -- Symlinking: /home/robomango/workspace/MangoMobileRobot/diffdrive_ws/install/robot_localization/lib/robot_localization/navsat_transform_node
[475.616s] -- Symlinking: /home/robomango/workspace/MangoMobileRobot/diffdrive_ws/install/robot_localization/lib/robot_localization/ekf_node
[475.629s] -- Symlinking: /home/robomango/workspace/MangoMobileRobot/diffdrive_ws/install/robot_localization/lib/robot_localization/ukf_node
[475.642s] -- Symlinking: /home/robomango/workspace/MangoMobileRobot/diffdrive_ws/install/robot_localization/lib/robot_localization/robot_localization_listener_node
[475.655s] -- Symlinking: /home/robomango/workspace/MangoMobileRobot/diffdrive_ws/install/robot_localization/lib/librl_lib.so
[475.671s] -- Symlinking: /home/robomango/workspace/MangoMobileRobot/diffdrive_ws/install/robot_localization/share/ament_index/resource_index/package_run_dependencies/robot_localization
[475.684s] -- Symlinking: /home/robomango/workspace/MangoMobileRobot/diffdrive_ws/install/robot_localization/share/ament_index/resource_index/parent_prefix_path/robot_localization
[475.699s] -- Symlinking: /home/robomango/workspace/MangoMobileRobot/diffdrive_ws/install/robot_localization/share/robot_localization/environment/ament_prefix_path.sh
[475.714s] -- Symlinking: /home/robomango/workspace/MangoMobileRobot/diffdrive_ws/install/robot_localization/share/robot_localization/environment/ament_prefix_path.dsv
[475.727s] -- Symlinking: /home/robomango/workspace/MangoMobileRobot/diffdrive_ws/install/robot_localization/share/robot_localization/environment/path.sh
[475.741s] -- Symlinking: /home/robomango/workspace/MangoMobileRobot/diffdrive_ws/install/robot_localization/share/robot_localization/environment/path.dsv
[475.756s] -- Symlinking: /home/robomango/workspace/MangoMobileRobot/diffdrive_ws/install/robot_localization/share/robot_localization/local_setup.bash
[475.768s] -- Symlinking: /home/robomango/workspace/MangoMobileRobot/diffdrive_ws/install/robot_localization/share/robot_localization/local_setup.sh
[475.781s] -- Symlinking: /home/robomango/workspace/MangoMobileRobot/diffdrive_ws/install/robot_localization/share/robot_localization/local_setup.zsh
[475.797s] -- Symlinking: /home/robomango/workspace/MangoMobileRobot/diffdrive_ws/install/robot_localization/share/robot_localization/local_setup.dsv
[475.811s] -- Symlinking: /home/robomango/workspace/MangoMobileRobot/diffdrive_ws/install/robot_localization/share/robot_localization/package.dsv
[475.824s] -- Symlinking: /home/robomango/workspace/MangoMobileRobot/diffdrive_ws/install/robot_localization/share/ament_index/resource_index/packages/robot_localization
[475.837s] -- Symlinking: /home/robomango/workspace/MangoMobileRobot/diffdrive_ws/install/robot_localization/share/robot_localization/cmake/rosidl_cmake-extras.cmake
[475.853s] -- Symlinking: /home/robomango/workspace/MangoMobileRobot/diffdrive_ws/install/robot_localization/share/robot_localization/cmake/ament_cmake_export_dependencies-extras.cmake
[475.866s] -- Symlinking: /home/robomango/workspace/MangoMobileRobot/diffdrive_ws/install/robot_localization/share/robot_localization/cmake/ament_cmake_export_include_directories-extras.cmake
[475.879s] -- Symlinking: /home/robomango/workspace/MangoMobileRobot/diffdrive_ws/install/robot_localization/share/robot_localization/cmake/ament_cmake_export_libraries-extras.cmake
[475.896s] -- Symlinking: /home/robomango/workspace/MangoMobileRobot/diffdrive_ws/install/robot_localization/share/robot_localization/cmake/ament_cmake_export_targets-extras.cmake
[475.910s] -- Symlinking: /home/robomango/workspace/MangoMobileRobot/diffdrive_ws/install/robot_localization/share/robot_localization/cmake/rosidl_cmake_export_typesupport_targets-extras.cmake
[475.923s] -- Symlinking: /home/robomango/workspace/MangoMobileRobot/diffdrive_ws/install/robot_localization/share/robot_localization/cmake/rosidl_cmake_export_typesupport_libraries-extras.cmake
[475.937s] -- Symlinking: /home/robomango/workspace/MangoMobileRobot/diffdrive_ws/install/robot_localization/share/robot_localization/cmake/robot_localizationConfig.cmake
[475.950s] -- Symlinking: /home/robomango/workspace/MangoMobileRobot/diffdrive_ws/install/robot_localization/share/robot_localization/cmake/robot_localizationConfig-version.cmake
[475.962s] -- Symlinking: /home/robomango/workspace/MangoMobileRobot/diffdrive_ws/install/robot_localization/share/robot_localization/package.xml
[475.975s] -- Installing: /home/robomango/workspace/MangoMobileRobot/diffdrive_ws/install/robot_localization/lib/librobot_localization__rosidl_generator_c.so
[475.979s] -- Set non-toolchain portion of runtime path of "/home/robomango/workspace/MangoMobileRobot/diffdrive_ws/install/robot_localization/lib/librobot_localization__rosidl_generator_c.so" to ""
[475.979s] -- Installing: /home/robomango/workspace/MangoMobileRobot/diffdrive_ws/install/robot_localization/lib/librobot_localization__rosidl_typesupport_fastrtps_c.so
[475.984s] -- Set non-toolchain portion of runtime path of "/home/robomango/workspace/MangoMobileRobot/diffdrive_ws/install/robot_localization/lib/librobot_localization__rosidl_typesupport_fastrtps_c.so" to ""
[475.984s] -- Installing: /home/robomango/workspace/MangoMobileRobot/diffdrive_ws/install/robot_localization/lib/librobot_localization__rosidl_typesupport_fastrtps_cpp.so
[475.990s] -- Set non-toolchain portion of runtime path of "/home/robomango/workspace/MangoMobileRobot/diffdrive_ws/install/robot_localization/lib/librobot_localization__rosidl_typesupport_fastrtps_cpp.so" to ""
[475.991s] -- Installing: /home/robomango/workspace/MangoMobileRobot/diffdrive_ws/install/robot_localization/lib/librobot_localization__rosidl_typesupport_introspection_c.so
[475.993s] -- Set non-toolchain portion of runtime path of "/home/robomango/workspace/MangoMobileRobot/diffdrive_ws/install/robot_localization/lib/librobot_localization__rosidl_typesupport_introspection_c.so" to ""
[475.993s] -- Installing: /home/robomango/workspace/MangoMobileRobot/diffdrive_ws/install/robot_localization/lib/librobot_localization__rosidl_typesupport_c.so
[475.994s] -- Set non-toolchain portion of runtime path of "/home/robomango/workspace/MangoMobileRobot/diffdrive_ws/install/robot_localization/lib/librobot_localization__rosidl_typesupport_c.so" to ""
[475.995s] -- Installing: /home/robomango/workspace/MangoMobileRobot/diffdrive_ws/install/robot_localization/lib/librobot_localization__rosidl_typesupport_introspection_cpp.so
[476.001s] -- Set non-toolchain portion of runtime path of "/home/robomango/workspace/MangoMobileRobot/diffdrive_ws/install/robot_localization/lib/librobot_localization__rosidl_typesupport_introspection_cpp.so" to ""
[476.002s] -- Installing: /home/robomango/workspace/MangoMobileRobot/diffdrive_ws/install/robot_localization/lib/librobot_localization__rosidl_typesupport_cpp.so
[476.006s] -- Set non-toolchain portion of runtime path of "/home/robomango/workspace/MangoMobileRobot/diffdrive_ws/install/robot_localization/lib/librobot_localization__rosidl_typesupport_cpp.so" to ""
[476.095s] Listing '/home/robomango/workspace/MangoMobileRobot/diffdrive_ws/install/robot_localization/lib/python3.12/site-packages/robot_localization'...
[476.095s] Compiling '/home/robomango/workspace/MangoMobileRobot/diffdrive_ws/install/robot_localization/lib/python3.12/site-packages/robot_localization/__init__.py'...
[476.095s] Listing '/home/robomango/workspace/MangoMobileRobot/diffdrive_ws/install/robot_localization/lib/python3.12/site-packages/robot_localization/srv'...
[476.095s] Compiling '/home/robomango/workspace/MangoMobileRobot/diffdrive_ws/install/robot_localization/lib/python3.12/site-packages/robot_localization/srv/__init__.py'...
[476.095s] Compiling '/home/robomango/workspace/MangoMobileRobot/diffdrive_ws/install/robot_localization/lib/python3.12/site-packages/robot_localization/srv/_from_ll.py'...
[476.095s] Compiling '/home/robomango/workspace/MangoMobileRobot/diffdrive_ws/install/robot_localization/lib/python3.12/site-packages/robot_localization/srv/_get_state.py'...
[476.095s] Compiling '/home/robomango/workspace/MangoMobileRobot/diffdrive_ws/install/robot_localization/lib/python3.12/site-packages/robot_localization/srv/_set_datum.py'...
[476.096s] Compiling '/home/robomango/workspace/MangoMobileRobot/diffdrive_ws/install/robot_localization/lib/python3.12/site-packages/robot_localization/srv/_set_pose.py'...
[476.096s] Compiling '/home/robomango/workspace/MangoMobileRobot/diffdrive_ws/install/robot_localization/lib/python3.12/site-packages/robot_localization/srv/_set_utm_zone.py'...
[476.096s] Compiling '/home/robomango/workspace/MangoMobileRobot/diffdrive_ws/install/robot_localization/lib/python3.12/site-packages/robot_localization/srv/_to_ll.py'...
[476.096s] Compiling '/home/robomango/workspace/MangoMobileRobot/diffdrive_ws/install/robot_localization/lib/python3.12/site-packages/robot_localization/srv/_toggle_filter_processing.py'...
[476.109s] -- Installing: /home/robomango/workspace/MangoMobileRobot/diffdrive_ws/install/robot_localization/lib/librobot_localization__rosidl_generator_py.so
[476.110s] -- Set non-toolchain portion of runtime path of "/home/robomango/workspace/MangoMobileRobot/diffdrive_ws/install/robot_localization/lib/librobot_localization__rosidl_generator_py.so" to ""
[476.110s] -- Installing: /home/robomango/workspace/MangoMobileRobot/diffdrive_ws/install/robot_localization/share/robot_localization/test
[476.110s] -- Installing: /home/robomango/workspace/MangoMobileRobot/diffdrive_ws/install/robot_localization/share/robot_localization/test/test_ekf_localization_node_bag2.sh
[476.111s] -- Installing: /home/robomango/workspace/MangoMobileRobot/diffdrive_ws/install/robot_localization/share/robot_localization/test/test_filter_base_diagnostics_timestamps.yaml
[476.111s] -- Installing: /home/robomango/workspace/MangoMobileRobot/diffdrive_ws/install/robot_localization/share/robot_localization/test/test_ukf_localization_node_bag1.sh
[476.111s] -- Installing: /home/robomango/workspace/MangoMobileRobot/diffdrive_ws/install/robot_localization/share/robot_localization/test/test_ekf_localization_node_bag2.yaml
[476.113s] -- Installing: /home/robomango/workspace/MangoMobileRobot/diffdrive_ws/install/robot_localization/share/robot_localization/test/test_se_node_interfaces.launch.py
[476.113s] -- Installing: /home/robomango/workspace/MangoMobileRobot/diffdrive_ws/install/robot_localization/share/robot_localization/test/test_ukf_localization_node_bag2.launch.py
[476.114s] -- Installing: /home/robomango/workspace/MangoMobileRobot/diffdrive_ws/install/robot_localization/share/robot_localization/test/test_filter_base.cpp
[476.114s] -- Installing: /home/robomango/workspace/MangoMobileRobot/diffdrive_ws/install/robot_localization/share/robot_localization/test/test_ros_robot_localization_listener.cpp
[476.115s] -- Installing: /home/robomango/workspace/MangoMobileRobot/diffdrive_ws/install/robot_localization/share/robot_localization/test/test_ekf_localization_node_bag3.yaml
[476.115s] -- Installing: /home/robomango/workspace/MangoMobileRobot/diffdrive_ws/install/robot_localization/share/robot_localization/test/test_ekf_localization_node_bag1.launch.py
[476.115s] -- Installing: /home/robomango/workspace/MangoMobileRobot/diffdrive_ws/install/robot_localization/share/robot_localization/test/test1.bag
[476.119s] -- Installing: /home/robomango/workspace/MangoMobileRobot/diffdrive_ws/install/robot_localization/share/robot_localization/test/test_ekf_localization_node_bag2.launch.py
[476.119s] -- Installing: /home/robomango/workspace/MangoMobileRobot/diffdrive_ws/install/robot_localization/share/robot_localization/test/test_ukf_localization_node_bag3.yaml
[476.121s] -- Installing: /home/robomango/workspace/MangoMobileRobot/diffdrive_ws/install/robot_localization/share/robot_localization/test/test_ros_robot_localization_listener.launch.py
[476.122s] -- Installing: /home/robomango/workspace/MangoMobileRobot/diffdrive_ws/install/robot_localization/share/robot_localization/test/test_ukf_localization_node_bag3.launch.py
[476.123s] -- Installing: /home/robomango/workspace/MangoMobileRobot/diffdrive_ws/install/robot_localization/share/robot_localization/test/test2.bag
[476.125s] -- Installing: /home/robomango/workspace/MangoMobileRobot/diffdrive_ws/install/robot_localization/share/robot_localization/test/test_ukf_localization_node_bag2.yaml
[476.125s] -- Installing: /home/robomango/workspace/MangoMobileRobot/diffdrive_ws/install/robot_localization/share/robot_localization/test/test_ukf_localization_node_bag2.sh
[476.126s] -- Installing: /home/robomango/workspace/MangoMobileRobot/diffdrive_ws/install/robot_localization/share/robot_localization/test/test_ekf_localization_node_bag1.sh
[476.126s] -- Installing: /home/robomango/workspace/MangoMobileRobot/diffdrive_ws/install/robot_localization/share/robot_localization/test/test_ekf.cpp
[476.126s] -- Installing: /home/robomango/workspace/MangoMobileRobot/diffdrive_ws/install/robot_localization/share/robot_localization/test/test3.bag
[476.175s] -- Installing: /home/robomango/workspace/MangoMobileRobot/diffdrive_ws/install/robot_localization/share/robot_localization/test/test_ekf_localization_node_bag3.sh
[476.175s] -- Installing: /home/robomango/workspace/MangoMobileRobot/diffdrive_ws/install/robot_localization/share/robot_localization/test/test_ukf_localization_node_bag3.sh
[476.175s] -- Installing: /home/robomango/workspace/MangoMobileRobot/diffdrive_ws/install/robot_localization/share/robot_localization/test/test_filter_base_diagnostics_timestamps.cpp
[476.176s] -- Installing: /home/robomango/workspace/MangoMobileRobot/diffdrive_ws/install/robot_localization/share/robot_localization/test/test_ekf_localization_node_bag3.launch.py
[476.176s] -- Installing: /home/robomango/workspace/MangoMobileRobot/diffdrive_ws/install/robot_localization/share/robot_localization/test/test_se_node_interfaces.yaml
[476.176s] -- Installing: /home/robomango/workspace/MangoMobileRobot/diffdrive_ws/install/robot_localization/share/robot_localization/test/test_robot_localization_estimator.cpp
[476.176s] -- Installing: /home/robomango/workspace/MangoMobileRobot/diffdrive_ws/install/robot_localization/share/robot_localization/test/test_se_node_interfaces.cpp
[476.176s] -- Installing: /home/robomango/workspace/MangoMobileRobot/diffdrive_ws/install/robot_localization/share/robot_localization/test/test_ekf_localization_node_bag1.yaml
[476.177s] -- Installing: /home/robomango/workspace/MangoMobileRobot/diffdrive_ws/install/robot_localization/share/robot_localization/test/test_ukf_localization_node_bag1.launch.py
[476.177s] -- Installing: /home/robomango/workspace/MangoMobileRobot/diffdrive_ws/install/robot_localization/share/robot_localization/test/test_filter_base_diagnostics_timestamps.launch.py
[476.177s] -- Installing: /home/robomango/workspace/MangoMobileRobot/diffdrive_ws/install/robot_localization/share/robot_localization/test/test_ukf_localization_node_bag1.yaml
[476.178s] -- Installing: /home/robomango/workspace/MangoMobileRobot/diffdrive_ws/install/robot_localization/share/robot_localization/test/test_robot_localization_estimator.launch.py
[476.178s] -- Installing: /home/robomango/workspace/MangoMobileRobot/diffdrive_ws/install/robot_localization/share/robot_localization/test/test_ros_robot_localization_listener.yaml
[476.179s] -- Installing: /home/robomango/workspace/MangoMobileRobot/diffdrive_ws/install/robot_localization/share/robot_localization/test/test_ukf.cpp
[476.179s] -- Installing: /home/robomango/workspace/MangoMobileRobot/diffdrive_ws/install/robot_localization/share/robot_localization/test/test_navsat_conversions.cpp
[476.179s] -- Installing: /home/robomango/workspace/MangoMobileRobot/diffdrive_ws/install/robot_localization/share/robot_localization/test/test_ros_robot_localization_listener_publisher.cpp
[476.179s] -- Installing: /home/robomango/workspace/MangoMobileRobot/diffdrive_ws/install/robot_localization/share/robot_localization/test/test_localization_node_bag_pose_tester.cpp
[476.180s] -- Up-to-date: /home/robomango/workspace/MangoMobileRobot/diffdrive_ws/install/robot_localization/include/robot_localization
[476.180s] -- Up-to-date: /home/robomango/workspace/MangoMobileRobot/diffdrive_ws/install/robot_localization/include/robot_localization/robot_localization
[476.181s] -- Installing: /home/robomango/workspace/MangoMobileRobot/diffdrive_ws/install/robot_localization/include/robot_localization/robot_localization/ros_filter.hpp
[476.181s] -- Installing: /home/robomango/workspace/MangoMobileRobot/diffdrive_ws/install/robot_localization/include/robot_localization/robot_localization/ros_robot_localization_listener.hpp
[476.182s] -- Installing: /home/robomango/workspace/MangoMobileRobot/diffdrive_ws/install/robot_localization/include/robot_localization/robot_localization/ros_filter_utilities.hpp
[476.182s] -- Installing: /home/robomango/workspace/MangoMobileRobot/diffdrive_ws/install/robot_localization/include/robot_localization/robot_localization/navsat_conversions.hpp
[476.183s] -- Installing: /home/robomango/workspace/MangoMobileRobot/diffdrive_ws/install/robot_localization/include/robot_localization/robot_localization/filter_state.hpp
[476.183s] -- Installing: /home/robomango/workspace/MangoMobileRobot/diffdrive_ws/install/robot_localization/include/robot_localization/robot_localization/filter_base.hpp
[476.183s] -- Installing: /home/robomango/workspace/MangoMobileRobot/diffdrive_ws/install/robot_localization/include/robot_localization/robot_localization/ekf.hpp
[476.184s] -- Installing: /home/robomango/workspace/MangoMobileRobot/diffdrive_ws/install/robot_localization/include/robot_localization/robot_localization/ukf.hpp
[476.184s] -- Installing: /home/robomango/workspace/MangoMobileRobot/diffdrive_ws/install/robot_localization/include/robot_localization/robot_localization/filter_common.hpp
[476.184s] -- Installing: /home/robomango/workspace/MangoMobileRobot/diffdrive_ws/install/robot_localization/include/robot_localization/robot_localization/filter_utilities.hpp
[476.184s] -- Installing: /home/robomango/workspace/MangoMobileRobot/diffdrive_ws/install/robot_localization/include/robot_localization/robot_localization/ros_filter_types.hpp
[476.185s] -- Installing: /home/robomango/workspace/MangoMobileRobot/diffdrive_ws/install/robot_localization/include/robot_localization/robot_localization/robot_localization_estimator.hpp
[476.185s] -- Installing: /home/robomango/workspace/MangoMobileRobot/diffdrive_ws/install/robot_localization/include/robot_localization/robot_localization/measurement.hpp
[476.185s] -- Installing: /home/robomango/workspace/MangoMobileRobot/diffdrive_ws/install/robot_localization/include/robot_localization/robot_localization/navsat_transform.hpp
[476.185s] -- Installing: /home/robomango/workspace/MangoMobileRobot/diffdrive_ws/install/robot_localization/share/robot_localization/params
[476.185s] -- Installing: /home/robomango/workspace/MangoMobileRobot/diffdrive_ws/install/robot_localization/share/robot_localization/params/ekf.yaml
[476.185s] -- Installing: /home/robomango/workspace/MangoMobileRobot/diffdrive_ws/install/robot_localization/share/robot_localization/params/ukf.yaml
[476.185s] -- Installing: /home/robomango/workspace/MangoMobileRobot/diffdrive_ws/install/robot_localization/share/robot_localization/params/navsat_transform.yaml
[476.185s] -- Installing: /home/robomango/workspace/MangoMobileRobot/diffdrive_ws/install/robot_localization/share/robot_localization/params/ekf_new.yaml
[476.186s] -- Installing: /home/robomango/workspace/MangoMobileRobot/diffdrive_ws/install/robot_localization/share/robot_localization/params/dual_ekf_navsat_example.yaml
[476.186s] -- Installing: /home/robomango/workspace/MangoMobileRobot/diffdrive_ws/install/robot_localization/share/robot_localization/launch
[476.186s] -- Installing: /home/robomango/workspace/MangoMobileRobot/diffdrive_ws/install/robot_localization/share/robot_localization/launch/ukf.launch.py
[476.186s] -- Installing: /home/robomango/workspace/MangoMobileRobot/diffdrive_ws/install/robot_localization/share/robot_localization/launch/ekf_new.launch.py
[476.186s] -- Installing: /home/robomango/workspace/MangoMobileRobot/diffdrive_ws/install/robot_localization/share/robot_localization/launch/dual_ekf_navsat_example.launch.py
[476.186s] -- Installing: /home/robomango/workspace/MangoMobileRobot/diffdrive_ws/install/robot_localization/share/robot_localization/launch/joy_teleop.launch.py
[476.186s] -- Installing: /home/robomango/workspace/MangoMobileRobot/diffdrive_ws/install/robot_localization/share/robot_localization/launch/navsat_transform.launch.py
[476.186s] -- Installing: /home/robomango/workspace/MangoMobileRobot/diffdrive_ws/install/robot_localization/share/robot_localization/launch/ekf.launch.py
[476.186s] -- Installing: /home/robomango/workspace/MangoMobileRobot/diffdrive_ws/install/robot_localization/share/robot_localization/cmake/export_robot_localization__rosidl_generator_cExport.cmake
[476.186s] -- Installing: /home/robomango/workspace/MangoMobileRobot/diffdrive_ws/install/robot_localization/share/robot_localization/cmake/export_robot_localization__rosidl_generator_cExport-relwithdebinfo.cmake
[476.187s] -- Installing: /home/robomango/workspace/MangoMobileRobot/diffdrive_ws/install/robot_localization/share/robot_localization/cmake/export_robot_localization__rosidl_typesupport_fastrtps_cExport.cmake
[476.187s] -- Installing: /home/robomango/workspace/MangoMobileRobot/diffdrive_ws/install/robot_localization/share/robot_localization/cmake/export_robot_localization__rosidl_typesupport_fastrtps_cExport-relwithdebinfo.cmake
[476.187s] -- Installing: /home/robomango/workspace/MangoMobileRobot/diffdrive_ws/install/robot_localization/share/robot_localization/cmake/export_robot_localization__rosidl_generator_cppExport.cmake
[476.187s] -- Installing: /home/robomango/workspace/MangoMobileRobot/diffdrive_ws/install/robot_localization/share/robot_localization/cmake/export_robot_localization__rosidl_typesupport_fastrtps_cppExport.cmake
[476.188s] -- Installing: /home/robomango/workspace/MangoMobileRobot/diffdrive_ws/install/robot_localization/share/robot_localization/cmake/export_robot_localization__rosidl_typesupport_fastrtps_cppExport-relwithdebinfo.cmake
[476.188s] -- Installing: /home/robomango/workspace/MangoMobileRobot/diffdrive_ws/install/robot_localization/share/robot_localization/cmake/robot_localization__rosidl_typesupport_introspection_cExport.cmake
[476.188s] -- Installing: /home/robomango/workspace/MangoMobileRobot/diffdrive_ws/install/robot_localization/share/robot_localization/cmake/robot_localization__rosidl_typesupport_introspection_cExport-relwithdebinfo.cmake
[476.189s] -- Installing: /home/robomango/workspace/MangoMobileRobot/diffdrive_ws/install/robot_localization/share/robot_localization/cmake/robot_localization__rosidl_typesupport_cExport.cmake
[476.190s] -- Installing: /home/robomango/workspace/MangoMobileRobot/diffdrive_ws/install/robot_localization/share/robot_localization/cmake/robot_localization__rosidl_typesupport_cExport-relwithdebinfo.cmake
[476.190s] -- Installing: /home/robomango/workspace/MangoMobileRobot/diffdrive_ws/install/robot_localization/share/robot_localization/cmake/robot_localization__rosidl_typesupport_introspection_cppExport.cmake
[476.190s] -- Installing: /home/robomango/workspace/MangoMobileRobot/diffdrive_ws/install/robot_localization/share/robot_localization/cmake/robot_localization__rosidl_typesupport_introspection_cppExport-relwithdebinfo.cmake
[476.190s] -- Installing: /home/robomango/workspace/MangoMobileRobot/diffdrive_ws/install/robot_localization/share/robot_localization/cmake/robot_localization__rosidl_typesupport_cppExport.cmake
[476.191s] -- Installing: /home/robomango/workspace/MangoMobileRobot/diffdrive_ws/install/robot_localization/share/robot_localization/cmake/robot_localization__rosidl_typesupport_cppExport-relwithdebinfo.cmake
[476.191s] -- Installing: /home/robomango/workspace/MangoMobileRobot/diffdrive_ws/install/robot_localization/share/robot_localization/cmake/export_robot_localization__rosidl_generator_pyExport.cmake
[476.192s] -- Installing: /home/robomango/workspace/MangoMobileRobot/diffdrive_ws/install/robot_localization/share/robot_localization/cmake/export_robot_localization__rosidl_generator_pyExport-relwithdebinfo.cmake
[476.200s] Invoked command in '/home/robomango/workspace/MangoMobileRobot/diffdrive_ws/build/robot_localization' returned '0': CMAKE_PREFIX_PATH=${CMAKE_PREFIX_PATH}:/opt/ros/jazzy DEBUGINFOD_URLS=https://debuginfod.ubuntu.com /usr/bin/cmake --install /home/robomango/workspace/MangoMobileRobot/diffdrive_ws/build/robot_localization
