-- The C compiler identification is GNU 13.3.0
-- The CXX compiler identification is GNU 13.3.0
-- Detecting C compiler ABI info
-- Detecting C compiler ABI info - done
-- Check for working C compiler: /usr/bin/cc - skipped
-- Detecting C compile features
-- Detecting C compile features - done
-- Detecting CXX compiler ABI info
-- Detecting CXX compiler ABI info - done
-- Check for working CXX compiler: /usr/bin/c++ - skipped
-- Detecting CXX compile features
-- Detecting CXX compile features - done
-- Found ament_cmake: 2.5.3 (/opt/ros/jazzy/share/ament_cmake/cmake)
-- Found Python3: /usr/bin/python3 (found version "3.12.3") found components: Interpreter 
-- Override CMake install command with custom implementation using symlinks instead of copying resources
-- Configuring done (1.1s)
-- Generating done (0.0s)
-- Build files have been written to: /home/robomango/workspace/MangoMobileRobot/diffdrive_ws/build/diffdrive_description
-- Install configuration: ""
-- Execute custom install script
-- Symlinking: /home/robomango/workspace/MangoMobileRobot/diffdrive_ws/install/diffdrive_description/share/diffdrive_description//urdf/common_properties.xacro
-- Symlinking: /home/robomango/workspace/MangoMobileRobot/diffdrive_ws/install/diffdrive_description/share/diffdrive_description//urdf/mobile_base.xacro
-- Symlinking: /home/robomango/workspace/MangoMobileRobot/diffdrive_ws/install/diffdrive_description/share/diffdrive_description//urdf/my_robot.urdf.xacro
-- Symlinking: /home/robomango/workspace/MangoMobileRobot/diffdrive_ws/install/diffdrive_description/share/diffdrive_description//launch/display.launch.xml
-- Symlinking: /home/robomango/workspace/MangoMobileRobot/diffdrive_ws/install/diffdrive_description/share/diffdrive_description//rviz/diffdrive_config.rviz
-- Symlinking: /home/robomango/workspace/MangoMobileRobot/diffdrive_ws/install/diffdrive_description/share/ament_index/resource_index/package_run_dependencies/diffdrive_description
-- Symlinking: /home/robomango/workspace/MangoMobileRobot/diffdrive_ws/install/diffdrive_description/share/ament_index/resource_index/parent_prefix_path/diffdrive_description
-- Symlinking: /home/robomango/workspace/MangoMobileRobot/diffdrive_ws/install/diffdrive_description/share/diffdrive_description/environment/ament_prefix_path.sh
-- Symlinking: /home/robomango/workspace/MangoMobileRobot/diffdrive_ws/install/diffdrive_description/share/diffdrive_description/environment/ament_prefix_path.dsv
-- Symlinking: /home/robomango/workspace/MangoMobileRobot/diffdrive_ws/install/diffdrive_description/share/diffdrive_description/environment/path.sh
-- Symlinking: /home/robomango/workspace/MangoMobileRobot/diffdrive_ws/install/diffdrive_description/share/diffdrive_description/environment/path.dsv
-- Symlinking: /home/robomango/workspace/MangoMobileRobot/diffdrive_ws/install/diffdrive_description/share/diffdrive_description/local_setup.bash
-- Symlinking: /home/robomango/workspace/MangoMobileRobot/diffdrive_ws/install/diffdrive_description/share/diffdrive_description/local_setup.sh
-- Symlinking: /home/robomango/workspace/MangoMobileRobot/diffdrive_ws/install/diffdrive_description/share/diffdrive_description/local_setup.zsh
-- Symlinking: /home/robomango/workspace/MangoMobileRobot/diffdrive_ws/install/diffdrive_description/share/diffdrive_description/local_setup.dsv
-- Symlinking: /home/robomango/workspace/MangoMobileRobot/diffdrive_ws/install/diffdrive_description/share/diffdrive_description/package.dsv
-- Symlinking: /home/robomango/workspace/MangoMobileRobot/diffdrive_ws/install/diffdrive_description/share/ament_index/resource_index/packages/diffdrive_description
-- Symlinking: /home/robomango/workspace/MangoMobileRobot/diffdrive_ws/install/diffdrive_description/share/diffdrive_description/cmake/diffdrive_descriptionConfig.cmake
-- Symlinking: /home/robomango/workspace/MangoMobileRobot/diffdrive_ws/install/diffdrive_description/share/diffdrive_description/cmake/diffdrive_descriptionConfig-version.cmake
-- Symlinking: /home/robomango/workspace/MangoMobileRobot/diffdrive_ws/install/diffdrive_description/share/diffdrive_description/package.xml
