[0.030s] Invoking command in '/home/robomango/workspace/MangoMobileRobot/diffdrive_ws/build/diffdrive_description': AMENT_PREFIX_PATH=/home/robomango/workspace/MangoMobileRobot/diffdrive_ws/install/robot_localization:${AMENT_PREFIX_PATH} CMAKE_PREFIX_PATH=/home/robomango/workspace/MangoMobileRobot/diffdrive_ws/install/robot_localization:/opt/ros/jazzy/opt/gz_math_vendor:/opt/ros/jazzy/opt/gz_utils_vendor:/opt/ros/jazzy/opt/gz_cmake_vendor:/opt/ros/jazzy DEBUGINFOD_URLS=https://debuginfod.ubuntu.com LD_LIBRARY_PATH=/home/robomango/workspace/MangoMobileRobot/diffdrive_ws/install/robot_localization/lib:${LD_LIBRARY_PATH} PYTHONPATH=/home/robomango/workspace/MangoMobileRobot/diffdrive_ws/install/robot_localization/lib/python3.12/site-packages:${PYTHONPATH} /usr/bin/cmake /home/robomango/workspace/MangoMobileRobot/diffdrive_ws/src/diffdrive_description -DAMENT_CMAKE_SYMLINK_INSTALL=1 -DCMAKE_INSTALL_PREFIX=/home/robomango/workspace/MangoMobileRobot/diffdrive_ws/install/diffdrive_description
[0.115s] -- The C compiler identification is GNU 13.3.0
[0.202s] -- The CXX compiler identification is GNU 13.3.0
[0.224s] -- Detecting C compiler ABI info
[0.357s] -- Detecting C compiler ABI info - done
[0.370s] -- Check for working C compiler: /usr/bin/cc - skipped
[0.370s] -- Detecting C compile features
[0.371s] -- Detecting C compile features - done
[0.386s] -- Detecting CXX compiler ABI info
[0.534s] -- Detecting CXX compiler ABI info - done
[0.547s] -- Check for working CXX compiler: /usr/bin/c++ - skipped
[0.547s] -- Detecting CXX compile features
[0.548s] -- Detecting CXX compile features - done
[0.554s] -- Found ament_cmake: 2.5.3 (/opt/ros/jazzy/share/ament_cmake/cmake)
[0.778s] -- Found Python3: /usr/bin/python3 (found version "3.12.3") found components: Interpreter 
[0.898s] -- Override CMake install command with custom implementation using symlinks instead of copying resources
[1.098s] -- Configuring done (1.1s)
[1.102s] -- Generating done (0.0s)
[1.104s] -- Build files have been written to: /home/robomango/workspace/MangoMobileRobot/diffdrive_ws/build/diffdrive_description
[1.110s] Invoked command in '/home/robomango/workspace/MangoMobileRobot/diffdrive_ws/build/diffdrive_description' returned '0': AMENT_PREFIX_PATH=/home/robomango/workspace/MangoMobileRobot/diffdrive_ws/install/robot_localization:${AMENT_PREFIX_PATH} CMAKE_PREFIX_PATH=/home/robomango/workspace/MangoMobileRobot/diffdrive_ws/install/robot_localization:/opt/ros/jazzy/opt/gz_math_vendor:/opt/ros/jazzy/opt/gz_utils_vendor:/opt/ros/jazzy/opt/gz_cmake_vendor:/opt/ros/jazzy DEBUGINFOD_URLS=https://debuginfod.ubuntu.com LD_LIBRARY_PATH=/home/robomango/workspace/MangoMobileRobot/diffdrive_ws/install/robot_localization/lib:${LD_LIBRARY_PATH} PYTHONPATH=/home/robomango/workspace/MangoMobileRobot/diffdrive_ws/install/robot_localization/lib/python3.12/site-packages:${PYTHONPATH} /usr/bin/cmake /home/robomango/workspace/MangoMobileRobot/diffdrive_ws/src/diffdrive_description -DAMENT_CMAKE_SYMLINK_INSTALL=1 -DCMAKE_INSTALL_PREFIX=/home/robomango/workspace/MangoMobileRobot/diffdrive_ws/install/diffdrive_description
[1.111s] Invoking command in '/home/robomango/workspace/MangoMobileRobot/diffdrive_ws/build/diffdrive_description': AMENT_PREFIX_PATH=/home/robomango/workspace/MangoMobileRobot/diffdrive_ws/install/robot_localization:${AMENT_PREFIX_PATH} CMAKE_PREFIX_PATH=/home/robomango/workspace/MangoMobileRobot/diffdrive_ws/install/robot_localization:/opt/ros/jazzy/opt/gz_math_vendor:/opt/ros/jazzy/opt/gz_utils_vendor:/opt/ros/jazzy/opt/gz_cmake_vendor:/opt/ros/jazzy DEBUGINFOD_URLS=https://debuginfod.ubuntu.com LD_LIBRARY_PATH=/home/robomango/workspace/MangoMobileRobot/diffdrive_ws/install/robot_localization/lib:${LD_LIBRARY_PATH} PYTHONPATH=/home/robomango/workspace/MangoMobileRobot/diffdrive_ws/install/robot_localization/lib/python3.12/site-packages:${PYTHONPATH} /usr/bin/cmake --build /home/robomango/workspace/MangoMobileRobot/diffdrive_ws/build/diffdrive_description -- -j2 -l2
[1.170s] Invoked command in '/home/robomango/workspace/MangoMobileRobot/diffdrive_ws/build/diffdrive_description' returned '0': AMENT_PREFIX_PATH=/home/robomango/workspace/MangoMobileRobot/diffdrive_ws/install/robot_localization:${AMENT_PREFIX_PATH} CMAKE_PREFIX_PATH=/home/robomango/workspace/MangoMobileRobot/diffdrive_ws/install/robot_localization:/opt/ros/jazzy/opt/gz_math_vendor:/opt/ros/jazzy/opt/gz_utils_vendor:/opt/ros/jazzy/opt/gz_cmake_vendor:/opt/ros/jazzy DEBUGINFOD_URLS=https://debuginfod.ubuntu.com LD_LIBRARY_PATH=/home/robomango/workspace/MangoMobileRobot/diffdrive_ws/install/robot_localization/lib:${LD_LIBRARY_PATH} PYTHONPATH=/home/robomango/workspace/MangoMobileRobot/diffdrive_ws/install/robot_localization/lib/python3.12/site-packages:${PYTHONPATH} /usr/bin/cmake --build /home/robomango/workspace/MangoMobileRobot/diffdrive_ws/build/diffdrive_description -- -j2 -l2
[1.173s] Invoking command in '/home/robomango/workspace/MangoMobileRobot/diffdrive_ws/build/diffdrive_description': AMENT_PREFIX_PATH=/home/robomango/workspace/MangoMobileRobot/diffdrive_ws/install/robot_localization:${AMENT_PREFIX_PATH} CMAKE_PREFIX_PATH=/home/robomango/workspace/MangoMobileRobot/diffdrive_ws/install/robot_localization:/opt/ros/jazzy/opt/gz_math_vendor:/opt/ros/jazzy/opt/gz_utils_vendor:/opt/ros/jazzy/opt/gz_cmake_vendor:/opt/ros/jazzy DEBUGINFOD_URLS=https://debuginfod.ubuntu.com LD_LIBRARY_PATH=/home/robomango/workspace/MangoMobileRobot/diffdrive_ws/install/robot_localization/lib:${LD_LIBRARY_PATH} PYTHONPATH=/home/robomango/workspace/MangoMobileRobot/diffdrive_ws/install/robot_localization/lib/python3.12/site-packages:${PYTHONPATH} /usr/bin/cmake --install /home/robomango/workspace/MangoMobileRobot/diffdrive_ws/build/diffdrive_description
[1.185s] -- Install configuration: ""
[1.186s] -- Execute custom install script
[1.187s] -- Symlinking: /home/robomango/workspace/MangoMobileRobot/diffdrive_ws/install/diffdrive_description/share/diffdrive_description//urdf/common_properties.xacro
[1.199s] -- Symlinking: /home/robomango/workspace/MangoMobileRobot/diffdrive_ws/install/diffdrive_description/share/diffdrive_description//urdf/mobile_base.xacro
[1.214s] -- Symlinking: /home/robomango/workspace/MangoMobileRobot/diffdrive_ws/install/diffdrive_description/share/diffdrive_description//urdf/my_robot.urdf.xacro
[1.227s] -- Symlinking: /home/robomango/workspace/MangoMobileRobot/diffdrive_ws/install/diffdrive_description/share/diffdrive_description//launch/display.launch.xml
[1.242s] -- Symlinking: /home/robomango/workspace/MangoMobileRobot/diffdrive_ws/install/diffdrive_description/share/diffdrive_description//rviz/diffdrive_config.rviz
[1.256s] -- Symlinking: /home/robomango/workspace/MangoMobileRobot/diffdrive_ws/install/diffdrive_description/share/ament_index/resource_index/package_run_dependencies/diffdrive_description
[1.272s] -- Symlinking: /home/robomango/workspace/MangoMobileRobot/diffdrive_ws/install/diffdrive_description/share/ament_index/resource_index/parent_prefix_path/diffdrive_description
[1.287s] -- Symlinking: /home/robomango/workspace/MangoMobileRobot/diffdrive_ws/install/diffdrive_description/share/diffdrive_description/environment/ament_prefix_path.sh
[1.299s] -- Symlinking: /home/robomango/workspace/MangoMobileRobot/diffdrive_ws/install/diffdrive_description/share/diffdrive_description/environment/ament_prefix_path.dsv
[1.313s] -- Symlinking: /home/robomango/workspace/MangoMobileRobot/diffdrive_ws/install/diffdrive_description/share/diffdrive_description/environment/path.sh
[1.328s] -- Symlinking: /home/robomango/workspace/MangoMobileRobot/diffdrive_ws/install/diffdrive_description/share/diffdrive_description/environment/path.dsv
[1.341s] -- Symlinking: /home/robomango/workspace/MangoMobileRobot/diffdrive_ws/install/diffdrive_description/share/diffdrive_description/local_setup.bash
[1.354s] -- Symlinking: /home/robomango/workspace/MangoMobileRobot/diffdrive_ws/install/diffdrive_description/share/diffdrive_description/local_setup.sh
[1.369s] -- Symlinking: /home/robomango/workspace/MangoMobileRobot/diffdrive_ws/install/diffdrive_description/share/diffdrive_description/local_setup.zsh
[1.383s] -- Symlinking: /home/robomango/workspace/MangoMobileRobot/diffdrive_ws/install/diffdrive_description/share/diffdrive_description/local_setup.dsv
[1.397s] -- Symlinking: /home/robomango/workspace/MangoMobileRobot/diffdrive_ws/install/diffdrive_description/share/diffdrive_description/package.dsv
[1.413s] -- Symlinking: /home/robomango/workspace/MangoMobileRobot/diffdrive_ws/install/diffdrive_description/share/ament_index/resource_index/packages/diffdrive_description
[1.426s] -- Symlinking: /home/robomango/workspace/MangoMobileRobot/diffdrive_ws/install/diffdrive_description/share/diffdrive_description/cmake/diffdrive_descriptionConfig.cmake
[1.439s] -- Symlinking: /home/robomango/workspace/MangoMobileRobot/diffdrive_ws/install/diffdrive_description/share/diffdrive_description/cmake/diffdrive_descriptionConfig-version.cmake
[1.452s] -- Symlinking: /home/robomango/workspace/MangoMobileRobot/diffdrive_ws/install/diffdrive_description/share/diffdrive_description/package.xml
[1.472s] Invoked command in '/home/robomango/workspace/MangoMobileRobot/diffdrive_ws/build/diffdrive_description' returned '0': AMENT_PREFIX_PATH=/home/robomango/workspace/MangoMobileRobot/diffdrive_ws/install/robot_localization:${AMENT_PREFIX_PATH} CMAKE_PREFIX_PATH=/home/robomango/workspace/MangoMobileRobot/diffdrive_ws/install/robot_localization:/opt/ros/jazzy/opt/gz_math_vendor:/opt/ros/jazzy/opt/gz_utils_vendor:/opt/ros/jazzy/opt/gz_cmake_vendor:/opt/ros/jazzy DEBUGINFOD_URLS=https://debuginfod.ubuntu.com LD_LIBRARY_PATH=/home/robomango/workspace/MangoMobileRobot/diffdrive_ws/install/robot_localization/lib:${LD_LIBRARY_PATH} PYTHONPATH=/home/robomango/workspace/MangoMobileRobot/diffdrive_ws/install/robot_localization/lib/python3.12/site-packages:${PYTHONPATH} /usr/bin/cmake --install /home/robomango/workspace/MangoMobileRobot/diffdrive_ws/build/diffdrive_description
