[0.150s] DEBUG:colcon:Command line arguments: ['/usr/bin/colcon', 'build', '--packages-up-to', 'micro_ros_agent', '--cmake-args', '-DUAGENT_BUILD_EXECUTABLE=OFF', '-DUAGENT_P2P_PROFILE=OFF', '--no-warn-unused-cli']
[0.150s] DEBUG:colcon:Parsed command line arguments: Namespace(log_base=None, log_level=None, verb_name='build', build_base='build', install_base='install', merge_install=False, symlink_install=False, test_result_base=None, continue_on_error=False, executor='parallel', parallel_workers=2, event_handlers=None, ignore_user_meta=False, metas=['./colcon.meta'], base_paths=['.'], packages_ignore=None, packages_ignore_regex=None, paths=None, packages_up_to=['micro_ros_agent'], packages_up_to_regex=None, packages_above=None, packages_above_and_dependencies=None, packages_above_depth=None, packages_select_by_dep=None, packages_skip_by_dep=None, packages_skip_up_to=None, packages_select_build_failed=False, packages_skip_build_finished=False, packages_select_test_failures=False, packages_skip_test_passed=False, packages_select=None, packages_skip=None, packages_select_regex=None, packages_skip_regex=None, packages_start=None, packages_end=None, allow_overriding=[], cmake_args=['-DUAGENT_BUILD_EXECUTABLE=OFF', '-DUAGENT_P2P_PROFILE=OFF', '--no-warn-unused-cli'], cmake_target=None, cmake_target_skip_unavailable=False, cmake_clean_cache=False, cmake_clean_first=False, cmake_force_configure=False, ament_cmake_args=None, catkin_cmake_args=None, catkin_skip_building_tests=False, mixin_files=None, mixin=None, verb_parser=<colcon_mixin.mixin.mixin_argument.MixinArgumentDecorator object at 0x76a35de889e0>, verb_extension=<colcon_core.verb.build.BuildVerb object at 0x76a35de88680>, main=<bound method BuildVerb.main of <colcon_core.verb.build.BuildVerb object at 0x76a35de88680>>, mixin_verb=('build',))
[0.203s] Level 1:colcon.colcon_core.package_discovery:discover_packages(colcon_meta) check parameters
[0.203s] Level 1:colcon.colcon_core.package_discovery:discover_packages(recursive) check parameters
[0.203s] Level 1:colcon.colcon_core.package_discovery:discover_packages(ignore) check parameters
[0.203s] Level 1:colcon.colcon_core.package_discovery:discover_packages(path) check parameters
[0.203s] Level 1:colcon.colcon_core.package_discovery:discover_packages(colcon_meta) discover
[0.203s] Level 1:colcon.colcon_core.package_discovery:discover_packages(recursive) discover
[0.203s] INFO:colcon.colcon_core.package_discovery:Crawling recursively for packages in '/home/robomango/workspace/microros_ws'
[0.203s] Level 1:colcon.colcon_core.package_identification:_identify(.) by extensions ['ignore', 'ignore_ament_install']
[0.204s] Level 1:colcon.colcon_core.package_identification:_identify(.) by extension 'ignore'
[0.204s] Level 1:colcon.colcon_core.package_identification:_identify(.) by extension 'ignore_ament_install'
[0.204s] Level 1:colcon.colcon_core.package_identification:_identify(.) by extensions ['colcon_pkg']
[0.204s] Level 1:colcon.colcon_core.package_identification:_identify(.) by extension 'colcon_pkg'
[0.204s] Level 1:colcon.colcon_core.package_identification:_identify(.) by extensions ['colcon_meta']
[0.204s] Level 1:colcon.colcon_core.package_identification:_identify(.) by extension 'colcon_meta'
[0.204s] Level 1:colcon.colcon_core.package_identification:_identify(.) by extensions ['ros']
[0.204s] Level 1:colcon.colcon_core.package_identification:_identify(.) by extension 'ros'
[0.239s] Level 1:colcon.colcon_core.package_identification:_identify(.) by extensions ['cmake', 'python']
[0.239s] Level 1:colcon.colcon_core.package_identification:_identify(.) by extension 'cmake'
[0.239s] Level 1:colcon.colcon_core.package_identification:_identify(.) by extension 'python'
[0.239s] Level 1:colcon.colcon_core.package_identification:_identify(.) by extensions ['python_setup_py']
[0.239s] Level 1:colcon.colcon_core.package_identification:_identify(.) by extension 'python_setup_py'
[0.239s] Level 1:colcon.colcon_core.package_identification:_identify(build) by extensions ['ignore', 'ignore_ament_install']
[0.239s] Level 1:colcon.colcon_core.package_identification:_identify(build) by extension 'ignore'
[0.239s] Level 1:colcon.colcon_core.package_identification:_identify(build) ignored
[0.239s] Level 1:colcon.colcon_core.package_identification:_identify(install) by extensions ['ignore', 'ignore_ament_install']
[0.240s] Level 1:colcon.colcon_core.package_identification:_identify(install) by extension 'ignore'
[0.240s] Level 1:colcon.colcon_core.package_identification:_identify(install) ignored
[0.240s] Level 1:colcon.colcon_core.package_identification:_identify(log) by extensions ['ignore', 'ignore_ament_install']
[0.240s] Level 1:colcon.colcon_core.package_identification:_identify(log) by extension 'ignore'
[0.240s] Level 1:colcon.colcon_core.package_identification:_identify(log) ignored
[0.240s] Level 1:colcon.colcon_core.package_identification:_identify(src) by extensions ['ignore', 'ignore_ament_install']
[0.240s] Level 1:colcon.colcon_core.package_identification:_identify(src) by extension 'ignore'
[0.240s] Level 1:colcon.colcon_core.package_identification:_identify(src) by extension 'ignore_ament_install'
[0.240s] Level 1:colcon.colcon_core.package_identification:_identify(src) by extensions ['colcon_pkg']
[0.240s] Level 1:colcon.colcon_core.package_identification:_identify(src) by extension 'colcon_pkg'
[0.240s] Level 1:colcon.colcon_core.package_identification:_identify(src) by extensions ['colcon_meta']
[0.240s] Level 1:colcon.colcon_core.package_identification:_identify(src) by extension 'colcon_meta'
[0.240s] Level 1:colcon.colcon_core.package_identification:_identify(src) by extensions ['ros']
[0.240s] Level 1:colcon.colcon_core.package_identification:_identify(src) by extension 'ros'
[0.240s] Level 1:colcon.colcon_core.package_identification:_identify(src) by extensions ['cmake', 'python']
[0.241s] Level 1:colcon.colcon_core.package_identification:_identify(src) by extension 'cmake'
[0.241s] Level 1:colcon.colcon_core.package_identification:_identify(src) by extension 'python'
[0.241s] Level 1:colcon.colcon_core.package_identification:_identify(src) by extensions ['python_setup_py']
[0.241s] Level 1:colcon.colcon_core.package_identification:_identify(src) by extension 'python_setup_py'
[0.241s] Level 1:colcon.colcon_core.package_identification:_identify(src/micro_ros_setup) by extensions ['ignore', 'ignore_ament_install']
[0.241s] Level 1:colcon.colcon_core.package_identification:_identify(src/micro_ros_setup) by extension 'ignore'
[0.241s] Level 1:colcon.colcon_core.package_identification:_identify(src/micro_ros_setup) by extension 'ignore_ament_install'
[0.241s] Level 1:colcon.colcon_core.package_identification:_identify(src/micro_ros_setup) by extensions ['colcon_pkg']
[0.241s] Level 1:colcon.colcon_core.package_identification:_identify(src/micro_ros_setup) by extension 'colcon_pkg'
[0.241s] Level 1:colcon.colcon_core.package_identification:_identify(src/micro_ros_setup) by extensions ['colcon_meta']
[0.241s] Level 1:colcon.colcon_core.package_identification:_identify(src/micro_ros_setup) by extension 'colcon_meta'
[0.241s] Level 1:colcon.colcon_core.package_identification:_identify(src/micro_ros_setup) by extensions ['ros']
[0.241s] Level 1:colcon.colcon_core.package_identification:_identify(src/micro_ros_setup) by extension 'ros'
[0.244s] DEBUG:colcon.colcon_core.package_identification:Package 'src/micro_ros_setup' with type 'ros.ament_cmake' and name 'micro_ros_setup'
[0.245s] Level 1:colcon.colcon_core.package_identification:_identify(src/uros) by extensions ['ignore', 'ignore_ament_install']
[0.245s] Level 1:colcon.colcon_core.package_identification:_identify(src/uros) by extension 'ignore'
[0.245s] Level 1:colcon.colcon_core.package_identification:_identify(src/uros) by extension 'ignore_ament_install'
[0.245s] Level 1:colcon.colcon_core.package_identification:_identify(src/uros) by extensions ['colcon_pkg']
[0.245s] Level 1:colcon.colcon_core.package_identification:_identify(src/uros) by extension 'colcon_pkg'
[0.245s] Level 1:colcon.colcon_core.package_identification:_identify(src/uros) by extensions ['colcon_meta']
[0.245s] Level 1:colcon.colcon_core.package_identification:_identify(src/uros) by extension 'colcon_meta'
[0.245s] Level 1:colcon.colcon_core.package_identification:_identify(src/uros) by extensions ['ros']
[0.245s] Level 1:colcon.colcon_core.package_identification:_identify(src/uros) by extension 'ros'
[0.245s] Level 1:colcon.colcon_core.package_identification:_identify(src/uros) by extensions ['cmake', 'python']
[0.245s] Level 1:colcon.colcon_core.package_identification:_identify(src/uros) by extension 'cmake'
[0.245s] Level 1:colcon.colcon_core.package_identification:_identify(src/uros) by extension 'python'
[0.245s] Level 1:colcon.colcon_core.package_identification:_identify(src/uros) by extensions ['python_setup_py']
[0.245s] Level 1:colcon.colcon_core.package_identification:_identify(src/uros) by extension 'python_setup_py'
[0.246s] Level 1:colcon.colcon_core.package_identification:_identify(src/uros/drive_base) by extensions ['ignore', 'ignore_ament_install']
[0.246s] Level 1:colcon.colcon_core.package_identification:_identify(src/uros/drive_base) by extension 'ignore'
[0.246s] Level 1:colcon.colcon_core.package_identification:_identify(src/uros/drive_base) by extension 'ignore_ament_install'
[0.246s] Level 1:colcon.colcon_core.package_identification:_identify(src/uros/drive_base) by extensions ['colcon_pkg']
[0.246s] Level 1:colcon.colcon_core.package_identification:_identify(src/uros/drive_base) by extension 'colcon_pkg'
[0.246s] Level 1:colcon.colcon_core.package_identification:_identify(src/uros/drive_base) by extensions ['colcon_meta']
[0.246s] Level 1:colcon.colcon_core.package_identification:_identify(src/uros/drive_base) by extension 'colcon_meta'
[0.246s] Level 1:colcon.colcon_core.package_identification:_identify(src/uros/drive_base) by extensions ['ros']
[0.246s] Level 1:colcon.colcon_core.package_identification:_identify(src/uros/drive_base) by extension 'ros'
[0.246s] Level 1:colcon.colcon_core.package_identification:_identify(src/uros/drive_base) by extensions ['cmake', 'python']
[0.246s] Level 1:colcon.colcon_core.package_identification:_identify(src/uros/drive_base) by extension 'cmake'
[0.246s] Level 1:colcon.colcon_core.package_identification:_identify(src/uros/drive_base) by extension 'python'
[0.246s] Level 1:colcon.colcon_core.package_identification:_identify(src/uros/drive_base) by extensions ['python_setup_py']
[0.246s] Level 1:colcon.colcon_core.package_identification:_identify(src/uros/drive_base) by extension 'python_setup_py'
[0.246s] Level 1:colcon.colcon_core.package_identification:_identify(src/uros/drive_base/drive_base_msgs) by extensions ['ignore', 'ignore_ament_install']
[0.247s] Level 1:colcon.colcon_core.package_identification:_identify(src/uros/drive_base/drive_base_msgs) by extension 'ignore'
[0.247s] Level 1:colcon.colcon_core.package_identification:_identify(src/uros/drive_base/drive_base_msgs) by extension 'ignore_ament_install'
[0.247s] Level 1:colcon.colcon_core.package_identification:_identify(src/uros/drive_base/drive_base_msgs) by extensions ['colcon_pkg']
[0.247s] Level 1:colcon.colcon_core.package_identification:_identify(src/uros/drive_base/drive_base_msgs) by extension 'colcon_pkg'
[0.247s] Level 1:colcon.colcon_core.package_identification:_identify(src/uros/drive_base/drive_base_msgs) by extensions ['colcon_meta']
[0.247s] Level 1:colcon.colcon_core.package_identification:_identify(src/uros/drive_base/drive_base_msgs) by extension 'colcon_meta'
[0.247s] Level 1:colcon.colcon_core.package_identification:_identify(src/uros/drive_base/drive_base_msgs) by extensions ['ros']
[0.247s] Level 1:colcon.colcon_core.package_identification:_identify(src/uros/drive_base/drive_base_msgs) by extension 'ros'
[0.248s] DEBUG:colcon.colcon_core.package_identification:Package 'src/uros/drive_base/drive_base_msgs' with type 'ros.ament_cmake' and name 'drive_base_msgs'
[0.248s] Level 1:colcon.colcon_core.package_identification:_identify(src/uros/micro-ROS-Agent) by extensions ['ignore', 'ignore_ament_install']
[0.248s] Level 1:colcon.colcon_core.package_identification:_identify(src/uros/micro-ROS-Agent) by extension 'ignore'
[0.248s] Level 1:colcon.colcon_core.package_identification:_identify(src/uros/micro-ROS-Agent) by extension 'ignore_ament_install'
[0.248s] Level 1:colcon.colcon_core.package_identification:_identify(src/uros/micro-ROS-Agent) by extensions ['colcon_pkg']
[0.248s] Level 1:colcon.colcon_core.package_identification:_identify(src/uros/micro-ROS-Agent) by extension 'colcon_pkg'
[0.248s] Level 1:colcon.colcon_core.package_identification:_identify(src/uros/micro-ROS-Agent) by extensions ['colcon_meta']
[0.248s] Level 1:colcon.colcon_core.package_identification:_identify(src/uros/micro-ROS-Agent) by extension 'colcon_meta'
[0.248s] Level 1:colcon.colcon_core.package_identification:_identify(src/uros/micro-ROS-Agent) by extensions ['ros']
[0.248s] Level 1:colcon.colcon_core.package_identification:_identify(src/uros/micro-ROS-Agent) by extension 'ros'
[0.249s] Level 1:colcon.colcon_core.package_identification:_identify(src/uros/micro-ROS-Agent) by extensions ['cmake', 'python']
[0.249s] Level 1:colcon.colcon_core.package_identification:_identify(src/uros/micro-ROS-Agent) by extension 'cmake'
[0.249s] Level 1:colcon.colcon_core.package_identification:_identify(src/uros/micro-ROS-Agent) by extension 'python'
[0.249s] Level 1:colcon.colcon_core.package_identification:_identify(src/uros/micro-ROS-Agent) by extensions ['python_setup_py']
[0.249s] Level 1:colcon.colcon_core.package_identification:_identify(src/uros/micro-ROS-Agent) by extension 'python_setup_py'
[0.249s] Level 1:colcon.colcon_core.package_identification:_identify(src/uros/micro-ROS-Agent/micro_ros_agent) by extensions ['ignore', 'ignore_ament_install']
[0.249s] Level 1:colcon.colcon_core.package_identification:_identify(src/uros/micro-ROS-Agent/micro_ros_agent) by extension 'ignore'
[0.249s] Level 1:colcon.colcon_core.package_identification:_identify(src/uros/micro-ROS-Agent/micro_ros_agent) by extension 'ignore_ament_install'
[0.249s] Level 1:colcon.colcon_core.package_identification:_identify(src/uros/micro-ROS-Agent/micro_ros_agent) by extensions ['colcon_pkg']
[0.249s] Level 1:colcon.colcon_core.package_identification:_identify(src/uros/micro-ROS-Agent/micro_ros_agent) by extension 'colcon_pkg'
[0.249s] Level 1:colcon.colcon_core.package_identification:_identify(src/uros/micro-ROS-Agent/micro_ros_agent) by extensions ['colcon_meta']
[0.249s] Level 1:colcon.colcon_core.package_identification:_identify(src/uros/micro-ROS-Agent/micro_ros_agent) by extension 'colcon_meta'
[0.249s] Level 1:colcon.colcon_core.package_identification:_identify(src/uros/micro-ROS-Agent/micro_ros_agent) by extensions ['ros']
[0.249s] Level 1:colcon.colcon_core.package_identification:_identify(src/uros/micro-ROS-Agent/micro_ros_agent) by extension 'ros'
[0.250s] DEBUG:colcon.colcon_core.package_identification:Package 'src/uros/micro-ROS-Agent/micro_ros_agent' with type 'ros.ament_cmake' and name 'micro_ros_agent'
[0.250s] Level 1:colcon.colcon_core.package_identification:_identify(src/uros/micro-ROS-Agent/snap) by extensions ['ignore', 'ignore_ament_install']
[0.251s] Level 1:colcon.colcon_core.package_identification:_identify(src/uros/micro-ROS-Agent/snap) by extension 'ignore'
[0.251s] Level 1:colcon.colcon_core.package_identification:_identify(src/uros/micro-ROS-Agent/snap) by extension 'ignore_ament_install'
[0.251s] Level 1:colcon.colcon_core.package_identification:_identify(src/uros/micro-ROS-Agent/snap) by extensions ['colcon_pkg']
[0.251s] Level 1:colcon.colcon_core.package_identification:_identify(src/uros/micro-ROS-Agent/snap) by extension 'colcon_pkg'
[0.251s] Level 1:colcon.colcon_core.package_identification:_identify(src/uros/micro-ROS-Agent/snap) by extensions ['colcon_meta']
[0.251s] Level 1:colcon.colcon_core.package_identification:_identify(src/uros/micro-ROS-Agent/snap) by extension 'colcon_meta'
[0.251s] Level 1:colcon.colcon_core.package_identification:_identify(src/uros/micro-ROS-Agent/snap) by extensions ['ros']
[0.251s] Level 1:colcon.colcon_core.package_identification:_identify(src/uros/micro-ROS-Agent/snap) by extension 'ros'
[0.251s] Level 1:colcon.colcon_core.package_identification:_identify(src/uros/micro-ROS-Agent/snap) by extensions ['cmake', 'python']
[0.251s] Level 1:colcon.colcon_core.package_identification:_identify(src/uros/micro-ROS-Agent/snap) by extension 'cmake'
[0.251s] Level 1:colcon.colcon_core.package_identification:_identify(src/uros/micro-ROS-Agent/snap) by extension 'python'
[0.251s] Level 1:colcon.colcon_core.package_identification:_identify(src/uros/micro-ROS-Agent/snap) by extensions ['python_setup_py']
[0.251s] Level 1:colcon.colcon_core.package_identification:_identify(src/uros/micro-ROS-Agent/snap) by extension 'python_setup_py'
[0.252s] Level 1:colcon.colcon_core.package_identification:_identify(src/uros/micro-ROS-Agent/snap/hooks) by extensions ['ignore', 'ignore_ament_install']
[0.252s] Level 1:colcon.colcon_core.package_identification:_identify(src/uros/micro-ROS-Agent/snap/hooks) by extension 'ignore'
[0.252s] Level 1:colcon.colcon_core.package_identification:_identify(src/uros/micro-ROS-Agent/snap/hooks) by extension 'ignore_ament_install'
[0.252s] Level 1:colcon.colcon_core.package_identification:_identify(src/uros/micro-ROS-Agent/snap/hooks) by extensions ['colcon_pkg']
[0.252s] Level 1:colcon.colcon_core.package_identification:_identify(src/uros/micro-ROS-Agent/snap/hooks) by extension 'colcon_pkg'
[0.252s] Level 1:colcon.colcon_core.package_identification:_identify(src/uros/micro-ROS-Agent/snap/hooks) by extensions ['colcon_meta']
[0.252s] Level 1:colcon.colcon_core.package_identification:_identify(src/uros/micro-ROS-Agent/snap/hooks) by extension 'colcon_meta'
[0.252s] Level 1:colcon.colcon_core.package_identification:_identify(src/uros/micro-ROS-Agent/snap/hooks) by extensions ['ros']
[0.252s] Level 1:colcon.colcon_core.package_identification:_identify(src/uros/micro-ROS-Agent/snap/hooks) by extension 'ros'
[0.252s] Level 1:colcon.colcon_core.package_identification:_identify(src/uros/micro-ROS-Agent/snap/hooks) by extensions ['cmake', 'python']
[0.252s] Level 1:colcon.colcon_core.package_identification:_identify(src/uros/micro-ROS-Agent/snap/hooks) by extension 'cmake'
[0.252s] Level 1:colcon.colcon_core.package_identification:_identify(src/uros/micro-ROS-Agent/snap/hooks) by extension 'python'
[0.252s] Level 1:colcon.colcon_core.package_identification:_identify(src/uros/micro-ROS-Agent/snap/hooks) by extensions ['python_setup_py']
[0.252s] Level 1:colcon.colcon_core.package_identification:_identify(src/uros/micro-ROS-Agent/snap/hooks) by extension 'python_setup_py'
[0.253s] Level 1:colcon.colcon_core.package_identification:_identify(src/uros/micro-ROS-Agent/snap/local) by extensions ['ignore', 'ignore_ament_install']
[0.253s] Level 1:colcon.colcon_core.package_identification:_identify(src/uros/micro-ROS-Agent/snap/local) by extension 'ignore'
[0.253s] Level 1:colcon.colcon_core.package_identification:_identify(src/uros/micro-ROS-Agent/snap/local) by extension 'ignore_ament_install'
[0.253s] Level 1:colcon.colcon_core.package_identification:_identify(src/uros/micro-ROS-Agent/snap/local) by extensions ['colcon_pkg']
[0.253s] Level 1:colcon.colcon_core.package_identification:_identify(src/uros/micro-ROS-Agent/snap/local) by extension 'colcon_pkg'
[0.253s] Level 1:colcon.colcon_core.package_identification:_identify(src/uros/micro-ROS-Agent/snap/local) by extensions ['colcon_meta']
[0.253s] Level 1:colcon.colcon_core.package_identification:_identify(src/uros/micro-ROS-Agent/snap/local) by extension 'colcon_meta'
[0.253s] Level 1:colcon.colcon_core.package_identification:_identify(src/uros/micro-ROS-Agent/snap/local) by extensions ['ros']
[0.253s] Level 1:colcon.colcon_core.package_identification:_identify(src/uros/micro-ROS-Agent/snap/local) by extension 'ros'
[0.253s] Level 1:colcon.colcon_core.package_identification:_identify(src/uros/micro-ROS-Agent/snap/local) by extensions ['cmake', 'python']
[0.253s] Level 1:colcon.colcon_core.package_identification:_identify(src/uros/micro-ROS-Agent/snap/local) by extension 'cmake'
[0.253s] Level 1:colcon.colcon_core.package_identification:_identify(src/uros/micro-ROS-Agent/snap/local) by extension 'python'
[0.253s] Level 1:colcon.colcon_core.package_identification:_identify(src/uros/micro-ROS-Agent/snap/local) by extensions ['python_setup_py']
[0.253s] Level 1:colcon.colcon_core.package_identification:_identify(src/uros/micro-ROS-Agent/snap/local) by extension 'python_setup_py'
[0.253s] Level 1:colcon.colcon_core.package_identification:_identify(src/uros/micro_ros_msgs) by extensions ['ignore', 'ignore_ament_install']
[0.254s] Level 1:colcon.colcon_core.package_identification:_identify(src/uros/micro_ros_msgs) by extension 'ignore'
[0.254s] Level 1:colcon.colcon_core.package_identification:_identify(src/uros/micro_ros_msgs) by extension 'ignore_ament_install'
[0.254s] Level 1:colcon.colcon_core.package_identification:_identify(src/uros/micro_ros_msgs) by extensions ['colcon_pkg']
[0.254s] Level 1:colcon.colcon_core.package_identification:_identify(src/uros/micro_ros_msgs) by extension 'colcon_pkg'
[0.254s] Level 1:colcon.colcon_core.package_identification:_identify(src/uros/micro_ros_msgs) by extensions ['colcon_meta']
[0.254s] Level 1:colcon.colcon_core.package_identification:_identify(src/uros/micro_ros_msgs) by extension 'colcon_meta'
[0.254s] Level 1:colcon.colcon_core.package_identification:_identify(src/uros/micro_ros_msgs) by extensions ['ros']
[0.254s] Level 1:colcon.colcon_core.package_identification:_identify(src/uros/micro_ros_msgs) by extension 'ros'
[0.254s] DEBUG:colcon.colcon_core.package_identification:Package 'src/uros/micro_ros_msgs' with type 'ros.ament_cmake' and name 'micro_ros_msgs'
[0.255s] Level 1:colcon.colcon_core.package_discovery:discover_packages(recursive) using defaults
[0.255s] Level 1:colcon.colcon_core.package_discovery:discover_packages(ignore) discover
[0.255s] Level 1:colcon.colcon_core.package_discovery:discover_packages(ignore) using defaults
[0.255s] Level 1:colcon.colcon_core.package_discovery:discover_packages(path) discover
[0.255s] Level 1:colcon.colcon_core.package_discovery:discover_packages(path) using defaults
[0.278s] INFO:colcon.colcon_core.package_selection:Skipping package 'micro_ros_setup' in 'src/micro_ros_setup'
[0.278s] INFO:colcon.colcon_core.package_selection:Skipping package 'drive_base_msgs' in 'src/uros/drive_base/drive_base_msgs'
[0.278s] Level 1:colcon.colcon_core.package_discovery:discover_packages(prefix_path) check parameters
[0.278s] Level 1:colcon.colcon_core.package_discovery:discover_packages(prefix_path) discover
[0.280s] DEBUG:colcon.colcon_installed_package_information.package_discovery:Found 1 installed packages in /home/robomango/workspace/microros_ws/install
[0.281s] DEBUG:colcon.colcon_installed_package_information.package_discovery:Found 1 installed packages in /home/robomango/Diffdrive_ws/install
[0.282s] DEBUG:colcon.colcon_installed_package_information.package_discovery:Found 4 installed packages in /home/robomango/microros_ws/install
[0.284s] DEBUG:colcon.colcon_installed_package_information.package_discovery:Found 285 installed packages in /opt/ros/jazzy
[0.286s] Level 1:colcon.colcon_core.package_discovery:discover_packages(prefix_path) using defaults
[0.343s] Level 5:colcon.colcon_core.verb:set package 'micro_ros_msgs' build argument 'cmake_args' from command line to '['-DUAGENT_BUILD_EXECUTABLE=OFF', '-DUAGENT_P2P_PROFILE=OFF', '--no-warn-unused-cli']'
[0.343s] Level 5:colcon.colcon_core.verb:set package 'micro_ros_msgs' build argument 'cmake_target' from command line to 'None'
[0.343s] Level 5:colcon.colcon_core.verb:set package 'micro_ros_msgs' build argument 'cmake_target_skip_unavailable' from command line to 'False'
[0.344s] Level 5:colcon.colcon_core.verb:set package 'micro_ros_msgs' build argument 'cmake_clean_cache' from command line to 'False'
[0.344s] Level 5:colcon.colcon_core.verb:set package 'micro_ros_msgs' build argument 'cmake_clean_first' from command line to 'False'
[0.344s] Level 5:colcon.colcon_core.verb:set package 'micro_ros_msgs' build argument 'cmake_force_configure' from command line to 'False'
[0.344s] Level 5:colcon.colcon_core.verb:set package 'micro_ros_msgs' build argument 'ament_cmake_args' from command line to 'None'
[0.344s] Level 5:colcon.colcon_core.verb:set package 'micro_ros_msgs' build argument 'catkin_cmake_args' from command line to 'None'
[0.344s] Level 5:colcon.colcon_core.verb:set package 'micro_ros_msgs' build argument 'catkin_skip_building_tests' from command line to 'False'
[0.344s] DEBUG:colcon.colcon_core.verb:Building package 'micro_ros_msgs' with the following arguments: {'ament_cmake_args': None, 'build_base': '/home/robomango/workspace/microros_ws/build/micro_ros_msgs', 'catkin_cmake_args': None, 'catkin_skip_building_tests': False, 'cmake_args': ['-DUAGENT_BUILD_EXECUTABLE=OFF', '-DUAGENT_P2P_PROFILE=OFF', '--no-warn-unused-cli'], 'cmake_clean_cache': False, 'cmake_clean_first': False, 'cmake_force_configure': False, 'cmake_target': None, 'cmake_target_skip_unavailable': False, 'install_base': '/home/robomango/workspace/microros_ws/install/micro_ros_msgs', 'merge_install': False, 'path': '/home/robomango/workspace/microros_ws/src/uros/micro_ros_msgs', 'symlink_install': False, 'test_result_base': None}
[0.344s] Level 5:colcon.colcon_core.verb:set package 'micro_ros_agent' build argument 'cmake_args' from command line to '['-DUAGENT_BUILD_EXECUTABLE=OFF', '-DUAGENT_P2P_PROFILE=OFF', '--no-warn-unused-cli']'
[0.344s] Level 5:colcon.colcon_core.verb:set package 'micro_ros_agent' build argument 'cmake_target' from command line to 'None'
[0.344s] Level 5:colcon.colcon_core.verb:set package 'micro_ros_agent' build argument 'cmake_target_skip_unavailable' from command line to 'False'
[0.344s] Level 5:colcon.colcon_core.verb:set package 'micro_ros_agent' build argument 'cmake_clean_cache' from command line to 'False'
[0.344s] Level 5:colcon.colcon_core.verb:set package 'micro_ros_agent' build argument 'cmake_clean_first' from command line to 'False'
[0.344s] Level 5:colcon.colcon_core.verb:set package 'micro_ros_agent' build argument 'cmake_force_configure' from command line to 'False'
[0.344s] Level 5:colcon.colcon_core.verb:set package 'micro_ros_agent' build argument 'ament_cmake_args' from command line to 'None'
[0.344s] Level 5:colcon.colcon_core.verb:set package 'micro_ros_agent' build argument 'catkin_cmake_args' from command line to 'None'
[0.344s] Level 5:colcon.colcon_core.verb:set package 'micro_ros_agent' build argument 'catkin_skip_building_tests' from command line to 'False'
[0.344s] DEBUG:colcon.colcon_core.verb:Building package 'micro_ros_agent' with the following arguments: {'ament_cmake_args': None, 'build_base': '/home/robomango/workspace/microros_ws/build/micro_ros_agent', 'catkin_cmake_args': None, 'catkin_skip_building_tests': False, 'cmake_args': ['-DUAGENT_BUILD_EXECUTABLE=OFF', '-DUAGENT_P2P_PROFILE=OFF', '--no-warn-unused-cli'], 'cmake_clean_cache': False, 'cmake_clean_first': False, 'cmake_force_configure': False, 'cmake_target': None, 'cmake_target_skip_unavailable': False, 'install_base': '/home/robomango/workspace/microros_ws/install/micro_ros_agent', 'merge_install': False, 'path': '/home/robomango/workspace/microros_ws/src/uros/micro-ROS-Agent/micro_ros_agent', 'symlink_install': False, 'test_result_base': None}
[0.344s] INFO:colcon.colcon_core.executor:Executing jobs using 'parallel' executor
[0.345s] DEBUG:colcon.colcon_parallel_executor.executor.parallel:run_until_complete
[0.346s] INFO:colcon.colcon_ros.task.ament_cmake.build:Building ROS package in '/home/robomango/workspace/microros_ws/src/uros/micro_ros_msgs' with build type 'ament_cmake'
[0.346s] INFO:colcon.colcon_cmake.task.cmake.build:Building CMake package in '/home/robomango/workspace/microros_ws/src/uros/micro_ros_msgs'
[0.349s] INFO:colcon.colcon_core.plugin_system:Skipping extension 'colcon_core.shell.bat': Not used on non-Windows systems
[0.349s] INFO:colcon.colcon_core.shell:Skip shell extension 'powershell' for command environment: Not usable outside of PowerShell
[0.349s] DEBUG:colcon.colcon_core.shell:Skip shell extension 'dsv' for command environment
[0.368s] DEBUG:colcon.colcon_core.event_handler.log_command:Invoking command in '/home/robomango/workspace/microros_ws/build/micro_ros_msgs': CMAKE_PREFIX_PATH=${CMAKE_PREFIX_PATH}:/opt/ros/jazzy DEBUGINFOD_URLS=https://debuginfod.ubuntu.com /usr/bin/cmake /home/robomango/workspace/microros_ws/src/uros/micro_ros_msgs -DUAGENT_BUILD_EXECUTABLE=OFF -DUAGENT_P2P_PROFILE=OFF --no-warn-unused-cli -DCMAKE_INSTALL_PREFIX=/home/robomango/workspace/microros_ws/install/micro_ros_msgs
[5.120s] DEBUG:colcon.colcon_core.event_handler.log_command:Invoked command in '/home/robomango/workspace/microros_ws/build/micro_ros_msgs' returned '0': CMAKE_PREFIX_PATH=${CMAKE_PREFIX_PATH}:/opt/ros/jazzy DEBUGINFOD_URLS=https://debuginfod.ubuntu.com /usr/bin/cmake /home/robomango/workspace/microros_ws/src/uros/micro_ros_msgs -DUAGENT_BUILD_EXECUTABLE=OFF -DUAGENT_P2P_PROFILE=OFF --no-warn-unused-cli -DCMAKE_INSTALL_PREFIX=/home/robomango/workspace/microros_ws/install/micro_ros_msgs
[5.122s] DEBUG:colcon.colcon_core.event_handler.log_command:Invoking command in '/home/robomango/workspace/microros_ws/build/micro_ros_msgs': CMAKE_PREFIX_PATH=${CMAKE_PREFIX_PATH}:/opt/ros/jazzy DEBUGINFOD_URLS=https://debuginfod.ubuntu.com /usr/bin/cmake --build /home/robomango/workspace/microros_ws/build/micro_ros_msgs -- -j2 -l2
[15.889s] DEBUG:colcon.colcon_core.event_handler.log_command:Invoked command in '/home/robomango/workspace/microros_ws/build/micro_ros_msgs' returned '0': CMAKE_PREFIX_PATH=${CMAKE_PREFIX_PATH}:/opt/ros/jazzy DEBUGINFOD_URLS=https://debuginfod.ubuntu.com /usr/bin/cmake --build /home/robomango/workspace/microros_ws/build/micro_ros_msgs -- -j2 -l2
[15.903s] DEBUG:colcon.colcon_core.event_handler.log_command:Invoking command in '/home/robomango/workspace/microros_ws/build/micro_ros_msgs': CMAKE_PREFIX_PATH=${CMAKE_PREFIX_PATH}:/opt/ros/jazzy DEBUGINFOD_URLS=https://debuginfod.ubuntu.com /usr/bin/cmake --install /home/robomango/workspace/microros_ws/build/micro_ros_msgs
[16.039s] Level 1:colcon.colcon_core.environment:create_environment_scripts_only(micro_ros_msgs)
[16.040s] DEBUG:colcon.colcon_core.event_handler.log_command:Invoked command in '/home/robomango/workspace/microros_ws/build/micro_ros_msgs' returned '0': CMAKE_PREFIX_PATH=${CMAKE_PREFIX_PATH}:/opt/ros/jazzy DEBUGINFOD_URLS=https://debuginfod.ubuntu.com /usr/bin/cmake --install /home/robomango/workspace/microros_ws/build/micro_ros_msgs
[16.042s] Level 1:colcon.colcon_core.environment:checking '/home/robomango/workspace/microros_ws/install/micro_ros_msgs' for CMake module files
[16.044s] Level 1:colcon.colcon_core.environment:checking '/home/robomango/workspace/microros_ws/install/micro_ros_msgs' for CMake config files
[16.044s] Level 1:colcon.colcon_core.shell:create_environment_hook('micro_ros_msgs', 'cmake_prefix_path')
[16.044s] INFO:colcon.colcon_core.shell:Creating environment hook '/home/robomango/workspace/microros_ws/install/micro_ros_msgs/share/micro_ros_msgs/hook/cmake_prefix_path.ps1'
[16.045s] INFO:colcon.colcon_core.shell:Creating environment descriptor '/home/robomango/workspace/microros_ws/install/micro_ros_msgs/share/micro_ros_msgs/hook/cmake_prefix_path.dsv'
[16.046s] INFO:colcon.colcon_core.shell:Creating environment hook '/home/robomango/workspace/microros_ws/install/micro_ros_msgs/share/micro_ros_msgs/hook/cmake_prefix_path.sh'
[16.047s] Level 1:colcon.colcon_core.environment:checking '/home/robomango/workspace/microros_ws/install/micro_ros_msgs/lib'
[16.047s] Level 1:colcon.colcon_core.shell:create_environment_hook('micro_ros_msgs', 'ld_library_path_lib')
[16.048s] INFO:colcon.colcon_core.shell:Creating environment hook '/home/robomango/workspace/microros_ws/install/micro_ros_msgs/share/micro_ros_msgs/hook/ld_library_path_lib.ps1'
[16.048s] INFO:colcon.colcon_core.shell:Creating environment descriptor '/home/robomango/workspace/microros_ws/install/micro_ros_msgs/share/micro_ros_msgs/hook/ld_library_path_lib.dsv'
[16.048s] INFO:colcon.colcon_core.shell:Creating environment hook '/home/robomango/workspace/microros_ws/install/micro_ros_msgs/share/micro_ros_msgs/hook/ld_library_path_lib.sh'
[16.050s] Level 1:colcon.colcon_core.environment:checking '/home/robomango/workspace/microros_ws/install/micro_ros_msgs/bin'
[16.050s] Level 1:colcon.colcon_core.environment:checking '/home/robomango/workspace/microros_ws/install/micro_ros_msgs/lib/pkgconfig/micro_ros_msgs.pc'
[16.051s] Level 1:colcon.colcon_core.environment:checking '/home/robomango/workspace/microros_ws/install/micro_ros_msgs/lib/python3.12/site-packages'
[16.051s] Level 1:colcon.colcon_core.shell:create_environment_hook('micro_ros_msgs', 'pythonpath')
[16.051s] INFO:colcon.colcon_core.shell:Creating environment hook '/home/robomango/workspace/microros_ws/install/micro_ros_msgs/share/micro_ros_msgs/hook/pythonpath.ps1'
[16.052s] INFO:colcon.colcon_core.shell:Creating environment descriptor '/home/robomango/workspace/microros_ws/install/micro_ros_msgs/share/micro_ros_msgs/hook/pythonpath.dsv'
[16.053s] INFO:colcon.colcon_core.shell:Creating environment hook '/home/robomango/workspace/microros_ws/install/micro_ros_msgs/share/micro_ros_msgs/hook/pythonpath.sh'
[16.054s] Level 1:colcon.colcon_core.environment:checking '/home/robomango/workspace/microros_ws/install/micro_ros_msgs/bin'
[16.055s] INFO:colcon.colcon_core.shell:Creating package script '/home/robomango/workspace/microros_ws/install/micro_ros_msgs/share/micro_ros_msgs/package.ps1'
[16.057s] INFO:colcon.colcon_core.shell:Creating package descriptor '/home/robomango/workspace/microros_ws/install/micro_ros_msgs/share/micro_ros_msgs/package.dsv'
[16.057s] INFO:colcon.colcon_core.shell:Creating package script '/home/robomango/workspace/microros_ws/install/micro_ros_msgs/share/micro_ros_msgs/package.sh'
[16.058s] INFO:colcon.colcon_core.shell:Creating package script '/home/robomango/workspace/microros_ws/install/micro_ros_msgs/share/micro_ros_msgs/package.bash'
[16.059s] INFO:colcon.colcon_core.shell:Creating package script '/home/robomango/workspace/microros_ws/install/micro_ros_msgs/share/micro_ros_msgs/package.zsh'
[16.059s] Level 1:colcon.colcon_core.environment:create_file_with_runtime_dependencies(/home/robomango/workspace/microros_ws/install/micro_ros_msgs/share/colcon-core/packages/micro_ros_msgs)
[16.061s] Level 1:colcon.colcon_core.environment:create_environment_scripts_only(micro_ros_msgs)
[16.061s] Level 1:colcon.colcon_core.environment:checking '/home/robomango/workspace/microros_ws/install/micro_ros_msgs' for CMake module files
[16.062s] Level 1:colcon.colcon_core.environment:checking '/home/robomango/workspace/microros_ws/install/micro_ros_msgs' for CMake config files
[16.063s] Level 1:colcon.colcon_core.shell:create_environment_hook('micro_ros_msgs', 'cmake_prefix_path')
[16.063s] INFO:colcon.colcon_core.shell:Creating environment hook '/home/robomango/workspace/microros_ws/install/micro_ros_msgs/share/micro_ros_msgs/hook/cmake_prefix_path.ps1'
[16.064s] INFO:colcon.colcon_core.shell:Creating environment descriptor '/home/robomango/workspace/microros_ws/install/micro_ros_msgs/share/micro_ros_msgs/hook/cmake_prefix_path.dsv'
[16.064s] INFO:colcon.colcon_core.shell:Creating environment hook '/home/robomango/workspace/microros_ws/install/micro_ros_msgs/share/micro_ros_msgs/hook/cmake_prefix_path.sh'
[16.065s] Level 1:colcon.colcon_core.environment:checking '/home/robomango/workspace/microros_ws/install/micro_ros_msgs/lib'
[16.065s] Level 1:colcon.colcon_core.shell:create_environment_hook('micro_ros_msgs', 'ld_library_path_lib')
[16.066s] INFO:colcon.colcon_core.shell:Creating environment hook '/home/robomango/workspace/microros_ws/install/micro_ros_msgs/share/micro_ros_msgs/hook/ld_library_path_lib.ps1'
[16.066s] INFO:colcon.colcon_core.shell:Creating environment descriptor '/home/robomango/workspace/microros_ws/install/micro_ros_msgs/share/micro_ros_msgs/hook/ld_library_path_lib.dsv'
[16.066s] INFO:colcon.colcon_core.shell:Creating environment hook '/home/robomango/workspace/microros_ws/install/micro_ros_msgs/share/micro_ros_msgs/hook/ld_library_path_lib.sh'
[16.067s] Level 1:colcon.colcon_core.environment:checking '/home/robomango/workspace/microros_ws/install/micro_ros_msgs/bin'
[16.067s] Level 1:colcon.colcon_core.environment:checking '/home/robomango/workspace/microros_ws/install/micro_ros_msgs/lib/pkgconfig/micro_ros_msgs.pc'
[16.068s] Level 1:colcon.colcon_core.environment:checking '/home/robomango/workspace/microros_ws/install/micro_ros_msgs/lib/python3.12/site-packages'
[16.068s] Level 1:colcon.colcon_core.shell:create_environment_hook('micro_ros_msgs', 'pythonpath')
[16.068s] INFO:colcon.colcon_core.shell:Creating environment hook '/home/robomango/workspace/microros_ws/install/micro_ros_msgs/share/micro_ros_msgs/hook/pythonpath.ps1'
[16.068s] INFO:colcon.colcon_core.shell:Creating environment descriptor '/home/robomango/workspace/microros_ws/install/micro_ros_msgs/share/micro_ros_msgs/hook/pythonpath.dsv'
[16.069s] INFO:colcon.colcon_core.shell:Creating environment hook '/home/robomango/workspace/microros_ws/install/micro_ros_msgs/share/micro_ros_msgs/hook/pythonpath.sh'
[16.070s] Level 1:colcon.colcon_core.environment:checking '/home/robomango/workspace/microros_ws/install/micro_ros_msgs/bin'
[16.070s] INFO:colcon.colcon_core.shell:Creating package script '/home/robomango/workspace/microros_ws/install/micro_ros_msgs/share/micro_ros_msgs/package.ps1'
[16.071s] INFO:colcon.colcon_core.shell:Creating package descriptor '/home/robomango/workspace/microros_ws/install/micro_ros_msgs/share/micro_ros_msgs/package.dsv'
[16.072s] INFO:colcon.colcon_core.shell:Creating package script '/home/robomango/workspace/microros_ws/install/micro_ros_msgs/share/micro_ros_msgs/package.sh'
[16.072s] INFO:colcon.colcon_core.shell:Creating package script '/home/robomango/workspace/microros_ws/install/micro_ros_msgs/share/micro_ros_msgs/package.bash'
[16.073s] INFO:colcon.colcon_core.shell:Creating package script '/home/robomango/workspace/microros_ws/install/micro_ros_msgs/share/micro_ros_msgs/package.zsh'
[16.073s] Level 1:colcon.colcon_core.environment:create_file_with_runtime_dependencies(/home/robomango/workspace/microros_ws/install/micro_ros_msgs/share/colcon-core/packages/micro_ros_msgs)
[16.074s] INFO:colcon.colcon_ros.task.ament_cmake.build:Building ROS package in '/home/robomango/workspace/microros_ws/src/uros/micro-ROS-Agent/micro_ros_agent' with build type 'ament_cmake'
[16.074s] INFO:colcon.colcon_cmake.task.cmake.build:Building CMake package in '/home/robomango/workspace/microros_ws/src/uros/micro-ROS-Agent/micro_ros_agent'
[16.074s] INFO:colcon.colcon_core.shell:Skip shell extension 'powershell' for command environment: Not usable outside of PowerShell
[16.074s] DEBUG:colcon.colcon_core.shell:Skip shell extension 'dsv' for command environment
[16.094s] DEBUG:colcon.colcon_core.event_handler.log_command:Invoking command in '/home/robomango/workspace/microros_ws/build/micro_ros_agent': AMENT_PREFIX_PATH=/home/robomango/workspace/microros_ws/install/micro_ros_msgs:${AMENT_PREFIX_PATH} CMAKE_PREFIX_PATH=/home/robomango/workspace/microros_ws/install/micro_ros_msgs:/home/robomango/workspace/microros_ws/install/micro_ros_setup:/home/robomango/microros_ws/install/micro_ros_setup:/home/robomango/microros_ws/install/micro_ros_agent:/home/robomango/microros_ws/install/micro_ros_msgs:/home/robomango/microros_ws/install/drive_base_msgs:/opt/ros/jazzy/opt/gz_math_vendor:/opt/ros/jazzy/opt/gz_utils_vendor:/opt/ros/jazzy/opt/gz_cmake_vendor:/opt/ros/jazzy DEBUGINFOD_URLS=https://debuginfod.ubuntu.com LD_LIBRARY_PATH=/home/robomango/workspace/microros_ws/install/micro_ros_msgs/lib:${LD_LIBRARY_PATH} PYTHONPATH=/home/robomango/workspace/microros_ws/install/micro_ros_msgs/lib/python3.12/site-packages:${PYTHONPATH} /usr/bin/cmake /home/robomango/workspace/microros_ws/src/uros/micro-ROS-Agent/micro_ros_agent -DUAGENT_BUILD_EXECUTABLE=OFF -DUAGENT_P2P_PROFILE=OFF --no-warn-unused-cli -DCMAKE_INSTALL_PREFIX=/home/robomango/workspace/microros_ws/install/micro_ros_agent
[16.724s] DEBUG:colcon.colcon_core.event_handler.log_command:Invoked command in '/home/robomango/workspace/microros_ws/build/micro_ros_agent' returned '0': AMENT_PREFIX_PATH=/home/robomango/workspace/microros_ws/install/micro_ros_msgs:${AMENT_PREFIX_PATH} CMAKE_PREFIX_PATH=/home/robomango/workspace/microros_ws/install/micro_ros_msgs:/home/robomango/workspace/microros_ws/install/micro_ros_setup:/home/robomango/microros_ws/install/micro_ros_setup:/home/robomango/microros_ws/install/micro_ros_agent:/home/robomango/microros_ws/install/micro_ros_msgs:/home/robomango/microros_ws/install/drive_base_msgs:/opt/ros/jazzy/opt/gz_math_vendor:/opt/ros/jazzy/opt/gz_utils_vendor:/opt/ros/jazzy/opt/gz_cmake_vendor:/opt/ros/jazzy DEBUGINFOD_URLS=https://debuginfod.ubuntu.com LD_LIBRARY_PATH=/home/robomango/workspace/microros_ws/install/micro_ros_msgs/lib:${LD_LIBRARY_PATH} PYTHONPATH=/home/robomango/workspace/microros_ws/install/micro_ros_msgs/lib/python3.12/site-packages:${PYTHONPATH} /usr/bin/cmake /home/robomango/workspace/microros_ws/src/uros/micro-ROS-Agent/micro_ros_agent -DUAGENT_BUILD_EXECUTABLE=OFF -DUAGENT_P2P_PROFILE=OFF --no-warn-unused-cli -DCMAKE_INSTALL_PREFIX=/home/robomango/workspace/microros_ws/install/micro_ros_agent
[16.725s] DEBUG:colcon.colcon_core.event_handler.log_command:Invoking command in '/home/robomango/workspace/microros_ws/build/micro_ros_agent': AMENT_PREFIX_PATH=/home/robomango/workspace/microros_ws/install/micro_ros_msgs:${AMENT_PREFIX_PATH} CMAKE_PREFIX_PATH=/home/robomango/workspace/microros_ws/install/micro_ros_msgs:/home/robomango/workspace/microros_ws/install/micro_ros_setup:/home/robomango/microros_ws/install/micro_ros_setup:/home/robomango/microros_ws/install/micro_ros_agent:/home/robomango/microros_ws/install/micro_ros_msgs:/home/robomango/microros_ws/install/drive_base_msgs:/opt/ros/jazzy/opt/gz_math_vendor:/opt/ros/jazzy/opt/gz_utils_vendor:/opt/ros/jazzy/opt/gz_cmake_vendor:/opt/ros/jazzy DEBUGINFOD_URLS=https://debuginfod.ubuntu.com LD_LIBRARY_PATH=/home/robomango/workspace/microros_ws/install/micro_ros_msgs/lib:${LD_LIBRARY_PATH} PYTHONPATH=/home/robomango/workspace/microros_ws/install/micro_ros_msgs/lib/python3.12/site-packages:${PYTHONPATH} /usr/bin/cmake --build /home/robomango/workspace/microros_ws/build/micro_ros_agent -- -j2 -l2
[236.287s] DEBUG:colcon.colcon_core.event_handler.log_command:Invoked command in '/home/robomango/workspace/microros_ws/build/micro_ros_agent' returned '0': AMENT_PREFIX_PATH=/home/robomango/workspace/microros_ws/install/micro_ros_msgs:${AMENT_PREFIX_PATH} CMAKE_PREFIX_PATH=/home/robomango/workspace/microros_ws/install/micro_ros_msgs:/home/robomango/workspace/microros_ws/install/micro_ros_setup:/home/robomango/microros_ws/install/micro_ros_setup:/home/robomango/microros_ws/install/micro_ros_agent:/home/robomango/microros_ws/install/micro_ros_msgs:/home/robomango/microros_ws/install/drive_base_msgs:/opt/ros/jazzy/opt/gz_math_vendor:/opt/ros/jazzy/opt/gz_utils_vendor:/opt/ros/jazzy/opt/gz_cmake_vendor:/opt/ros/jazzy DEBUGINFOD_URLS=https://debuginfod.ubuntu.com LD_LIBRARY_PATH=/home/robomango/workspace/microros_ws/install/micro_ros_msgs/lib:${LD_LIBRARY_PATH} PYTHONPATH=/home/robomango/workspace/microros_ws/install/micro_ros_msgs/lib/python3.12/site-packages:${PYTHONPATH} /usr/bin/cmake --build /home/robomango/workspace/microros_ws/build/micro_ros_agent -- -j2 -l2
[236.288s] DEBUG:colcon.colcon_core.event_handler.log_command:Invoking command in '/home/robomango/workspace/microros_ws/build/micro_ros_agent': AMENT_PREFIX_PATH=/home/robomango/workspace/microros_ws/install/micro_ros_msgs:${AMENT_PREFIX_PATH} CMAKE_PREFIX_PATH=/home/robomango/workspace/microros_ws/install/micro_ros_msgs:/home/robomango/workspace/microros_ws/install/micro_ros_setup:/home/robomango/microros_ws/install/micro_ros_setup:/home/robomango/microros_ws/install/micro_ros_agent:/home/robomango/microros_ws/install/micro_ros_msgs:/home/robomango/microros_ws/install/drive_base_msgs:/opt/ros/jazzy/opt/gz_math_vendor:/opt/ros/jazzy/opt/gz_utils_vendor:/opt/ros/jazzy/opt/gz_cmake_vendor:/opt/ros/jazzy DEBUGINFOD_URLS=https://debuginfod.ubuntu.com LD_LIBRARY_PATH=/home/robomango/workspace/microros_ws/install/micro_ros_msgs/lib:${LD_LIBRARY_PATH} PYTHONPATH=/home/robomango/workspace/microros_ws/install/micro_ros_msgs/lib/python3.12/site-packages:${PYTHONPATH} /usr/bin/cmake --install /home/robomango/workspace/microros_ws/build/micro_ros_agent
[236.318s] Level 1:colcon.colcon_core.environment:create_environment_scripts_only(micro_ros_agent)
[236.318s] Level 1:colcon.colcon_core.environment:checking '/home/robomango/workspace/microros_ws/install/micro_ros_agent' for CMake module files
[236.319s] DEBUG:colcon.colcon_core.event_handler.log_command:Invoked command in '/home/robomango/workspace/microros_ws/build/micro_ros_agent' returned '0': AMENT_PREFIX_PATH=/home/robomango/workspace/microros_ws/install/micro_ros_msgs:${AMENT_PREFIX_PATH} CMAKE_PREFIX_PATH=/home/robomango/workspace/microros_ws/install/micro_ros_msgs:/home/robomango/workspace/microros_ws/install/micro_ros_setup:/home/robomango/microros_ws/install/micro_ros_setup:/home/robomango/microros_ws/install/micro_ros_agent:/home/robomango/microros_ws/install/micro_ros_msgs:/home/robomango/microros_ws/install/drive_base_msgs:/opt/ros/jazzy/opt/gz_math_vendor:/opt/ros/jazzy/opt/gz_utils_vendor:/opt/ros/jazzy/opt/gz_cmake_vendor:/opt/ros/jazzy DEBUGINFOD_URLS=https://debuginfod.ubuntu.com LD_LIBRARY_PATH=/home/robomango/workspace/microros_ws/install/micro_ros_msgs/lib:${LD_LIBRARY_PATH} PYTHONPATH=/home/robomango/workspace/microros_ws/install/micro_ros_msgs/lib/python3.12/site-packages:${PYTHONPATH} /usr/bin/cmake --install /home/robomango/workspace/microros_ws/build/micro_ros_agent
[236.321s] Level 1:colcon.colcon_core.environment:checking '/home/robomango/workspace/microros_ws/install/micro_ros_agent' for CMake config files
[236.322s] Level 1:colcon.colcon_core.shell:create_environment_hook('micro_ros_agent', 'cmake_prefix_path')
[236.323s] INFO:colcon.colcon_core.shell:Creating environment hook '/home/robomango/workspace/microros_ws/install/micro_ros_agent/share/micro_ros_agent/hook/cmake_prefix_path.ps1'
[236.323s] INFO:colcon.colcon_core.shell:Creating environment descriptor '/home/robomango/workspace/microros_ws/install/micro_ros_agent/share/micro_ros_agent/hook/cmake_prefix_path.dsv'
[236.324s] INFO:colcon.colcon_core.shell:Creating environment hook '/home/robomango/workspace/microros_ws/install/micro_ros_agent/share/micro_ros_agent/hook/cmake_prefix_path.sh'
[236.324s] Level 1:colcon.colcon_core.environment:checking '/home/robomango/workspace/microros_ws/install/micro_ros_agent/lib'
[236.325s] Level 1:colcon.colcon_core.shell:create_environment_hook('micro_ros_agent', 'ld_library_path_lib')
[236.325s] INFO:colcon.colcon_core.shell:Creating environment hook '/home/robomango/workspace/microros_ws/install/micro_ros_agent/share/micro_ros_agent/hook/ld_library_path_lib.ps1'
[236.325s] INFO:colcon.colcon_core.shell:Creating environment descriptor '/home/robomango/workspace/microros_ws/install/micro_ros_agent/share/micro_ros_agent/hook/ld_library_path_lib.dsv'
[236.326s] INFO:colcon.colcon_core.shell:Creating environment hook '/home/robomango/workspace/microros_ws/install/micro_ros_agent/share/micro_ros_agent/hook/ld_library_path_lib.sh'
[236.326s] Level 1:colcon.colcon_core.environment:checking '/home/robomango/workspace/microros_ws/install/micro_ros_agent/bin'
[236.326s] Level 1:colcon.colcon_core.environment:checking '/home/robomango/workspace/microros_ws/install/micro_ros_agent/lib/pkgconfig/micro_ros_agent.pc'
[236.326s] Level 1:colcon.colcon_core.environment:checking '/home/robomango/workspace/microros_ws/install/micro_ros_agent/lib/python3.12/site-packages'
[236.327s] Level 1:colcon.colcon_core.environment:checking '/home/robomango/workspace/microros_ws/install/micro_ros_agent/bin'
[236.327s] INFO:colcon.colcon_core.shell:Creating package script '/home/robomango/workspace/microros_ws/install/micro_ros_agent/share/micro_ros_agent/package.ps1'
[236.328s] INFO:colcon.colcon_core.shell:Creating package descriptor '/home/robomango/workspace/microros_ws/install/micro_ros_agent/share/micro_ros_agent/package.dsv'
[236.328s] INFO:colcon.colcon_core.shell:Creating package script '/home/robomango/workspace/microros_ws/install/micro_ros_agent/share/micro_ros_agent/package.sh'
[236.329s] INFO:colcon.colcon_core.shell:Creating package script '/home/robomango/workspace/microros_ws/install/micro_ros_agent/share/micro_ros_agent/package.bash'
[236.329s] INFO:colcon.colcon_core.shell:Creating package script '/home/robomango/workspace/microros_ws/install/micro_ros_agent/share/micro_ros_agent/package.zsh'
[236.330s] Level 1:colcon.colcon_core.environment:create_file_with_runtime_dependencies(/home/robomango/workspace/microros_ws/install/micro_ros_agent/share/colcon-core/packages/micro_ros_agent)
[236.330s] Level 1:colcon.colcon_core.environment:create_environment_scripts_only(micro_ros_agent)
[236.330s] Level 1:colcon.colcon_core.environment:checking '/home/robomango/workspace/microros_ws/install/micro_ros_agent' for CMake module files
[236.331s] Level 1:colcon.colcon_core.environment:checking '/home/robomango/workspace/microros_ws/install/micro_ros_agent' for CMake config files
[236.331s] Level 1:colcon.colcon_core.shell:create_environment_hook('micro_ros_agent', 'cmake_prefix_path')
[236.332s] INFO:colcon.colcon_core.shell:Creating environment hook '/home/robomango/workspace/microros_ws/install/micro_ros_agent/share/micro_ros_agent/hook/cmake_prefix_path.ps1'
[236.332s] INFO:colcon.colcon_core.shell:Creating environment descriptor '/home/robomango/workspace/microros_ws/install/micro_ros_agent/share/micro_ros_agent/hook/cmake_prefix_path.dsv'
[236.333s] INFO:colcon.colcon_core.shell:Creating environment hook '/home/robomango/workspace/microros_ws/install/micro_ros_agent/share/micro_ros_agent/hook/cmake_prefix_path.sh'
[236.333s] Level 1:colcon.colcon_core.environment:checking '/home/robomango/workspace/microros_ws/install/micro_ros_agent/lib'
[236.333s] Level 1:colcon.colcon_core.shell:create_environment_hook('micro_ros_agent', 'ld_library_path_lib')
[236.334s] INFO:colcon.colcon_core.shell:Creating environment hook '/home/robomango/workspace/microros_ws/install/micro_ros_agent/share/micro_ros_agent/hook/ld_library_path_lib.ps1'
[236.334s] INFO:colcon.colcon_core.shell:Creating environment descriptor '/home/robomango/workspace/microros_ws/install/micro_ros_agent/share/micro_ros_agent/hook/ld_library_path_lib.dsv'
[236.335s] INFO:colcon.colcon_core.shell:Creating environment hook '/home/robomango/workspace/microros_ws/install/micro_ros_agent/share/micro_ros_agent/hook/ld_library_path_lib.sh'
[236.335s] Level 1:colcon.colcon_core.environment:checking '/home/robomango/workspace/microros_ws/install/micro_ros_agent/bin'
[236.335s] Level 1:colcon.colcon_core.environment:checking '/home/robomango/workspace/microros_ws/install/micro_ros_agent/lib/pkgconfig/micro_ros_agent.pc'
[236.336s] Level 1:colcon.colcon_core.environment:checking '/home/robomango/workspace/microros_ws/install/micro_ros_agent/lib/python3.12/site-packages'
[236.336s] Level 1:colcon.colcon_core.environment:checking '/home/robomango/workspace/microros_ws/install/micro_ros_agent/bin'
[236.336s] INFO:colcon.colcon_core.shell:Creating package script '/home/robomango/workspace/microros_ws/install/micro_ros_agent/share/micro_ros_agent/package.ps1'
[236.337s] INFO:colcon.colcon_core.shell:Creating package descriptor '/home/robomango/workspace/microros_ws/install/micro_ros_agent/share/micro_ros_agent/package.dsv'
[236.338s] INFO:colcon.colcon_core.shell:Creating package script '/home/robomango/workspace/microros_ws/install/micro_ros_agent/share/micro_ros_agent/package.sh'
[236.338s] INFO:colcon.colcon_core.shell:Creating package script '/home/robomango/workspace/microros_ws/install/micro_ros_agent/share/micro_ros_agent/package.bash'
[236.339s] INFO:colcon.colcon_core.shell:Creating package script '/home/robomango/workspace/microros_ws/install/micro_ros_agent/share/micro_ros_agent/package.zsh'
[236.339s] Level 1:colcon.colcon_core.environment:create_file_with_runtime_dependencies(/home/robomango/workspace/microros_ws/install/micro_ros_agent/share/colcon-core/packages/micro_ros_agent)
[236.340s] DEBUG:colcon.colcon_parallel_executor.executor.parallel:closing loop
[236.340s] DEBUG:colcon.colcon_parallel_executor.executor.parallel:loop closed
[236.341s] DEBUG:colcon.colcon_parallel_executor.executor.parallel:run_until_complete finished with '0'
[236.341s] DEBUG:colcon.colcon_core.event_reactor:joining thread
[236.359s] INFO:colcon.colcon_core.plugin_system:Skipping extension 'colcon_notification.desktop_notification.terminal_notifier': Not used on non-Darwin systems
[236.360s] INFO:colcon.colcon_core.plugin_system:Skipping extension 'colcon_notification.desktop_notification.win32': Not used on non-Windows systems
[236.360s] INFO:colcon.colcon_notification.desktop_notification:Sending desktop notification using 'notify2'
[236.390s] DEBUG:colcon.colcon_core.event_reactor:joined thread
[236.391s] INFO:colcon.colcon_core.shell:Creating prefix script '/home/robomango/workspace/microros_ws/install/local_setup.ps1'
[236.392s] INFO:colcon.colcon_core.shell:Creating prefix util module '/home/robomango/workspace/microros_ws/install/_local_setup_util_ps1.py'
[236.395s] INFO:colcon.colcon_core.shell:Creating prefix chain script '/home/robomango/workspace/microros_ws/install/setup.ps1'
[236.398s] INFO:colcon.colcon_core.shell:Creating prefix script '/home/robomango/workspace/microros_ws/install/local_setup.sh'
[236.401s] INFO:colcon.colcon_core.shell:Creating prefix util module '/home/robomango/workspace/microros_ws/install/_local_setup_util_sh.py'
[236.404s] INFO:colcon.colcon_core.shell:Creating prefix chain script '/home/robomango/workspace/microros_ws/install/setup.sh'
[236.407s] INFO:colcon.colcon_core.shell:Creating prefix script '/home/robomango/workspace/microros_ws/install/local_setup.bash'
[236.409s] INFO:colcon.colcon_core.shell:Creating prefix chain script '/home/robomango/workspace/microros_ws/install/setup.bash'
[236.412s] INFO:colcon.colcon_core.shell:Creating prefix script '/home/robomango/workspace/microros_ws/install/local_setup.zsh'
[236.413s] INFO:colcon.colcon_core.shell:Creating prefix chain script '/home/robomango/workspace/microros_ws/install/setup.zsh'
