[0.034s] Invoking command in '/home/robomango/workspace/MangoMobileRobot/diffdrive_ws/build/robot_localization': CMAKE_PREFIX_PATH=${CMAKE_PREFIX_PATH}:/home/robomango/workspace/MangoMobileRobot/install/my_joy_teleop:/opt/ros/jazzy /usr/bin/cmake --build /home/robomango/workspace/MangoMobileRobot/diffdrive_ws/build/robot_localization -- -j2 -l2
[0.097s] -- robot_localization: You did not request a specific build type: selecting 'RelWithDebInfo'.
[0.097s] -- Found ament_cmake: 2.5.4 (/opt/ros/jazzy/share/ament_cmake/cmake)
[0.142s] -- Found Python3: /usr/bin/python3 (found version "3.12.3") found components: Interpreter 
[0.255s] -- Override CMake install command with custom implementation using symlinks instead of copying resources
[0.272s] -- Found angles: 1.16.1 (/opt/ros/jazzy/share/angles/cmake)
[0.275s] -- Found rclcpp: 28.1.12 (/opt/ros/jazzy/share/rclcpp/cmake)
[0.340s] -- Found rosidl_generator_c: 4.6.6 (/opt/ros/jazzy/share/rosidl_generator_c/cmake)
[0.356s] -- Found rosidl_generator_cpp: 4.6.6 (/opt/ros/jazzy/share/rosidl_generator_cpp/cmake)
[0.379s] -- Using all available rosidl_typesupport_c: rosidl_typesupport_fastrtps_c;rosidl_typesupport_introspection_c
[0.410s] -- Using all available rosidl_typesupport_cpp: rosidl_typesupport_fastrtps_cpp;rosidl_typesupport_introspection_cpp
[0.526s] -- Found rmw_implementation_cmake: 7.3.2 (/opt/ros/jazzy/share/rmw_implementation_cmake/cmake)
[0.530s] -- Found rmw_fastrtps_cpp: 8.4.3 (/opt/ros/jazzy/share/rmw_fastrtps_cpp/cmake)
[0.646s] -- Using RMW implementation 'rmw_fastrtps_cpp' as default
[0.768s] -- Found diagnostic_msgs: 5.3.6 (/opt/ros/jazzy/share/diagnostic_msgs/cmake)
[0.842s] -- Found diagnostic_updater: 4.2.6 (/opt/ros/jazzy/share/diagnostic_updater/cmake)
[0.852s] -- Found geographic_msgs: 1.0.6 (/opt/ros/jazzy/share/geographic_msgs/cmake)
[0.949s] -- Found message_filters: 4.11.8 (/opt/ros/jazzy/share/message_filters/cmake)
[0.957s] -- Found nav_msgs: 5.3.6 (/opt/ros/jazzy/share/nav_msgs/cmake)
[1.002s] -- Found rosidl_default_generators: 1.6.0 (/opt/ros/jazzy/share/rosidl_default_generators/cmake)
[1.021s] -- Found rosidl_adapter: 4.6.6 (/opt/ros/jazzy/share/rosidl_adapter/cmake)
[1.027s] -- Found sensor_msgs: 5.3.6 (/opt/ros/jazzy/share/sensor_msgs/cmake)
[1.067s] -- Found std_srvs: 5.3.6 (/opt/ros/jazzy/share/std_srvs/cmake)
[1.096s] -- Found tf2: 0.36.14 (/opt/ros/jazzy/share/tf2/cmake)
[1.104s] -- Found tf2_eigen: 0.36.14 (/opt/ros/jazzy/share/tf2_eigen/cmake)
[1.281s] -- Found tf2_geometry_msgs: 0.36.14 (/opt/ros/jazzy/share/tf2_geometry_msgs/cmake)
[1.288s] -- Found eigen3_cmake_module: 0.3.0 (/opt/ros/jazzy/share/eigen3_cmake_module/cmake)
[1.290s] -- Ensuring Eigen3 include directory is part of orocos-kdl CMake target
[1.302s] -- Found yaml_cpp_vendor: 9.0.1 (/opt/ros/jazzy/share/yaml_cpp_vendor/cmake)
[1.305s] -- Setting yaml-cpp_DIR to: '/opt/ros/jazzy/share/yaml_cpp_vendor/cmake/../../../opt/yaml_cpp_vendor/share/cmake/yaml-cpp'
[1.856s] -- Found ament_cmake_cppcheck: 0.17.3 (/opt/ros/jazzy/share/ament_cmake_cppcheck/cmake)
[1.858s] -- Found ament_cmake_cpplint: 0.17.3 (/opt/ros/jazzy/share/ament_cmake_cpplint/cmake)
[1.860s] -- Found ament_cmake_uncrustify: 0.17.3 (/opt/ros/jazzy/share/ament_cmake_uncrustify/cmake)
[1.863s] -- Found ament_cmake_ros: 0.12.0 (/opt/ros/jazzy/share/ament_cmake_ros/cmake)
[2.422s] -- Using all available rosidl_typesupport_c: rosidl_typesupport_fastrtps_c;rosidl_typesupport_introspection_c
[2.642s] -- Using all available rosidl_typesupport_cpp: rosidl_typesupport_fastrtps_cpp;rosidl_typesupport_introspection_cpp
[2.647s] -- Found python_cmake_module: 0.11.1 (/opt/ros/jazzy/share/python_cmake_module/cmake)
[3.111s] -- Found Python3: /usr/bin/python3 (found version "3.12.3") found components: Interpreter Development NumPy Development.Module Development.Embed 
[3.195s] -- Found ament_cmake_flake8: 0.17.3 (/opt/ros/jazzy/share/ament_cmake_flake8/cmake)
[3.197s] -- Found ament_cmake_pep257: 0.17.3 (/opt/ros/jazzy/share/ament_cmake_pep257/cmake)
[3.217s] -- Found ament_cmake_lint_cmake: 0.17.3 (/opt/ros/jazzy/share/ament_cmake_lint_cmake/cmake)
[3.219s] -- Found launch_testing_ament_cmake: 3.4.7 (/opt/ros/jazzy/share/launch_testing_ament_cmake/cmake)
[3.222s] -- Found gtest sources under '/opt/ros/jazzy/src/gtest_vendor': C++ tests using 'Google Test' will be built
[3.268s] -- Configuring done (3.2s)
[3.562s] -- Generating done (0.2s)
[3.637s] -- Build files have been written to: /home/robomango/workspace/MangoMobileRobot/diffdrive_ws/build/robot_localization
[3.723s] [  1%] Built target robot_localization__rosidl_generator_type_description
[3.740s] [  1%] Built target ament_cmake_python_symlink_robot_localization
[3.771s] [  2%] Built target gtest_main
[3.780s] [  4%] Built target gtest
[4.193s] [  5%] Built target robot_localization__cpp
[4.379s] [  6%] [32mBuilding C object CMakeFiles/robot_localization__rosidl_generator_c.dir/rosidl_generator_c/robot_localization/srv/detail/from_ll__description.c.o[0m
[4.563s] [  7%] [32mBuilding C object CMakeFiles/robot_localization__rosidl_generator_c.dir/rosidl_generator_c/robot_localization/srv/detail/from_ll__functions.c.o[0m
[4.659s] running egg_info
[4.706s] writing robot_localization.egg-info/PKG-INFO
[4.706s] writing dependency_links to robot_localization.egg-info/dependency_links.txt
[4.707s] writing top-level names to robot_localization.egg-info/top_level.txt
[4.875s] reading manifest file 'robot_localization.egg-info/SOURCES.txt'
[4.876s] writing manifest file 'robot_localization.egg-info/SOURCES.txt'
[4.895s] [  8%] [32mBuilding C object CMakeFiles/robot_localization__rosidl_generator_c.dir/rosidl_generator_c/robot_localization/srv/detail/from_ll__type_support.c.o[0m
[4.944s] [  8%] Built target ament_cmake_python_build_robot_localization_egg
[4.975s] [  8%] [32mBuilding C object CMakeFiles/robot_localization__rosidl_generator_c.dir/rosidl_generator_c/robot_localization/srv/detail/get_state__description.c.o[0m
[5.002s] [  9%] [32mBuilding C object CMakeFiles/robot_localization__rosidl_generator_c.dir/rosidl_generator_c/robot_localization/srv/detail/get_state__functions.c.o[0m
[5.117s] [ 10%] [32mBuilding C object CMakeFiles/robot_localization__rosidl_generator_c.dir/rosidl_generator_c/robot_localization/srv/detail/get_state__type_support.c.o[0m
[5.222s] [ 11%] [32mBuilding C object CMakeFiles/robot_localization__rosidl_generator_c.dir/rosidl_generator_c/robot_localization/srv/detail/set_datum__description.c.o[0m
[5.363s] [ 11%] [32mBuilding C object CMakeFiles/robot_localization__rosidl_generator_c.dir/rosidl_generator_c/robot_localization/srv/detail/set_datum__functions.c.o[0m
[5.398s] [ 12%] [32mBuilding C object CMakeFiles/robot_localization__rosidl_generator_c.dir/rosidl_generator_c/robot_localization/srv/detail/set_datum__type_support.c.o[0m
[5.506s] [ 13%] [32mBuilding C object CMakeFiles/robot_localization__rosidl_generator_c.dir/rosidl_generator_c/robot_localization/srv/detail/set_pose__description.c.o[0m
[5.702s] [ 13%] [32mBuilding C object CMakeFiles/robot_localization__rosidl_generator_c.dir/rosidl_generator_c/robot_localization/srv/detail/set_pose__type_support.c.o[0m
[5.703s] [ 14%] [32mBuilding C object CMakeFiles/robot_localization__rosidl_generator_c.dir/rosidl_generator_c/robot_localization/srv/detail/set_pose__functions.c.o[0m
[5.805s] [ 15%] [32mBuilding C object CMakeFiles/robot_localization__rosidl_generator_c.dir/rosidl_generator_c/robot_localization/srv/detail/set_utm_zone__description.c.o[0m
[5.922s] [ 16%] [32mBuilding C object CMakeFiles/robot_localization__rosidl_generator_c.dir/rosidl_generator_c/robot_localization/srv/detail/set_utm_zone__functions.c.o[0m
[6.089s] [ 16%] [32mBuilding C object CMakeFiles/robot_localization__rosidl_generator_c.dir/rosidl_generator_c/robot_localization/srv/detail/set_utm_zone__type_support.c.o[0m
[6.192s] [ 17%] [32mBuilding C object CMakeFiles/robot_localization__rosidl_generator_c.dir/rosidl_generator_c/robot_localization/srv/detail/toggle_filter_processing__description.c.o[0m
[6.273s] [ 18%] [32mBuilding C object CMakeFiles/robot_localization__rosidl_generator_c.dir/rosidl_generator_c/robot_localization/srv/detail/toggle_filter_processing__functions.c.o[0m
[6.351s] [ 19%] [32mBuilding C object CMakeFiles/robot_localization__rosidl_generator_c.dir/rosidl_generator_c/robot_localization/srv/detail/toggle_filter_processing__type_support.c.o[0m
[6.455s] [ 19%] [32mBuilding C object CMakeFiles/robot_localization__rosidl_generator_c.dir/rosidl_generator_c/robot_localization/srv/detail/to_ll__description.c.o[0m
[6.610s] [ 20%] [32mBuilding C object CMakeFiles/robot_localization__rosidl_generator_c.dir/rosidl_generator_c/robot_localization/srv/detail/to_ll__functions.c.o[0m
[6.624s] [ 21%] [32mBuilding C object CMakeFiles/robot_localization__rosidl_generator_c.dir/rosidl_generator_c/robot_localization/srv/detail/to_ll__type_support.c.o[0m
[6.926s] [ 22%] [32m[1mLinking C shared library librobot_localization__rosidl_generator_c.so[0m
[7.008s] [ 22%] Built target robot_localization__rosidl_generator_c
[7.071s] [ 22%] [32mBuilding CXX object CMakeFiles/robot_localization__rosidl_typesupport_cpp.dir/rosidl_typesupport_cpp/robot_localization/srv/from_ll__type_support.cpp.o[0m
[7.072s] [ 23%] [32mBuilding CXX object CMakeFiles/robot_localization__rosidl_typesupport_fastrtps_c.dir/rosidl_typesupport_fastrtps_c/robot_localization/srv/detail/from_ll__type_support_c.cpp.o[0m
[7.861s] [ 24%] [32mBuilding CXX object CMakeFiles/robot_localization__rosidl_typesupport_cpp.dir/rosidl_typesupport_cpp/robot_localization/srv/get_state__type_support.cpp.o[0m
[8.289s] [ 25%] [32mBuilding CXX object CMakeFiles/robot_localization__rosidl_typesupport_fastrtps_c.dir/rosidl_typesupport_fastrtps_c/robot_localization/srv/detail/get_state__type_support_c.cpp.o[0m
[8.803s] [ 26%] [32mBuilding CXX object CMakeFiles/robot_localization__rosidl_typesupport_cpp.dir/rosidl_typesupport_cpp/robot_localization/srv/set_datum__type_support.cpp.o[0m
[9.500s] [ 26%] [32mBuilding CXX object CMakeFiles/robot_localization__rosidl_typesupport_fastrtps_c.dir/rosidl_typesupport_fastrtps_c/robot_localization/srv/detail/set_datum__type_support_c.cpp.o[0m
[9.755s] [ 27%] [32mBuilding CXX object CMakeFiles/robot_localization__rosidl_typesupport_cpp.dir/rosidl_typesupport_cpp/robot_localization/srv/set_pose__type_support.cpp.o[0m
[10.604s] [ 27%] [32mBuilding CXX object CMakeFiles/robot_localization__rosidl_typesupport_cpp.dir/rosidl_typesupport_cpp/robot_localization/srv/set_utm_zone__type_support.cpp.o[0m
[10.694s] [ 28%] [32mBuilding CXX object CMakeFiles/robot_localization__rosidl_typesupport_fastrtps_c.dir/rosidl_typesupport_fastrtps_c/robot_localization/srv/detail/set_pose__type_support_c.cpp.o[0m
[11.594s] [ 29%] [32mBuilding CXX object CMakeFiles/robot_localization__rosidl_typesupport_cpp.dir/rosidl_typesupport_cpp/robot_localization/srv/toggle_filter_processing__type_support.cpp.o[0m
[11.749s] [ 30%] [32mBuilding CXX object CMakeFiles/robot_localization__rosidl_typesupport_fastrtps_c.dir/rosidl_typesupport_fastrtps_c/robot_localization/srv/detail/set_utm_zone__type_support_c.cpp.o[0m
[12.469s] [ 31%] [32mBuilding CXX object CMakeFiles/robot_localization__rosidl_typesupport_cpp.dir/rosidl_typesupport_cpp/robot_localization/srv/to_ll__type_support.cpp.o[0m
[12.871s] [ 32%] [32mBuilding CXX object CMakeFiles/robot_localization__rosidl_typesupport_fastrtps_c.dir/rosidl_typesupport_fastrtps_c/robot_localization/srv/detail/toggle_filter_processing__type_support_c.cpp.o[0m
[13.449s] [ 32%] [32m[1mLinking CXX shared library librobot_localization__rosidl_typesupport_cpp.so[0m
[13.688s] [ 33%] Built target robot_localization__rosidl_typesupport_cpp
[13.722s] [ 33%] [32mBuilding CXX object CMakeFiles/robot_localization__rosidl_typesupport_fastrtps_c.dir/rosidl_typesupport_fastrtps_c/robot_localization/srv/detail/to_ll__type_support_c.cpp.o[0m
[14.016s] [ 34%] [32mBuilding CXX object CMakeFiles/robot_localization__rosidl_typesupport_fastrtps_cpp.dir/rosidl_typesupport_fastrtps_cpp/robot_localization/srv/detail/dds_fastrtps/from_ll__type_support.cpp.o[0m
[15.206s] [ 35%] [32m[1mLinking CXX shared library librobot_localization__rosidl_typesupport_fastrtps_c.so[0m
[15.438s] [ 36%] Built target robot_localization__rosidl_typesupport_fastrtps_c
[15.465s] [ 36%] [32mBuilding CXX object CMakeFiles/robot_localization__rosidl_typesupport_fastrtps_cpp.dir/rosidl_typesupport_fastrtps_cpp/robot_localization/srv/detail/dds_fastrtps/get_state__type_support.cpp.o[0m
[15.483s] [ 37%] [32mBuilding CXX object CMakeFiles/robot_localization__rosidl_typesupport_fastrtps_cpp.dir/rosidl_typesupport_fastrtps_cpp/robot_localization/srv/detail/dds_fastrtps/set_datum__type_support.cpp.o[0m
[17.008s] [ 38%] [32mBuilding C object CMakeFiles/robot_localization__rosidl_typesupport_introspection_c.dir/rosidl_typesupport_introspection_c/robot_localization/srv/detail/from_ll__type_support.c.o[0m
[17.187s] [ 39%] [32mBuilding C object CMakeFiles/robot_localization__rosidl_typesupport_introspection_c.dir/rosidl_typesupport_introspection_c/robot_localization/srv/detail/get_state__type_support.c.o[0m
[17.320s] [ 40%] [32mBuilding C object CMakeFiles/robot_localization__rosidl_typesupport_introspection_c.dir/rosidl_typesupport_introspection_c/robot_localization/srv/detail/set_datum__type_support.c.o[0m
[17.451s] [ 40%] [32mBuilding C object CMakeFiles/robot_localization__rosidl_typesupport_introspection_c.dir/rosidl_typesupport_introspection_c/robot_localization/srv/detail/set_pose__type_support.c.o[0m
[17.588s] [ 41%] [32mBuilding C object CMakeFiles/robot_localization__rosidl_typesupport_introspection_c.dir/rosidl_typesupport_introspection_c/robot_localization/srv/detail/set_utm_zone__type_support.c.o[0m
[17.709s] [ 42%] [32mBuilding C object CMakeFiles/robot_localization__rosidl_typesupport_introspection_c.dir/rosidl_typesupport_introspection_c/robot_localization/srv/detail/toggle_filter_processing__type_support.c.o[0m
[17.823s] [ 43%] [32mBuilding C object CMakeFiles/robot_localization__rosidl_typesupport_introspection_c.dir/rosidl_typesupport_introspection_c/robot_localization/srv/detail/to_ll__type_support.c.o[0m
[17.953s] [ 43%] [32m[1mLinking C shared library librobot_localization__rosidl_typesupport_introspection_c.so[0m
[18.017s] [ 43%] Built target robot_localization__rosidl_typesupport_introspection_c
[18.035s] [ 44%] [32mBuilding CXX object CMakeFiles/robot_localization__rosidl_typesupport_fastrtps_cpp.dir/rosidl_typesupport_fastrtps_cpp/robot_localization/srv/detail/dds_fastrtps/set_pose__type_support.cpp.o[0m
[18.922s] [ 45%] [32mBuilding CXX object CMakeFiles/robot_localization__rosidl_typesupport_c.dir/rosidl_typesupport_c/robot_localization/srv/from_ll__type_support.cpp.o[0m
[19.036s] [ 45%] [32mBuilding CXX object CMakeFiles/robot_localization__rosidl_typesupport_c.dir/rosidl_typesupport_c/robot_localization/srv/get_state__type_support.cpp.o[0m
[19.178s] [ 46%] [32mBuilding CXX object CMakeFiles/robot_localization__rosidl_typesupport_c.dir/rosidl_typesupport_c/robot_localization/srv/set_datum__type_support.cpp.o[0m
[19.278s] [ 47%] [32mBuilding CXX object CMakeFiles/robot_localization__rosidl_typesupport_c.dir/rosidl_typesupport_c/robot_localization/srv/set_pose__type_support.cpp.o[0m
[19.382s] [ 48%] [32mBuilding CXX object CMakeFiles/robot_localization__rosidl_typesupport_c.dir/rosidl_typesupport_c/robot_localization/srv/set_utm_zone__type_support.cpp.o[0m
[19.509s] [ 48%] [32mBuilding CXX object CMakeFiles/robot_localization__rosidl_typesupport_c.dir/rosidl_typesupport_c/robot_localization/srv/toggle_filter_processing__type_support.cpp.o[0m
[19.647s] [ 49%] [32mBuilding CXX object CMakeFiles/robot_localization__rosidl_typesupport_c.dir/rosidl_typesupport_c/robot_localization/srv/to_ll__type_support.cpp.o[0m
[19.757s] [ 50%] [32m[1mLinking CXX shared library librobot_localization__rosidl_typesupport_c.so[0m
[19.819s] [ 50%] [32mBuilding CXX object CMakeFiles/robot_localization__rosidl_typesupport_fastrtps_cpp.dir/rosidl_typesupport_fastrtps_cpp/robot_localization/srv/detail/dds_fastrtps/set_utm_zone__type_support.cpp.o[0m
[19.849s] [ 51%] Built target robot_localization__rosidl_typesupport_c
[19.879s] [ 52%] [32mBuilding CXX object CMakeFiles/robot_localization__rosidl_typesupport_fastrtps_cpp.dir/rosidl_typesupport_fastrtps_cpp/robot_localization/srv/detail/dds_fastrtps/toggle_filter_processing__type_support.cpp.o[0m
[21.229s] [ 53%] [32mBuilding CXX object CMakeFiles/robot_localization__rosidl_typesupport_introspection_cpp.dir/rosidl_typesupport_introspection_cpp/robot_localization/srv/detail/from_ll__type_support.cpp.o[0m
[21.391s] [ 54%] [32mBuilding CXX object CMakeFiles/robot_localization__rosidl_typesupport_fastrtps_cpp.dir/rosidl_typesupport_fastrtps_cpp/robot_localization/srv/detail/dds_fastrtps/to_ll__type_support.cpp.o[0m
[22.087s] [ 55%] [32mBuilding CXX object CMakeFiles/robot_localization__rosidl_typesupport_introspection_cpp.dir/rosidl_typesupport_introspection_cpp/robot_localization/srv/detail/get_state__type_support.cpp.o[0m
[23.008s] [ 56%] [32m[1mLinking CXX shared library librobot_localization__rosidl_typesupport_fastrtps_cpp.so[0m
[23.171s] [ 56%] [32mBuilding CXX object CMakeFiles/robot_localization__rosidl_typesupport_introspection_cpp.dir/rosidl_typesupport_introspection_cpp/robot_localization/srv/detail/set_datum__type_support.cpp.o[0m
[23.179s] [ 57%] Built target robot_localization__rosidl_typesupport_fastrtps_cpp
[23.195s] [ 58%] [32mBuilding CXX object CMakeFiles/robot_localization__rosidl_typesupport_introspection_cpp.dir/rosidl_typesupport_introspection_cpp/robot_localization/srv/detail/set_pose__type_support.cpp.o[0m
[24.248s] [ 59%] [32mBuilding CXX object CMakeFiles/rl_lib.dir/src/ekf.cpp.o[0m
[24.328s] [ 60%] [32mBuilding CXX object CMakeFiles/robot_localization__rosidl_typesupport_introspection_cpp.dir/rosidl_typesupport_introspection_cpp/robot_localization/srv/detail/set_utm_zone__type_support.cpp.o[0m
[26.182s] [ 60%] [32mBuilding CXX object CMakeFiles/robot_localization__rosidl_typesupport_introspection_cpp.dir/rosidl_typesupport_introspection_cpp/robot_localization/srv/detail/toggle_filter_processing__type_support.cpp.o[0m
[27.888s] [ 61%] [32mBuilding CXX object CMakeFiles/robot_localization__rosidl_typesupport_introspection_cpp.dir/rosidl_typesupport_introspection_cpp/robot_localization/srv/detail/to_ll__type_support.cpp.o[0m
[30.463s] [ 62%] [32m[1mLinking CXX shared library librobot_localization__rosidl_typesupport_introspection_cpp.so[0m
[30.754s] [ 63%] Built target robot_localization__rosidl_typesupport_introspection_cpp
[42.986s] [ 63%] [32mBuilding CXX object CMakeFiles/rl_lib.dir/src/ukf.cpp.o[0m
[60.135s] [ 64%] [32mBuilding CXX object CMakeFiles/rl_lib.dir/src/filter_base.cpp.o[0m
[67.632s] [ 65%] [32mBuilding CXX object CMakeFiles/rl_lib.dir/src/filter_utilities.cpp.o[0m
[69.842s] [ 66%] [32mBuilding CXX object CMakeFiles/rl_lib.dir/src/navsat_transform.cpp.o[0m
[122.086s] [ 66%] [32mBuilding CXX object CMakeFiles/rl_lib.dir/src/robot_localization_estimator.cpp.o[0m
[125.234s] [ 67%] [32mBuilding CXX object CMakeFiles/rl_lib.dir/src/ros_filter.cpp.o[0m
[221.939s] [ 68%] [32mBuilding CXX object CMakeFiles/rl_lib.dir/src/ros_filter_utilities.cpp.o[0m
[229.537s] [ 68%] [32mBuilding CXX object CMakeFiles/rl_lib.dir/src/ros_robot_localization_listener.cpp.o[0m
[281.332s] [ 69%] [32m[1mLinking CXX shared library librl_lib.so[0m
[284.569s] [ 69%] Built target rl_lib
[284.627s] [ 69%] Built target robot_localization
[284.699s] [ 69%] [32mBuilding CXX object CMakeFiles/ekf_node.dir/src/ekf_node.cpp.o[0m
[293.512s] [ 70%] [32m[1mLinking CXX executable ekf_node[0m
[294.043s] [ 70%] Built target ekf_node
[294.105s] [ 71%] [32mBuilding CXX object CMakeFiles/ukf_node.dir/src/ukf_node.cpp.o[0m
[302.420s] [ 72%] [32m[1mLinking CXX executable ukf_node[0m
[302.958s] [ 72%] Built target ukf_node
[303.040s] [ 73%] [32mBuilding CXX object CMakeFiles/navsat_transform_node.dir/src/navsat_transform_node.cpp.o[0m
[311.366s] [ 74%] [32m[1mLinking CXX executable navsat_transform_node[0m
[311.904s] [ 74%] Built target navsat_transform_node
[311.967s] [ 75%] [32mBuilding CXX object CMakeFiles/robot_localization_listener_node.dir/src/robot_localization_listener_node.cpp.o[0m
[323.339s] [ 75%] [32m[1mLinking CXX executable robot_localization_listener_node[0m
[323.776s] [ 75%] Built target robot_localization_listener_node
[323.820s] [ 76%] [32mBuilding CXX object CMakeFiles/filter_base-test.dir/test/test_filter_base.cpp.o[0m
[328.353s] [ 76%] [32m[1mLinking CXX executable filter_base-test[0m
[328.840s] [ 76%] Built target filter_base-test
[328.891s] [ 76%] [32mBuilding CXX object CMakeFiles/test_filter_base_diagnostics_timestamps.dir/test/test_filter_base_diagnostics_timestamps.cpp.o[0m
[361.751s] [ 77%] [32m[1mLinking CXX executable test_filter_base_diagnostics_timestamps[0m
[362.405s] [ 77%] Built target test_filter_base_diagnostics_timestamps
[362.470s] [ 78%] [32mBuilding CXX object CMakeFiles/test_ekf.dir/test/test_ekf.cpp.o[0m
[372.775s] [ 78%] [32m[1mLinking CXX executable test_ekf[0m
[373.382s] [ 78%] Built target test_ekf
[373.447s] [ 79%] [32mBuilding CXX object CMakeFiles/test_ekf_node_interfaces.dir/test/test_se_node_interfaces.cpp.o[0m
[410.154s] [ 80%] [32m[1mLinking CXX executable test_ekf_node_interfaces[0m
[410.905s] [ 80%] Built target test_ekf_node_interfaces
[410.966s] [ 81%] [32mBuilding CXX object CMakeFiles/test_ukf.dir/test/test_ukf.cpp.o[0m
[422.294s] [ 82%] [32m[1mLinking CXX executable test_ukf[0m
[423.140s] [ 82%] Built target test_ukf
[423.194s] [ 82%] [32mBuilding CXX object CMakeFiles/test_ukf_node_interfaces.dir/test/test_se_node_interfaces.cpp.o[0m
[457.784s] [ 83%] [32m[1mLinking CXX executable test_ukf_node_interfaces[0m
[458.802s] [ 83%] Built target test_ukf_node_interfaces
[458.870s] [ 83%] [32mBuilding CXX object CMakeFiles/test_robot_localization_estimator.dir/test/test_robot_localization_estimator.cpp.o[0m
[471.251s] [ 84%] [32m[1mLinking CXX executable test_robot_localization_estimator[0m
[471.959s] [ 84%] Built target test_robot_localization_estimator
[472.073s] [ 85%] [32mBuilding CXX object CMakeFiles/test_navsat_conversions.dir/test/test_navsat_conversions.cpp.o[0m
[475.031s] [ 86%] [32m[1mLinking CXX executable test_navsat_conversions[0m
[475.705s] [ 86%] Built target test_navsat_conversions
[475.766s] [ 87%] [32mBuilding CXX object CMakeFiles/test_ros_robot_localization_listener.dir/test/test_ros_robot_localization_listener.cpp.o[0m
[486.007s] [ 88%] [32m[1mLinking CXX executable test_ros_robot_localization_listener[0m
[486.725s] [ 88%] Built target test_ros_robot_localization_listener
[486.781s] [ 88%] [32mBuilding CXX object CMakeFiles/test_ros_robot_localization_listener_publisher.dir/test/test_ros_robot_localization_listener_publisher.cpp.o[0m
[502.256s] [ 89%] [32m[1mLinking CXX executable test_ros_robot_localization_listener_publisher[0m
[502.637s] [ 89%] Built target test_ros_robot_localization_listener_publisher
[502.675s] [ 90%] Built target robot_localization__py
[502.734s] [ 90%] [32mBuilding C object CMakeFiles/robot_localization__rosidl_generator_py.dir/rosidl_generator_py/robot_localization/srv/_from_ll_s.c.o[0m
[503.336s] [ 91%] [32mBuilding C object CMakeFiles/robot_localization__rosidl_generator_py.dir/rosidl_generator_py/robot_localization/srv/_get_state_s.c.o[0m
[503.752s] [ 92%] [32mBuilding C object CMakeFiles/robot_localization__rosidl_generator_py.dir/rosidl_generator_py/robot_localization/srv/_set_datum_s.c.o[0m
[504.131s] [ 93%] [32mBuilding C object CMakeFiles/robot_localization__rosidl_generator_py.dir/rosidl_generator_py/robot_localization/srv/_set_pose_s.c.o[0m
[504.495s] [ 93%] [32mBuilding C object CMakeFiles/robot_localization__rosidl_generator_py.dir/rosidl_generator_py/robot_localization/srv/_set_utm_zone_s.c.o[0m
[504.867s] [ 94%] [32mBuilding C object CMakeFiles/robot_localization__rosidl_generator_py.dir/rosidl_generator_py/robot_localization/srv/_toggle_filter_processing_s.c.o[0m
[505.246s] [ 95%] [32mBuilding C object CMakeFiles/robot_localization__rosidl_generator_py.dir/rosidl_generator_py/robot_localization/srv/_to_ll_s.c.o[0m
[505.624s] [ 95%] [32m[1mLinking C shared library librobot_localization__rosidl_generator_py.so[0m
[505.725s] [ 95%] Built target robot_localization__rosidl_generator_py
[505.771s] [ 96%] [32mBuilding C object CMakeFiles/robot_localization_s__rosidl_typesupport_fastrtps_c.dir/rosidl_generator_py/robot_localization/_robot_localization_s.ep.rosidl_typesupport_fastrtps_c.c.o[0m
[506.411s] [ 96%] [32m[1mLinking C shared module rosidl_generator_py/robot_localization/robot_localization_s__rosidl_typesupport_fastrtps_c.so[0m
[506.473s] [ 96%] Built target robot_localization_s__rosidl_typesupport_fastrtps_c
[506.515s] [ 97%] [32mBuilding C object CMakeFiles/robot_localization_s__rosidl_typesupport_introspection_c.dir/rosidl_generator_py/robot_localization/_robot_localization_s.ep.rosidl_typesupport_introspection_c.c.o[0m
[507.137s] [ 98%] [32m[1mLinking C shared module rosidl_generator_py/robot_localization/robot_localization_s__rosidl_typesupport_introspection_c.so[0m
[507.207s] [ 98%] Built target robot_localization_s__rosidl_typesupport_introspection_c
[507.247s] [ 99%] [32mBuilding C object CMakeFiles/robot_localization_s__rosidl_typesupport_c.dir/rosidl_generator_py/robot_localization/_robot_localization_s.ep.rosidl_typesupport_c.c.o[0m
[507.938s] [100%] [32m[1mLinking C shared module rosidl_generator_py/robot_localization/robot_localization_s__rosidl_typesupport_c.so[0m
[507.999s] [100%] Built target robot_localization_s__rosidl_typesupport_c
[508.023s] Invoked command in '/home/robomango/workspace/MangoMobileRobot/diffdrive_ws/build/robot_localization' returned '0': CMAKE_PREFIX_PATH=${CMAKE_PREFIX_PATH}:/home/robomango/workspace/MangoMobileRobot/install/my_joy_teleop:/opt/ros/jazzy /usr/bin/cmake --build /home/robomango/workspace/MangoMobileRobot/diffdrive_ws/build/robot_localization -- -j2 -l2
[508.040s] Invoking command in '/home/robomango/workspace/MangoMobileRobot/diffdrive_ws/build/robot_localization': CMAKE_PREFIX_PATH=${CMAKE_PREFIX_PATH}:/home/robomango/workspace/MangoMobileRobot/install/my_joy_teleop:/opt/ros/jazzy /usr/bin/cmake --install /home/robomango/workspace/MangoMobileRobot/diffdrive_ws/build/robot_localization
[508.056s] -- Install configuration: "RelWithDebInfo"
[508.057s] -- Execute custom install script
[508.058s] -- Up-to-date symlink: /home/robomango/workspace/MangoMobileRobot/diffdrive_ws/install/robot_localization/share/ament_index/resource_index/rosidl_interfaces/robot_localization
[508.058s] -- Up-to-date symlink: /home/robomango/workspace/MangoMobileRobot/diffdrive_ws/install/robot_localization/share/robot_localization/srv/FromLL.json
[508.059s] -- Up-to-date symlink: /home/robomango/workspace/MangoMobileRobot/diffdrive_ws/install/robot_localization/share/robot_localization/srv/GetState.json
[508.059s] -- Up-to-date symlink: /home/robomango/workspace/MangoMobileRobot/diffdrive_ws/install/robot_localization/share/robot_localization/srv/SetDatum.json
[508.059s] -- Up-to-date symlink: /home/robomango/workspace/MangoMobileRobot/diffdrive_ws/install/robot_localization/share/robot_localization/srv/SetPose.json
[508.059s] -- Up-to-date symlink: /home/robomango/workspace/MangoMobileRobot/diffdrive_ws/install/robot_localization/share/robot_localization/srv/SetUTMZone.json
[508.060s] -- Up-to-date symlink: /home/robomango/workspace/MangoMobileRobot/diffdrive_ws/install/robot_localization/share/robot_localization/srv/ToggleFilterProcessing.json
[508.060s] -- Up-to-date symlink: /home/robomango/workspace/MangoMobileRobot/diffdrive_ws/install/robot_localization/share/robot_localization/srv/ToLL.json
[508.063s] -- Up-to-date symlink: /home/robomango/workspace/MangoMobileRobot/diffdrive_ws/install/robot_localization/include/robot_localization/robot_localization/msg/rosidl_generator_c__visibility_control.h
[508.064s] -- Up-to-date symlink: /home/robomango/workspace/MangoMobileRobot/diffdrive_ws/install/robot_localization/include/robot_localization/robot_localization/srv/detail/from_ll__functions.h
[508.064s] -- Up-to-date symlink: /home/robomango/workspace/MangoMobileRobot/diffdrive_ws/install/robot_localization/include/robot_localization/robot_localization/srv/detail/from_ll__struct.h
[508.064s] -- Up-to-date symlink: /home/robomango/workspace/MangoMobileRobot/diffdrive_ws/install/robot_localization/include/robot_localization/robot_localization/srv/detail/from_ll__type_support.h
[508.064s] -- Up-to-date symlink: /home/robomango/workspace/MangoMobileRobot/diffdrive_ws/install/robot_localization/include/robot_localization/robot_localization/srv/detail/get_state__functions.h
[508.065s] -- Up-to-date symlink: /home/robomango/workspace/MangoMobileRobot/diffdrive_ws/install/robot_localization/include/robot_localization/robot_localization/srv/detail/get_state__struct.h
[508.065s] -- Up-to-date symlink: /home/robomango/workspace/MangoMobileRobot/diffdrive_ws/install/robot_localization/include/robot_localization/robot_localization/srv/detail/get_state__type_support.h
[508.065s] -- Up-to-date symlink: /home/robomango/workspace/MangoMobileRobot/diffdrive_ws/install/robot_localization/include/robot_localization/robot_localization/srv/detail/set_datum__functions.h
[508.065s] -- Up-to-date symlink: /home/robomango/workspace/MangoMobileRobot/diffdrive_ws/install/robot_localization/include/robot_localization/robot_localization/srv/detail/set_datum__struct.h
[508.065s] -- Up-to-date symlink: /home/robomango/workspace/MangoMobileRobot/diffdrive_ws/install/robot_localization/include/robot_localization/robot_localization/srv/detail/set_datum__type_support.h
[508.066s] -- Up-to-date symlink: /home/robomango/workspace/MangoMobileRobot/diffdrive_ws/install/robot_localization/include/robot_localization/robot_localization/srv/detail/set_pose__functions.h
[508.067s] -- Up-to-date symlink: /home/robomango/workspace/MangoMobileRobot/diffdrive_ws/install/robot_localization/include/robot_localization/robot_localization/srv/detail/set_pose__struct.h
[508.067s] -- Up-to-date symlink: /home/robomango/workspace/MangoMobileRobot/diffdrive_ws/install/robot_localization/include/robot_localization/robot_localization/srv/detail/set_pose__type_support.h
[508.068s] -- Up-to-date symlink: /home/robomango/workspace/MangoMobileRobot/diffdrive_ws/install/robot_localization/include/robot_localization/robot_localization/srv/detail/set_utm_zone__functions.h
[508.068s] -- Up-to-date symlink: /home/robomango/workspace/MangoMobileRobot/diffdrive_ws/install/robot_localization/include/robot_localization/robot_localization/srv/detail/set_utm_zone__struct.h
[508.068s] -- Up-to-date symlink: /home/robomango/workspace/MangoMobileRobot/diffdrive_ws/install/robot_localization/include/robot_localization/robot_localization/srv/detail/set_utm_zone__type_support.h
[508.068s] -- Up-to-date symlink: /home/robomango/workspace/MangoMobileRobot/diffdrive_ws/install/robot_localization/include/robot_localization/robot_localization/srv/detail/to_ll__functions.h
[508.068s] -- Up-to-date symlink: /home/robomango/workspace/MangoMobileRobot/diffdrive_ws/install/robot_localization/include/robot_localization/robot_localization/srv/detail/to_ll__struct.h
[508.068s] -- Up-to-date symlink: /home/robomango/workspace/MangoMobileRobot/diffdrive_ws/install/robot_localization/include/robot_localization/robot_localization/srv/detail/to_ll__type_support.h
[508.068s] -- Up-to-date symlink: /home/robomango/workspace/MangoMobileRobot/diffdrive_ws/install/robot_localization/include/robot_localization/robot_localization/srv/detail/toggle_filter_processing__functions.h
[508.068s] -- Up-to-date symlink: /home/robomango/workspace/MangoMobileRobot/diffdrive_ws/install/robot_localization/include/robot_localization/robot_localization/srv/detail/toggle_filter_processing__struct.h
[508.068s] -- Up-to-date symlink: /home/robomango/workspace/MangoMobileRobot/diffdrive_ws/install/robot_localization/include/robot_localization/robot_localization/srv/detail/toggle_filter_processing__type_support.h
[508.069s] -- Up-to-date symlink: /home/robomango/workspace/MangoMobileRobot/diffdrive_ws/install/robot_localization/include/robot_localization/robot_localization/srv/from_ll.h
[508.069s] -- Up-to-date symlink: /home/robomango/workspace/MangoMobileRobot/diffdrive_ws/install/robot_localization/include/robot_localization/robot_localization/srv/get_state.h
[508.069s] -- Up-to-date symlink: /home/robomango/workspace/MangoMobileRobot/diffdrive_ws/install/robot_localization/include/robot_localization/robot_localization/srv/set_datum.h
[508.069s] -- Up-to-date symlink: /home/robomango/workspace/MangoMobileRobot/diffdrive_ws/install/robot_localization/include/robot_localization/robot_localization/srv/set_pose.h
[508.069s] -- Up-to-date symlink: /home/robomango/workspace/MangoMobileRobot/diffdrive_ws/install/robot_localization/include/robot_localization/robot_localization/srv/set_utm_zone.h
[508.069s] -- Up-to-date symlink: /home/robomango/workspace/MangoMobileRobot/diffdrive_ws/install/robot_localization/include/robot_localization/robot_localization/srv/to_ll.h
[508.069s] -- Up-to-date symlink: /home/robomango/workspace/MangoMobileRobot/diffdrive_ws/install/robot_localization/include/robot_localization/robot_localization/srv/toggle_filter_processing.h
[508.070s] -- Up-to-date symlink: /home/robomango/workspace/MangoMobileRobot/diffdrive_ws/install/robot_localization/share/robot_localization/environment/library_path.sh
[508.070s] -- Up-to-date symlink: /home/robomango/workspace/MangoMobileRobot/diffdrive_ws/install/robot_localization/share/robot_localization/environment/library_path.dsv
[508.071s] -- Up-to-date symlink: /home/robomango/workspace/MangoMobileRobot/diffdrive_ws/install/robot_localization/include/robot_localization/robot_localization/msg/rosidl_typesupport_fastrtps_c__visibility_control.h
[508.071s] -- Up-to-date symlink: /home/robomango/workspace/MangoMobileRobot/diffdrive_ws/install/robot_localization/include/robot_localization/robot_localization/srv/detail/from_ll__rosidl_typesupport_fastrtps_c.h
[508.071s] -- Up-to-date symlink: /home/robomango/workspace/MangoMobileRobot/diffdrive_ws/install/robot_localization/include/robot_localization/robot_localization/srv/detail/get_state__rosidl_typesupport_fastrtps_c.h
[508.071s] -- Up-to-date symlink: /home/robomango/workspace/MangoMobileRobot/diffdrive_ws/install/robot_localization/include/robot_localization/robot_localization/srv/detail/set_datum__rosidl_typesupport_fastrtps_c.h
[508.071s] -- Up-to-date symlink: /home/robomango/workspace/MangoMobileRobot/diffdrive_ws/install/robot_localization/include/robot_localization/robot_localization/srv/detail/set_pose__rosidl_typesupport_fastrtps_c.h
[508.072s] -- Up-to-date symlink: /home/robomango/workspace/MangoMobileRobot/diffdrive_ws/install/robot_localization/include/robot_localization/robot_localization/srv/detail/set_utm_zone__rosidl_typesupport_fastrtps_c.h
[508.072s] -- Up-to-date symlink: /home/robomango/workspace/MangoMobileRobot/diffdrive_ws/install/robot_localization/include/robot_localization/robot_localization/srv/detail/to_ll__rosidl_typesupport_fastrtps_c.h
[508.072s] -- Up-to-date symlink: /home/robomango/workspace/MangoMobileRobot/diffdrive_ws/install/robot_localization/include/robot_localization/robot_localization/srv/detail/toggle_filter_processing__rosidl_typesupport_fastrtps_c.h
[508.074s] -- Up-to-date symlink: /home/robomango/workspace/MangoMobileRobot/diffdrive_ws/install/robot_localization/include/robot_localization/robot_localization/msg/rosidl_generator_cpp__visibility_control.hpp
[508.074s] -- Up-to-date symlink: /home/robomango/workspace/MangoMobileRobot/diffdrive_ws/install/robot_localization/include/robot_localization/robot_localization/srv/detail/from_ll__builder.hpp
[508.074s] -- Up-to-date symlink: /home/robomango/workspace/MangoMobileRobot/diffdrive_ws/install/robot_localization/include/robot_localization/robot_localization/srv/detail/from_ll__struct.hpp
[508.074s] -- Up-to-date symlink: /home/robomango/workspace/MangoMobileRobot/diffdrive_ws/install/robot_localization/include/robot_localization/robot_localization/srv/detail/from_ll__traits.hpp
[508.075s] -- Up-to-date symlink: /home/robomango/workspace/MangoMobileRobot/diffdrive_ws/install/robot_localization/include/robot_localization/robot_localization/srv/detail/from_ll__type_support.hpp
[508.075s] -- Up-to-date symlink: /home/robomango/workspace/MangoMobileRobot/diffdrive_ws/install/robot_localization/include/robot_localization/robot_localization/srv/detail/get_state__builder.hpp
[508.076s] -- Up-to-date symlink: /home/robomango/workspace/MangoMobileRobot/diffdrive_ws/install/robot_localization/include/robot_localization/robot_localization/srv/detail/get_state__struct.hpp
[508.076s] -- Up-to-date symlink: /home/robomango/workspace/MangoMobileRobot/diffdrive_ws/install/robot_localization/include/robot_localization/robot_localization/srv/detail/get_state__traits.hpp
[508.077s] -- Up-to-date symlink: /home/robomango/workspace/MangoMobileRobot/diffdrive_ws/install/robot_localization/include/robot_localization/robot_localization/srv/detail/get_state__type_support.hpp
[508.077s] -- Up-to-date symlink: /home/robomango/workspace/MangoMobileRobot/diffdrive_ws/install/robot_localization/include/robot_localization/robot_localization/srv/detail/set_datum__builder.hpp
[508.077s] -- Up-to-date symlink: /home/robomango/workspace/MangoMobileRobot/diffdrive_ws/install/robot_localization/include/robot_localization/robot_localization/srv/detail/set_datum__struct.hpp
[508.078s] -- Up-to-date symlink: /home/robomango/workspace/MangoMobileRobot/diffdrive_ws/install/robot_localization/include/robot_localization/robot_localization/srv/detail/set_datum__traits.hpp
[508.079s] -- Up-to-date symlink: /home/robomango/workspace/MangoMobileRobot/diffdrive_ws/install/robot_localization/include/robot_localization/robot_localization/srv/detail/set_datum__type_support.hpp
[508.081s] -- Up-to-date symlink: /home/robomango/workspace/MangoMobileRobot/diffdrive_ws/install/robot_localization/include/robot_localization/robot_localization/srv/detail/set_pose__builder.hpp
[508.081s] -- Up-to-date symlink: /home/robomango/workspace/MangoMobileRobot/diffdrive_ws/install/robot_localization/include/robot_localization/robot_localization/srv/detail/set_pose__struct.hpp
[508.081s] -- Up-to-date symlink: /home/robomango/workspace/MangoMobileRobot/diffdrive_ws/install/robot_localization/include/robot_localization/robot_localization/srv/detail/set_pose__traits.hpp
[508.081s] -- Up-to-date symlink: /home/robomango/workspace/MangoMobileRobot/diffdrive_ws/install/robot_localization/include/robot_localization/robot_localization/srv/detail/set_pose__type_support.hpp
[508.081s] -- Up-to-date symlink: /home/robomango/workspace/MangoMobileRobot/diffdrive_ws/install/robot_localization/include/robot_localization/robot_localization/srv/detail/set_utm_zone__builder.hpp
[508.081s] -- Up-to-date symlink: /home/robomango/workspace/MangoMobileRobot/diffdrive_ws/install/robot_localization/include/robot_localization/robot_localization/srv/detail/set_utm_zone__struct.hpp
[508.081s] -- Up-to-date symlink: /home/robomango/workspace/MangoMobileRobot/diffdrive_ws/install/robot_localization/include/robot_localization/robot_localization/srv/detail/set_utm_zone__traits.hpp
[508.081s] -- Up-to-date symlink: /home/robomango/workspace/MangoMobileRobot/diffdrive_ws/install/robot_localization/include/robot_localization/robot_localization/srv/detail/set_utm_zone__type_support.hpp
[508.081s] -- Up-to-date symlink: /home/robomango/workspace/MangoMobileRobot/diffdrive_ws/install/robot_localization/include/robot_localization/robot_localization/srv/detail/to_ll__builder.hpp
[508.081s] -- Up-to-date symlink: /home/robomango/workspace/MangoMobileRobot/diffdrive_ws/install/robot_localization/include/robot_localization/robot_localization/srv/detail/to_ll__struct.hpp
[508.082s] -- Up-to-date symlink: /home/robomango/workspace/MangoMobileRobot/diffdrive_ws/install/robot_localization/include/robot_localization/robot_localization/srv/detail/to_ll__traits.hpp
[508.082s] -- Up-to-date symlink: /home/robomango/workspace/MangoMobileRobot/diffdrive_ws/install/robot_localization/include/robot_localization/robot_localization/srv/detail/to_ll__type_support.hpp
[508.082s] -- Up-to-date symlink: /home/robomango/workspace/MangoMobileRobot/diffdrive_ws/install/robot_localization/include/robot_localization/robot_localization/srv/detail/toggle_filter_processing__builder.hpp
[508.082s] -- Up-to-date symlink: /home/robomango/workspace/MangoMobileRobot/diffdrive_ws/install/robot_localization/include/robot_localization/robot_localization/srv/detail/toggle_filter_processing__struct.hpp
[508.082s] -- Up-to-date symlink: /home/robomango/workspace/MangoMobileRobot/diffdrive_ws/install/robot_localization/include/robot_localization/robot_localization/srv/detail/toggle_filter_processing__traits.hpp
[508.082s] -- Up-to-date symlink: /home/robomango/workspace/MangoMobileRobot/diffdrive_ws/install/robot_localization/include/robot_localization/robot_localization/srv/detail/toggle_filter_processing__type_support.hpp
[508.082s] -- Up-to-date symlink: /home/robomango/workspace/MangoMobileRobot/diffdrive_ws/install/robot_localization/include/robot_localization/robot_localization/srv/from_ll.hpp
[508.082s] -- Up-to-date symlink: /home/robomango/workspace/MangoMobileRobot/diffdrive_ws/install/robot_localization/include/robot_localization/robot_localization/srv/get_state.hpp
[508.082s] -- Up-to-date symlink: /home/robomango/workspace/MangoMobileRobot/diffdrive_ws/install/robot_localization/include/robot_localization/robot_localization/srv/set_datum.hpp
[508.082s] -- Up-to-date symlink: /home/robomango/workspace/MangoMobileRobot/diffdrive_ws/install/robot_localization/include/robot_localization/robot_localization/srv/set_pose.hpp
[508.083s] -- Up-to-date symlink: /home/robomango/workspace/MangoMobileRobot/diffdrive_ws/install/robot_localization/include/robot_localization/robot_localization/srv/set_utm_zone.hpp
[508.083s] -- Up-to-date symlink: /home/robomango/workspace/MangoMobileRobot/diffdrive_ws/install/robot_localization/include/robot_localization/robot_localization/srv/to_ll.hpp
[508.083s] -- Up-to-date symlink: /home/robomango/workspace/MangoMobileRobot/diffdrive_ws/install/robot_localization/include/robot_localization/robot_localization/srv/toggle_filter_processing.hpp
[508.085s] -- Up-to-date symlink: /home/robomango/workspace/MangoMobileRobot/diffdrive_ws/install/robot_localization/include/robot_localization/robot_localization/msg/rosidl_typesupport_fastrtps_cpp__visibility_control.h
[508.085s] -- Up-to-date symlink: /home/robomango/workspace/MangoMobileRobot/diffdrive_ws/install/robot_localization/include/robot_localization/robot_localization/srv/detail/from_ll__rosidl_typesupport_fastrtps_cpp.hpp
[508.085s] -- Up-to-date symlink: /home/robomango/workspace/MangoMobileRobot/diffdrive_ws/install/robot_localization/include/robot_localization/robot_localization/srv/detail/get_state__rosidl_typesupport_fastrtps_cpp.hpp
[508.085s] -- Up-to-date symlink: /home/robomango/workspace/MangoMobileRobot/diffdrive_ws/install/robot_localization/include/robot_localization/robot_localization/srv/detail/set_datum__rosidl_typesupport_fastrtps_cpp.hpp
[508.085s] -- Up-to-date symlink: /home/robomango/workspace/MangoMobileRobot/diffdrive_ws/install/robot_localization/include/robot_localization/robot_localization/srv/detail/set_pose__rosidl_typesupport_fastrtps_cpp.hpp
[508.085s] -- Up-to-date symlink: /home/robomango/workspace/MangoMobileRobot/diffdrive_ws/install/robot_localization/include/robot_localization/robot_localization/srv/detail/set_utm_zone__rosidl_typesupport_fastrtps_cpp.hpp
[508.085s] -- Up-to-date symlink: /home/robomango/workspace/MangoMobileRobot/diffdrive_ws/install/robot_localization/include/robot_localization/robot_localization/srv/detail/to_ll__rosidl_typesupport_fastrtps_cpp.hpp
[508.085s] -- Up-to-date symlink: /home/robomango/workspace/MangoMobileRobot/diffdrive_ws/install/robot_localization/include/robot_localization/robot_localization/srv/detail/toggle_filter_processing__rosidl_typesupport_fastrtps_cpp.hpp
[508.086s] -- Up-to-date symlink: /home/robomango/workspace/MangoMobileRobot/diffdrive_ws/install/robot_localization/include/robot_localization/robot_localization/msg/rosidl_typesupport_introspection_c__visibility_control.h
[508.087s] -- Up-to-date symlink: /home/robomango/workspace/MangoMobileRobot/diffdrive_ws/install/robot_localization/include/robot_localization/robot_localization/srv/detail/from_ll__rosidl_typesupport_introspection_c.h
[508.087s] -- Up-to-date symlink: /home/robomango/workspace/MangoMobileRobot/diffdrive_ws/install/robot_localization/include/robot_localization/robot_localization/srv/detail/get_state__rosidl_typesupport_introspection_c.h
[508.089s] -- Up-to-date symlink: /home/robomango/workspace/MangoMobileRobot/diffdrive_ws/install/robot_localization/include/robot_localization/robot_localization/srv/detail/set_datum__rosidl_typesupport_introspection_c.h
[508.089s] -- Up-to-date symlink: /home/robomango/workspace/MangoMobileRobot/diffdrive_ws/install/robot_localization/include/robot_localization/robot_localization/srv/detail/set_pose__rosidl_typesupport_introspection_c.h
[508.089s] -- Up-to-date symlink: /home/robomango/workspace/MangoMobileRobot/diffdrive_ws/install/robot_localization/include/robot_localization/robot_localization/srv/detail/set_utm_zone__rosidl_typesupport_introspection_c.h
[508.089s] -- Up-to-date symlink: /home/robomango/workspace/MangoMobileRobot/diffdrive_ws/install/robot_localization/include/robot_localization/robot_localization/srv/detail/to_ll__rosidl_typesupport_introspection_c.h
[508.089s] -- Up-to-date symlink: /home/robomango/workspace/MangoMobileRobot/diffdrive_ws/install/robot_localization/include/robot_localization/robot_localization/srv/detail/toggle_filter_processing__rosidl_typesupport_introspection_c.h
[508.091s] -- Up-to-date symlink: /home/robomango/workspace/MangoMobileRobot/diffdrive_ws/install/robot_localization/include/robot_localization/robot_localization/srv/detail/from_ll__rosidl_typesupport_introspection_cpp.hpp
[508.092s] -- Up-to-date symlink: /home/robomango/workspace/MangoMobileRobot/diffdrive_ws/install/robot_localization/include/robot_localization/robot_localization/srv/detail/get_state__rosidl_typesupport_introspection_cpp.hpp
[508.092s] -- Up-to-date symlink: /home/robomango/workspace/MangoMobileRobot/diffdrive_ws/install/robot_localization/include/robot_localization/robot_localization/srv/detail/set_datum__rosidl_typesupport_introspection_cpp.hpp
[508.093s] -- Up-to-date symlink: /home/robomango/workspace/MangoMobileRobot/diffdrive_ws/install/robot_localization/include/robot_localization/robot_localization/srv/detail/set_pose__rosidl_typesupport_introspection_cpp.hpp
[508.093s] -- Up-to-date symlink: /home/robomango/workspace/MangoMobileRobot/diffdrive_ws/install/robot_localization/include/robot_localization/robot_localization/srv/detail/set_utm_zone__rosidl_typesupport_introspection_cpp.hpp
[508.093s] -- Up-to-date symlink: /home/robomango/workspace/MangoMobileRobot/diffdrive_ws/install/robot_localization/include/robot_localization/robot_localization/srv/detail/to_ll__rosidl_typesupport_introspection_cpp.hpp
[508.093s] -- Up-to-date symlink: /home/robomango/workspace/MangoMobileRobot/diffdrive_ws/install/robot_localization/include/robot_localization/robot_localization/srv/detail/toggle_filter_processing__rosidl_typesupport_introspection_cpp.hpp
[508.093s] -- Up-to-date symlink: /home/robomango/workspace/MangoMobileRobot/diffdrive_ws/install/robot_localization/share/robot_localization/environment/pythonpath.sh
[508.097s] -- Up-to-date symlink: /home/robomango/workspace/MangoMobileRobot/diffdrive_ws/install/robot_localization/share/robot_localization/environment/pythonpath.dsv
[508.097s] -- Up-to-date symlink: /home/robomango/workspace/MangoMobileRobot/diffdrive_ws/install/robot_localization/lib/python3.12/site-packages/robot_localization-3.6.0-py3.12.egg-info/PKG-INFO
[508.097s] -- Up-to-date symlink: /home/robomango/workspace/MangoMobileRobot/diffdrive_ws/install/robot_localization/lib/python3.12/site-packages/robot_localization-3.6.0-py3.12.egg-info/SOURCES.txt
[508.097s] -- Up-to-date symlink: /home/robomango/workspace/MangoMobileRobot/diffdrive_ws/install/robot_localization/lib/python3.12/site-packages/robot_localization-3.6.0-py3.12.egg-info/dependency_links.txt
[508.097s] -- Up-to-date symlink: /home/robomango/workspace/MangoMobileRobot/diffdrive_ws/install/robot_localization/lib/python3.12/site-packages/robot_localization-3.6.0-py3.12.egg-info/top_level.txt
[508.099s] -- Up-to-date symlink: /home/robomango/workspace/MangoMobileRobot/diffdrive_ws/install/robot_localization/lib/python3.12/site-packages/robot_localization/__init__.py
[508.099s] -- Up-to-date symlink: /home/robomango/workspace/MangoMobileRobot/diffdrive_ws/install/robot_localization/lib/python3.12/site-packages/robot_localization/_robot_localization_s.ep.rosidl_typesupport_c.c
[508.099s] -- Up-to-date symlink: /home/robomango/workspace/MangoMobileRobot/diffdrive_ws/install/robot_localization/lib/python3.12/site-packages/robot_localization/_robot_localization_s.ep.rosidl_typesupport_fastrtps_c.c
[508.100s] -- Up-to-date symlink: /home/robomango/workspace/MangoMobileRobot/diffdrive_ws/install/robot_localization/lib/python3.12/site-packages/robot_localization/_robot_localization_s.ep.rosidl_typesupport_introspection_c.c
[508.101s] -- Up-to-date symlink: /home/robomango/workspace/MangoMobileRobot/diffdrive_ws/install/robot_localization/lib/python3.12/site-packages/robot_localization/robot_localization_s__rosidl_typesupport_c.so
[508.101s] -- Up-to-date symlink: /home/robomango/workspace/MangoMobileRobot/diffdrive_ws/install/robot_localization/lib/python3.12/site-packages/robot_localization/robot_localization_s__rosidl_typesupport_fastrtps_c.so
[508.101s] -- Up-to-date symlink: /home/robomango/workspace/MangoMobileRobot/diffdrive_ws/install/robot_localization/lib/python3.12/site-packages/robot_localization/robot_localization_s__rosidl_typesupport_introspection_c.so
[508.102s] -- Up-to-date symlink: /home/robomango/workspace/MangoMobileRobot/diffdrive_ws/install/robot_localization/lib/python3.12/site-packages/robot_localization/srv/__init__.py
[508.102s] -- Up-to-date symlink: /home/robomango/workspace/MangoMobileRobot/diffdrive_ws/install/robot_localization/lib/python3.12/site-packages/robot_localization/srv/_from_ll.py
[508.102s] -- Up-to-date symlink: /home/robomango/workspace/MangoMobileRobot/diffdrive_ws/install/robot_localization/lib/python3.12/site-packages/robot_localization/srv/_from_ll_s.c
[508.102s] -- Up-to-date symlink: /home/robomango/workspace/MangoMobileRobot/diffdrive_ws/install/robot_localization/lib/python3.12/site-packages/robot_localization/srv/_get_state.py
[508.103s] -- Up-to-date symlink: /home/robomango/workspace/MangoMobileRobot/diffdrive_ws/install/robot_localization/lib/python3.12/site-packages/robot_localization/srv/_get_state_s.c
[508.103s] -- Up-to-date symlink: /home/robomango/workspace/MangoMobileRobot/diffdrive_ws/install/robot_localization/lib/python3.12/site-packages/robot_localization/srv/_set_datum.py
[508.103s] -- Up-to-date symlink: /home/robomango/workspace/MangoMobileRobot/diffdrive_ws/install/robot_localization/lib/python3.12/site-packages/robot_localization/srv/_set_datum_s.c
[508.103s] -- Up-to-date symlink: /home/robomango/workspace/MangoMobileRobot/diffdrive_ws/install/robot_localization/lib/python3.12/site-packages/robot_localization/srv/_set_pose.py
[508.104s] -- Up-to-date symlink: /home/robomango/workspace/MangoMobileRobot/diffdrive_ws/install/robot_localization/lib/python3.12/site-packages/robot_localization/srv/_set_pose_s.c
[508.104s] -- Up-to-date symlink: /home/robomango/workspace/MangoMobileRobot/diffdrive_ws/install/robot_localization/lib/python3.12/site-packages/robot_localization/srv/_set_utm_zone.py
[508.105s] -- Up-to-date symlink: /home/robomango/workspace/MangoMobileRobot/diffdrive_ws/install/robot_localization/lib/python3.12/site-packages/robot_localization/srv/_set_utm_zone_s.c
[508.105s] -- Up-to-date symlink: /home/robomango/workspace/MangoMobileRobot/diffdrive_ws/install/robot_localization/lib/python3.12/site-packages/robot_localization/srv/_to_ll.py
[508.105s] -- Up-to-date symlink: /home/robomango/workspace/MangoMobileRobot/diffdrive_ws/install/robot_localization/lib/python3.12/site-packages/robot_localization/srv/_to_ll_s.c
[508.105s] -- Up-to-date symlink: /home/robomango/workspace/MangoMobileRobot/diffdrive_ws/install/robot_localization/lib/python3.12/site-packages/robot_localization/srv/_toggle_filter_processing.py
[508.105s] -- Up-to-date symlink: /home/robomango/workspace/MangoMobileRobot/diffdrive_ws/install/robot_localization/lib/python3.12/site-packages/robot_localization/srv/_toggle_filter_processing_s.c
[508.105s] -- Up-to-date symlink: /home/robomango/workspace/MangoMobileRobot/diffdrive_ws/install/robot_localization/lib/python3.12/site-packages/robot_localization/robot_localization_s__rosidl_typesupport_fastrtps_c.so
[508.105s] -- Up-to-date symlink: /home/robomango/workspace/MangoMobileRobot/diffdrive_ws/install/robot_localization/lib/python3.12/site-packages/robot_localization/robot_localization_s__rosidl_typesupport_introspection_c.so
[508.105s] -- Up-to-date symlink: /home/robomango/workspace/MangoMobileRobot/diffdrive_ws/install/robot_localization/lib/python3.12/site-packages/robot_localization/robot_localization_s__rosidl_typesupport_c.so
[508.105s] -- Up-to-date symlink: /home/robomango/workspace/MangoMobileRobot/diffdrive_ws/install/robot_localization/share/robot_localization/srv/FromLL.idl
[508.106s] -- Up-to-date symlink: /home/robomango/workspace/MangoMobileRobot/diffdrive_ws/install/robot_localization/share/robot_localization/srv/GetState.idl
[508.106s] -- Up-to-date symlink: /home/robomango/workspace/MangoMobileRobot/diffdrive_ws/install/robot_localization/share/robot_localization/srv/SetDatum.idl
[508.106s] -- Up-to-date symlink: /home/robomango/workspace/MangoMobileRobot/diffdrive_ws/install/robot_localization/share/robot_localization/srv/SetPose.idl
[508.106s] -- Up-to-date symlink: /home/robomango/workspace/MangoMobileRobot/diffdrive_ws/install/robot_localization/share/robot_localization/srv/SetUTMZone.idl
[508.106s] -- Up-to-date symlink: /home/robomango/workspace/MangoMobileRobot/diffdrive_ws/install/robot_localization/share/robot_localization/srv/ToggleFilterProcessing.idl
[508.106s] -- Up-to-date symlink: /home/robomango/workspace/MangoMobileRobot/diffdrive_ws/install/robot_localization/share/robot_localization/srv/ToLL.idl
[508.106s] -- Up-to-date symlink: /home/robomango/workspace/MangoMobileRobot/diffdrive_ws/install/robot_localization/share/robot_localization/srv/FromLL.srv
[508.106s] -- Up-to-date symlink: /home/robomango/workspace/MangoMobileRobot/diffdrive_ws/install/robot_localization/share/robot_localization/srv/GetState.srv
[508.106s] -- Up-to-date symlink: /home/robomango/workspace/MangoMobileRobot/diffdrive_ws/install/robot_localization/share/robot_localization/srv/SetDatum.srv
[508.107s] -- Up-to-date symlink: /home/robomango/workspace/MangoMobileRobot/diffdrive_ws/install/robot_localization/share/robot_localization/srv/SetPose.srv
[508.107s] -- Up-to-date symlink: /home/robomango/workspace/MangoMobileRobot/diffdrive_ws/install/robot_localization/share/robot_localization/srv/SetUTMZone.srv
[508.107s] -- Up-to-date symlink: /home/robomango/workspace/MangoMobileRobot/diffdrive_ws/install/robot_localization/share/robot_localization/srv/ToggleFilterProcessing.srv
[508.107s] -- Up-to-date symlink: /home/robomango/workspace/MangoMobileRobot/diffdrive_ws/install/robot_localization/share/robot_localization/srv/ToLL.srv
[508.108s] -- Up-to-date symlink: /home/robomango/workspace/MangoMobileRobot/diffdrive_ws/install/robot_localization/lib/robot_localization/filter_base-test
[508.108s] -- Up-to-date symlink: /home/robomango/workspace/MangoMobileRobot/diffdrive_ws/install/robot_localization/lib/robot_localization/test_filter_base_diagnostics_timestamps
[508.108s] -- Up-to-date symlink: /home/robomango/workspace/MangoMobileRobot/diffdrive_ws/install/robot_localization/lib/robot_localization/test_ekf
[508.108s] -- Up-to-date symlink: /home/robomango/workspace/MangoMobileRobot/diffdrive_ws/install/robot_localization/lib/robot_localization/test_ekf_node_interfaces
[508.109s] -- Up-to-date symlink: /home/robomango/workspace/MangoMobileRobot/diffdrive_ws/install/robot_localization/lib/robot_localization/test_ukf
[508.109s] -- Up-to-date symlink: /home/robomango/workspace/MangoMobileRobot/diffdrive_ws/install/robot_localization/lib/robot_localization/test_ukf_node_interfaces
[508.109s] -- Up-to-date symlink: /home/robomango/workspace/MangoMobileRobot/diffdrive_ws/install/robot_localization/lib/robot_localization/test_robot_localization_estimator
[508.109s] -- Up-to-date symlink: /home/robomango/workspace/MangoMobileRobot/diffdrive_ws/install/robot_localization/lib/robot_localization/test_navsat_conversions
[508.110s] -- Up-to-date symlink: /home/robomango/workspace/MangoMobileRobot/diffdrive_ws/install/robot_localization/lib/robot_localization/test_ros_robot_localization_listener
[508.110s] -- Up-to-date symlink: /home/robomango/workspace/MangoMobileRobot/diffdrive_ws/install/robot_localization/lib/robot_localization/test_ros_robot_localization_listener_publisher
[508.111s] -- Up-to-date symlink: /home/robomango/workspace/MangoMobileRobot/diffdrive_ws/install/robot_localization/lib/robot_localization/navsat_transform_node
[508.111s] -- Up-to-date symlink: /home/robomango/workspace/MangoMobileRobot/diffdrive_ws/install/robot_localization/lib/robot_localization/ekf_node
[508.111s] -- Up-to-date symlink: /home/robomango/workspace/MangoMobileRobot/diffdrive_ws/install/robot_localization/lib/robot_localization/ukf_node
[508.111s] -- Up-to-date symlink: /home/robomango/workspace/MangoMobileRobot/diffdrive_ws/install/robot_localization/lib/robot_localization/robot_localization_listener_node
[508.112s] -- Up-to-date symlink: /home/robomango/workspace/MangoMobileRobot/diffdrive_ws/install/robot_localization/lib/librl_lib.so
[508.112s] -- Up-to-date symlink: /home/robomango/workspace/MangoMobileRobot/diffdrive_ws/install/robot_localization/share/ament_index/resource_index/package_run_dependencies/robot_localization
[508.113s] -- Up-to-date symlink: /home/robomango/workspace/MangoMobileRobot/diffdrive_ws/install/robot_localization/share/ament_index/resource_index/parent_prefix_path/robot_localization
[508.113s] -- Up-to-date symlink: /home/robomango/workspace/MangoMobileRobot/diffdrive_ws/install/robot_localization/share/robot_localization/environment/ament_prefix_path.sh
[508.114s] -- Up-to-date symlink: /home/robomango/workspace/MangoMobileRobot/diffdrive_ws/install/robot_localization/share/robot_localization/environment/ament_prefix_path.dsv
[508.114s] -- Up-to-date symlink: /home/robomango/workspace/MangoMobileRobot/diffdrive_ws/install/robot_localization/share/robot_localization/environment/path.sh
[508.114s] -- Up-to-date symlink: /home/robomango/workspace/MangoMobileRobot/diffdrive_ws/install/robot_localization/share/robot_localization/environment/path.dsv
[508.115s] -- Up-to-date symlink: /home/robomango/workspace/MangoMobileRobot/diffdrive_ws/install/robot_localization/share/robot_localization/local_setup.bash
[508.115s] -- Up-to-date symlink: /home/robomango/workspace/MangoMobileRobot/diffdrive_ws/install/robot_localization/share/robot_localization/local_setup.sh
[508.115s] -- Up-to-date symlink: /home/robomango/workspace/MangoMobileRobot/diffdrive_ws/install/robot_localization/share/robot_localization/local_setup.zsh
[508.116s] -- Up-to-date symlink: /home/robomango/workspace/MangoMobileRobot/diffdrive_ws/install/robot_localization/share/robot_localization/local_setup.dsv
[508.117s] -- Symlinking: /home/robomango/workspace/MangoMobileRobot/diffdrive_ws/install/robot_localization/share/robot_localization/package.dsv
[508.135s] -- Up-to-date symlink: /home/robomango/workspace/MangoMobileRobot/diffdrive_ws/install/robot_localization/share/ament_index/resource_index/packages/robot_localization
[508.135s] -- Up-to-date symlink: /home/robomango/workspace/MangoMobileRobot/diffdrive_ws/install/robot_localization/share/robot_localization/cmake/rosidl_cmake-extras.cmake
[508.135s] -- Up-to-date symlink: /home/robomango/workspace/MangoMobileRobot/diffdrive_ws/install/robot_localization/share/robot_localization/cmake/ament_cmake_export_dependencies-extras.cmake
[508.136s] -- Up-to-date symlink: /home/robomango/workspace/MangoMobileRobot/diffdrive_ws/install/robot_localization/share/robot_localization/cmake/ament_cmake_export_include_directories-extras.cmake
[508.136s] -- Up-to-date symlink: /home/robomango/workspace/MangoMobileRobot/diffdrive_ws/install/robot_localization/share/robot_localization/cmake/ament_cmake_export_libraries-extras.cmake
[508.136s] -- Up-to-date symlink: /home/robomango/workspace/MangoMobileRobot/diffdrive_ws/install/robot_localization/share/robot_localization/cmake/ament_cmake_export_targets-extras.cmake
[508.136s] -- Up-to-date symlink: /home/robomango/workspace/MangoMobileRobot/diffdrive_ws/install/robot_localization/share/robot_localization/cmake/rosidl_cmake_export_typesupport_targets-extras.cmake
[508.137s] -- Up-to-date symlink: /home/robomango/workspace/MangoMobileRobot/diffdrive_ws/install/robot_localization/share/robot_localization/cmake/rosidl_cmake_export_typesupport_libraries-extras.cmake
[508.137s] -- Up-to-date symlink: /home/robomango/workspace/MangoMobileRobot/diffdrive_ws/install/robot_localization/share/robot_localization/cmake/robot_localizationConfig.cmake
[508.137s] -- Up-to-date symlink: /home/robomango/workspace/MangoMobileRobot/diffdrive_ws/install/robot_localization/share/robot_localization/cmake/robot_localizationConfig-version.cmake
[508.137s] -- Up-to-date symlink: /home/robomango/workspace/MangoMobileRobot/diffdrive_ws/install/robot_localization/share/robot_localization/package.xml
[508.138s] -- Installing: /home/robomango/workspace/MangoMobileRobot/diffdrive_ws/install/robot_localization/lib/librobot_localization__rosidl_generator_c.so
[508.139s] -- Set non-toolchain portion of runtime path of "/home/robomango/workspace/MangoMobileRobot/diffdrive_ws/install/robot_localization/lib/librobot_localization__rosidl_generator_c.so" to ""
[508.140s] -- Installing: /home/robomango/workspace/MangoMobileRobot/diffdrive_ws/install/robot_localization/lib/librobot_localization__rosidl_typesupport_fastrtps_c.so
[508.142s] -- Set non-toolchain portion of runtime path of "/home/robomango/workspace/MangoMobileRobot/diffdrive_ws/install/robot_localization/lib/librobot_localization__rosidl_typesupport_fastrtps_c.so" to ""
[508.142s] -- Installing: /home/robomango/workspace/MangoMobileRobot/diffdrive_ws/install/robot_localization/lib/librobot_localization__rosidl_typesupport_fastrtps_cpp.so
[508.146s] -- Set non-toolchain portion of runtime path of "/home/robomango/workspace/MangoMobileRobot/diffdrive_ws/install/robot_localization/lib/librobot_localization__rosidl_typesupport_fastrtps_cpp.so" to ""
[508.146s] -- Installing: /home/robomango/workspace/MangoMobileRobot/diffdrive_ws/install/robot_localization/lib/librobot_localization__rosidl_typesupport_introspection_c.so
[508.147s] -- Set non-toolchain portion of runtime path of "/home/robomango/workspace/MangoMobileRobot/diffdrive_ws/install/robot_localization/lib/librobot_localization__rosidl_typesupport_introspection_c.so" to ""
[508.147s] -- Installing: /home/robomango/workspace/MangoMobileRobot/diffdrive_ws/install/robot_localization/lib/librobot_localization__rosidl_typesupport_c.so
[508.148s] -- Set non-toolchain portion of runtime path of "/home/robomango/workspace/MangoMobileRobot/diffdrive_ws/install/robot_localization/lib/librobot_localization__rosidl_typesupport_c.so" to ""
[508.148s] -- Installing: /home/robomango/workspace/MangoMobileRobot/diffdrive_ws/install/robot_localization/lib/librobot_localization__rosidl_typesupport_introspection_cpp.so
[508.151s] -- Set non-toolchain portion of runtime path of "/home/robomango/workspace/MangoMobileRobot/diffdrive_ws/install/robot_localization/lib/librobot_localization__rosidl_typesupport_introspection_cpp.so" to ""
[508.151s] -- Installing: /home/robomango/workspace/MangoMobileRobot/diffdrive_ws/install/robot_localization/lib/librobot_localization__rosidl_typesupport_cpp.so
[508.153s] -- Set non-toolchain portion of runtime path of "/home/robomango/workspace/MangoMobileRobot/diffdrive_ws/install/robot_localization/lib/librobot_localization__rosidl_typesupport_cpp.so" to ""
[508.263s] Listing '/home/robomango/workspace/MangoMobileRobot/diffdrive_ws/install/robot_localization/lib/python3.12/site-packages/robot_localization'...
[508.264s] Compiling '/home/robomango/workspace/MangoMobileRobot/diffdrive_ws/install/robot_localization/lib/python3.12/site-packages/robot_localization/__init__.py'...
[508.264s] Listing '/home/robomango/workspace/MangoMobileRobot/diffdrive_ws/install/robot_localization/lib/python3.12/site-packages/robot_localization/srv'...
[508.264s] Compiling '/home/robomango/workspace/MangoMobileRobot/diffdrive_ws/install/robot_localization/lib/python3.12/site-packages/robot_localization/srv/__init__.py'...
[508.264s] Compiling '/home/robomango/workspace/MangoMobileRobot/diffdrive_ws/install/robot_localization/lib/python3.12/site-packages/robot_localization/srv/_from_ll.py'...
[508.264s] Compiling '/home/robomango/workspace/MangoMobileRobot/diffdrive_ws/install/robot_localization/lib/python3.12/site-packages/robot_localization/srv/_get_state.py'...
[508.264s] Compiling '/home/robomango/workspace/MangoMobileRobot/diffdrive_ws/install/robot_localization/lib/python3.12/site-packages/robot_localization/srv/_set_datum.py'...
[508.264s] Compiling '/home/robomango/workspace/MangoMobileRobot/diffdrive_ws/install/robot_localization/lib/python3.12/site-packages/robot_localization/srv/_set_pose.py'...
[508.264s] Compiling '/home/robomango/workspace/MangoMobileRobot/diffdrive_ws/install/robot_localization/lib/python3.12/site-packages/robot_localization/srv/_set_utm_zone.py'...
[508.264s] Compiling '/home/robomango/workspace/MangoMobileRobot/diffdrive_ws/install/robot_localization/lib/python3.12/site-packages/robot_localization/srv/_to_ll.py'...
[508.264s] Compiling '/home/robomango/workspace/MangoMobileRobot/diffdrive_ws/install/robot_localization/lib/python3.12/site-packages/robot_localization/srv/_toggle_filter_processing.py'...
[508.273s] -- Installing: /home/robomango/workspace/MangoMobileRobot/diffdrive_ws/install/robot_localization/lib/librobot_localization__rosidl_generator_py.so
[508.274s] -- Set non-toolchain portion of runtime path of "/home/robomango/workspace/MangoMobileRobot/diffdrive_ws/install/robot_localization/lib/librobot_localization__rosidl_generator_py.so" to ""
[508.275s] -- Up-to-date: /home/robomango/workspace/MangoMobileRobot/diffdrive_ws/install/robot_localization/share/robot_localization/test
[508.275s] -- Up-to-date: /home/robomango/workspace/MangoMobileRobot/diffdrive_ws/install/robot_localization/share/robot_localization/test/test_ekf_localization_node_bag2.sh
[508.275s] -- Up-to-date: /home/robomango/workspace/MangoMobileRobot/diffdrive_ws/install/robot_localization/share/robot_localization/test/test_filter_base_diagnostics_timestamps.yaml
[508.275s] -- Up-to-date: /home/robomango/workspace/MangoMobileRobot/diffdrive_ws/install/robot_localization/share/robot_localization/test/test_ukf_localization_node_bag1.sh
[508.276s] -- Up-to-date: /home/robomango/workspace/MangoMobileRobot/diffdrive_ws/install/robot_localization/share/robot_localization/test/test_ekf_localization_node_bag2.yaml
[508.276s] -- Up-to-date: /home/robomango/workspace/MangoMobileRobot/diffdrive_ws/install/robot_localization/share/robot_localization/test/test_se_node_interfaces.launch.py
[508.276s] -- Up-to-date: /home/robomango/workspace/MangoMobileRobot/diffdrive_ws/install/robot_localization/share/robot_localization/test/test_ukf_localization_node_bag2.launch.py
[508.276s] -- Up-to-date: /home/robomango/workspace/MangoMobileRobot/diffdrive_ws/install/robot_localization/share/robot_localization/test/test_filter_base.cpp
[508.277s] -- Up-to-date: /home/robomango/workspace/MangoMobileRobot/diffdrive_ws/install/robot_localization/share/robot_localization/test/test_ros_robot_localization_listener.cpp
[508.277s] -- Up-to-date: /home/robomango/workspace/MangoMobileRobot/diffdrive_ws/install/robot_localization/share/robot_localization/test/test_ekf_localization_node_bag3.yaml
[508.277s] -- Up-to-date: /home/robomango/workspace/MangoMobileRobot/diffdrive_ws/install/robot_localization/share/robot_localization/test/test_ekf_localization_node_bag1.launch.py
[508.277s] -- Up-to-date: /home/robomango/workspace/MangoMobileRobot/diffdrive_ws/install/robot_localization/share/robot_localization/test/test1.bag
[508.277s] -- Up-to-date: /home/robomango/workspace/MangoMobileRobot/diffdrive_ws/install/robot_localization/share/robot_localization/test/test_ekf_localization_node_bag2.launch.py
[508.277s] -- Up-to-date: /home/robomango/workspace/MangoMobileRobot/diffdrive_ws/install/robot_localization/share/robot_localization/test/test_ukf_localization_node_bag3.yaml
[508.277s] -- Up-to-date: /home/robomango/workspace/MangoMobileRobot/diffdrive_ws/install/robot_localization/share/robot_localization/test/test_ros_robot_localization_listener.launch.py
[508.277s] -- Up-to-date: /home/robomango/workspace/MangoMobileRobot/diffdrive_ws/install/robot_localization/share/robot_localization/test/test_ukf_localization_node_bag3.launch.py
[508.278s] -- Up-to-date: /home/robomango/workspace/MangoMobileRobot/diffdrive_ws/install/robot_localization/share/robot_localization/test/test2.bag
[508.278s] -- Up-to-date: /home/robomango/workspace/MangoMobileRobot/diffdrive_ws/install/robot_localization/share/robot_localization/test/test_ukf_localization_node_bag2.yaml
[508.278s] -- Up-to-date: /home/robomango/workspace/MangoMobileRobot/diffdrive_ws/install/robot_localization/share/robot_localization/test/test_ukf_localization_node_bag2.sh
[508.278s] -- Up-to-date: /home/robomango/workspace/MangoMobileRobot/diffdrive_ws/install/robot_localization/share/robot_localization/test/test_ekf_localization_node_bag1.sh
[508.278s] -- Up-to-date: /home/robomango/workspace/MangoMobileRobot/diffdrive_ws/install/robot_localization/share/robot_localization/test/test_ekf.cpp
[508.278s] -- Up-to-date: /home/robomango/workspace/MangoMobileRobot/diffdrive_ws/install/robot_localization/share/robot_localization/test/test3.bag
[508.278s] -- Up-to-date: /home/robomango/workspace/MangoMobileRobot/diffdrive_ws/install/robot_localization/share/robot_localization/test/test_ekf_localization_node_bag3.sh
[508.278s] -- Up-to-date: /home/robomango/workspace/MangoMobileRobot/diffdrive_ws/install/robot_localization/share/robot_localization/test/test_ukf_localization_node_bag3.sh
[508.278s] -- Up-to-date: /home/robomango/workspace/MangoMobileRobot/diffdrive_ws/install/robot_localization/share/robot_localization/test/test_filter_base_diagnostics_timestamps.cpp
[508.279s] -- Up-to-date: /home/robomango/workspace/MangoMobileRobot/diffdrive_ws/install/robot_localization/share/robot_localization/test/test_ekf_localization_node_bag3.launch.py
[508.279s] -- Up-to-date: /home/robomango/workspace/MangoMobileRobot/diffdrive_ws/install/robot_localization/share/robot_localization/test/test_se_node_interfaces.yaml
[508.279s] -- Up-to-date: /home/robomango/workspace/MangoMobileRobot/diffdrive_ws/install/robot_localization/share/robot_localization/test/test_robot_localization_estimator.cpp
[508.279s] -- Up-to-date: /home/robomango/workspace/MangoMobileRobot/diffdrive_ws/install/robot_localization/share/robot_localization/test/test_se_node_interfaces.cpp
[508.279s] -- Up-to-date: /home/robomango/workspace/MangoMobileRobot/diffdrive_ws/install/robot_localization/share/robot_localization/test/test_ekf_localization_node_bag1.yaml
[508.279s] -- Up-to-date: /home/robomango/workspace/MangoMobileRobot/diffdrive_ws/install/robot_localization/share/robot_localization/test/test_ukf_localization_node_bag1.launch.py
[508.279s] -- Up-to-date: /home/robomango/workspace/MangoMobileRobot/diffdrive_ws/install/robot_localization/share/robot_localization/test/test_filter_base_diagnostics_timestamps.launch.py
[508.279s] -- Up-to-date: /home/robomango/workspace/MangoMobileRobot/diffdrive_ws/install/robot_localization/share/robot_localization/test/test_ukf_localization_node_bag1.yaml
[508.279s] -- Up-to-date: /home/robomango/workspace/MangoMobileRobot/diffdrive_ws/install/robot_localization/share/robot_localization/test/test_robot_localization_estimator.launch.py
[508.280s] -- Up-to-date: /home/robomango/workspace/MangoMobileRobot/diffdrive_ws/install/robot_localization/share/robot_localization/test/test_ros_robot_localization_listener.yaml
[508.280s] -- Up-to-date: /home/robomango/workspace/MangoMobileRobot/diffdrive_ws/install/robot_localization/share/robot_localization/test/test_ukf.cpp
[508.280s] -- Up-to-date: /home/robomango/workspace/MangoMobileRobot/diffdrive_ws/install/robot_localization/share/robot_localization/test/test_navsat_conversions.cpp
[508.280s] -- Up-to-date: /home/robomango/workspace/MangoMobileRobot/diffdrive_ws/install/robot_localization/share/robot_localization/test/test_ros_robot_localization_listener_publisher.cpp
[508.280s] -- Up-to-date: /home/robomango/workspace/MangoMobileRobot/diffdrive_ws/install/robot_localization/share/robot_localization/test/test_localization_node_bag_pose_tester.cpp
[508.280s] -- Up-to-date: /home/robomango/workspace/MangoMobileRobot/diffdrive_ws/install/robot_localization/include/robot_localization
[508.280s] -- Up-to-date: /home/robomango/workspace/MangoMobileRobot/diffdrive_ws/install/robot_localization/include/robot_localization/robot_localization
[508.280s] -- Up-to-date: /home/robomango/workspace/MangoMobileRobot/diffdrive_ws/install/robot_localization/include/robot_localization/robot_localization/ros_filter.hpp
[508.280s] -- Up-to-date: /home/robomango/workspace/MangoMobileRobot/diffdrive_ws/install/robot_localization/include/robot_localization/robot_localization/ros_robot_localization_listener.hpp
[508.280s] -- Up-to-date: /home/robomango/workspace/MangoMobileRobot/diffdrive_ws/install/robot_localization/include/robot_localization/robot_localization/ros_filter_utilities.hpp
[508.281s] -- Up-to-date: /home/robomango/workspace/MangoMobileRobot/diffdrive_ws/install/robot_localization/include/robot_localization/robot_localization/navsat_conversions.hpp
[508.281s] -- Up-to-date: /home/robomango/workspace/MangoMobileRobot/diffdrive_ws/install/robot_localization/include/robot_localization/robot_localization/filter_state.hpp
[508.281s] -- Up-to-date: /home/robomango/workspace/MangoMobileRobot/diffdrive_ws/install/robot_localization/include/robot_localization/robot_localization/filter_base.hpp
[508.281s] -- Up-to-date: /home/robomango/workspace/MangoMobileRobot/diffdrive_ws/install/robot_localization/include/robot_localization/robot_localization/ekf.hpp
[508.281s] -- Up-to-date: /home/robomango/workspace/MangoMobileRobot/diffdrive_ws/install/robot_localization/include/robot_localization/robot_localization/ukf.hpp
[508.281s] -- Up-to-date: /home/robomango/workspace/MangoMobileRobot/diffdrive_ws/install/robot_localization/include/robot_localization/robot_localization/filter_common.hpp
[508.281s] -- Up-to-date: /home/robomango/workspace/MangoMobileRobot/diffdrive_ws/install/robot_localization/include/robot_localization/robot_localization/filter_utilities.hpp
[508.281s] -- Up-to-date: /home/robomango/workspace/MangoMobileRobot/diffdrive_ws/install/robot_localization/include/robot_localization/robot_localization/ros_filter_types.hpp
[508.281s] -- Up-to-date: /home/robomango/workspace/MangoMobileRobot/diffdrive_ws/install/robot_localization/include/robot_localization/robot_localization/robot_localization_estimator.hpp
[508.281s] -- Up-to-date: /home/robomango/workspace/MangoMobileRobot/diffdrive_ws/install/robot_localization/include/robot_localization/robot_localization/measurement.hpp
[508.282s] -- Up-to-date: /home/robomango/workspace/MangoMobileRobot/diffdrive_ws/install/robot_localization/include/robot_localization/robot_localization/navsat_transform.hpp
[508.282s] -- Up-to-date: /home/robomango/workspace/MangoMobileRobot/diffdrive_ws/install/robot_localization/share/robot_localization/params
[508.282s] -- Up-to-date: /home/robomango/workspace/MangoMobileRobot/diffdrive_ws/install/robot_localization/share/robot_localization/params/ekf.yaml
[508.282s] -- Up-to-date: /home/robomango/workspace/MangoMobileRobot/diffdrive_ws/install/robot_localization/share/robot_localization/params/ukf.yaml
[508.282s] -- Up-to-date: /home/robomango/workspace/MangoMobileRobot/diffdrive_ws/install/robot_localization/share/robot_localization/params/navsat_transform.yaml
[508.282s] -- Up-to-date: /home/robomango/workspace/MangoMobileRobot/diffdrive_ws/install/robot_localization/share/robot_localization/params/ekf_new.yaml
[508.282s] -- Up-to-date: /home/robomango/workspace/MangoMobileRobot/diffdrive_ws/install/robot_localization/share/robot_localization/params/dual_ekf_navsat_example.yaml
[508.282s] -- Up-to-date: /home/robomango/workspace/MangoMobileRobot/diffdrive_ws/install/robot_localization/share/robot_localization/launch
[508.282s] -- Up-to-date: /home/robomango/workspace/MangoMobileRobot/diffdrive_ws/install/robot_localization/share/robot_localization/launch/ukf.launch.py
[508.282s] -- Up-to-date: /home/robomango/workspace/MangoMobileRobot/diffdrive_ws/install/robot_localization/share/robot_localization/launch/ekf_new.launch.py
[508.283s] -- Installing: /home/robomango/workspace/MangoMobileRobot/diffdrive_ws/install/robot_localization/share/robot_localization/launch/__pycache__
[508.283s] -- Installing: /home/robomango/workspace/MangoMobileRobot/diffdrive_ws/install/robot_localization/share/robot_localization/launch/__pycache__/joy_teleop.launch.cpython-312.pyc
[508.283s] -- Up-to-date: /home/robomango/workspace/MangoMobileRobot/diffdrive_ws/install/robot_localization/share/robot_localization/launch/dual_ekf_navsat_example.launch.py
[508.283s] -- Up-to-date: /home/robomango/workspace/MangoMobileRobot/diffdrive_ws/install/robot_localization/share/robot_localization/launch/joy_teleop.launch.py
[508.283s] -- Up-to-date: /home/robomango/workspace/MangoMobileRobot/diffdrive_ws/install/robot_localization/share/robot_localization/launch/navsat_transform.launch.py
[508.283s] -- Up-to-date: /home/robomango/workspace/MangoMobileRobot/diffdrive_ws/install/robot_localization/share/robot_localization/launch/ekf.launch.py
[508.283s] -- Installing: /home/robomango/workspace/MangoMobileRobot/diffdrive_ws/install/robot_localization/share/robot_localization/cmake/export_robot_localization__rosidl_generator_cExport.cmake
[508.283s] -- Installing: /home/robomango/workspace/MangoMobileRobot/diffdrive_ws/install/robot_localization/share/robot_localization/cmake/export_robot_localization__rosidl_generator_cExport-relwithdebinfo.cmake
[508.283s] -- Installing: /home/robomango/workspace/MangoMobileRobot/diffdrive_ws/install/robot_localization/share/robot_localization/cmake/export_robot_localization__rosidl_typesupport_fastrtps_cExport.cmake
[508.283s] -- Installing: /home/robomango/workspace/MangoMobileRobot/diffdrive_ws/install/robot_localization/share/robot_localization/cmake/export_robot_localization__rosidl_typesupport_fastrtps_cExport-relwithdebinfo.cmake
[508.283s] -- Installing: /home/robomango/workspace/MangoMobileRobot/diffdrive_ws/install/robot_localization/share/robot_localization/cmake/export_robot_localization__rosidl_generator_cppExport.cmake
[508.284s] -- Installing: /home/robomango/workspace/MangoMobileRobot/diffdrive_ws/install/robot_localization/share/robot_localization/cmake/export_robot_localization__rosidl_typesupport_fastrtps_cppExport.cmake
[508.284s] -- Installing: /home/robomango/workspace/MangoMobileRobot/diffdrive_ws/install/robot_localization/share/robot_localization/cmake/export_robot_localization__rosidl_typesupport_fastrtps_cppExport-relwithdebinfo.cmake
[508.284s] -- Installing: /home/robomango/workspace/MangoMobileRobot/diffdrive_ws/install/robot_localization/share/robot_localization/cmake/robot_localization__rosidl_typesupport_introspection_cExport.cmake
[508.284s] -- Installing: /home/robomango/workspace/MangoMobileRobot/diffdrive_ws/install/robot_localization/share/robot_localization/cmake/robot_localization__rosidl_typesupport_introspection_cExport-relwithdebinfo.cmake
[508.284s] -- Installing: /home/robomango/workspace/MangoMobileRobot/diffdrive_ws/install/robot_localization/share/robot_localization/cmake/robot_localization__rosidl_typesupport_cExport.cmake
[508.284s] -- Installing: /home/robomango/workspace/MangoMobileRobot/diffdrive_ws/install/robot_localization/share/robot_localization/cmake/robot_localization__rosidl_typesupport_cExport-relwithdebinfo.cmake
[508.284s] -- Installing: /home/robomango/workspace/MangoMobileRobot/diffdrive_ws/install/robot_localization/share/robot_localization/cmake/robot_localization__rosidl_typesupport_introspection_cppExport.cmake
[508.285s] -- Installing: /home/robomango/workspace/MangoMobileRobot/diffdrive_ws/install/robot_localization/share/robot_localization/cmake/robot_localization__rosidl_typesupport_introspection_cppExport-relwithdebinfo.cmake
[508.286s] -- Installing: /home/robomango/workspace/MangoMobileRobot/diffdrive_ws/install/robot_localization/share/robot_localization/cmake/robot_localization__rosidl_typesupport_cppExport.cmake
[508.286s] -- Installing: /home/robomango/workspace/MangoMobileRobot/diffdrive_ws/install/robot_localization/share/robot_localization/cmake/robot_localization__rosidl_typesupport_cppExport-relwithdebinfo.cmake
[508.286s] -- Installing: /home/robomango/workspace/MangoMobileRobot/diffdrive_ws/install/robot_localization/share/robot_localization/cmake/export_robot_localization__rosidl_generator_pyExport.cmake
[508.286s] -- Installing: /home/robomango/workspace/MangoMobileRobot/diffdrive_ws/install/robot_localization/share/robot_localization/cmake/export_robot_localization__rosidl_generator_pyExport-relwithdebinfo.cmake
[508.289s] Invoked command in '/home/robomango/workspace/MangoMobileRobot/diffdrive_ws/build/robot_localization' returned '0': CMAKE_PREFIX_PATH=${CMAKE_PREFIX_PATH}:/home/robomango/workspace/MangoMobileRobot/install/my_joy_teleop:/opt/ros/jazzy /usr/bin/cmake --install /home/robomango/workspace/MangoMobileRobot/diffdrive_ws/build/robot_localization
