[0.153s] DEBUG:colcon:Command line arguments: ['/usr/bin/colcon', 'build']
[0.153s] DEBUG:colcon:Parsed command line arguments: Namespace(log_base=None, log_level=None, verb_name='build', build_base='build', install_base='install', merge_install=False, symlink_install=False, test_result_base=None, continue_on_error=False, executor='parallel', parallel_workers=2, event_handlers=None, ignore_user_meta=False, metas=['./colcon.meta'], base_paths=['.'], packages_ignore=None, packages_ignore_regex=None, paths=None, packages_up_to=None, packages_up_to_regex=None, packages_above=None, packages_above_and_dependencies=None, packages_above_depth=None, packages_select_by_dep=None, packages_skip_by_dep=None, packages_skip_up_to=None, packages_select_build_failed=False, packages_skip_build_finished=False, packages_select_test_failures=False, packages_skip_test_passed=False, packages_select=None, packages_skip=None, packages_select_regex=None, packages_skip_regex=None, packages_start=None, packages_end=None, allow_overriding=[], cmake_args=None, cmake_target=None, cmake_target_skip_unavailable=False, cmake_clean_cache=False, cmake_clean_first=False, cmake_force_configure=False, ament_cmake_args=None, catkin_cmake_args=None, catkin_skip_building_tests=False, mixin_files=None, mixin=None, verb_parser=<colcon_mixin.mixin.mixin_argument.MixinArgumentDecorator object at 0x709a05288cb0>, verb_extension=<colcon_core.verb.build.BuildVerb object at 0x709a05288920>, main=<bound method BuildVerb.main of <colcon_core.verb.build.BuildVerb object at 0x709a05288920>>, mixin_verb=('build',))
[0.208s] Level 1:colcon.colcon_core.package_discovery:discover_packages(colcon_meta) check parameters
[0.209s] Level 1:colcon.colcon_core.package_discovery:discover_packages(recursive) check parameters
[0.209s] Level 1:colcon.colcon_core.package_discovery:discover_packages(ignore) check parameters
[0.209s] Level 1:colcon.colcon_core.package_discovery:discover_packages(path) check parameters
[0.209s] Level 1:colcon.colcon_core.package_discovery:discover_packages(colcon_meta) discover
[0.209s] Level 1:colcon.colcon_core.package_discovery:discover_packages(recursive) discover
[0.209s] INFO:colcon.colcon_core.package_discovery:Crawling recursively for packages in '/home/robomango/workspace/microros_ws'
[0.209s] Level 1:colcon.colcon_core.package_identification:_identify(.) by extensions ['ignore', 'ignore_ament_install']
[0.209s] Level 1:colcon.colcon_core.package_identification:_identify(.) by extension 'ignore'
[0.209s] Level 1:colcon.colcon_core.package_identification:_identify(.) by extension 'ignore_ament_install'
[0.209s] Level 1:colcon.colcon_core.package_identification:_identify(.) by extensions ['colcon_pkg']
[0.209s] Level 1:colcon.colcon_core.package_identification:_identify(.) by extension 'colcon_pkg'
[0.209s] Level 1:colcon.colcon_core.package_identification:_identify(.) by extensions ['colcon_meta']
[0.210s] Level 1:colcon.colcon_core.package_identification:_identify(.) by extension 'colcon_meta'
[0.210s] Level 1:colcon.colcon_core.package_identification:_identify(.) by extensions ['ros']
[0.210s] Level 1:colcon.colcon_core.package_identification:_identify(.) by extension 'ros'
[0.245s] Level 1:colcon.colcon_core.package_identification:_identify(.) by extensions ['cmake', 'python']
[0.245s] Level 1:colcon.colcon_core.package_identification:_identify(.) by extension 'cmake'
[0.245s] Level 1:colcon.colcon_core.package_identification:_identify(.) by extension 'python'
[0.245s] Level 1:colcon.colcon_core.package_identification:_identify(.) by extensions ['python_setup_py']
[0.245s] Level 1:colcon.colcon_core.package_identification:_identify(.) by extension 'python_setup_py'
[0.245s] Level 1:colcon.colcon_core.package_identification:_identify(build) by extensions ['ignore', 'ignore_ament_install']
[0.246s] Level 1:colcon.colcon_core.package_identification:_identify(build) by extension 'ignore'
[0.246s] Level 1:colcon.colcon_core.package_identification:_identify(build) ignored
[0.246s] Level 1:colcon.colcon_core.package_identification:_identify(install) by extensions ['ignore', 'ignore_ament_install']
[0.246s] Level 1:colcon.colcon_core.package_identification:_identify(install) by extension 'ignore'
[0.246s] Level 1:colcon.colcon_core.package_identification:_identify(install) ignored
[0.246s] Level 1:colcon.colcon_core.package_identification:_identify(log) by extensions ['ignore', 'ignore_ament_install']
[0.246s] Level 1:colcon.colcon_core.package_identification:_identify(log) by extension 'ignore'
[0.246s] Level 1:colcon.colcon_core.package_identification:_identify(log) ignored
[0.246s] Level 1:colcon.colcon_core.package_identification:_identify(src) by extensions ['ignore', 'ignore_ament_install']
[0.246s] Level 1:colcon.colcon_core.package_identification:_identify(src) by extension 'ignore'
[0.246s] Level 1:colcon.colcon_core.package_identification:_identify(src) by extension 'ignore_ament_install'
[0.247s] Level 1:colcon.colcon_core.package_identification:_identify(src) by extensions ['colcon_pkg']
[0.247s] Level 1:colcon.colcon_core.package_identification:_identify(src) by extension 'colcon_pkg'
[0.247s] Level 1:colcon.colcon_core.package_identification:_identify(src) by extensions ['colcon_meta']
[0.247s] Level 1:colcon.colcon_core.package_identification:_identify(src) by extension 'colcon_meta'
[0.247s] Level 1:colcon.colcon_core.package_identification:_identify(src) by extensions ['ros']
[0.247s] Level 1:colcon.colcon_core.package_identification:_identify(src) by extension 'ros'
[0.247s] Level 1:colcon.colcon_core.package_identification:_identify(src) by extensions ['cmake', 'python']
[0.247s] Level 1:colcon.colcon_core.package_identification:_identify(src) by extension 'cmake'
[0.247s] Level 1:colcon.colcon_core.package_identification:_identify(src) by extension 'python'
[0.247s] Level 1:colcon.colcon_core.package_identification:_identify(src) by extensions ['python_setup_py']
[0.247s] Level 1:colcon.colcon_core.package_identification:_identify(src) by extension 'python_setup_py'
[0.247s] Level 1:colcon.colcon_core.package_identification:_identify(src/micro_ros_setup) by extensions ['ignore', 'ignore_ament_install']
[0.247s] Level 1:colcon.colcon_core.package_identification:_identify(src/micro_ros_setup) by extension 'ignore'
[0.247s] Level 1:colcon.colcon_core.package_identification:_identify(src/micro_ros_setup) by extension 'ignore_ament_install'
[0.247s] Level 1:colcon.colcon_core.package_identification:_identify(src/micro_ros_setup) by extensions ['colcon_pkg']
[0.247s] Level 1:colcon.colcon_core.package_identification:_identify(src/micro_ros_setup) by extension 'colcon_pkg'
[0.247s] Level 1:colcon.colcon_core.package_identification:_identify(src/micro_ros_setup) by extensions ['colcon_meta']
[0.248s] Level 1:colcon.colcon_core.package_identification:_identify(src/micro_ros_setup) by extension 'colcon_meta'
[0.248s] Level 1:colcon.colcon_core.package_identification:_identify(src/micro_ros_setup) by extensions ['ros']
[0.248s] Level 1:colcon.colcon_core.package_identification:_identify(src/micro_ros_setup) by extension 'ros'
[0.251s] DEBUG:colcon.colcon_core.package_identification:Package 'src/micro_ros_setup' with type 'ros.ament_cmake' and name 'micro_ros_setup'
[0.251s] Level 1:colcon.colcon_core.package_identification:_identify(src/uros) by extensions ['ignore', 'ignore_ament_install']
[0.251s] Level 1:colcon.colcon_core.package_identification:_identify(src/uros) by extension 'ignore'
[0.251s] Level 1:colcon.colcon_core.package_identification:_identify(src/uros) by extension 'ignore_ament_install'
[0.251s] Level 1:colcon.colcon_core.package_identification:_identify(src/uros) by extensions ['colcon_pkg']
[0.251s] Level 1:colcon.colcon_core.package_identification:_identify(src/uros) by extension 'colcon_pkg'
[0.251s] Level 1:colcon.colcon_core.package_identification:_identify(src/uros) by extensions ['colcon_meta']
[0.251s] Level 1:colcon.colcon_core.package_identification:_identify(src/uros) by extension 'colcon_meta'
[0.251s] Level 1:colcon.colcon_core.package_identification:_identify(src/uros) by extensions ['ros']
[0.251s] Level 1:colcon.colcon_core.package_identification:_identify(src/uros) by extension 'ros'
[0.251s] Level 1:colcon.colcon_core.package_identification:_identify(src/uros) by extensions ['cmake', 'python']
[0.251s] Level 1:colcon.colcon_core.package_identification:_identify(src/uros) by extension 'cmake'
[0.251s] Level 1:colcon.colcon_core.package_identification:_identify(src/uros) by extension 'python'
[0.251s] Level 1:colcon.colcon_core.package_identification:_identify(src/uros) by extensions ['python_setup_py']
[0.251s] Level 1:colcon.colcon_core.package_identification:_identify(src/uros) by extension 'python_setup_py'
[0.252s] Level 1:colcon.colcon_core.package_identification:_identify(src/uros/drive_base) by extensions ['ignore', 'ignore_ament_install']
[0.252s] Level 1:colcon.colcon_core.package_identification:_identify(src/uros/drive_base) by extension 'ignore'
[0.252s] Level 1:colcon.colcon_core.package_identification:_identify(src/uros/drive_base) by extension 'ignore_ament_install'
[0.252s] Level 1:colcon.colcon_core.package_identification:_identify(src/uros/drive_base) by extensions ['colcon_pkg']
[0.252s] Level 1:colcon.colcon_core.package_identification:_identify(src/uros/drive_base) by extension 'colcon_pkg'
[0.252s] Level 1:colcon.colcon_core.package_identification:_identify(src/uros/drive_base) by extensions ['colcon_meta']
[0.252s] Level 1:colcon.colcon_core.package_identification:_identify(src/uros/drive_base) by extension 'colcon_meta'
[0.252s] Level 1:colcon.colcon_core.package_identification:_identify(src/uros/drive_base) by extensions ['ros']
[0.252s] Level 1:colcon.colcon_core.package_identification:_identify(src/uros/drive_base) by extension 'ros'
[0.252s] Level 1:colcon.colcon_core.package_identification:_identify(src/uros/drive_base) by extensions ['cmake', 'python']
[0.252s] Level 1:colcon.colcon_core.package_identification:_identify(src/uros/drive_base) by extension 'cmake'
[0.252s] Level 1:colcon.colcon_core.package_identification:_identify(src/uros/drive_base) by extension 'python'
[0.252s] Level 1:colcon.colcon_core.package_identification:_identify(src/uros/drive_base) by extensions ['python_setup_py']
[0.252s] Level 1:colcon.colcon_core.package_identification:_identify(src/uros/drive_base) by extension 'python_setup_py'
[0.252s] Level 1:colcon.colcon_core.package_identification:_identify(src/uros/drive_base/drive_base_msgs) by extensions ['ignore', 'ignore_ament_install']
[0.253s] Level 1:colcon.colcon_core.package_identification:_identify(src/uros/drive_base/drive_base_msgs) by extension 'ignore'
[0.253s] Level 1:colcon.colcon_core.package_identification:_identify(src/uros/drive_base/drive_base_msgs) by extension 'ignore_ament_install'
[0.253s] Level 1:colcon.colcon_core.package_identification:_identify(src/uros/drive_base/drive_base_msgs) by extensions ['colcon_pkg']
[0.253s] Level 1:colcon.colcon_core.package_identification:_identify(src/uros/drive_base/drive_base_msgs) by extension 'colcon_pkg'
[0.253s] Level 1:colcon.colcon_core.package_identification:_identify(src/uros/drive_base/drive_base_msgs) by extensions ['colcon_meta']
[0.253s] Level 1:colcon.colcon_core.package_identification:_identify(src/uros/drive_base/drive_base_msgs) by extension 'colcon_meta'
[0.253s] Level 1:colcon.colcon_core.package_identification:_identify(src/uros/drive_base/drive_base_msgs) by extensions ['ros']
[0.253s] Level 1:colcon.colcon_core.package_identification:_identify(src/uros/drive_base/drive_base_msgs) by extension 'ros'
[0.254s] DEBUG:colcon.colcon_core.package_identification:Package 'src/uros/drive_base/drive_base_msgs' with type 'ros.ament_cmake' and name 'drive_base_msgs'
[0.254s] Level 1:colcon.colcon_core.package_identification:_identify(src/uros/micro-ROS-Agent) by extensions ['ignore', 'ignore_ament_install']
[0.254s] Level 1:colcon.colcon_core.package_identification:_identify(src/uros/micro-ROS-Agent) by extension 'ignore'
[0.254s] Level 1:colcon.colcon_core.package_identification:_identify(src/uros/micro-ROS-Agent) by extension 'ignore_ament_install'
[0.254s] Level 1:colcon.colcon_core.package_identification:_identify(src/uros/micro-ROS-Agent) by extensions ['colcon_pkg']
[0.254s] Level 1:colcon.colcon_core.package_identification:_identify(src/uros/micro-ROS-Agent) by extension 'colcon_pkg'
[0.254s] Level 1:colcon.colcon_core.package_identification:_identify(src/uros/micro-ROS-Agent) by extensions ['colcon_meta']
[0.254s] Level 1:colcon.colcon_core.package_identification:_identify(src/uros/micro-ROS-Agent) by extension 'colcon_meta'
[0.254s] Level 1:colcon.colcon_core.package_identification:_identify(src/uros/micro-ROS-Agent) by extensions ['ros']
[0.254s] Level 1:colcon.colcon_core.package_identification:_identify(src/uros/micro-ROS-Agent) by extension 'ros'
[0.254s] Level 1:colcon.colcon_core.package_identification:_identify(src/uros/micro-ROS-Agent) by extensions ['cmake', 'python']
[0.254s] Level 1:colcon.colcon_core.package_identification:_identify(src/uros/micro-ROS-Agent) by extension 'cmake'
[0.254s] Level 1:colcon.colcon_core.package_identification:_identify(src/uros/micro-ROS-Agent) by extension 'python'
[0.254s] Level 1:colcon.colcon_core.package_identification:_identify(src/uros/micro-ROS-Agent) by extensions ['python_setup_py']
[0.254s] Level 1:colcon.colcon_core.package_identification:_identify(src/uros/micro-ROS-Agent) by extension 'python_setup_py'
[0.255s] Level 1:colcon.colcon_core.package_identification:_identify(src/uros/micro-ROS-Agent/micro_ros_agent) by extensions ['ignore', 'ignore_ament_install']
[0.255s] Level 1:colcon.colcon_core.package_identification:_identify(src/uros/micro-ROS-Agent/micro_ros_agent) by extension 'ignore'
[0.255s] Level 1:colcon.colcon_core.package_identification:_identify(src/uros/micro-ROS-Agent/micro_ros_agent) by extension 'ignore_ament_install'
[0.255s] Level 1:colcon.colcon_core.package_identification:_identify(src/uros/micro-ROS-Agent/micro_ros_agent) by extensions ['colcon_pkg']
[0.255s] Level 1:colcon.colcon_core.package_identification:_identify(src/uros/micro-ROS-Agent/micro_ros_agent) by extension 'colcon_pkg'
[0.255s] Level 1:colcon.colcon_core.package_identification:_identify(src/uros/micro-ROS-Agent/micro_ros_agent) by extensions ['colcon_meta']
[0.255s] Level 1:colcon.colcon_core.package_identification:_identify(src/uros/micro-ROS-Agent/micro_ros_agent) by extension 'colcon_meta'
[0.255s] Level 1:colcon.colcon_core.package_identification:_identify(src/uros/micro-ROS-Agent/micro_ros_agent) by extensions ['ros']
[0.255s] Level 1:colcon.colcon_core.package_identification:_identify(src/uros/micro-ROS-Agent/micro_ros_agent) by extension 'ros'
[0.256s] DEBUG:colcon.colcon_core.package_identification:Package 'src/uros/micro-ROS-Agent/micro_ros_agent' with type 'ros.ament_cmake' and name 'micro_ros_agent'
[0.256s] Level 1:colcon.colcon_core.package_identification:_identify(src/uros/micro-ROS-Agent/snap) by extensions ['ignore', 'ignore_ament_install']
[0.256s] Level 1:colcon.colcon_core.package_identification:_identify(src/uros/micro-ROS-Agent/snap) by extension 'ignore'
[0.256s] Level 1:colcon.colcon_core.package_identification:_identify(src/uros/micro-ROS-Agent/snap) by extension 'ignore_ament_install'
[0.256s] Level 1:colcon.colcon_core.package_identification:_identify(src/uros/micro-ROS-Agent/snap) by extensions ['colcon_pkg']
[0.256s] Level 1:colcon.colcon_core.package_identification:_identify(src/uros/micro-ROS-Agent/snap) by extension 'colcon_pkg'
[0.257s] Level 1:colcon.colcon_core.package_identification:_identify(src/uros/micro-ROS-Agent/snap) by extensions ['colcon_meta']
[0.257s] Level 1:colcon.colcon_core.package_identification:_identify(src/uros/micro-ROS-Agent/snap) by extension 'colcon_meta'
[0.257s] Level 1:colcon.colcon_core.package_identification:_identify(src/uros/micro-ROS-Agent/snap) by extensions ['ros']
[0.257s] Level 1:colcon.colcon_core.package_identification:_identify(src/uros/micro-ROS-Agent/snap) by extension 'ros'
[0.257s] Level 1:colcon.colcon_core.package_identification:_identify(src/uros/micro-ROS-Agent/snap) by extensions ['cmake', 'python']
[0.257s] Level 1:colcon.colcon_core.package_identification:_identify(src/uros/micro-ROS-Agent/snap) by extension 'cmake'
[0.257s] Level 1:colcon.colcon_core.package_identification:_identify(src/uros/micro-ROS-Agent/snap) by extension 'python'
[0.257s] Level 1:colcon.colcon_core.package_identification:_identify(src/uros/micro-ROS-Agent/snap) by extensions ['python_setup_py']
[0.257s] Level 1:colcon.colcon_core.package_identification:_identify(src/uros/micro-ROS-Agent/snap) by extension 'python_setup_py'
[0.257s] Level 1:colcon.colcon_core.package_identification:_identify(src/uros/micro-ROS-Agent/snap/hooks) by extensions ['ignore', 'ignore_ament_install']
[0.257s] Level 1:colcon.colcon_core.package_identification:_identify(src/uros/micro-ROS-Agent/snap/hooks) by extension 'ignore'
[0.257s] Level 1:colcon.colcon_core.package_identification:_identify(src/uros/micro-ROS-Agent/snap/hooks) by extension 'ignore_ament_install'
[0.257s] Level 1:colcon.colcon_core.package_identification:_identify(src/uros/micro-ROS-Agent/snap/hooks) by extensions ['colcon_pkg']
[0.257s] Level 1:colcon.colcon_core.package_identification:_identify(src/uros/micro-ROS-Agent/snap/hooks) by extension 'colcon_pkg'
[0.257s] Level 1:colcon.colcon_core.package_identification:_identify(src/uros/micro-ROS-Agent/snap/hooks) by extensions ['colcon_meta']
[0.257s] Level 1:colcon.colcon_core.package_identification:_identify(src/uros/micro-ROS-Agent/snap/hooks) by extension 'colcon_meta'
[0.258s] Level 1:colcon.colcon_core.package_identification:_identify(src/uros/micro-ROS-Agent/snap/hooks) by extensions ['ros']
[0.258s] Level 1:colcon.colcon_core.package_identification:_identify(src/uros/micro-ROS-Agent/snap/hooks) by extension 'ros'
[0.258s] Level 1:colcon.colcon_core.package_identification:_identify(src/uros/micro-ROS-Agent/snap/hooks) by extensions ['cmake', 'python']
[0.258s] Level 1:colcon.colcon_core.package_identification:_identify(src/uros/micro-ROS-Agent/snap/hooks) by extension 'cmake'
[0.258s] Level 1:colcon.colcon_core.package_identification:_identify(src/uros/micro-ROS-Agent/snap/hooks) by extension 'python'
[0.258s] Level 1:colcon.colcon_core.package_identification:_identify(src/uros/micro-ROS-Agent/snap/hooks) by extensions ['python_setup_py']
[0.258s] Level 1:colcon.colcon_core.package_identification:_identify(src/uros/micro-ROS-Agent/snap/hooks) by extension 'python_setup_py'
[0.258s] Level 1:colcon.colcon_core.package_identification:_identify(src/uros/micro-ROS-Agent/snap/local) by extensions ['ignore', 'ignore_ament_install']
[0.258s] Level 1:colcon.colcon_core.package_identification:_identify(src/uros/micro-ROS-Agent/snap/local) by extension 'ignore'
[0.258s] Level 1:colcon.colcon_core.package_identification:_identify(src/uros/micro-ROS-Agent/snap/local) by extension 'ignore_ament_install'
[0.258s] Level 1:colcon.colcon_core.package_identification:_identify(src/uros/micro-ROS-Agent/snap/local) by extensions ['colcon_pkg']
[0.258s] Level 1:colcon.colcon_core.package_identification:_identify(src/uros/micro-ROS-Agent/snap/local) by extension 'colcon_pkg'
[0.258s] Level 1:colcon.colcon_core.package_identification:_identify(src/uros/micro-ROS-Agent/snap/local) by extensions ['colcon_meta']
[0.258s] Level 1:colcon.colcon_core.package_identification:_identify(src/uros/micro-ROS-Agent/snap/local) by extension 'colcon_meta'
[0.258s] Level 1:colcon.colcon_core.package_identification:_identify(src/uros/micro-ROS-Agent/snap/local) by extensions ['ros']
[0.258s] Level 1:colcon.colcon_core.package_identification:_identify(src/uros/micro-ROS-Agent/snap/local) by extension 'ros'
[0.259s] Level 1:colcon.colcon_core.package_identification:_identify(src/uros/micro-ROS-Agent/snap/local) by extensions ['cmake', 'python']
[0.259s] Level 1:colcon.colcon_core.package_identification:_identify(src/uros/micro-ROS-Agent/snap/local) by extension 'cmake'
[0.259s] Level 1:colcon.colcon_core.package_identification:_identify(src/uros/micro-ROS-Agent/snap/local) by extension 'python'
[0.259s] Level 1:colcon.colcon_core.package_identification:_identify(src/uros/micro-ROS-Agent/snap/local) by extensions ['python_setup_py']
[0.259s] Level 1:colcon.colcon_core.package_identification:_identify(src/uros/micro-ROS-Agent/snap/local) by extension 'python_setup_py'
[0.259s] Level 1:colcon.colcon_core.package_identification:_identify(src/uros/micro_ros_msgs) by extensions ['ignore', 'ignore_ament_install']
[0.259s] Level 1:colcon.colcon_core.package_identification:_identify(src/uros/micro_ros_msgs) by extension 'ignore'
[0.259s] Level 1:colcon.colcon_core.package_identification:_identify(src/uros/micro_ros_msgs) by extension 'ignore_ament_install'
[0.259s] Level 1:colcon.colcon_core.package_identification:_identify(src/uros/micro_ros_msgs) by extensions ['colcon_pkg']
[0.259s] Level 1:colcon.colcon_core.package_identification:_identify(src/uros/micro_ros_msgs) by extension 'colcon_pkg'
[0.259s] Level 1:colcon.colcon_core.package_identification:_identify(src/uros/micro_ros_msgs) by extensions ['colcon_meta']
[0.259s] Level 1:colcon.colcon_core.package_identification:_identify(src/uros/micro_ros_msgs) by extension 'colcon_meta'
[0.259s] Level 1:colcon.colcon_core.package_identification:_identify(src/uros/micro_ros_msgs) by extensions ['ros']
[0.259s] Level 1:colcon.colcon_core.package_identification:_identify(src/uros/micro_ros_msgs) by extension 'ros'
[0.260s] DEBUG:colcon.colcon_core.package_identification:Package 'src/uros/micro_ros_msgs' with type 'ros.ament_cmake' and name 'micro_ros_msgs'
[0.260s] Level 1:colcon.colcon_core.package_discovery:discover_packages(recursive) using defaults
[0.260s] Level 1:colcon.colcon_core.package_discovery:discover_packages(ignore) discover
[0.260s] Level 1:colcon.colcon_core.package_discovery:discover_packages(ignore) using defaults
[0.260s] Level 1:colcon.colcon_core.package_discovery:discover_packages(path) discover
[0.260s] Level 1:colcon.colcon_core.package_discovery:discover_packages(path) using defaults
[0.285s] Level 1:colcon.colcon_core.package_discovery:discover_packages(prefix_path) check parameters
[0.285s] Level 1:colcon.colcon_core.package_discovery:discover_packages(prefix_path) discover
[0.288s] DEBUG:colcon.colcon_installed_package_information.package_discovery:Found 3 installed packages in /home/robomango/workspace/microros_ws/install
[0.288s] DEBUG:colcon.colcon_installed_package_information.package_discovery:Found 1 installed packages in /home/robomango/Diffdrive_ws/install
[0.289s] DEBUG:colcon.colcon_installed_package_information.package_discovery:Found 4 installed packages in /home/robomango/microros_ws/install
[0.291s] DEBUG:colcon.colcon_installed_package_information.package_discovery:Found 285 installed packages in /opt/ros/jazzy
[0.292s] Level 1:colcon.colcon_core.package_discovery:discover_packages(prefix_path) using defaults
[0.353s] Level 5:colcon.colcon_core.verb:set package 'drive_base_msgs' build argument 'cmake_args' from command line to 'None'
[0.353s] Level 5:colcon.colcon_core.verb:set package 'drive_base_msgs' build argument 'cmake_target' from command line to 'None'
[0.353s] Level 5:colcon.colcon_core.verb:set package 'drive_base_msgs' build argument 'cmake_target_skip_unavailable' from command line to 'False'
[0.353s] Level 5:colcon.colcon_core.verb:set package 'drive_base_msgs' build argument 'cmake_clean_cache' from command line to 'False'
[0.353s] Level 5:colcon.colcon_core.verb:set package 'drive_base_msgs' build argument 'cmake_clean_first' from command line to 'False'
[0.353s] Level 5:colcon.colcon_core.verb:set package 'drive_base_msgs' build argument 'cmake_force_configure' from command line to 'False'
[0.354s] Level 5:colcon.colcon_core.verb:set package 'drive_base_msgs' build argument 'ament_cmake_args' from command line to 'None'
[0.354s] Level 5:colcon.colcon_core.verb:set package 'drive_base_msgs' build argument 'catkin_cmake_args' from command line to 'None'
[0.354s] Level 5:colcon.colcon_core.verb:set package 'drive_base_msgs' build argument 'catkin_skip_building_tests' from command line to 'False'
[0.354s] DEBUG:colcon.colcon_core.verb:Building package 'drive_base_msgs' with the following arguments: {'ament_cmake_args': None, 'build_base': '/home/robomango/workspace/microros_ws/build/drive_base_msgs', 'catkin_cmake_args': None, 'catkin_skip_building_tests': False, 'cmake_args': None, 'cmake_clean_cache': False, 'cmake_clean_first': False, 'cmake_force_configure': False, 'cmake_target': None, 'cmake_target_skip_unavailable': False, 'install_base': '/home/robomango/workspace/microros_ws/install/drive_base_msgs', 'merge_install': False, 'path': '/home/robomango/workspace/microros_ws/src/uros/drive_base/drive_base_msgs', 'symlink_install': False, 'test_result_base': None}
[0.354s] Level 5:colcon.colcon_core.verb:set package 'micro_ros_msgs' build argument 'cmake_args' from command line to 'None'
[0.354s] Level 5:colcon.colcon_core.verb:set package 'micro_ros_msgs' build argument 'cmake_target' from command line to 'None'
[0.354s] Level 5:colcon.colcon_core.verb:set package 'micro_ros_msgs' build argument 'cmake_target_skip_unavailable' from command line to 'False'
[0.354s] Level 5:colcon.colcon_core.verb:set package 'micro_ros_msgs' build argument 'cmake_clean_cache' from command line to 'False'
[0.354s] Level 5:colcon.colcon_core.verb:set package 'micro_ros_msgs' build argument 'cmake_clean_first' from command line to 'False'
[0.354s] Level 5:colcon.colcon_core.verb:set package 'micro_ros_msgs' build argument 'cmake_force_configure' from command line to 'False'
[0.354s] Level 5:colcon.colcon_core.verb:set package 'micro_ros_msgs' build argument 'ament_cmake_args' from command line to 'None'
[0.354s] Level 5:colcon.colcon_core.verb:set package 'micro_ros_msgs' build argument 'catkin_cmake_args' from command line to 'None'
[0.354s] Level 5:colcon.colcon_core.verb:set package 'micro_ros_msgs' build argument 'catkin_skip_building_tests' from command line to 'False'
[0.354s] DEBUG:colcon.colcon_core.verb:Building package 'micro_ros_msgs' with the following arguments: {'ament_cmake_args': None, 'build_base': '/home/robomango/workspace/microros_ws/build/micro_ros_msgs', 'catkin_cmake_args': None, 'catkin_skip_building_tests': False, 'cmake_args': None, 'cmake_clean_cache': False, 'cmake_clean_first': False, 'cmake_force_configure': False, 'cmake_target': None, 'cmake_target_skip_unavailable': False, 'install_base': '/home/robomango/workspace/microros_ws/install/micro_ros_msgs', 'merge_install': False, 'path': '/home/robomango/workspace/microros_ws/src/uros/micro_ros_msgs', 'symlink_install': False, 'test_result_base': None}
[0.355s] Level 5:colcon.colcon_core.verb:set package 'micro_ros_setup' build argument 'cmake_args' from command line to 'None'
[0.355s] Level 5:colcon.colcon_core.verb:set package 'micro_ros_setup' build argument 'cmake_target' from command line to 'None'
[0.355s] Level 5:colcon.colcon_core.verb:set package 'micro_ros_setup' build argument 'cmake_target_skip_unavailable' from command line to 'False'
[0.355s] Level 5:colcon.colcon_core.verb:set package 'micro_ros_setup' build argument 'cmake_clean_cache' from command line to 'False'
[0.355s] Level 5:colcon.colcon_core.verb:set package 'micro_ros_setup' build argument 'cmake_clean_first' from command line to 'False'
[0.355s] Level 5:colcon.colcon_core.verb:set package 'micro_ros_setup' build argument 'cmake_force_configure' from command line to 'False'
[0.355s] Level 5:colcon.colcon_core.verb:set package 'micro_ros_setup' build argument 'ament_cmake_args' from command line to 'None'
[0.355s] Level 5:colcon.colcon_core.verb:set package 'micro_ros_setup' build argument 'catkin_cmake_args' from command line to 'None'
[0.355s] Level 5:colcon.colcon_core.verb:set package 'micro_ros_setup' build argument 'catkin_skip_building_tests' from command line to 'False'
[0.355s] DEBUG:colcon.colcon_core.verb:Building package 'micro_ros_setup' with the following arguments: {'ament_cmake_args': None, 'build_base': '/home/robomango/workspace/microros_ws/build/micro_ros_setup', 'catkin_cmake_args': None, 'catkin_skip_building_tests': False, 'cmake_args': None, 'cmake_clean_cache': False, 'cmake_clean_first': False, 'cmake_force_configure': False, 'cmake_target': None, 'cmake_target_skip_unavailable': False, 'install_base': '/home/robomango/workspace/microros_ws/install/micro_ros_setup', 'merge_install': False, 'path': '/home/robomango/workspace/microros_ws/src/micro_ros_setup', 'symlink_install': False, 'test_result_base': None}
[0.355s] Level 5:colcon.colcon_core.verb:set package 'micro_ros_agent' build argument 'cmake_args' from command line to 'None'
[0.355s] Level 5:colcon.colcon_core.verb:set package 'micro_ros_agent' build argument 'cmake_target' from command line to 'None'
[0.355s] Level 5:colcon.colcon_core.verb:set package 'micro_ros_agent' build argument 'cmake_target_skip_unavailable' from command line to 'False'
[0.355s] Level 5:colcon.colcon_core.verb:set package 'micro_ros_agent' build argument 'cmake_clean_cache' from command line to 'False'
[0.355s] Level 5:colcon.colcon_core.verb:set package 'micro_ros_agent' build argument 'cmake_clean_first' from command line to 'False'
[0.355s] Level 5:colcon.colcon_core.verb:set package 'micro_ros_agent' build argument 'cmake_force_configure' from command line to 'False'
[0.355s] Level 5:colcon.colcon_core.verb:set package 'micro_ros_agent' build argument 'ament_cmake_args' from command line to 'None'
[0.355s] Level 5:colcon.colcon_core.verb:set package 'micro_ros_agent' build argument 'catkin_cmake_args' from command line to 'None'
[0.355s] Level 5:colcon.colcon_core.verb:set package 'micro_ros_agent' build argument 'catkin_skip_building_tests' from command line to 'False'
[0.355s] DEBUG:colcon.colcon_core.verb:Building package 'micro_ros_agent' with the following arguments: {'ament_cmake_args': None, 'build_base': '/home/robomango/workspace/microros_ws/build/micro_ros_agent', 'catkin_cmake_args': None, 'catkin_skip_building_tests': False, 'cmake_args': None, 'cmake_clean_cache': False, 'cmake_clean_first': False, 'cmake_force_configure': False, 'cmake_target': None, 'cmake_target_skip_unavailable': False, 'install_base': '/home/robomango/workspace/microros_ws/install/micro_ros_agent', 'merge_install': False, 'path': '/home/robomango/workspace/microros_ws/src/uros/micro-ROS-Agent/micro_ros_agent', 'symlink_install': False, 'test_result_base': None}
[0.355s] INFO:colcon.colcon_core.executor:Executing jobs using 'parallel' executor
[0.357s] DEBUG:colcon.colcon_parallel_executor.executor.parallel:run_until_complete
[0.357s] INFO:colcon.colcon_ros.task.ament_cmake.build:Building ROS package in '/home/robomango/workspace/microros_ws/src/uros/micro_ros_msgs' with build type 'ament_cmake'
[0.357s] INFO:colcon.colcon_cmake.task.cmake.build:Building CMake package in '/home/robomango/workspace/microros_ws/src/uros/micro_ros_msgs'
[0.361s] INFO:colcon.colcon_core.plugin_system:Skipping extension 'colcon_core.shell.bat': Not used on non-Windows systems
[0.361s] INFO:colcon.colcon_core.shell:Skip shell extension 'powershell' for command environment: Not usable outside of PowerShell
[0.361s] DEBUG:colcon.colcon_core.shell:Skip shell extension 'dsv' for command environment
[0.368s] INFO:colcon.colcon_ros.task.ament_cmake.build:Building ROS package in '/home/robomango/workspace/microros_ws/src/uros/drive_base/drive_base_msgs' with build type 'ament_cmake'
[0.368s] INFO:colcon.colcon_cmake.task.cmake.build:Building CMake package in '/home/robomango/workspace/microros_ws/src/uros/drive_base/drive_base_msgs'
[0.369s] INFO:colcon.colcon_core.shell:Skip shell extension 'powershell' for command environment: Not usable outside of PowerShell
[0.369s] DEBUG:colcon.colcon_core.shell:Skip shell extension 'dsv' for command environment
[0.382s] DEBUG:colcon.colcon_core.event_handler.log_command:Invoking command in '/home/robomango/workspace/microros_ws/build/micro_ros_msgs': CMAKE_PREFIX_PATH=${CMAKE_PREFIX_PATH}:/opt/ros/jazzy DEBUGINFOD_URLS=https://debuginfod.ubuntu.com /usr/bin/cmake /home/robomango/workspace/microros_ws/src/uros/micro_ros_msgs -DCMAKE_INSTALL_PREFIX=/home/robomango/workspace/microros_ws/install/micro_ros_msgs
[0.393s] DEBUG:colcon.colcon_core.event_handler.log_command:Invoking command in '/home/robomango/workspace/microros_ws/build/drive_base_msgs': CMAKE_PREFIX_PATH=${CMAKE_PREFIX_PATH}:/opt/ros/jazzy DEBUGINFOD_URLS=https://debuginfod.ubuntu.com /usr/bin/cmake /home/robomango/workspace/microros_ws/src/uros/drive_base/drive_base_msgs -DCMAKE_INSTALL_PREFIX=/home/robomango/workspace/microros_ws/install/drive_base_msgs
[2.509s] DEBUG:colcon.colcon_core.event_handler.log_command:Invoked command in '/home/robomango/workspace/microros_ws/build/micro_ros_msgs' returned '0': CMAKE_PREFIX_PATH=${CMAKE_PREFIX_PATH}:/opt/ros/jazzy DEBUGINFOD_URLS=https://debuginfod.ubuntu.com /usr/bin/cmake /home/robomango/workspace/microros_ws/src/uros/micro_ros_msgs -DCMAKE_INSTALL_PREFIX=/home/robomango/workspace/microros_ws/install/micro_ros_msgs
[2.510s] DEBUG:colcon.colcon_core.event_handler.log_command:Invoking command in '/home/robomango/workspace/microros_ws/build/micro_ros_msgs': CMAKE_PREFIX_PATH=${CMAKE_PREFIX_PATH}:/opt/ros/jazzy DEBUGINFOD_URLS=https://debuginfod.ubuntu.com /usr/bin/cmake --build /home/robomango/workspace/microros_ws/build/micro_ros_msgs -- -j2 -l2
[3.993s] DEBUG:colcon.colcon_core.event_handler.log_command:Invoked command in '/home/robomango/workspace/microros_ws/build/micro_ros_msgs' returned '0': CMAKE_PREFIX_PATH=${CMAKE_PREFIX_PATH}:/opt/ros/jazzy DEBUGINFOD_URLS=https://debuginfod.ubuntu.com /usr/bin/cmake --build /home/robomango/workspace/microros_ws/build/micro_ros_msgs -- -j2 -l2
[4.011s] DEBUG:colcon.colcon_core.event_handler.log_command:Invoking command in '/home/robomango/workspace/microros_ws/build/micro_ros_msgs': CMAKE_PREFIX_PATH=${CMAKE_PREFIX_PATH}:/opt/ros/jazzy DEBUGINFOD_URLS=https://debuginfod.ubuntu.com /usr/bin/cmake --install /home/robomango/workspace/microros_ws/build/micro_ros_msgs
[4.243s] Level 1:colcon.colcon_core.environment:create_environment_scripts_only(micro_ros_msgs)
[4.247s] DEBUG:colcon.colcon_core.event_handler.log_command:Invoked command in '/home/robomango/workspace/microros_ws/build/micro_ros_msgs' returned '0': CMAKE_PREFIX_PATH=${CMAKE_PREFIX_PATH}:/opt/ros/jazzy DEBUGINFOD_URLS=https://debuginfod.ubuntu.com /usr/bin/cmake --install /home/robomango/workspace/microros_ws/build/micro_ros_msgs
[4.249s] Level 1:colcon.colcon_core.environment:checking '/home/robomango/workspace/microros_ws/install/micro_ros_msgs' for CMake module files
[4.250s] Level 1:colcon.colcon_core.environment:checking '/home/robomango/workspace/microros_ws/install/micro_ros_msgs' for CMake config files
[4.251s] Level 1:colcon.colcon_core.shell:create_environment_hook('micro_ros_msgs', 'cmake_prefix_path')
[4.251s] INFO:colcon.colcon_core.shell:Creating environment hook '/home/robomango/workspace/microros_ws/install/micro_ros_msgs/share/micro_ros_msgs/hook/cmake_prefix_path.ps1'
[4.251s] INFO:colcon.colcon_core.shell:Creating environment descriptor '/home/robomango/workspace/microros_ws/install/micro_ros_msgs/share/micro_ros_msgs/hook/cmake_prefix_path.dsv'
[4.252s] INFO:colcon.colcon_core.shell:Creating environment hook '/home/robomango/workspace/microros_ws/install/micro_ros_msgs/share/micro_ros_msgs/hook/cmake_prefix_path.sh'
[4.253s] Level 1:colcon.colcon_core.environment:checking '/home/robomango/workspace/microros_ws/install/micro_ros_msgs/lib'
[4.253s] Level 1:colcon.colcon_core.shell:create_environment_hook('micro_ros_msgs', 'ld_library_path_lib')
[4.253s] INFO:colcon.colcon_core.shell:Creating environment hook '/home/robomango/workspace/microros_ws/install/micro_ros_msgs/share/micro_ros_msgs/hook/ld_library_path_lib.ps1'
[4.254s] INFO:colcon.colcon_core.shell:Creating environment descriptor '/home/robomango/workspace/microros_ws/install/micro_ros_msgs/share/micro_ros_msgs/hook/ld_library_path_lib.dsv'
[4.254s] INFO:colcon.colcon_core.shell:Creating environment hook '/home/robomango/workspace/microros_ws/install/micro_ros_msgs/share/micro_ros_msgs/hook/ld_library_path_lib.sh'
[4.255s] Level 1:colcon.colcon_core.environment:checking '/home/robomango/workspace/microros_ws/install/micro_ros_msgs/bin'
[4.255s] Level 1:colcon.colcon_core.environment:checking '/home/robomango/workspace/microros_ws/install/micro_ros_msgs/lib/pkgconfig/micro_ros_msgs.pc'
[4.255s] Level 1:colcon.colcon_core.environment:checking '/home/robomango/workspace/microros_ws/install/micro_ros_msgs/lib/python3.12/site-packages'
[4.255s] Level 1:colcon.colcon_core.shell:create_environment_hook('micro_ros_msgs', 'pythonpath')
[4.256s] INFO:colcon.colcon_core.shell:Creating environment hook '/home/robomango/workspace/microros_ws/install/micro_ros_msgs/share/micro_ros_msgs/hook/pythonpath.ps1'
[4.256s] INFO:colcon.colcon_core.shell:Creating environment descriptor '/home/robomango/workspace/microros_ws/install/micro_ros_msgs/share/micro_ros_msgs/hook/pythonpath.dsv'
[4.257s] INFO:colcon.colcon_core.shell:Creating environment hook '/home/robomango/workspace/microros_ws/install/micro_ros_msgs/share/micro_ros_msgs/hook/pythonpath.sh'
[4.257s] Level 1:colcon.colcon_core.environment:checking '/home/robomango/workspace/microros_ws/install/micro_ros_msgs/bin'
[4.258s] INFO:colcon.colcon_core.shell:Creating package script '/home/robomango/workspace/microros_ws/install/micro_ros_msgs/share/micro_ros_msgs/package.ps1'
[4.258s] INFO:colcon.colcon_core.shell:Creating package descriptor '/home/robomango/workspace/microros_ws/install/micro_ros_msgs/share/micro_ros_msgs/package.dsv'
[4.261s] INFO:colcon.colcon_core.shell:Creating package script '/home/robomango/workspace/microros_ws/install/micro_ros_msgs/share/micro_ros_msgs/package.sh'
[4.262s] INFO:colcon.colcon_core.shell:Creating package script '/home/robomango/workspace/microros_ws/install/micro_ros_msgs/share/micro_ros_msgs/package.bash'
[4.268s] INFO:colcon.colcon_core.shell:Creating package script '/home/robomango/workspace/microros_ws/install/micro_ros_msgs/share/micro_ros_msgs/package.zsh'
[4.269s] Level 1:colcon.colcon_core.environment:create_file_with_runtime_dependencies(/home/robomango/workspace/microros_ws/install/micro_ros_msgs/share/colcon-core/packages/micro_ros_msgs)
[4.272s] Level 1:colcon.colcon_core.environment:create_environment_scripts_only(micro_ros_msgs)
[4.272s] Level 1:colcon.colcon_core.environment:checking '/home/robomango/workspace/microros_ws/install/micro_ros_msgs' for CMake module files
[4.273s] Level 1:colcon.colcon_core.environment:checking '/home/robomango/workspace/microros_ws/install/micro_ros_msgs' for CMake config files
[4.273s] Level 1:colcon.colcon_core.shell:create_environment_hook('micro_ros_msgs', 'cmake_prefix_path')
[4.273s] INFO:colcon.colcon_core.shell:Creating environment hook '/home/robomango/workspace/microros_ws/install/micro_ros_msgs/share/micro_ros_msgs/hook/cmake_prefix_path.ps1'
[4.279s] INFO:colcon.colcon_core.shell:Creating environment descriptor '/home/robomango/workspace/microros_ws/install/micro_ros_msgs/share/micro_ros_msgs/hook/cmake_prefix_path.dsv'
[4.279s] INFO:colcon.colcon_core.shell:Creating environment hook '/home/robomango/workspace/microros_ws/install/micro_ros_msgs/share/micro_ros_msgs/hook/cmake_prefix_path.sh'
[4.280s] Level 1:colcon.colcon_core.environment:checking '/home/robomango/workspace/microros_ws/install/micro_ros_msgs/lib'
[4.280s] Level 1:colcon.colcon_core.shell:create_environment_hook('micro_ros_msgs', 'ld_library_path_lib')
[4.283s] INFO:colcon.colcon_core.shell:Creating environment hook '/home/robomango/workspace/microros_ws/install/micro_ros_msgs/share/micro_ros_msgs/hook/ld_library_path_lib.ps1'
[4.283s] INFO:colcon.colcon_core.shell:Creating environment descriptor '/home/robomango/workspace/microros_ws/install/micro_ros_msgs/share/micro_ros_msgs/hook/ld_library_path_lib.dsv'
[4.284s] INFO:colcon.colcon_core.shell:Creating environment hook '/home/robomango/workspace/microros_ws/install/micro_ros_msgs/share/micro_ros_msgs/hook/ld_library_path_lib.sh'
[4.286s] Level 1:colcon.colcon_core.environment:checking '/home/robomango/workspace/microros_ws/install/micro_ros_msgs/bin'
[4.290s] Level 1:colcon.colcon_core.environment:checking '/home/robomango/workspace/microros_ws/install/micro_ros_msgs/lib/pkgconfig/micro_ros_msgs.pc'
[4.290s] Level 1:colcon.colcon_core.environment:checking '/home/robomango/workspace/microros_ws/install/micro_ros_msgs/lib/python3.12/site-packages'
[4.290s] Level 1:colcon.colcon_core.shell:create_environment_hook('micro_ros_msgs', 'pythonpath')
[4.291s] INFO:colcon.colcon_core.shell:Creating environment hook '/home/robomango/workspace/microros_ws/install/micro_ros_msgs/share/micro_ros_msgs/hook/pythonpath.ps1'
[4.291s] INFO:colcon.colcon_core.shell:Creating environment descriptor '/home/robomango/workspace/microros_ws/install/micro_ros_msgs/share/micro_ros_msgs/hook/pythonpath.dsv'
[4.293s] INFO:colcon.colcon_core.shell:Creating environment hook '/home/robomango/workspace/microros_ws/install/micro_ros_msgs/share/micro_ros_msgs/hook/pythonpath.sh'
[4.293s] Level 1:colcon.colcon_core.environment:checking '/home/robomango/workspace/microros_ws/install/micro_ros_msgs/bin'
[4.294s] INFO:colcon.colcon_core.shell:Creating package script '/home/robomango/workspace/microros_ws/install/micro_ros_msgs/share/micro_ros_msgs/package.ps1'
[4.295s] INFO:colcon.colcon_core.shell:Creating package descriptor '/home/robomango/workspace/microros_ws/install/micro_ros_msgs/share/micro_ros_msgs/package.dsv'
[4.295s] INFO:colcon.colcon_core.shell:Creating package script '/home/robomango/workspace/microros_ws/install/micro_ros_msgs/share/micro_ros_msgs/package.sh'
[4.296s] INFO:colcon.colcon_core.shell:Creating package script '/home/robomango/workspace/microros_ws/install/micro_ros_msgs/share/micro_ros_msgs/package.bash'
[4.299s] INFO:colcon.colcon_core.shell:Creating package script '/home/robomango/workspace/microros_ws/install/micro_ros_msgs/share/micro_ros_msgs/package.zsh'
[4.300s] Level 1:colcon.colcon_core.environment:create_file_with_runtime_dependencies(/home/robomango/workspace/microros_ws/install/micro_ros_msgs/share/colcon-core/packages/micro_ros_msgs)
[4.302s] INFO:colcon.colcon_ros.task.ament_cmake.build:Building ROS package in '/home/robomango/workspace/microros_ws/src/micro_ros_setup' with build type 'ament_cmake'
[4.303s] INFO:colcon.colcon_cmake.task.cmake.build:Building CMake package in '/home/robomango/workspace/microros_ws/src/micro_ros_setup'
[4.303s] INFO:colcon.colcon_core.shell:Skip shell extension 'powershell' for command environment: Not usable outside of PowerShell
[4.303s] DEBUG:colcon.colcon_core.shell:Skip shell extension 'dsv' for command environment
[4.323s] DEBUG:colcon.colcon_core.event_handler.log_command:Invoking command in '/home/robomango/workspace/microros_ws/build/micro_ros_setup': CMAKE_PREFIX_PATH=${CMAKE_PREFIX_PATH}:/opt/ros/jazzy DEBUGINFOD_URLS=https://debuginfod.ubuntu.com /usr/bin/cmake --build /home/robomango/workspace/microros_ws/build/micro_ros_setup -- -j2 -l2
[4.427s] DEBUG:colcon.colcon_core.event_handler.log_command:Invoked command in '/home/robomango/workspace/microros_ws/build/micro_ros_setup' returned '0': CMAKE_PREFIX_PATH=${CMAKE_PREFIX_PATH}:/opt/ros/jazzy DEBUGINFOD_URLS=https://debuginfod.ubuntu.com /usr/bin/cmake --build /home/robomango/workspace/microros_ws/build/micro_ros_setup -- -j2 -l2
[4.430s] DEBUG:colcon.colcon_core.event_handler.log_command:Invoking command in '/home/robomango/workspace/microros_ws/build/micro_ros_setup': CMAKE_PREFIX_PATH=${CMAKE_PREFIX_PATH}:/opt/ros/jazzy DEBUGINFOD_URLS=https://debuginfod.ubuntu.com /usr/bin/cmake --install /home/robomango/workspace/microros_ws/build/micro_ros_setup
[4.498s] Level 1:colcon.colcon_core.environment:create_environment_scripts_only(micro_ros_setup)
[4.498s] Level 1:colcon.colcon_core.environment:checking '/home/robomango/workspace/microros_ws/install/micro_ros_setup' for CMake module files
[4.499s] Level 1:colcon.colcon_core.environment:checking '/home/robomango/workspace/microros_ws/install/micro_ros_setup' for CMake config files
[4.500s] Level 1:colcon.colcon_core.shell:create_environment_hook('micro_ros_setup', 'cmake_prefix_path')
[4.500s] INFO:colcon.colcon_core.shell:Creating environment hook '/home/robomango/workspace/microros_ws/install/micro_ros_setup/share/micro_ros_setup/hook/cmake_prefix_path.ps1'
[4.506s] INFO:colcon.colcon_core.shell:Creating environment descriptor '/home/robomango/workspace/microros_ws/install/micro_ros_setup/share/micro_ros_setup/hook/cmake_prefix_path.dsv'
[4.508s] INFO:colcon.colcon_core.shell:Creating environment hook '/home/robomango/workspace/microros_ws/install/micro_ros_setup/share/micro_ros_setup/hook/cmake_prefix_path.sh'
[4.509s] DEBUG:colcon.colcon_core.event_handler.log_command:Invoked command in '/home/robomango/workspace/microros_ws/build/micro_ros_setup' returned '0': CMAKE_PREFIX_PATH=${CMAKE_PREFIX_PATH}:/opt/ros/jazzy DEBUGINFOD_URLS=https://debuginfod.ubuntu.com /usr/bin/cmake --install /home/robomango/workspace/microros_ws/build/micro_ros_setup
[4.509s] Level 1:colcon.colcon_core.environment:checking '/home/robomango/workspace/microros_ws/install/micro_ros_setup/lib'
[4.510s] Level 1:colcon.colcon_core.environment:checking '/home/robomango/workspace/microros_ws/install/micro_ros_setup/bin'
[4.510s] Level 1:colcon.colcon_core.environment:checking '/home/robomango/workspace/microros_ws/install/micro_ros_setup/lib/pkgconfig/micro_ros_setup.pc'
[4.510s] Level 1:colcon.colcon_core.environment:checking '/home/robomango/workspace/microros_ws/install/micro_ros_setup/lib/python3.12/site-packages'
[4.510s] Level 1:colcon.colcon_core.environment:checking '/home/robomango/workspace/microros_ws/install/micro_ros_setup/bin'
[4.510s] INFO:colcon.colcon_core.shell:Creating package script '/home/robomango/workspace/microros_ws/install/micro_ros_setup/share/micro_ros_setup/package.ps1'
[4.511s] INFO:colcon.colcon_core.shell:Creating package descriptor '/home/robomango/workspace/microros_ws/install/micro_ros_setup/share/micro_ros_setup/package.dsv'
[4.514s] INFO:colcon.colcon_core.shell:Creating package script '/home/robomango/workspace/microros_ws/install/micro_ros_setup/share/micro_ros_setup/package.sh'
[4.516s] INFO:colcon.colcon_core.shell:Creating package script '/home/robomango/workspace/microros_ws/install/micro_ros_setup/share/micro_ros_setup/package.bash'
[4.516s] INFO:colcon.colcon_core.shell:Creating package script '/home/robomango/workspace/microros_ws/install/micro_ros_setup/share/micro_ros_setup/package.zsh'
[4.517s] Level 1:colcon.colcon_core.environment:create_file_with_runtime_dependencies(/home/robomango/workspace/microros_ws/install/micro_ros_setup/share/colcon-core/packages/micro_ros_setup)
[4.518s] Level 1:colcon.colcon_core.environment:create_environment_scripts_only(micro_ros_setup)
[4.518s] Level 1:colcon.colcon_core.environment:checking '/home/robomango/workspace/microros_ws/install/micro_ros_setup' for CMake module files
[4.519s] Level 1:colcon.colcon_core.environment:checking '/home/robomango/workspace/microros_ws/install/micro_ros_setup' for CMake config files
[4.522s] Level 1:colcon.colcon_core.shell:create_environment_hook('micro_ros_setup', 'cmake_prefix_path')
[4.522s] INFO:colcon.colcon_core.shell:Creating environment hook '/home/robomango/workspace/microros_ws/install/micro_ros_setup/share/micro_ros_setup/hook/cmake_prefix_path.ps1'
[4.522s] INFO:colcon.colcon_core.shell:Creating environment descriptor '/home/robomango/workspace/microros_ws/install/micro_ros_setup/share/micro_ros_setup/hook/cmake_prefix_path.dsv'
[4.523s] INFO:colcon.colcon_core.shell:Creating environment hook '/home/robomango/workspace/microros_ws/install/micro_ros_setup/share/micro_ros_setup/hook/cmake_prefix_path.sh'
[4.525s] Level 1:colcon.colcon_core.environment:checking '/home/robomango/workspace/microros_ws/install/micro_ros_setup/lib'
[4.525s] Level 1:colcon.colcon_core.environment:checking '/home/robomango/workspace/microros_ws/install/micro_ros_setup/bin'
[4.526s] Level 1:colcon.colcon_core.environment:checking '/home/robomango/workspace/microros_ws/install/micro_ros_setup/lib/pkgconfig/micro_ros_setup.pc'
[4.526s] Level 1:colcon.colcon_core.environment:checking '/home/robomango/workspace/microros_ws/install/micro_ros_setup/lib/python3.12/site-packages'
[4.526s] Level 1:colcon.colcon_core.environment:checking '/home/robomango/workspace/microros_ws/install/micro_ros_setup/bin'
[4.526s] INFO:colcon.colcon_core.shell:Creating package script '/home/robomango/workspace/microros_ws/install/micro_ros_setup/share/micro_ros_setup/package.ps1'
[4.527s] INFO:colcon.colcon_core.shell:Creating package descriptor '/home/robomango/workspace/microros_ws/install/micro_ros_setup/share/micro_ros_setup/package.dsv'
[4.528s] INFO:colcon.colcon_core.shell:Creating package script '/home/robomango/workspace/microros_ws/install/micro_ros_setup/share/micro_ros_setup/package.sh'
[4.528s] INFO:colcon.colcon_core.shell:Creating package script '/home/robomango/workspace/microros_ws/install/micro_ros_setup/share/micro_ros_setup/package.bash'
[4.529s] INFO:colcon.colcon_core.shell:Creating package script '/home/robomango/workspace/microros_ws/install/micro_ros_setup/share/micro_ros_setup/package.zsh'
[4.529s] Level 1:colcon.colcon_core.environment:create_file_with_runtime_dependencies(/home/robomango/workspace/microros_ws/install/micro_ros_setup/share/colcon-core/packages/micro_ros_setup)
[4.530s] INFO:colcon.colcon_ros.task.ament_cmake.build:Building ROS package in '/home/robomango/workspace/microros_ws/src/uros/micro-ROS-Agent/micro_ros_agent' with build type 'ament_cmake'
[4.530s] INFO:colcon.colcon_cmake.task.cmake.build:Building CMake package in '/home/robomango/workspace/microros_ws/src/uros/micro-ROS-Agent/micro_ros_agent'
[4.530s] INFO:colcon.colcon_core.shell:Skip shell extension 'powershell' for command environment: Not usable outside of PowerShell
[4.530s] DEBUG:colcon.colcon_core.shell:Skip shell extension 'dsv' for command environment
[4.552s] DEBUG:colcon.colcon_core.event_handler.log_command:Invoking command in '/home/robomango/workspace/microros_ws/build/micro_ros_agent': AMENT_PREFIX_PATH=/home/robomango/workspace/microros_ws/install/micro_ros_msgs:${AMENT_PREFIX_PATH} CMAKE_PREFIX_PATH=/home/robomango/workspace/microros_ws/install/micro_ros_msgs:/home/robomango/workspace/microros_ws/install/micro_ros_setup:/home/robomango/microros_ws/install/micro_ros_setup:/home/robomango/microros_ws/install/micro_ros_agent:/home/robomango/microros_ws/install/micro_ros_msgs:/home/robomango/microros_ws/install/drive_base_msgs:/opt/ros/jazzy/opt/gz_math_vendor:/opt/ros/jazzy/opt/gz_utils_vendor:/opt/ros/jazzy/opt/gz_cmake_vendor:/opt/ros/jazzy DEBUGINFOD_URLS=https://debuginfod.ubuntu.com LD_LIBRARY_PATH=/home/robomango/workspace/microros_ws/install/micro_ros_msgs/lib:${LD_LIBRARY_PATH} PYTHONPATH=/home/robomango/workspace/microros_ws/install/micro_ros_msgs/lib/python3.12/site-packages:${PYTHONPATH} /usr/bin/cmake /home/robomango/workspace/microros_ws/src/uros/micro-ROS-Agent/micro_ros_agent -DCMAKE_INSTALL_PREFIX=/home/robomango/workspace/microros_ws/install/micro_ros_agent
[5.628s] DEBUG:colcon.colcon_core.event_handler.log_command:Invoked command in '/home/robomango/workspace/microros_ws/build/micro_ros_agent' returned '0': AMENT_PREFIX_PATH=/home/robomango/workspace/microros_ws/install/micro_ros_msgs:${AMENT_PREFIX_PATH} CMAKE_PREFIX_PATH=/home/robomango/workspace/microros_ws/install/micro_ros_msgs:/home/robomango/workspace/microros_ws/install/micro_ros_setup:/home/robomango/microros_ws/install/micro_ros_setup:/home/robomango/microros_ws/install/micro_ros_agent:/home/robomango/microros_ws/install/micro_ros_msgs:/home/robomango/microros_ws/install/drive_base_msgs:/opt/ros/jazzy/opt/gz_math_vendor:/opt/ros/jazzy/opt/gz_utils_vendor:/opt/ros/jazzy/opt/gz_cmake_vendor:/opt/ros/jazzy DEBUGINFOD_URLS=https://debuginfod.ubuntu.com LD_LIBRARY_PATH=/home/robomango/workspace/microros_ws/install/micro_ros_msgs/lib:${LD_LIBRARY_PATH} PYTHONPATH=/home/robomango/workspace/microros_ws/install/micro_ros_msgs/lib/python3.12/site-packages:${PYTHONPATH} /usr/bin/cmake /home/robomango/workspace/microros_ws/src/uros/micro-ROS-Agent/micro_ros_agent -DCMAKE_INSTALL_PREFIX=/home/robomango/workspace/microros_ws/install/micro_ros_agent
[5.628s] DEBUG:colcon.colcon_core.event_handler.log_command:Invoking command in '/home/robomango/workspace/microros_ws/build/micro_ros_agent': AMENT_PREFIX_PATH=/home/robomango/workspace/microros_ws/install/micro_ros_msgs:${AMENT_PREFIX_PATH} CMAKE_PREFIX_PATH=/home/robomango/workspace/microros_ws/install/micro_ros_msgs:/home/robomango/workspace/microros_ws/install/micro_ros_setup:/home/robomango/microros_ws/install/micro_ros_setup:/home/robomango/microros_ws/install/micro_ros_agent:/home/robomango/microros_ws/install/micro_ros_msgs:/home/robomango/microros_ws/install/drive_base_msgs:/opt/ros/jazzy/opt/gz_math_vendor:/opt/ros/jazzy/opt/gz_utils_vendor:/opt/ros/jazzy/opt/gz_cmake_vendor:/opt/ros/jazzy DEBUGINFOD_URLS=https://debuginfod.ubuntu.com LD_LIBRARY_PATH=/home/robomango/workspace/microros_ws/install/micro_ros_msgs/lib:${LD_LIBRARY_PATH} PYTHONPATH=/home/robomango/workspace/microros_ws/install/micro_ros_msgs/lib/python3.12/site-packages:${PYTHONPATH} /usr/bin/cmake --build /home/robomango/workspace/microros_ws/build/micro_ros_agent -- -j2 -l2
[5.803s] DEBUG:colcon.colcon_core.event_handler.log_command:Invoked command in '/home/robomango/workspace/microros_ws/build/micro_ros_agent' returned '0': AMENT_PREFIX_PATH=/home/robomango/workspace/microros_ws/install/micro_ros_msgs:${AMENT_PREFIX_PATH} CMAKE_PREFIX_PATH=/home/robomango/workspace/microros_ws/install/micro_ros_msgs:/home/robomango/workspace/microros_ws/install/micro_ros_setup:/home/robomango/microros_ws/install/micro_ros_setup:/home/robomango/microros_ws/install/micro_ros_agent:/home/robomango/microros_ws/install/micro_ros_msgs:/home/robomango/microros_ws/install/drive_base_msgs:/opt/ros/jazzy/opt/gz_math_vendor:/opt/ros/jazzy/opt/gz_utils_vendor:/opt/ros/jazzy/opt/gz_cmake_vendor:/opt/ros/jazzy DEBUGINFOD_URLS=https://debuginfod.ubuntu.com LD_LIBRARY_PATH=/home/robomango/workspace/microros_ws/install/micro_ros_msgs/lib:${LD_LIBRARY_PATH} PYTHONPATH=/home/robomango/workspace/microros_ws/install/micro_ros_msgs/lib/python3.12/site-packages:${PYTHONPATH} /usr/bin/cmake --build /home/robomango/workspace/microros_ws/build/micro_ros_agent -- -j2 -l2
[5.803s] DEBUG:colcon.colcon_core.event_handler.log_command:Invoking command in '/home/robomango/workspace/microros_ws/build/micro_ros_agent': AMENT_PREFIX_PATH=/home/robomango/workspace/microros_ws/install/micro_ros_msgs:${AMENT_PREFIX_PATH} CMAKE_PREFIX_PATH=/home/robomango/workspace/microros_ws/install/micro_ros_msgs:/home/robomango/workspace/microros_ws/install/micro_ros_setup:/home/robomango/microros_ws/install/micro_ros_setup:/home/robomango/microros_ws/install/micro_ros_agent:/home/robomango/microros_ws/install/micro_ros_msgs:/home/robomango/microros_ws/install/drive_base_msgs:/opt/ros/jazzy/opt/gz_math_vendor:/opt/ros/jazzy/opt/gz_utils_vendor:/opt/ros/jazzy/opt/gz_cmake_vendor:/opt/ros/jazzy DEBUGINFOD_URLS=https://debuginfod.ubuntu.com LD_LIBRARY_PATH=/home/robomango/workspace/microros_ws/install/micro_ros_msgs/lib:${LD_LIBRARY_PATH} PYTHONPATH=/home/robomango/workspace/microros_ws/install/micro_ros_msgs/lib/python3.12/site-packages:${PYTHONPATH} /usr/bin/cmake --install /home/robomango/workspace/microros_ws/build/micro_ros_agent
[5.826s] Level 1:colcon.colcon_core.environment:create_environment_scripts_only(micro_ros_agent)
[5.826s] Level 1:colcon.colcon_core.environment:checking '/home/robomango/workspace/microros_ws/install/micro_ros_agent' for CMake module files
[5.827s] Level 1:colcon.colcon_core.environment:checking '/home/robomango/workspace/microros_ws/install/micro_ros_agent' for CMake config files
[5.828s] Level 1:colcon.colcon_core.shell:create_environment_hook('micro_ros_agent', 'cmake_prefix_path')
[5.828s] INFO:colcon.colcon_core.shell:Creating environment hook '/home/robomango/workspace/microros_ws/install/micro_ros_agent/share/micro_ros_agent/hook/cmake_prefix_path.ps1'
[5.827s] DEBUG:colcon.colcon_core.event_handler.log_command:Invoked command in '/home/robomango/workspace/microros_ws/build/micro_ros_agent' returned '0': AMENT_PREFIX_PATH=/home/robomango/workspace/microros_ws/install/micro_ros_msgs:${AMENT_PREFIX_PATH} CMAKE_PREFIX_PATH=/home/robomango/workspace/microros_ws/install/micro_ros_msgs:/home/robomango/workspace/microros_ws/install/micro_ros_setup:/home/robomango/microros_ws/install/micro_ros_setup:/home/robomango/microros_ws/install/micro_ros_agent:/home/robomango/microros_ws/install/micro_ros_msgs:/home/robomango/microros_ws/install/drive_base_msgs:/opt/ros/jazzy/opt/gz_math_vendor:/opt/ros/jazzy/opt/gz_utils_vendor:/opt/ros/jazzy/opt/gz_cmake_vendor:/opt/ros/jazzy DEBUGINFOD_URLS=https://debuginfod.ubuntu.com LD_LIBRARY_PATH=/home/robomango/workspace/microros_ws/install/micro_ros_msgs/lib:${LD_LIBRARY_PATH} PYTHONPATH=/home/robomango/workspace/microros_ws/install/micro_ros_msgs/lib/python3.12/site-packages:${PYTHONPATH} /usr/bin/cmake --install /home/robomango/workspace/microros_ws/build/micro_ros_agent
[5.828s] INFO:colcon.colcon_core.shell:Creating environment descriptor '/home/robomango/workspace/microros_ws/install/micro_ros_agent/share/micro_ros_agent/hook/cmake_prefix_path.dsv'
[5.832s] INFO:colcon.colcon_core.shell:Creating environment hook '/home/robomango/workspace/microros_ws/install/micro_ros_agent/share/micro_ros_agent/hook/cmake_prefix_path.sh'
[5.834s] Level 1:colcon.colcon_core.environment:checking '/home/robomango/workspace/microros_ws/install/micro_ros_agent/lib'
[5.834s] Level 1:colcon.colcon_core.shell:create_environment_hook('micro_ros_agent', 'ld_library_path_lib')
[5.834s] INFO:colcon.colcon_core.shell:Creating environment hook '/home/robomango/workspace/microros_ws/install/micro_ros_agent/share/micro_ros_agent/hook/ld_library_path_lib.ps1'
[5.835s] INFO:colcon.colcon_core.shell:Creating environment descriptor '/home/robomango/workspace/microros_ws/install/micro_ros_agent/share/micro_ros_agent/hook/ld_library_path_lib.dsv'
[5.836s] INFO:colcon.colcon_core.shell:Creating environment hook '/home/robomango/workspace/microros_ws/install/micro_ros_agent/share/micro_ros_agent/hook/ld_library_path_lib.sh'
[5.836s] Level 1:colcon.colcon_core.environment:checking '/home/robomango/workspace/microros_ws/install/micro_ros_agent/bin'
[5.836s] Level 1:colcon.colcon_core.environment:checking '/home/robomango/workspace/microros_ws/install/micro_ros_agent/lib/pkgconfig/micro_ros_agent.pc'
[5.837s] Level 1:colcon.colcon_core.environment:checking '/home/robomango/workspace/microros_ws/install/micro_ros_agent/lib/python3.12/site-packages'
[5.837s] Level 1:colcon.colcon_core.environment:checking '/home/robomango/workspace/microros_ws/install/micro_ros_agent/bin'
[5.837s] INFO:colcon.colcon_core.shell:Creating package script '/home/robomango/workspace/microros_ws/install/micro_ros_agent/share/micro_ros_agent/package.ps1'
[5.838s] INFO:colcon.colcon_core.shell:Creating package descriptor '/home/robomango/workspace/microros_ws/install/micro_ros_agent/share/micro_ros_agent/package.dsv'
[5.839s] INFO:colcon.colcon_core.shell:Creating package script '/home/robomango/workspace/microros_ws/install/micro_ros_agent/share/micro_ros_agent/package.sh'
[5.839s] INFO:colcon.colcon_core.shell:Creating package script '/home/robomango/workspace/microros_ws/install/micro_ros_agent/share/micro_ros_agent/package.bash'
[5.840s] INFO:colcon.colcon_core.shell:Creating package script '/home/robomango/workspace/microros_ws/install/micro_ros_agent/share/micro_ros_agent/package.zsh'
[5.840s] Level 1:colcon.colcon_core.environment:create_file_with_runtime_dependencies(/home/robomango/workspace/microros_ws/install/micro_ros_agent/share/colcon-core/packages/micro_ros_agent)
[5.841s] Level 1:colcon.colcon_core.environment:create_environment_scripts_only(micro_ros_agent)
[5.841s] Level 1:colcon.colcon_core.environment:checking '/home/robomango/workspace/microros_ws/install/micro_ros_agent' for CMake module files
[5.842s] Level 1:colcon.colcon_core.environment:checking '/home/robomango/workspace/microros_ws/install/micro_ros_agent' for CMake config files
[5.842s] Level 1:colcon.colcon_core.shell:create_environment_hook('micro_ros_agent', 'cmake_prefix_path')
[5.842s] INFO:colcon.colcon_core.shell:Creating environment hook '/home/robomango/workspace/microros_ws/install/micro_ros_agent/share/micro_ros_agent/hook/cmake_prefix_path.ps1'
[5.843s] INFO:colcon.colcon_core.shell:Creating environment descriptor '/home/robomango/workspace/microros_ws/install/micro_ros_agent/share/micro_ros_agent/hook/cmake_prefix_path.dsv'
[5.843s] INFO:colcon.colcon_core.shell:Creating environment hook '/home/robomango/workspace/microros_ws/install/micro_ros_agent/share/micro_ros_agent/hook/cmake_prefix_path.sh'
[5.844s] Level 1:colcon.colcon_core.environment:checking '/home/robomango/workspace/microros_ws/install/micro_ros_agent/lib'
[5.844s] Level 1:colcon.colcon_core.shell:create_environment_hook('micro_ros_agent', 'ld_library_path_lib')
[5.844s] INFO:colcon.colcon_core.shell:Creating environment hook '/home/robomango/workspace/microros_ws/install/micro_ros_agent/share/micro_ros_agent/hook/ld_library_path_lib.ps1'
[5.845s] INFO:colcon.colcon_core.shell:Creating environment descriptor '/home/robomango/workspace/microros_ws/install/micro_ros_agent/share/micro_ros_agent/hook/ld_library_path_lib.dsv'
[5.845s] INFO:colcon.colcon_core.shell:Creating environment hook '/home/robomango/workspace/microros_ws/install/micro_ros_agent/share/micro_ros_agent/hook/ld_library_path_lib.sh'
[5.846s] Level 1:colcon.colcon_core.environment:checking '/home/robomango/workspace/microros_ws/install/micro_ros_agent/bin'
[5.846s] Level 1:colcon.colcon_core.environment:checking '/home/robomango/workspace/microros_ws/install/micro_ros_agent/lib/pkgconfig/micro_ros_agent.pc'
[5.846s] Level 1:colcon.colcon_core.environment:checking '/home/robomango/workspace/microros_ws/install/micro_ros_agent/lib/python3.12/site-packages'
[5.846s] Level 1:colcon.colcon_core.environment:checking '/home/robomango/workspace/microros_ws/install/micro_ros_agent/bin'
[5.847s] INFO:colcon.colcon_core.shell:Creating package script '/home/robomango/workspace/microros_ws/install/micro_ros_agent/share/micro_ros_agent/package.ps1'
[5.847s] INFO:colcon.colcon_core.shell:Creating package descriptor '/home/robomango/workspace/microros_ws/install/micro_ros_agent/share/micro_ros_agent/package.dsv'
[5.848s] INFO:colcon.colcon_core.shell:Creating package script '/home/robomango/workspace/microros_ws/install/micro_ros_agent/share/micro_ros_agent/package.sh'
[5.849s] INFO:colcon.colcon_core.shell:Creating package script '/home/robomango/workspace/microros_ws/install/micro_ros_agent/share/micro_ros_agent/package.bash'
[5.850s] INFO:colcon.colcon_core.shell:Creating package script '/home/robomango/workspace/microros_ws/install/micro_ros_agent/share/micro_ros_agent/package.zsh'
[5.850s] Level 1:colcon.colcon_core.environment:create_file_with_runtime_dependencies(/home/robomango/workspace/microros_ws/install/micro_ros_agent/share/colcon-core/packages/micro_ros_agent)
[6.932s] DEBUG:colcon.colcon_core.event_handler.log_command:Invoked command in '/home/robomango/workspace/microros_ws/build/drive_base_msgs' returned '0': CMAKE_PREFIX_PATH=${CMAKE_PREFIX_PATH}:/opt/ros/jazzy DEBUGINFOD_URLS=https://debuginfod.ubuntu.com /usr/bin/cmake /home/robomango/workspace/microros_ws/src/uros/drive_base/drive_base_msgs -DCMAKE_INSTALL_PREFIX=/home/robomango/workspace/microros_ws/install/drive_base_msgs
[6.934s] DEBUG:colcon.colcon_core.event_handler.log_command:Invoking command in '/home/robomango/workspace/microros_ws/build/drive_base_msgs': CMAKE_PREFIX_PATH=${CMAKE_PREFIX_PATH}:/opt/ros/jazzy DEBUGINFOD_URLS=https://debuginfod.ubuntu.com /usr/bin/cmake --build /home/robomango/workspace/microros_ws/build/drive_base_msgs -- -j2 -l2
[30.317s] DEBUG:colcon.colcon_core.event_handler.log_command:Invoked command in '/home/robomango/workspace/microros_ws/build/drive_base_msgs' returned '0': CMAKE_PREFIX_PATH=${CMAKE_PREFIX_PATH}:/opt/ros/jazzy DEBUGINFOD_URLS=https://debuginfod.ubuntu.com /usr/bin/cmake --build /home/robomango/workspace/microros_ws/build/drive_base_msgs -- -j2 -l2
[30.318s] DEBUG:colcon.colcon_core.event_handler.log_command:Invoking command in '/home/robomango/workspace/microros_ws/build/drive_base_msgs': CMAKE_PREFIX_PATH=${CMAKE_PREFIX_PATH}:/opt/ros/jazzy DEBUGINFOD_URLS=https://debuginfod.ubuntu.com /usr/bin/cmake --install /home/robomango/workspace/microros_ws/build/drive_base_msgs
[30.469s] Level 1:colcon.colcon_core.environment:create_environment_scripts_only(drive_base_msgs)
[30.469s] Level 1:colcon.colcon_core.environment:checking '/home/robomango/workspace/microros_ws/install/drive_base_msgs' for CMake module files
[30.472s] Level 1:colcon.colcon_core.environment:checking '/home/robomango/workspace/microros_ws/install/drive_base_msgs' for CMake config files
[30.473s] DEBUG:colcon.colcon_core.event_handler.log_command:Invoked command in '/home/robomango/workspace/microros_ws/build/drive_base_msgs' returned '0': CMAKE_PREFIX_PATH=${CMAKE_PREFIX_PATH}:/opt/ros/jazzy DEBUGINFOD_URLS=https://debuginfod.ubuntu.com /usr/bin/cmake --install /home/robomango/workspace/microros_ws/build/drive_base_msgs
[30.473s] Level 1:colcon.colcon_core.shell:create_environment_hook('drive_base_msgs', 'cmake_prefix_path')
[30.473s] INFO:colcon.colcon_core.shell:Creating environment hook '/home/robomango/workspace/microros_ws/install/drive_base_msgs/share/drive_base_msgs/hook/cmake_prefix_path.ps1'
[30.475s] INFO:colcon.colcon_core.shell:Creating environment descriptor '/home/robomango/workspace/microros_ws/install/drive_base_msgs/share/drive_base_msgs/hook/cmake_prefix_path.dsv'
[30.475s] INFO:colcon.colcon_core.shell:Creating environment hook '/home/robomango/workspace/microros_ws/install/drive_base_msgs/share/drive_base_msgs/hook/cmake_prefix_path.sh'
[30.477s] Level 1:colcon.colcon_core.environment:checking '/home/robomango/workspace/microros_ws/install/drive_base_msgs/lib'
[30.478s] Level 1:colcon.colcon_core.shell:create_environment_hook('drive_base_msgs', 'ld_library_path_lib')
[30.478s] INFO:colcon.colcon_core.shell:Creating environment hook '/home/robomango/workspace/microros_ws/install/drive_base_msgs/share/drive_base_msgs/hook/ld_library_path_lib.ps1'
[30.478s] INFO:colcon.colcon_core.shell:Creating environment descriptor '/home/robomango/workspace/microros_ws/install/drive_base_msgs/share/drive_base_msgs/hook/ld_library_path_lib.dsv'
[30.479s] INFO:colcon.colcon_core.shell:Creating environment hook '/home/robomango/workspace/microros_ws/install/drive_base_msgs/share/drive_base_msgs/hook/ld_library_path_lib.sh'
[30.480s] Level 1:colcon.colcon_core.environment:checking '/home/robomango/workspace/microros_ws/install/drive_base_msgs/bin'
[30.480s] Level 1:colcon.colcon_core.environment:checking '/home/robomango/workspace/microros_ws/install/drive_base_msgs/lib/pkgconfig/drive_base_msgs.pc'
[30.480s] Level 1:colcon.colcon_core.environment:checking '/home/robomango/workspace/microros_ws/install/drive_base_msgs/lib/python3.12/site-packages'
[30.480s] Level 1:colcon.colcon_core.shell:create_environment_hook('drive_base_msgs', 'pythonpath')
[30.481s] INFO:colcon.colcon_core.shell:Creating environment hook '/home/robomango/workspace/microros_ws/install/drive_base_msgs/share/drive_base_msgs/hook/pythonpath.ps1'
[30.481s] INFO:colcon.colcon_core.shell:Creating environment descriptor '/home/robomango/workspace/microros_ws/install/drive_base_msgs/share/drive_base_msgs/hook/pythonpath.dsv'
[30.481s] INFO:colcon.colcon_core.shell:Creating environment hook '/home/robomango/workspace/microros_ws/install/drive_base_msgs/share/drive_base_msgs/hook/pythonpath.sh'
[30.482s] Level 1:colcon.colcon_core.environment:checking '/home/robomango/workspace/microros_ws/install/drive_base_msgs/bin'
[30.482s] INFO:colcon.colcon_core.shell:Creating package script '/home/robomango/workspace/microros_ws/install/drive_base_msgs/share/drive_base_msgs/package.ps1'
[30.483s] INFO:colcon.colcon_core.shell:Creating package descriptor '/home/robomango/workspace/microros_ws/install/drive_base_msgs/share/drive_base_msgs/package.dsv'
[30.484s] INFO:colcon.colcon_core.shell:Creating package script '/home/robomango/workspace/microros_ws/install/drive_base_msgs/share/drive_base_msgs/package.sh'
[30.484s] INFO:colcon.colcon_core.shell:Creating package script '/home/robomango/workspace/microros_ws/install/drive_base_msgs/share/drive_base_msgs/package.bash'
[30.485s] INFO:colcon.colcon_core.shell:Creating package script '/home/robomango/workspace/microros_ws/install/drive_base_msgs/share/drive_base_msgs/package.zsh'
[30.485s] Level 1:colcon.colcon_core.environment:create_file_with_runtime_dependencies(/home/robomango/workspace/microros_ws/install/drive_base_msgs/share/colcon-core/packages/drive_base_msgs)
[30.486s] Level 1:colcon.colcon_core.environment:create_environment_scripts_only(drive_base_msgs)
[30.486s] Level 1:colcon.colcon_core.environment:checking '/home/robomango/workspace/microros_ws/install/drive_base_msgs' for CMake module files
[30.487s] Level 1:colcon.colcon_core.environment:checking '/home/robomango/workspace/microros_ws/install/drive_base_msgs' for CMake config files
[30.487s] Level 1:colcon.colcon_core.shell:create_environment_hook('drive_base_msgs', 'cmake_prefix_path')
[30.487s] INFO:colcon.colcon_core.shell:Creating environment hook '/home/robomango/workspace/microros_ws/install/drive_base_msgs/share/drive_base_msgs/hook/cmake_prefix_path.ps1'
[30.488s] INFO:colcon.colcon_core.shell:Creating environment descriptor '/home/robomango/workspace/microros_ws/install/drive_base_msgs/share/drive_base_msgs/hook/cmake_prefix_path.dsv'
[30.488s] INFO:colcon.colcon_core.shell:Creating environment hook '/home/robomango/workspace/microros_ws/install/drive_base_msgs/share/drive_base_msgs/hook/cmake_prefix_path.sh'
[30.489s] Level 1:colcon.colcon_core.environment:checking '/home/robomango/workspace/microros_ws/install/drive_base_msgs/lib'
[30.489s] Level 1:colcon.colcon_core.shell:create_environment_hook('drive_base_msgs', 'ld_library_path_lib')
[30.489s] INFO:colcon.colcon_core.shell:Creating environment hook '/home/robomango/workspace/microros_ws/install/drive_base_msgs/share/drive_base_msgs/hook/ld_library_path_lib.ps1'
[30.489s] INFO:colcon.colcon_core.shell:Creating environment descriptor '/home/robomango/workspace/microros_ws/install/drive_base_msgs/share/drive_base_msgs/hook/ld_library_path_lib.dsv'
[30.490s] INFO:colcon.colcon_core.shell:Creating environment hook '/home/robomango/workspace/microros_ws/install/drive_base_msgs/share/drive_base_msgs/hook/ld_library_path_lib.sh'
[30.490s] Level 1:colcon.colcon_core.environment:checking '/home/robomango/workspace/microros_ws/install/drive_base_msgs/bin'
[30.490s] Level 1:colcon.colcon_core.environment:checking '/home/robomango/workspace/microros_ws/install/drive_base_msgs/lib/pkgconfig/drive_base_msgs.pc'
[30.491s] Level 1:colcon.colcon_core.environment:checking '/home/robomango/workspace/microros_ws/install/drive_base_msgs/lib/python3.12/site-packages'
[30.491s] Level 1:colcon.colcon_core.shell:create_environment_hook('drive_base_msgs', 'pythonpath')
[30.491s] INFO:colcon.colcon_core.shell:Creating environment hook '/home/robomango/workspace/microros_ws/install/drive_base_msgs/share/drive_base_msgs/hook/pythonpath.ps1'
[30.491s] INFO:colcon.colcon_core.shell:Creating environment descriptor '/home/robomango/workspace/microros_ws/install/drive_base_msgs/share/drive_base_msgs/hook/pythonpath.dsv'
[30.493s] INFO:colcon.colcon_core.shell:Creating environment hook '/home/robomango/workspace/microros_ws/install/drive_base_msgs/share/drive_base_msgs/hook/pythonpath.sh'
[30.494s] Level 1:colcon.colcon_core.environment:checking '/home/robomango/workspace/microros_ws/install/drive_base_msgs/bin'
[30.494s] INFO:colcon.colcon_core.shell:Creating package script '/home/robomango/workspace/microros_ws/install/drive_base_msgs/share/drive_base_msgs/package.ps1'
[30.495s] INFO:colcon.colcon_core.shell:Creating package descriptor '/home/robomango/workspace/microros_ws/install/drive_base_msgs/share/drive_base_msgs/package.dsv'
[30.496s] INFO:colcon.colcon_core.shell:Creating package script '/home/robomango/workspace/microros_ws/install/drive_base_msgs/share/drive_base_msgs/package.sh'
[30.496s] INFO:colcon.colcon_core.shell:Creating package script '/home/robomango/workspace/microros_ws/install/drive_base_msgs/share/drive_base_msgs/package.bash'
[30.498s] INFO:colcon.colcon_core.shell:Creating package script '/home/robomango/workspace/microros_ws/install/drive_base_msgs/share/drive_base_msgs/package.zsh'
[30.498s] Level 1:colcon.colcon_core.environment:create_file_with_runtime_dependencies(/home/robomango/workspace/microros_ws/install/drive_base_msgs/share/colcon-core/packages/drive_base_msgs)
[30.499s] DEBUG:colcon.colcon_parallel_executor.executor.parallel:closing loop
[30.499s] DEBUG:colcon.colcon_parallel_executor.executor.parallel:loop closed
[30.499s] DEBUG:colcon.colcon_parallel_executor.executor.parallel:run_until_complete finished with '0'
[30.499s] DEBUG:colcon.colcon_core.event_reactor:joining thread
[30.506s] INFO:colcon.colcon_core.plugin_system:Skipping extension 'colcon_notification.desktop_notification.terminal_notifier': Not used on non-Darwin systems
[30.506s] INFO:colcon.colcon_core.plugin_system:Skipping extension 'colcon_notification.desktop_notification.win32': Not used on non-Windows systems
[30.506s] INFO:colcon.colcon_notification.desktop_notification:Sending desktop notification using 'notify2'
[30.533s] DEBUG:colcon.colcon_core.event_reactor:joined thread
[30.533s] INFO:colcon.colcon_core.shell:Creating prefix script '/home/robomango/workspace/microros_ws/install/local_setup.ps1'
[30.534s] INFO:colcon.colcon_core.shell:Creating prefix util module '/home/robomango/workspace/microros_ws/install/_local_setup_util_ps1.py'
[30.536s] INFO:colcon.colcon_core.shell:Creating prefix chain script '/home/robomango/workspace/microros_ws/install/setup.ps1'
[30.537s] INFO:colcon.colcon_core.shell:Creating prefix script '/home/robomango/workspace/microros_ws/install/local_setup.sh'
[30.538s] INFO:colcon.colcon_core.shell:Creating prefix util module '/home/robomango/workspace/microros_ws/install/_local_setup_util_sh.py'
[30.539s] INFO:colcon.colcon_core.shell:Creating prefix chain script '/home/robomango/workspace/microros_ws/install/setup.sh'
[30.541s] INFO:colcon.colcon_core.shell:Creating prefix script '/home/robomango/workspace/microros_ws/install/local_setup.bash'
[30.541s] INFO:colcon.colcon_core.shell:Creating prefix chain script '/home/robomango/workspace/microros_ws/install/setup.bash'
[30.543s] INFO:colcon.colcon_core.shell:Creating prefix script '/home/robomango/workspace/microros_ws/install/local_setup.zsh'
[30.544s] INFO:colcon.colcon_core.shell:Creating prefix chain script '/home/robomango/workspace/microros_ws/install/setup.zsh'
