[0.029s] Invoking command in '/home/robomango/workspace/microros_ws/build/micro_ros_setup': CMAKE_PREFIX_PATH=${CMAKE_PREFIX_PATH}:/opt/ros/jazzy DEBUGINFOD_URLS=https://debuginfod.ubuntu.com /usr/bin/cmake /home/robomango/workspace/microros_ws/src/micro_ros_setup -DCMAKE_INSTALL_PREFIX=/home/robomango/workspace/microros_ws/install/micro_ros_setup
[0.308s] -- The C compiler identification is GNU 13.3.0
[0.500s] -- The CXX compiler identification is GNU 13.3.0
[0.534s] -- Detecting C compiler ABI info
[0.685s] -- Detecting C compiler ABI info - done
[0.703s] -- Check for working C compiler: /usr/bin/cc - skipped
[0.707s] -- Detecting C compile features
[0.709s] -- Detecting C compile features - done
[0.723s] -- Detecting CXX compiler ABI info
[0.882s] -- Detecting CXX compiler ABI info - done
[0.899s] -- Check for working CXX compiler: /usr/bin/c++ - skipped
[0.899s] -- Detecting CXX compile features
[0.900s] -- Detecting CXX compile features - done
[0.922s] -- Found ament_cmake: 2.5.3 (/opt/ros/jazzy/share/ament_cmake/cmake)
[1.161s] -- Found Python3: /usr/bin/python3 (found version "3.12.3") found components: Interpreter 
[1.359s] -- Found ament_lint_auto: 0.17.2 (/opt/ros/jazzy/share/ament_lint_auto/cmake)
[1.510s] -- Configuring done (1.4s)
[1.514s] -- Generating done (0.0s)
[1.517s] -- Build files have been written to: /home/robomango/workspace/microros_ws/build/micro_ros_setup
[1.525s] Invoked command in '/home/robomango/workspace/microros_ws/build/micro_ros_setup' returned '0': CMAKE_PREFIX_PATH=${CMAKE_PREFIX_PATH}:/opt/ros/jazzy DEBUGINFOD_URLS=https://debuginfod.ubuntu.com /usr/bin/cmake /home/robomango/workspace/microros_ws/src/micro_ros_setup -DCMAKE_INSTALL_PREFIX=/home/robomango/workspace/microros_ws/install/micro_ros_setup
[1.527s] Invoking command in '/home/robomango/workspace/microros_ws/build/micro_ros_setup': CMAKE_PREFIX_PATH=${CMAKE_PREFIX_PATH}:/opt/ros/jazzy DEBUGINFOD_URLS=https://debuginfod.ubuntu.com /usr/bin/cmake --build /home/robomango/workspace/microros_ws/build/micro_ros_setup -- -j2 -l2
[1.583s] Invoked command in '/home/robomango/workspace/microros_ws/build/micro_ros_setup' returned '0': CMAKE_PREFIX_PATH=${CMAKE_PREFIX_PATH}:/opt/ros/jazzy DEBUGINFOD_URLS=https://debuginfod.ubuntu.com /usr/bin/cmake --build /home/robomango/workspace/microros_ws/build/micro_ros_setup -- -j2 -l2
[1.597s] Invoking command in '/home/robomango/workspace/microros_ws/build/micro_ros_setup': CMAKE_PREFIX_PATH=${CMAKE_PREFIX_PATH}:/opt/ros/jazzy DEBUGINFOD_URLS=https://debuginfod.ubuntu.com /usr/bin/cmake --install /home/robomango/workspace/microros_ws/build/micro_ros_setup
[1.610s] -- Install configuration: ""
[1.610s] -- Installing: /home/robomango/workspace/microros_ws/install/micro_ros_setup/share/ament_index/resource_index/package_run_dependencies/micro_ros_setup
[1.610s] -- Installing: /home/robomango/workspace/microros_ws/install/micro_ros_setup/share/ament_index/resource_index/parent_prefix_path/micro_ros_setup
[1.611s] -- Installing: /home/robomango/workspace/microros_ws/install/micro_ros_setup/share/micro_ros_setup/environment/ament_prefix_path.sh
[1.613s] -- Installing: /home/robomango/workspace/microros_ws/install/micro_ros_setup/share/micro_ros_setup/environment/ament_prefix_path.dsv
[1.614s] -- Installing: /home/robomango/workspace/microros_ws/install/micro_ros_setup/share/micro_ros_setup/environment/path.sh
[1.616s] -- Installing: /home/robomango/workspace/microros_ws/install/micro_ros_setup/share/micro_ros_setup/environment/path.dsv
[1.617s] -- Installing: /home/robomango/workspace/microros_ws/install/micro_ros_setup/share/micro_ros_setup/local_setup.bash
[1.617s] -- Installing: /home/robomango/workspace/microros_ws/install/micro_ros_setup/share/micro_ros_setup/local_setup.sh
[1.617s] -- Installing: /home/robomango/workspace/microros_ws/install/micro_ros_setup/share/micro_ros_setup/local_setup.zsh
[1.617s] -- Installing: /home/robomango/workspace/microros_ws/install/micro_ros_setup/share/micro_ros_setup/local_setup.dsv
[1.617s] -- Installing: /home/robomango/workspace/microros_ws/install/micro_ros_setup/share/micro_ros_setup/package.dsv
[1.619s] -- Installing: /home/robomango/workspace/microros_ws/install/micro_ros_setup/share/ament_index/resource_index/packages/micro_ros_setup
[1.619s] -- Installing: /home/robomango/workspace/microros_ws/install/micro_ros_setup/share/micro_ros_setup/cmake/micro_ros_setupConfig.cmake
[1.619s] -- Installing: /home/robomango/workspace/microros_ws/install/micro_ros_setup/share/micro_ros_setup/cmake/micro_ros_setupConfig-version.cmake
[1.619s] -- Installing: /home/robomango/workspace/microros_ws/install/micro_ros_setup/share/micro_ros_setup/package.xml
[1.619s] -- Installing: /home/robomango/workspace/microros_ws/install/micro_ros_setup/./config
[1.619s] -- Installing: /home/robomango/workspace/microros_ws/install/micro_ros_setup/./config/host
[1.620s] -- Installing: /home/robomango/workspace/microros_ws/install/micro_ros_setup/./config/host/dev_uros_packages.repos
[1.620s] -- Installing: /home/robomango/workspace/microros_ws/install/micro_ros_setup/./config/host/client_ros2_packages.txt
[1.620s] -- Installing: /home/robomango/workspace/microros_ws/install/micro_ros_setup/./config/host/dev_ros2_packages.txt
[1.620s] -- Installing: /home/robomango/workspace/microros_ws/install/micro_ros_setup/./config/host/generic
[1.620s] -- Installing: /home/robomango/workspace/microros_ws/install/micro_ros_setup/./config/host/generic/package.xml
[1.620s] -- Installing: /home/robomango/workspace/microros_ws/install/micro_ros_setup/./config/host/generic/client-host-colcon.meta
[1.620s] -- Installing: /home/robomango/workspace/microros_ws/install/micro_ros_setup/./config/host/generic/create.sh
[1.620s] -- Installing: /home/robomango/workspace/microros_ws/install/micro_ros_setup/./config/host/generic/client_host_packages.repos
[1.621s] -- Installing: /home/robomango/workspace/microros_ws/install/micro_ros_setup/./config/host/generic/flash.sh
[1.621s] -- Installing: /home/robomango/workspace/microros_ws/install/micro_ros_setup/./config/host/generic/build.sh
[1.621s] -- Installing: /home/robomango/workspace/microros_ws/install/micro_ros_setup/./config/freertos
[1.621s] -- Installing: /home/robomango/workspace/microros_ws/install/micro_ros_setup/./config/freertos/olimex-stm32-e407
[1.621s] -- Installing: /home/robomango/workspace/microros_ws/install/micro_ros_setup/./config/freertos/olimex-stm32-e407/package.xml
[1.621s] -- Installing: /home/robomango/workspace/microros_ws/install/micro_ros_setup/./config/freertos/olimex-stm32-e407/create.sh
[1.621s] -- Installing: /home/robomango/workspace/microros_ws/install/micro_ros_setup/./config/freertos/olimex-stm32-e407/board.repos
[1.621s] -- Installing: /home/robomango/workspace/microros_ws/install/micro_ros_setup/./config/freertos/olimex-stm32-e407/client-colcon.meta
[1.622s] -- Installing: /home/robomango/workspace/microros_ws/install/micro_ros_setup/./config/freertos/olimex-stm32-e407/configure.sh
[1.622s] -- Installing: /home/robomango/workspace/microros_ws/install/micro_ros_setup/./config/freertos/olimex-stm32-e407/flash.sh
[1.622s] -- Installing: /home/robomango/workspace/microros_ws/install/micro_ros_setup/./config/freertos/olimex-stm32-e407/client_uros_packages.repos
[1.622s] -- Installing: /home/robomango/workspace/microros_ws/install/micro_ros_setup/./config/freertos/olimex-stm32-e407/build.sh
[1.622s] -- Installing: /home/robomango/workspace/microros_ws/install/micro_ros_setup/./config/freertos/nucleo_f446ze
[1.623s] -- Installing: /home/robomango/workspace/microros_ws/install/micro_ros_setup/./config/freertos/nucleo_f446ze/package.xml
[1.623s] -- Installing: /home/robomango/workspace/microros_ws/install/micro_ros_setup/./config/freertos/nucleo_f446ze/create.sh
[1.623s] -- Installing: /home/robomango/workspace/microros_ws/install/micro_ros_setup/./config/freertos/nucleo_f446ze/board.repos
[1.623s] -- Installing: /home/robomango/workspace/microros_ws/install/micro_ros_setup/./config/freertos/nucleo_f446ze/client-colcon.meta
[1.624s] -- Installing: /home/robomango/workspace/microros_ws/install/micro_ros_setup/./config/freertos/nucleo_f446ze/configure.sh
[1.624s] -- Installing: /home/robomango/workspace/microros_ws/install/micro_ros_setup/./config/freertos/nucleo_f446ze/flash.sh
[1.624s] -- Installing: /home/robomango/workspace/microros_ws/install/micro_ros_setup/./config/freertos/nucleo_f446ze/client_uros_packages.repos
[1.624s] -- Installing: /home/robomango/workspace/microros_ws/install/micro_ros_setup/./config/freertos/nucleo_f446ze/build.sh
[1.624s] -- Installing: /home/robomango/workspace/microros_ws/install/micro_ros_setup/./config/freertos/dev_uros_packages.repos
[1.624s] -- Installing: /home/robomango/workspace/microros_ws/install/micro_ros_setup/./config/freertos/nucleo_f746zg
[1.625s] -- Installing: /home/robomango/workspace/microros_ws/install/micro_ros_setup/./config/freertos/nucleo_f746zg/package.xml
[1.625s] -- Installing: /home/robomango/workspace/microros_ws/install/micro_ros_setup/./config/freertos/nucleo_f746zg/create.sh
[1.626s] -- Installing: /home/robomango/workspace/microros_ws/install/micro_ros_setup/./config/freertos/nucleo_f746zg/board.repos
[1.626s] -- Installing: /home/robomango/workspace/microros_ws/install/micro_ros_setup/./config/freertos/nucleo_f746zg/client-colcon.meta
[1.627s] -- Installing: /home/robomango/workspace/microros_ws/install/micro_ros_setup/./config/freertos/nucleo_f746zg/configure.sh
[1.627s] -- Installing: /home/robomango/workspace/microros_ws/install/micro_ros_setup/./config/freertos/nucleo_f746zg/flash.sh
[1.628s] -- Installing: /home/robomango/workspace/microros_ws/install/micro_ros_setup/./config/freertos/nucleo_f746zg/client_uros_packages.repos
[1.628s] -- Installing: /home/robomango/workspace/microros_ws/install/micro_ros_setup/./config/freertos/nucleo_f746zg/build.sh
[1.628s] -- Installing: /home/robomango/workspace/microros_ws/install/micro_ros_setup/./config/freertos/list_apps.sh
[1.629s] -- Installing: /home/robomango/workspace/microros_ws/install/micro_ros_setup/./config/freertos/crazyflie21
[1.630s] -- Installing: /home/robomango/workspace/microros_ws/install/micro_ros_setup/./config/freertos/crazyflie21/package.xml
[1.630s] -- Installing: /home/robomango/workspace/microros_ws/install/micro_ros_setup/./config/freertos/crazyflie21/create.sh
[1.631s] -- Installing: /home/robomango/workspace/microros_ws/install/micro_ros_setup/./config/freertos/crazyflie21/board.repos
[1.631s] -- Installing: /home/robomango/workspace/microros_ws/install/micro_ros_setup/./config/freertos/crazyflie21/client-colcon.meta
[1.631s] -- Installing: /home/robomango/workspace/microros_ws/install/micro_ros_setup/./config/freertos/crazyflie21/configure.sh
[1.632s] -- Installing: /home/robomango/workspace/microros_ws/install/micro_ros_setup/./config/freertos/crazyflie21/flash.sh
[1.632s] -- Installing: /home/robomango/workspace/microros_ws/install/micro_ros_setup/./config/freertos/crazyflie21/client_uros_packages.repos
[1.632s] -- Installing: /home/robomango/workspace/microros_ws/install/micro_ros_setup/./config/freertos/crazyflie21/build.sh
[1.633s] -- Installing: /home/robomango/workspace/microros_ws/install/micro_ros_setup/./config/freertos/dev_ros2_packages.txt
[1.633s] -- Installing: /home/robomango/workspace/microros_ws/install/micro_ros_setup/./config/freertos/esp32
[1.633s] -- Installing: /home/robomango/workspace/microros_ws/install/micro_ros_setup/./config/freertos/esp32/package.xml
[1.634s] -- Installing: /home/robomango/workspace/microros_ws/install/micro_ros_setup/./config/freertos/esp32/create.sh
[1.634s] -- Installing: /home/robomango/workspace/microros_ws/install/micro_ros_setup/./config/freertos/esp32/board.repos
[1.634s] -- Installing: /home/robomango/workspace/microros_ws/install/micro_ros_setup/./config/freertos/esp32/client-colcon.meta
[1.635s] -- Installing: /home/robomango/workspace/microros_ws/install/micro_ros_setup/./config/freertos/esp32/configure.sh
[1.635s] -- Installing: /home/robomango/workspace/microros_ws/install/micro_ros_setup/./config/freertos/esp32/flash.sh
[1.636s] -- Installing: /home/robomango/workspace/microros_ws/install/micro_ros_setup/./config/freertos/esp32/client_uros_packages.repos
[1.636s] -- Installing: /home/robomango/workspace/microros_ws/install/micro_ros_setup/./config/freertos/esp32/README.md
[1.636s] -- Installing: /home/robomango/workspace/microros_ws/install/micro_ros_setup/./config/freertos/esp32/build.sh
[1.636s] -- Installing: /home/robomango/workspace/microros_ws/install/micro_ros_setup/./config/freertos/nucleo_f446re
[1.637s] -- Installing: /home/robomango/workspace/microros_ws/install/micro_ros_setup/./config/freertos/nucleo_f446re/package.xml
[1.637s] -- Installing: /home/robomango/workspace/microros_ws/install/micro_ros_setup/./config/freertos/nucleo_f446re/create.sh
[1.637s] -- Installing: /home/robomango/workspace/microros_ws/install/micro_ros_setup/./config/freertos/nucleo_f446re/board.repos
[1.637s] -- Installing: /home/robomango/workspace/microros_ws/install/micro_ros_setup/./config/freertos/nucleo_f446re/client-colcon.meta
[1.638s] -- Installing: /home/robomango/workspace/microros_ws/install/micro_ros_setup/./config/freertos/nucleo_f446re/configure.sh
[1.638s] -- Installing: /home/robomango/workspace/microros_ws/install/micro_ros_setup/./config/freertos/nucleo_f446re/flash.sh
[1.638s] -- Installing: /home/robomango/workspace/microros_ws/install/micro_ros_setup/./config/freertos/nucleo_f446re/client_uros_packages.repos
[1.638s] -- Installing: /home/robomango/workspace/microros_ws/install/micro_ros_setup/./config/freertos/nucleo_f446re/build.sh
[1.638s] -- Installing: /home/robomango/workspace/microros_ws/install/micro_ros_setup/./config/freertos/nucleo_f767zi
[1.639s] -- Installing: /home/robomango/workspace/microros_ws/install/micro_ros_setup/./config/freertos/nucleo_f767zi/package.xml
[1.639s] -- Installing: /home/robomango/workspace/microros_ws/install/micro_ros_setup/./config/freertos/nucleo_f767zi/create.sh
[1.639s] -- Installing: /home/robomango/workspace/microros_ws/install/micro_ros_setup/./config/freertos/nucleo_f767zi/board.repos
[1.639s] -- Installing: /home/robomango/workspace/microros_ws/install/micro_ros_setup/./config/freertos/nucleo_f767zi/client-colcon.meta
[1.640s] -- Installing: /home/robomango/workspace/microros_ws/install/micro_ros_setup/./config/freertos/nucleo_f767zi/configure.sh
[1.640s] -- Installing: /home/robomango/workspace/microros_ws/install/micro_ros_setup/./config/freertos/nucleo_f767zi/flash.sh
[1.640s] -- Installing: /home/robomango/workspace/microros_ws/install/micro_ros_setup/./config/freertos/nucleo_f767zi/client_uros_packages.repos
[1.640s] -- Installing: /home/robomango/workspace/microros_ws/install/micro_ros_setup/./config/freertos/nucleo_f767zi/build.sh
[1.641s] -- Installing: /home/robomango/workspace/microros_ws/install/micro_ros_setup/./config/client_ros2_packages.txt
[1.641s] -- Installing: /home/robomango/workspace/microros_ws/install/micro_ros_setup/./config/utils.sh
[1.641s] -- Installing: /home/robomango/workspace/microros_ws/install/micro_ros_setup/./config/android
[1.641s] -- Installing: /home/robomango/workspace/microros_ws/install/micro_ros_setup/./config/android/dev_uros_packages.repos
[1.642s] -- Installing: /home/robomango/workspace/microros_ws/install/micro_ros_setup/./config/android/dev_ros2_packages.txt
[1.642s] -- Installing: /home/robomango/workspace/microros_ws/install/micro_ros_setup/./config/android/generic
[1.642s] -- Installing: /home/robomango/workspace/microros_ws/install/micro_ros_setup/./config/android/generic/package.xml
[1.643s] -- Installing: /home/robomango/workspace/microros_ws/install/micro_ros_setup/./config/android/generic/create.sh
[1.643s] -- Installing: /home/robomango/workspace/microros_ws/install/micro_ros_setup/./config/android/generic/client-colcon.meta
[1.643s] -- Installing: /home/robomango/workspace/microros_ws/install/micro_ros_setup/./config/android/generic/flash.sh
[1.643s] -- Installing: /home/robomango/workspace/microros_ws/install/micro_ros_setup/./config/android/generic/client_uros_packages.repos
[1.644s] -- Installing: /home/robomango/workspace/microros_ws/install/micro_ros_setup/./config/android/generic/build.sh
[1.644s] -- Installing: /home/robomango/workspace/microros_ws/install/micro_ros_setup/./config/raspbian
[1.644s] -- Installing: /home/robomango/workspace/microros_ws/install/micro_ros_setup/./config/raspbian/dev_uros_packages.repos
[1.645s] -- Installing: /home/robomango/workspace/microros_ws/install/micro_ros_setup/./config/raspbian/dev_ros2_packages.txt
[1.645s] -- Installing: /home/robomango/workspace/microros_ws/install/micro_ros_setup/./config/raspbian/generic
[1.645s] -- Installing: /home/robomango/workspace/microros_ws/install/micro_ros_setup/./config/raspbian/generic/create.sh
[1.645s] -- Installing: /home/robomango/workspace/microros_ws/install/micro_ros_setup/./config/raspbian/generic/client-colcon.meta
[1.646s] -- Installing: /home/robomango/workspace/microros_ws/install/micro_ros_setup/./config/raspbian/generic/configure.sh
[1.646s] -- Installing: /home/robomango/workspace/microros_ws/install/micro_ros_setup/./config/raspbian/generic/supported_platforms
[1.646s] -- Installing: /home/robomango/workspace/microros_ws/install/micro_ros_setup/./config/raspbian/generic/flash.sh
[1.646s] -- Installing: /home/robomango/workspace/microros_ws/install/micro_ros_setup/./config/raspbian/generic/client_uros_packages.repos
[1.647s] -- Installing: /home/robomango/workspace/microros_ws/install/micro_ros_setup/./config/raspbian/generic/build.sh
[1.647s] -- Installing: /home/robomango/workspace/microros_ws/install/micro_ros_setup/./config/agent_uros_packages.repos
[1.647s] -- Installing: /home/robomango/workspace/microros_ws/install/micro_ros_setup/./config/client_uros_packages.repos
[1.647s] -- Installing: /home/robomango/workspace/microros_ws/install/micro_ros_setup/./config/agent_ros2_packages.txt
[1.648s] -- Installing: /home/robomango/workspace/microros_ws/install/micro_ros_setup/./config/zephyr
[1.648s] -- Installing: /home/robomango/workspace/microros_ws/install/micro_ros_setup/./config/zephyr/dev_uros_packages.repos
[1.648s] -- Installing: /home/robomango/workspace/microros_ws/install/micro_ros_setup/./config/zephyr/list_apps.sh
[1.648s] -- Installing: /home/robomango/workspace/microros_ws/install/micro_ros_setup/./config/zephyr/dev_ros2_packages.txt
[1.649s] -- Installing: /home/robomango/workspace/microros_ws/install/micro_ros_setup/./config/zephyr/generic
[1.649s] -- Installing: /home/robomango/workspace/microros_ws/install/micro_ros_setup/./config/zephyr/generic/package.xml
[1.649s] -- Installing: /home/robomango/workspace/microros_ws/install/micro_ros_setup/./config/zephyr/generic/create.sh
[1.649s] -- Installing: /home/robomango/workspace/microros_ws/install/micro_ros_setup/./config/zephyr/generic/board.repos
[1.650s] -- Installing: /home/robomango/workspace/microros_ws/install/micro_ros_setup/./config/zephyr/generic/client-colcon.meta
[1.650s] -- Installing: /home/robomango/workspace/microros_ws/install/micro_ros_setup/./config/zephyr/generic/configure.sh
[1.650s] -- Installing: /home/robomango/workspace/microros_ws/install/micro_ros_setup/./config/zephyr/generic/supported_platforms
[1.650s] -- Installing: /home/robomango/workspace/microros_ws/install/micro_ros_setup/./config/zephyr/generic/flash.sh
[1.651s] -- Installing: /home/robomango/workspace/microros_ws/install/micro_ros_setup/./config/zephyr/generic/client_uros_packages.repos
[1.651s] -- Installing: /home/robomango/workspace/microros_ws/install/micro_ros_setup/./config/zephyr/generic/build.sh
[1.651s] -- Installing: /home/robomango/workspace/microros_ws/install/micro_ros_setup/./config/generate_lib
[1.652s] -- Installing: /home/robomango/workspace/microros_ws/install/micro_ros_setup/./config/generate_lib/dev_uros_packages.repos
[1.653s] -- Installing: /home/robomango/workspace/microros_ws/install/micro_ros_setup/./config/generate_lib/dev_ros2_packages.txt
[1.653s] -- Installing: /home/robomango/workspace/microros_ws/install/micro_ros_setup/./config/generate_lib/generic
[1.653s] -- Installing: /home/robomango/workspace/microros_ws/install/micro_ros_setup/./config/generate_lib/generic/package.xml
[1.654s] -- Installing: /home/robomango/workspace/microros_ws/install/micro_ros_setup/./config/generate_lib/generic/create.sh
[1.654s] -- Installing: /home/robomango/workspace/microros_ws/install/micro_ros_setup/./config/generate_lib/generic/client-colcon.meta
[1.654s] -- Installing: /home/robomango/workspace/microros_ws/install/micro_ros_setup/./config/generate_lib/generic/flash.sh
[1.654s] -- Installing: /home/robomango/workspace/microros_ws/install/micro_ros_setup/./config/generate_lib/generic/client_uros_packages.repos
[1.654s] -- Installing: /home/robomango/workspace/microros_ws/install/micro_ros_setup/./config/generate_lib/generic/demo_toolchain.cmake
[1.654s] -- Installing: /home/robomango/workspace/microros_ws/install/micro_ros_setup/./config/generate_lib/generic/build.sh
[1.655s] -- Installing: /home/robomango/workspace/microros_ws/install/micro_ros_setup/lib/micro_ros_setup/create_ws.sh
[1.655s] -- Installing: /home/robomango/workspace/microros_ws/install/micro_ros_setup/lib/micro_ros_setup/create_agent_ws.sh
[1.655s] -- Installing: /home/robomango/workspace/microros_ws/install/micro_ros_setup/lib/micro_ros_setup/create_firmware_ws.sh
[1.655s] -- Installing: /home/robomango/workspace/microros_ws/install/micro_ros_setup/lib/micro_ros_setup/configure_firmware.sh
[1.656s] -- Installing: /home/robomango/workspace/microros_ws/install/micro_ros_setup/lib/micro_ros_setup/flash_firmware.sh
[1.656s] -- Installing: /home/robomango/workspace/microros_ws/install/micro_ros_setup/lib/micro_ros_setup/build_firmware.sh
[1.656s] -- Installing: /home/robomango/workspace/microros_ws/install/micro_ros_setup/lib/micro_ros_setup/build_agent.sh
[1.656s] -- Installing: /home/robomango/workspace/microros_ws/install/micro_ros_setup/lib/micro_ros_setup/yaml_filter.py
[1.657s] -- Installing: /home/robomango/workspace/microros_ws/install/micro_ros_setup/lib/micro_ros_setup/clean_env.sh
[1.657s] -- Installing: /home/robomango/workspace/microros_ws/install/micro_ros_setup/lib/micro_ros_setup/component
[1.659s] Invoked command in '/home/robomango/workspace/microros_ws/build/micro_ros_setup' returned '0': CMAKE_PREFIX_PATH=${CMAKE_PREFIX_PATH}:/opt/ros/jazzy DEBUGINFOD_URLS=https://debuginfod.ubuntu.com /usr/bin/cmake --install /home/robomango/workspace/microros_ws/build/micro_ros_setup
